2025-01-12 08:15:26.086 [info] [main] Log level: Info
2025-01-12 08:15:26.087 [info] [main] Validating found git in: "git"
2025-01-12 08:15:26.377 [info] [main] Using git "2.43.0" from "git"
2025-01-12 08:15:26.377 [info] [Model][doInitialScan] Initial repository scan started
2025-01-12 08:15:37.990 [info] > git rev-parse --show-toplevel [2649ms]
2025-01-12 08:15:38.231 [info] > git rev-parse --git-dir --git-common-dir [29ms]
2025-01-12 08:15:38.288 [info] [Model][openRepository] Opened repository: /home/edinsonpb
2025-01-12 08:15:38.895 [info] > git config --get commit.template [560ms]
2025-01-12 08:15:38.900 [info] > git rev-parse --show-toplevel [504ms]
2025-01-12 08:15:40.016 [info] > git rev-parse --show-toplevel [901ms]
2025-01-12 08:15:40.082 [info] > git for-each-ref --format=%(refname)%00%(upstream:short)%00%(objectname)%00%(upstream:track)%00%(upstream:remotename)%00%(upstream:remoteref) refs/heads/master refs/remotes/master [977ms]
2025-01-12 08:15:40.138 [info] > git check-ignore -v -z --stdin [111ms]
2025-01-12 08:15:40.143 [info] > git rev-parse --show-toplevel [107ms]
2025-01-12 08:15:40.384 [info] > git rev-parse --show-toplevel [206ms]
2025-01-12 08:15:40.489 [info] > git for-each-ref --sort -committerdate --format %(refname) %(objectname) %(*objectname) [365ms]
2025-01-12 08:15:40.592 [info] > git rev-parse --show-toplevel [106ms]
2025-01-12 08:15:40.607 [info] [Model][doInitialScan] Initial repository scan completed - repositories (1), closed repositories (0), parent repositories (0), unsafe repositories (0)
2025-01-12 08:15:51.306 [info] > git status -z -uall [11190ms]
2025-01-12 08:15:54.591 [info] > git for-each-ref --format=%(refname)%00%(upstream:short)%00%(objectname)%00%(upstream:track)%00%(upstream:remotename)%00%(upstream:remoteref) refs/heads/master refs/remotes/master [2832ms]
2025-01-12 08:15:55.219 [info] > git config --local branch.master.vscode-merge-base [591ms]
2025-01-12 08:15:55.220 [warning] [Git][config] git config failed: Failed to execute git
2025-01-12 08:15:55.478 [info] > git config --get commit.template [957ms]
2025-01-12 08:15:57.512 [info] > git check-ignore -v -z --stdin [1880ms]
2025-01-12 08:15:57.513 [info] > git show --textconv :index.html [814ms]
2025-01-12 08:15:57.525 [info] > git ls-files --stage -- /home/edinsonpb/index.html [755ms]
2025-01-12 08:15:57.527 [info] > git reflog master --grep-reflog=branch: Created from *. [2051ms]
2025-01-12 08:15:57.561 [info] > git for-each-ref --format=%(refname)%00%(upstream:short)%00%(objectname)%00%(upstream:track)%00%(upstream:remotename)%00%(upstream:remoteref) refs/heads/master refs/remotes/master [83ms]
2025-01-12 08:15:57.861 [info] > git blame --root --incremental 703d766fb127c312f1fafb3be342e68b5ad9a0fd -- /home/edinsonpb/index.html [201ms]
2025-01-12 08:15:57.861 [info] fatal: no such path index.html in 703d766fb127c312f1fafb3be342e68b5ad9a0fd
2025-01-12 08:15:57.865 [info] > git symbolic-ref --short refs/remotes/origin/HEAD [327ms]
2025-01-12 08:15:57.866 [info] fatal: ref refs/remotes/origin/HEAD is not a symbolic ref
2025-01-12 08:15:57.868 [warning] [Repository][getDefaultBranch] Failed to get default branch details: Failed to execute git.
2025-01-12 08:15:57.875 [info] > git for-each-ref --sort -committerdate --format %(refname) %(objectname) %(*objectname) [270ms]
2025-01-12 08:15:58.383 [info] > git status -z -uall [804ms]
2025-01-12 08:16:02.299 [info] > git config --get commit.template [111ms]
2025-01-12 08:16:02.481 [info] > git for-each-ref --format=%(refname)%00%(upstream:short)%00%(objectname)%00%(upstream:track)%00%(upstream:remotename)%00%(upstream:remoteref) refs/heads/master refs/remotes/master [131ms]
2025-01-12 08:16:05.463 [info] > git for-each-ref --sort -committerdate --format %(refname) %(objectname) %(*objectname) [2621ms]
2025-01-12 08:16:05.886 [info] > git status -z -uall [3275ms]
2025-01-12 08:16:13.125 [info] > git config --get commit.template [3ms]
2025-01-12 08:16:13.147 [info] > git for-each-ref --format=%(refname)%00%(upstream:short)%00%(objectname)%00%(upstream:track)%00%(upstream:remotename)%00%(upstream:remoteref) refs/heads/master refs/remotes/master [8ms]
2025-01-12 08:16:13.204 [info] > git for-each-ref --sort -committerdate --format %(refname) %(objectname) %(*objectname) [11ms]
2025-01-12 08:16:13.319 [info] > git status -z -uall [158ms]
2025-01-12 08:16:20.732 [info] > git config --get commit.template [16ms]
2025-01-12 08:16:20.736 [info] > git for-each-ref --format=%(refname)%00%(upstream:short)%00%(objectname)%00%(upstream:track)%00%(upstream:remotename)%00%(upstream:remoteref) refs/heads/master refs/remotes/master [10ms]
2025-01-12 08:16:20.761 [info] > git for-each-ref --sort -committerdate --format %(refname) %(objectname) %(*objectname) [4ms]
2025-01-12 08:16:20.873 [info] > git status -z -uall [128ms]
2025-01-12 08:16:27.141 [info] > git config --get commit.template [9ms]
2025-01-12 08:16:27.164 [info] > git for-each-ref --format=%(refname)%00%(upstream:short)%00%(objectname)%00%(upstream:track)%00%(upstream:remotename)%00%(upstream:remoteref) refs/heads/master refs/remotes/master [3ms]
2025-01-12 08:16:27.287 [info] > git for-each-ref --sort -committerdate --format %(refname) %(objectname) %(*objectname) [4ms]
2025-01-12 08:16:27.387 [info] > git status -z -uall [121ms]
2025-01-12 08:16:32.575 [info] > git config --get commit.template [14ms]
2025-01-12 08:16:32.577 [info] > git for-each-ref --format=%(refname)%00%(upstream:short)%00%(objectname)%00%(upstream:track)%00%(upstream:remotename)%00%(upstream:remoteref) refs/heads/master refs/remotes/master [4ms]
2025-01-12 08:16:32.596 [info] > git for-each-ref --sort -committerdate --format %(refname) %(objectname) %(*objectname) [4ms]
2025-01-12 08:16:32.671 [info] > git status -z -uall [87ms]
2025-01-12 08:16:37.899 [info] > git config --get commit.template [20ms]
2025-01-12 08:16:37.901 [info] > git for-each-ref --format=%(refname)%00%(upstream:short)%00%(objectname)%00%(upstream:track)%00%(upstream:remotename)%00%(upstream:remoteref) refs/heads/master refs/remotes/master [4ms]
2025-01-12 08:16:37.936 [info] > git for-each-ref --sort -committerdate --format %(refname) %(objectname) %(*objectname) [8ms]
2025-01-12 08:16:38.021 [info] > git status -z -uall [108ms]
2025-01-12 08:16:48.163 [info] > git config --get commit.template [9ms]
2025-01-12 08:16:48.185 [info] > git for-each-ref --format=%(refname)%00%(upstream:short)%00%(objectname)%00%(upstream:track)%00%(upstream:remotename)%00%(upstream:remoteref) refs/heads/master refs/remotes/master [10ms]
2025-01-12 08:16:48.211 [info] > git for-each-ref --sort -committerdate --format %(refname) %(objectname) %(*objectname) [5ms]
2025-01-12 08:16:48.325 [info] > git status -z -uall [133ms]
2025-01-12 08:16:55.447 [info] > git config --get commit.template [13ms]
2025-01-12 08:16:55.454 [info] > git for-each-ref --format=%(refname)%00%(upstream:short)%00%(objectname)%00%(upstream:track)%00%(upstream:remotename)%00%(upstream:remoteref) refs/heads/master refs/remotes/master [10ms]
2025-01-12 08:16:55.482 [info] > git for-each-ref --sort -committerdate --format %(refname) %(objectname) %(*objectname) [10ms]
2025-01-12 08:16:55.580 [info] > git status -z -uall [117ms]
2025-01-12 08:17:00.853 [info] > git config --get commit.template [17ms]
2025-01-12 08:17:00.855 [info] > git for-each-ref --format=%(refname)%00%(upstream:short)%00%(objectname)%00%(upstream:track)%00%(upstream:remotename)%00%(upstream:remoteref) refs/heads/master refs/remotes/master [4ms]
2025-01-12 08:17:00.955 [info] > git for-each-ref --sort -committerdate --format %(refname) %(objectname) %(*objectname) [25ms]
2025-01-12 08:17:01.009 [info] > git status -z -uall [138ms]
2025-01-12 08:17:06.202 [info] > git config --get commit.template [12ms]
2025-01-12 08:17:06.203 [info] > git for-each-ref --format=%(refname)%00%(upstream:short)%00%(objectname)%00%(upstream:track)%00%(upstream:remotename)%00%(upstream:remoteref) refs/heads/master refs/remotes/master [4ms]
2025-01-12 08:17:06.226 [info] > git for-each-ref --sort -committerdate --format %(refname) %(objectname) %(*objectname) [4ms]
2025-01-12 08:17:06.320 [info] > git status -z -uall [108ms]
2025-01-12 08:17:11.540 [info] > git config --get commit.template [66ms]
2025-01-12 08:17:11.541 [info] > git for-each-ref --format=%(refname)%00%(upstream:short)%00%(objectname)%00%(upstream:track)%00%(upstream:remotename)%00%(upstream:remoteref) refs/heads/master refs/remotes/master [3ms]
2025-01-12 08:17:11.577 [info] > git for-each-ref --sort -committerdate --format %(refname) %(objectname) %(*objectname) [12ms]
2025-01-12 08:17:11.763 [info] > git status -z -uall [208ms]
2025-01-12 08:17:19.926 [info] > git config --get commit.template [9ms]
2025-01-12 08:17:19.972 [info] > git for-each-ref --format=%(refname)%00%(upstream:short)%00%(objectname)%00%(upstream:track)%00%(upstream:remotename)%00%(upstream:remoteref) refs/heads/master refs/remotes/master [5ms]
2025-01-12 08:17:19.999 [info] > git for-each-ref --sort -committerdate --format %(refname) %(objectname) %(*objectname) [5ms]
2025-01-12 08:17:20.097 [info] > git status -z -uall [116ms]
2025-01-12 08:17:25.292 [info] > git config --get commit.template [12ms]
2025-01-12 08:17:25.293 [info] > git for-each-ref --format=%(refname)%00%(upstream:short)%00%(objectname)%00%(upstream:track)%00%(upstream:remotename)%00%(upstream:remoteref) refs/heads/master refs/remotes/master [3ms]
2025-01-12 08:17:25.316 [info] > git for-each-ref --sort -committerdate --format %(refname) %(objectname) %(*objectname) [5ms]
2025-01-12 08:17:25.403 [info] > git status -z -uall [102ms]
2025-01-12 08:17:30.574 [info] > git config --get commit.template [10ms]
2025-01-12 08:17:30.575 [info] > git for-each-ref --format=%(refname)%00%(upstream:short)%00%(objectname)%00%(upstream:track)%00%(upstream:remotename)%00%(upstream:remoteref) refs/heads/master refs/remotes/master [3ms]
2025-01-12 08:17:30.596 [info] > git for-each-ref --sort -committerdate --format %(refname) %(objectname) %(*objectname) [5ms]
2025-01-12 08:17:30.679 [info] > git status -z -uall [96ms]
2025-01-12 08:17:35.840 [info] > git config --get commit.template [11ms]
2025-01-12 08:17:35.842 [info] > git for-each-ref --format=%(refname)%00%(upstream:short)%00%(objectname)%00%(upstream:track)%00%(upstream:remotename)%00%(upstream:remoteref) refs/heads/master refs/remotes/master [4ms]
2025-01-12 08:17:35.868 [info] > git for-each-ref --sort -committerdate --format %(refname) %(objectname) %(*objectname) [4ms]
2025-01-12 08:17:35.943 [info] > git status -z -uall [91ms]
2025-01-12 08:17:41.098 [info] > git config --get commit.template [11ms]
2025-01-12 08:17:41.100 [info] > git for-each-ref --format=%(refname)%00%(upstream:short)%00%(objectname)%00%(upstream:track)%00%(upstream:remotename)%00%(upstream:remoteref) refs/heads/master refs/remotes/master [3ms]
2025-01-12 08:17:41.136 [info] > git for-each-ref --sort -committerdate --format %(refname) %(objectname) %(*objectname) [5ms]
2025-01-12 08:17:41.203 [info] > git status -z -uall [87ms]
2025-01-12 08:17:49.377 [info] > git config --get commit.template [3ms]
2025-01-12 08:17:49.389 [info] > git for-each-ref --format=%(refname)%00%(upstream:short)%00%(objectname)%00%(upstream:track)%00%(upstream:remotename)%00%(upstream:remoteref) refs/heads/master refs/remotes/master [4ms]
2025-01-12 08:17:49.410 [info] > git for-each-ref --sort -committerdate --format %(refname) %(objectname) %(*objectname) [2ms]
2025-01-12 08:17:49.499 [info] > git status -z -uall [103ms]
2025-01-12 08:17:54.739 [info] > git config --get commit.template [15ms]
2025-01-12 08:17:54.740 [info] > git for-each-ref --format=%(refname)%00%(upstream:short)%00%(objectname)%00%(upstream:track)%00%(upstream:remotename)%00%(upstream:remoteref) refs/heads/master refs/remotes/master [2ms]
2025-01-12 08:17:54.761 [info] > git for-each-ref --sort -committerdate --format %(refname) %(objectname) %(*objectname) [4ms]
2025-01-12 08:17:54.841 [info] > git status -z -uall [93ms]
2025-01-12 08:18:00.018 [info] > git config --get commit.template [23ms]
2025-01-12 08:18:00.019 [info] > git for-each-ref --format=%(refname)%00%(upstream:short)%00%(objectname)%00%(upstream:track)%00%(upstream:remotename)%00%(upstream:remoteref) refs/heads/master refs/remotes/master [9ms]
2025-01-12 08:18:00.054 [info] > git for-each-ref --sort -committerdate --format %(refname) %(objectname) %(*objectname) [9ms]
2025-01-12 08:18:00.207 [info] > git status -z -uall [173ms]
2025-01-12 08:18:06.211 [info] > git config --get commit.template [11ms]
2025-01-12 08:18:06.216 [info] > git for-each-ref --format=%(refname)%00%(upstream:short)%00%(objectname)%00%(upstream:track)%00%(upstream:remotename)%00%(upstream:remoteref) refs/heads/master refs/remotes/master [7ms]
2025-01-12 08:18:06.236 [info] > git for-each-ref --sort -committerdate --format %(refname) %(objectname) %(*objectname) [4ms]
2025-01-12 08:18:06.304 [info] > git status -z -uall [81ms]
2025-01-12 08:18:11.529 [info] > git config --get commit.template [20ms]
2025-01-12 08:18:11.548 [info] > git for-each-ref --format=%(refname)%00%(upstream:short)%00%(objectname)%00%(upstream:track)%00%(upstream:remotename)%00%(upstream:remoteref) refs/heads/master refs/remotes/master [2ms]
2025-01-12 08:18:11.617 [info] > git for-each-ref --sort -committerdate --format %(refname) %(objectname) %(*objectname) [23ms]
2025-01-12 08:18:11.736 [info] > git status -z -uall [168ms]
2025-01-12 08:18:16.959 [info] > git config --get commit.template [15ms]
2025-01-12 08:18:16.960 [info] > git for-each-ref --format=%(refname)%00%(upstream:short)%00%(objectname)%00%(upstream:track)%00%(upstream:remotename)%00%(upstream:remoteref) refs/heads/master refs/remotes/master [2ms]
2025-01-12 08:18:16.983 [info] > git for-each-ref --sort -committerdate --format %(refname) %(objectname) %(*objectname) [6ms]
2025-01-12 08:18:17.137 [info] > git status -z -uall [167ms]
2025-01-12 08:18:22.514 [info] > git config --get commit.template [18ms]
2025-01-12 08:18:22.516 [info] > git for-each-ref --format=%(refname)%00%(upstream:short)%00%(objectname)%00%(upstream:track)%00%(upstream:remotename)%00%(upstream:remoteref) refs/heads/master refs/remotes/master [4ms]
2025-01-12 08:18:22.559 [info] > git for-each-ref --sort -committerdate --format %(refname) %(objectname) %(*objectname) [15ms]
2025-01-12 08:18:22.708 [info] > git status -z -uall [177ms]
2025-01-12 08:18:29.354 [info] > git config --get commit.template [18ms]
2025-01-12 08:18:29.356 [info] > git for-each-ref --format=%(refname)%00%(upstream:short)%00%(objectname)%00%(upstream:track)%00%(upstream:remotename)%00%(upstream:remoteref) refs/heads/master refs/remotes/master [5ms]
2025-01-12 08:18:29.381 [info] > git for-each-ref --sort -committerdate --format %(refname) %(objectname) %(*objectname) [8ms]
2025-01-12 08:18:29.472 [info] > git status -z -uall [109ms]
2025-01-12 08:18:42.585 [info] > git config --get commit.template [12ms]
2025-01-12 08:18:42.587 [info] > git for-each-ref --format=%(refname)%00%(upstream:short)%00%(objectname)%00%(upstream:track)%00%(upstream:remotename)%00%(upstream:remoteref) refs/heads/master refs/remotes/master [4ms]
2025-01-12 08:18:42.616 [info] > git for-each-ref --sort -committerdate --format %(refname) %(objectname) %(*objectname) [5ms]
2025-01-12 08:18:42.688 [info] > git status -z -uall [92ms]
2025-01-12 08:18:47.868 [info] > git config --get commit.template [18ms]
2025-01-12 08:18:47.872 [info] > git for-each-ref --format=%(refname)%00%(upstream:short)%00%(objectname)%00%(upstream:track)%00%(upstream:remotename)%00%(upstream:remoteref) refs/heads/master refs/remotes/master [6ms]
2025-01-12 08:18:47.929 [info] > git for-each-ref --sort -committerdate --format %(refname) %(objectname) %(*objectname) [25ms]
2025-01-12 08:18:48.080 [info] > git status -z -uall [198ms]
2025-01-12 08:18:53.344 [info] > git config --get commit.template [13ms]
2025-01-12 08:18:53.345 [info] > git for-each-ref --format=%(refname)%00%(upstream:short)%00%(objectname)%00%(upstream:track)%00%(upstream:remotename)%00%(upstream:remoteref) refs/heads/master refs/remotes/master [3ms]
2025-01-12 08:18:53.370 [info] > git for-each-ref --sort -committerdate --format %(refname) %(objectname) %(*objectname) [8ms]
2025-01-12 08:18:53.478 [info] > git status -z -uall [125ms]
2025-01-12 08:18:58.690 [info] > git config --get commit.template [11ms]
2025-01-12 08:18:58.692 [info] > git for-each-ref --format=%(refname)%00%(upstream:short)%00%(objectname)%00%(upstream:track)%00%(upstream:remotename)%00%(upstream:remoteref) refs/heads/master refs/remotes/master [5ms]
2025-01-12 08:18:58.711 [info] > git for-each-ref --sort -committerdate --format %(refname) %(objectname) %(*objectname) [2ms]
2025-01-12 08:18:58.798 [info] > git status -z -uall [99ms]
2025-01-12 08:19:04.056 [info] > git config --get commit.template [83ms]
2025-01-12 08:19:04.057 [info] > git for-each-ref --format=%(refname)%00%(upstream:short)%00%(objectname)%00%(upstream:track)%00%(upstream:remotename)%00%(upstream:remoteref) refs/heads/master refs/remotes/master [69ms]
2025-01-12 08:19:04.086 [info] > git for-each-ref --sort -committerdate --format %(refname) %(objectname) %(*objectname) [4ms]
2025-01-12 08:19:04.340 [info] > git status -z -uall [275ms]
2025-01-12 08:19:09.499 [info] > git config --get commit.template [11ms]
2025-01-12 08:19:09.501 [info] > git for-each-ref --format=%(refname)%00%(upstream:short)%00%(objectname)%00%(upstream:track)%00%(upstream:remotename)%00%(upstream:remoteref) refs/heads/master refs/remotes/master [3ms]
2025-01-12 08:19:09.522 [info] > git for-each-ref --sort -committerdate --format %(refname) %(objectname) %(*objectname) [5ms]
2025-01-12 08:19:09.604 [info] > git status -z -uall [96ms]
2025-01-12 08:19:14.766 [info] > git config --get commit.template [12ms]
2025-01-12 08:19:14.769 [info] > git for-each-ref --format=%(refname)%00%(upstream:short)%00%(objectname)%00%(upstream:track)%00%(upstream:remotename)%00%(upstream:remoteref) refs/heads/master refs/remotes/master [5ms]
2025-01-12 08:19:14.791 [info] > git for-each-ref --sort -committerdate --format %(refname) %(objectname) %(*objectname) [4ms]
2025-01-12 08:19:14.965 [info] > git status -z -uall [187ms]
2025-01-12 08:19:22.554 [info] > git config --get commit.template [63ms]
2025-01-12 08:19:22.555 [info] > git for-each-ref --format=%(refname)%00%(upstream:short)%00%(objectname)%00%(upstream:track)%00%(upstream:remotename)%00%(upstream:remoteref) refs/heads/master refs/remotes/master [3ms]
2025-01-12 08:19:22.908 [info] > git for-each-ref --sort -committerdate --format %(refname) %(objectname) %(*objectname) [5ms]
2025-01-12 08:19:22.923 [info] > git status -z -uall [171ms]
2025-01-12 08:19:28.156 [info] > git config --get commit.template [53ms]
2025-01-12 08:19:28.158 [info] > git for-each-ref --format=%(refname)%00%(upstream:short)%00%(objectname)%00%(upstream:track)%00%(upstream:remotename)%00%(upstream:remoteref) refs/heads/master refs/remotes/master [4ms]
2025-01-12 08:19:28.183 [info] > git for-each-ref --sort -committerdate --format %(refname) %(objectname) %(*objectname) [5ms]
2025-01-12 08:19:28.311 [info] > git status -z -uall [142ms]
2025-01-12 08:19:33.489 [info] > git config --get commit.template [11ms]
2025-01-12 08:19:33.491 [info] > git for-each-ref --format=%(refname)%00%(upstream:short)%00%(objectname)%00%(upstream:track)%00%(upstream:remotename)%00%(upstream:remoteref) refs/heads/master refs/remotes/master [3ms]
2025-01-12 08:19:33.571 [info] > git for-each-ref --sort -committerdate --format %(refname) %(objectname) %(*objectname) [4ms]
2025-01-12 08:19:33.658 [info] > git status -z -uall [100ms]
2025-01-12 08:19:40.032 [info] > git config --get commit.template [13ms]
2025-01-12 08:19:40.035 [info] > git for-each-ref --format=%(refname)%00%(upstream:short)%00%(objectname)%00%(upstream:track)%00%(upstream:remotename)%00%(upstream:remoteref) refs/heads/master refs/remotes/master [4ms]
2025-01-12 08:19:40.053 [info] > git for-each-ref --sort -committerdate --format %(refname) %(objectname) %(*objectname) [3ms]
2025-01-12 08:19:40.123 [info] > git status -z -uall [81ms]
2025-01-12 08:19:45.275 [info] > git config --get commit.template [14ms]
2025-01-12 08:19:45.278 [info] > git for-each-ref --format=%(refname)%00%(upstream:short)%00%(objectname)%00%(upstream:track)%00%(upstream:remotename)%00%(upstream:remoteref) refs/heads/master refs/remotes/master [5ms]
2025-01-12 08:19:45.298 [info] > git for-each-ref --sort -committerdate --format %(refname) %(objectname) %(*objectname) [4ms]
2025-01-12 08:19:45.389 [info] > git status -z -uall [104ms]
2025-01-12 08:19:53.855 [info] > git config --get commit.template [3ms]
2025-01-12 08:19:53.867 [info] > git for-each-ref --format=%(refname)%00%(upstream:short)%00%(objectname)%00%(upstream:track)%00%(upstream:remotename)%00%(upstream:remoteref) refs/heads/master refs/remotes/master [4ms]
2025-01-12 08:19:53.890 [info] > git for-each-ref --sort -committerdate --format %(refname) %(objectname) %(*objectname) [5ms]
2025-01-12 08:19:53.978 [info] > git status -z -uall [104ms]
2025-01-12 08:19:59.181 [info] > git config --get commit.template [13ms]
2025-01-12 08:19:59.183 [info] > git for-each-ref --format=%(refname)%00%(upstream:short)%00%(objectname)%00%(upstream:track)%00%(upstream:remotename)%00%(upstream:remoteref) refs/heads/master refs/remotes/master [3ms]
2025-01-12 08:19:59.209 [info] > git for-each-ref --sort -committerdate --format %(refname) %(objectname) %(*objectname) [8ms]
2025-01-12 08:19:59.288 [info] > git status -z -uall [94ms]
2025-01-12 08:20:04.481 [info] > git config --get commit.template [12ms]
2025-01-12 08:20:04.482 [info] > git for-each-ref --format=%(refname)%00%(upstream:short)%00%(objectname)%00%(upstream:track)%00%(upstream:remotename)%00%(upstream:remoteref) refs/heads/master refs/remotes/master [3ms]
2025-01-12 08:20:04.505 [info] > git for-each-ref --sort -committerdate --format %(refname) %(objectname) %(*objectname) [5ms]
2025-01-12 08:20:04.575 [info] > git status -z -uall [85ms]
2025-01-12 08:20:09.747 [info] > git config --get commit.template [13ms]
2025-01-12 08:20:09.755 [info] > git for-each-ref --format=%(refname)%00%(upstream:short)%00%(objectname)%00%(upstream:track)%00%(upstream:remotename)%00%(upstream:remoteref) refs/heads/master refs/remotes/master [10ms]
2025-01-12 08:20:09.783 [info] > git for-each-ref --sort -committerdate --format %(refname) %(objectname) %(*objectname) [9ms]
2025-01-12 08:20:09.870 [info] > git status -z -uall [105ms]
2025-01-12 08:20:15.079 [info] > git config --get commit.template [12ms]
2025-01-12 08:20:15.080 [info] > git for-each-ref --format=%(refname)%00%(upstream:short)%00%(objectname)%00%(upstream:track)%00%(upstream:remotename)%00%(upstream:remoteref) refs/heads/master refs/remotes/master [4ms]
2025-01-12 08:20:15.101 [info] > git for-each-ref --sort -committerdate --format %(refname) %(objectname) %(*objectname) [4ms]
2025-01-12 08:20:15.188 [info] > git status -z -uall [100ms]
2025-01-12 08:20:20.364 [info] > git config --get commit.template [13ms]
2025-01-12 08:20:20.365 [info] > git for-each-ref --format=%(refname)%00%(upstream:short)%00%(objectname)%00%(upstream:track)%00%(upstream:remotename)%00%(upstream:remoteref) refs/heads/master refs/remotes/master [3ms]
2025-01-12 08:20:20.387 [info] > git for-each-ref --sort -committerdate --format %(refname) %(objectname) %(*objectname) [5ms]
2025-01-12 08:20:20.456 [info] > git status -z -uall [82ms]
2025-01-12 08:20:25.623 [info] > git config --get commit.template [10ms]
2025-01-12 08:20:25.624 [info] > git for-each-ref --format=%(refname)%00%(upstream:short)%00%(objectname)%00%(upstream:track)%00%(upstream:remotename)%00%(upstream:remoteref) refs/heads/master refs/remotes/master [2ms]
2025-01-12 08:20:25.649 [info] > git for-each-ref --sort -committerdate --format %(refname) %(objectname) %(*objectname) [5ms]
2025-01-12 08:20:25.727 [info] > git status -z -uall [94ms]
2025-01-12 08:20:33.042 [info] > git config --get commit.template [14ms]
2025-01-12 08:20:33.043 [info] > git for-each-ref --format=%(refname)%00%(upstream:short)%00%(objectname)%00%(upstream:track)%00%(upstream:remotename)%00%(upstream:remoteref) refs/heads/master refs/remotes/master [2ms]
2025-01-12 08:20:33.063 [info] > git for-each-ref --sort -committerdate --format %(refname) %(objectname) %(*objectname) [4ms]
2025-01-12 08:20:33.194 [info] > git status -z -uall [143ms]
2025-01-12 08:20:38.368 [info] > git config --get commit.template [14ms]
2025-01-12 08:20:38.372 [info] > git for-each-ref --format=%(refname)%00%(upstream:short)%00%(objectname)%00%(upstream:track)%00%(upstream:remotename)%00%(upstream:remoteref) refs/heads/master refs/remotes/master [6ms]
2025-01-12 08:20:38.425 [info] > git for-each-ref --sort -committerdate --format %(refname) %(objectname) %(*objectname) [4ms]
2025-01-12 08:20:38.771 [info] > git status -z -uall [358ms]
2025-01-12 08:20:44.093 [info] > git config --get commit.template [12ms]
2025-01-12 08:20:44.095 [info] > git for-each-ref --format=%(refname)%00%(upstream:short)%00%(objectname)%00%(upstream:track)%00%(upstream:remotename)%00%(upstream:remoteref) refs/heads/master refs/remotes/master [4ms]
2025-01-12 08:20:44.119 [info] > git for-each-ref --sort -committerdate --format %(refname) %(objectname) %(*objectname) [5ms]
2025-01-12 08:20:44.198 [info] > git status -z -uall [92ms]
2025-01-12 08:20:49.397 [info] > git config --get commit.template [13ms]
2025-01-12 08:20:49.403 [info] > git for-each-ref --format=%(refname)%00%(upstream:short)%00%(objectname)%00%(upstream:track)%00%(upstream:remotename)%00%(upstream:remoteref) refs/heads/master refs/remotes/master [8ms]
2025-01-12 08:20:49.427 [info] > git for-each-ref --sort -committerdate --format %(refname) %(objectname) %(*objectname) [4ms]
2025-01-12 08:20:49.501 [info] > git status -z -uall [89ms]
2025-01-12 08:20:54.643 [info] > git config --get commit.template [13ms]
2025-01-12 08:20:54.644 [info] > git for-each-ref --format=%(refname)%00%(upstream:short)%00%(objectname)%00%(upstream:track)%00%(upstream:remotename)%00%(upstream:remoteref) refs/heads/master refs/remotes/master [2ms]
2025-01-12 08:20:54.664 [info] > git for-each-ref --sort -committerdate --format %(refname) %(objectname) %(*objectname) [4ms]
2025-01-12 08:20:54.740 [info] > git status -z -uall [89ms]
2025-01-12 08:21:03.672 [info] > git config --get commit.template [17ms]
2025-01-12 08:21:03.675 [info] > git for-each-ref --format=%(refname)%00%(upstream:short)%00%(objectname)%00%(upstream:track)%00%(upstream:remotename)%00%(upstream:remoteref) refs/heads/master refs/remotes/master [4ms]
2025-01-12 08:21:03.709 [info] > git for-each-ref --sort -committerdate --format %(refname) %(objectname) %(*objectname) [13ms]
2025-01-12 08:21:03.789 [info] > git status -z -uall [104ms]
2025-01-12 08:21:08.936 [info] > git config --get commit.template [11ms]
2025-01-12 08:21:08.940 [info] > git for-each-ref --format=%(refname)%00%(upstream:short)%00%(objectname)%00%(upstream:track)%00%(upstream:remotename)%00%(upstream:remoteref) refs/heads/master refs/remotes/master [5ms]
2025-01-12 08:21:08.963 [info] > git for-each-ref --sort -committerdate --format %(refname) %(objectname) %(*objectname) [3ms]
2025-01-12 08:21:09.064 [info] > git status -z -uall [117ms]
2025-01-12 08:21:14.382 [info] > git config --get commit.template [11ms]
2025-01-12 08:21:14.388 [info] > git for-each-ref --format=%(refname)%00%(upstream:short)%00%(objectname)%00%(upstream:track)%00%(upstream:remotename)%00%(upstream:remoteref) refs/heads/master refs/remotes/master [8ms]
2025-01-12 08:21:14.407 [info] > git for-each-ref --sort -committerdate --format %(refname) %(objectname) %(*objectname) [3ms]
2025-01-12 08:21:14.491 [info] > git status -z -uall [95ms]
2025-01-12 08:21:19.638 [info] > git config --get commit.template [11ms]
2025-01-12 08:21:19.649 [info] > git for-each-ref --format=%(refname)%00%(upstream:short)%00%(objectname)%00%(upstream:track)%00%(upstream:remotename)%00%(upstream:remoteref) refs/heads/master refs/remotes/master [13ms]
2025-01-12 08:21:19.692 [info] > git for-each-ref --sort -committerdate --format %(refname) %(objectname) %(*objectname) [27ms]
2025-01-12 08:21:19.791 [info] > git status -z -uall [134ms]
2025-01-12 08:21:24.960 [info] > git config --get commit.template [9ms]
2025-01-12 08:21:24.964 [info] > git for-each-ref --format=%(refname)%00%(upstream:short)%00%(objectname)%00%(upstream:track)%00%(upstream:remotename)%00%(upstream:remoteref) refs/heads/master refs/remotes/master [5ms]
2025-01-12 08:21:24.985 [info] > git for-each-ref --sort -committerdate --format %(refname) %(objectname) %(*objectname) [6ms]
2025-01-12 08:21:25.054 [info] > git status -z -uall [84ms]
2025-01-12 08:21:30.938 [info] > git config --get commit.template [11ms]
2025-01-12 08:21:30.941 [info] > git for-each-ref --format=%(refname)%00%(upstream:short)%00%(objectname)%00%(upstream:track)%00%(upstream:remotename)%00%(upstream:remoteref) refs/heads/master refs/remotes/master [5ms]
2025-01-12 08:21:30.973 [info] > git for-each-ref --sort -committerdate --format %(refname) %(objectname) %(*objectname) [12ms]
2025-01-12 08:21:31.049 [info] > git status -z -uall [99ms]
2025-01-12 08:21:36.207 [info] > git config --get commit.template [10ms]
2025-01-12 08:21:36.210 [info] > git for-each-ref --format=%(refname)%00%(upstream:short)%00%(objectname)%00%(upstream:track)%00%(upstream:remotename)%00%(upstream:remoteref) refs/heads/master refs/remotes/master [4ms]
2025-01-12 08:21:36.232 [info] > git for-each-ref --sort -committerdate --format %(refname) %(objectname) %(*objectname) [4ms]
2025-01-12 08:21:36.326 [info] > git status -z -uall [107ms]
2025-01-12 08:21:41.497 [info] > git config --get commit.template [15ms]
2025-01-12 08:21:41.498 [info] > git for-each-ref --format=%(refname)%00%(upstream:short)%00%(objectname)%00%(upstream:track)%00%(upstream:remotename)%00%(upstream:remoteref) refs/heads/master refs/remotes/master [8ms]
2025-01-12 08:21:41.524 [info] > git for-each-ref --sort -committerdate --format %(refname) %(objectname) %(*objectname) [4ms]
2025-01-12 08:21:41.603 [info] > git status -z -uall [92ms]
2025-01-12 08:21:50.723 [info] > git config --get commit.template [11ms]
2025-01-12 08:21:50.725 [info] > git for-each-ref --format=%(refname)%00%(upstream:short)%00%(objectname)%00%(upstream:track)%00%(upstream:remotename)%00%(upstream:remoteref) refs/heads/master refs/remotes/master [3ms]
2025-01-12 08:21:50.745 [info] > git for-each-ref --sort -committerdate --format %(refname) %(objectname) %(*objectname) [5ms]
2025-01-12 08:21:50.822 [info] > git status -z -uall [90ms]
2025-01-12 08:21:55.970 [info] > git config --get commit.template [10ms]
2025-01-12 08:21:55.972 [info] > git for-each-ref --format=%(refname)%00%(upstream:short)%00%(objectname)%00%(upstream:track)%00%(upstream:remotename)%00%(upstream:remoteref) refs/heads/master refs/remotes/master [3ms]
2025-01-12 08:21:55.999 [info] > git for-each-ref --sort -committerdate --format %(refname) %(objectname) %(*objectname) [6ms]
2025-01-12 08:21:56.084 [info] > git status -z -uall [101ms]
2025-01-12 08:22:01.263 [info] > git config --get commit.template [12ms]
2025-01-12 08:22:01.264 [info] > git for-each-ref --format=%(refname)%00%(upstream:short)%00%(objectname)%00%(upstream:track)%00%(upstream:remotename)%00%(upstream:remoteref) refs/heads/master refs/remotes/master [4ms]
2025-01-12 08:22:01.285 [info] > git for-each-ref --sort -committerdate --format %(refname) %(objectname) %(*objectname) [4ms]
2025-01-12 08:22:01.359 [info] > git status -z -uall [86ms]
2025-01-12 08:22:06.519 [info] > git config --get commit.template [10ms]
2025-01-12 08:22:06.521 [info] > git for-each-ref --format=%(refname)%00%(upstream:short)%00%(objectname)%00%(upstream:track)%00%(upstream:remotename)%00%(upstream:remoteref) refs/heads/master refs/remotes/master [4ms]
2025-01-12 08:22:06.542 [info] > git for-each-ref --sort -committerdate --format %(refname) %(objectname) %(*objectname) [6ms]
2025-01-12 08:22:06.612 [info] > git status -z -uall [84ms]
2025-01-12 08:22:11.775 [info] > git config --get commit.template [12ms]
2025-01-12 08:22:11.777 [info] > git for-each-ref --format=%(refname)%00%(upstream:short)%00%(objectname)%00%(upstream:track)%00%(upstream:remotename)%00%(upstream:remoteref) refs/heads/master refs/remotes/master [3ms]
2025-01-12 08:22:11.798 [info] > git for-each-ref --sort -committerdate --format %(refname) %(objectname) %(*objectname) [3ms]
2025-01-12 08:22:11.876 [info] > git status -z -uall [90ms]
2025-01-12 08:22:52.179 [info] > git config --get commit.template [20ms]
2025-01-12 08:22:52.186 [info] > git for-each-ref --format=%(refname)%00%(upstream:short)%00%(objectname)%00%(upstream:track)%00%(upstream:remotename)%00%(upstream:remoteref) refs/heads/master refs/remotes/master [14ms]
2025-01-12 08:22:52.234 [info] > git for-each-ref --sort -committerdate --format %(refname) %(objectname) %(*objectname) [3ms]
2025-01-12 08:22:52.412 [info] > git status -z -uall [208ms]
2025-01-12 08:22:57.677 [info] > git config --get commit.template [14ms]
2025-01-12 08:22:57.678 [info] > git for-each-ref --format=%(refname)%00%(upstream:short)%00%(objectname)%00%(upstream:track)%00%(upstream:remotename)%00%(upstream:remoteref) refs/heads/master refs/remotes/master [3ms]
2025-01-12 08:22:57.705 [info] > git for-each-ref --sort -committerdate --format %(refname) %(objectname) %(*objectname) [6ms]
2025-01-12 08:22:57.792 [info] > git status -z -uall [105ms]
2025-01-12 08:23:03.826 [info] > git config --get commit.template [9ms]
2025-01-12 08:23:03.837 [info] > git for-each-ref --format=%(refname)%00%(upstream:short)%00%(objectname)%00%(upstream:track)%00%(upstream:remotename)%00%(upstream:remoteref) refs/heads/master refs/remotes/master [3ms]
2025-01-12 08:23:03.863 [info] > git for-each-ref --sort -committerdate --format %(refname) %(objectname) %(*objectname) [8ms]
2025-01-12 08:23:03.948 [info] > git status -z -uall [102ms]
2025-01-12 08:23:13.133 [info] > git config --get commit.template [4ms]
2025-01-12 08:23:13.144 [info] > git for-each-ref --format=%(refname)%00%(upstream:short)%00%(objectname)%00%(upstream:track)%00%(upstream:remotename)%00%(upstream:remoteref) refs/heads/master refs/remotes/master [3ms]
2025-01-12 08:23:13.165 [info] > git for-each-ref --sort -committerdate --format %(refname) %(objectname) %(*objectname) [4ms]
2025-01-12 08:23:13.255 [info] > git status -z -uall [102ms]
2025-01-12 08:23:18.432 [info] > git config --get commit.template [10ms]
2025-01-12 08:23:18.434 [info] > git for-each-ref --format=%(refname)%00%(upstream:short)%00%(objectname)%00%(upstream:track)%00%(upstream:remotename)%00%(upstream:remoteref) refs/heads/master refs/remotes/master [4ms]
2025-01-12 08:23:18.455 [info] > git for-each-ref --sort -committerdate --format %(refname) %(objectname) %(*objectname) [4ms]
2025-01-12 08:23:18.529 [info] > git status -z -uall [87ms]
2025-01-12 08:23:23.683 [info] > git config --get commit.template [12ms]
2025-01-12 08:23:23.684 [info] > git for-each-ref --format=%(refname)%00%(upstream:short)%00%(objectname)%00%(upstream:track)%00%(upstream:remotename)%00%(upstream:remoteref) refs/heads/master refs/remotes/master [4ms]
2025-01-12 08:23:23.709 [info] > git for-each-ref --sort -committerdate --format %(refname) %(objectname) %(*objectname) [6ms]
2025-01-12 08:23:23.774 [info] > git status -z -uall [81ms]
2025-01-12 08:23:28.935 [info] > git config --get commit.template [10ms]
2025-01-12 08:23:28.939 [info] > git for-each-ref --format=%(refname)%00%(upstream:short)%00%(objectname)%00%(upstream:track)%00%(upstream:remotename)%00%(upstream:remoteref) refs/heads/master refs/remotes/master [6ms]
2025-01-12 08:23:28.965 [info] > git for-each-ref --sort -committerdate --format %(refname) %(objectname) %(*objectname) [9ms]
2025-01-12 08:23:29.037 [info] > git status -z -uall [91ms]
2025-01-12 08:23:34.205 [info] > git config --get commit.template [21ms]
2025-01-12 08:23:34.207 [info] > git for-each-ref --format=%(refname)%00%(upstream:short)%00%(objectname)%00%(upstream:track)%00%(upstream:remotename)%00%(upstream:remoteref) refs/heads/master refs/remotes/master [4ms]
2025-01-12 08:23:34.234 [info] > git for-each-ref --sort -committerdate --format %(refname) %(objectname) %(*objectname) [3ms]
2025-01-12 08:23:34.454 [info] > git status -z -uall [234ms]
2025-01-12 08:23:39.621 [info] > git config --get commit.template [9ms]
2025-01-12 08:23:39.622 [info] > git for-each-ref --format=%(refname)%00%(upstream:short)%00%(objectname)%00%(upstream:track)%00%(upstream:remotename)%00%(upstream:remoteref) refs/heads/master refs/remotes/master [3ms]
2025-01-12 08:23:39.647 [info] > git for-each-ref --sort -committerdate --format %(refname) %(objectname) %(*objectname) [8ms]
2025-01-12 08:23:39.716 [info] > git status -z -uall [86ms]
2025-01-12 08:23:44.882 [info] > git config --get commit.template [15ms]
2025-01-12 08:23:44.884 [info] > git for-each-ref --format=%(refname)%00%(upstream:short)%00%(objectname)%00%(upstream:track)%00%(upstream:remotename)%00%(upstream:remoteref) refs/heads/master refs/remotes/master [5ms]
2025-01-12 08:23:44.909 [info] > git for-each-ref --sort -committerdate --format %(refname) %(objectname) %(*objectname) [4ms]
2025-01-12 08:23:44.998 [info] > git status -z -uall [104ms]
2025-01-12 08:23:50.145 [info] > git config --get commit.template [4ms]
2025-01-12 08:23:50.156 [info] > git for-each-ref --format=%(refname)%00%(upstream:short)%00%(objectname)%00%(upstream:track)%00%(upstream:remotename)%00%(upstream:remoteref) refs/heads/master refs/remotes/master [2ms]
2025-01-12 08:23:50.177 [info] > git for-each-ref --sort -committerdate --format %(refname) %(objectname) %(*objectname) [5ms]
2025-01-12 08:23:50.257 [info] > git status -z -uall [94ms]
2025-01-12 08:23:55.420 [info] > git config --get commit.template [10ms]
2025-01-12 08:23:55.421 [info] > git for-each-ref --format=%(refname)%00%(upstream:short)%00%(objectname)%00%(upstream:track)%00%(upstream:remotename)%00%(upstream:remoteref) refs/heads/master refs/remotes/master [3ms]
2025-01-12 08:23:55.444 [info] > git for-each-ref --sort -committerdate --format %(refname) %(objectname) %(*objectname) [3ms]
2025-01-12 08:23:55.514 [info] > git status -z -uall [84ms]
2025-01-12 08:24:00.741 [info] > git config --get commit.template [14ms]
2025-01-12 08:24:00.742 [info] > git for-each-ref --format=%(refname)%00%(upstream:short)%00%(objectname)%00%(upstream:track)%00%(upstream:remotename)%00%(upstream:remoteref) refs/heads/master refs/remotes/master [4ms]
2025-01-12 08:24:00.777 [info] > git for-each-ref --sort -committerdate --format %(refname) %(objectname) %(*objectname) [10ms]
2025-01-12 08:24:00.872 [info] > git status -z -uall [121ms]
2025-01-12 08:24:04.554 [info] > git check-ignore -v -z --stdin [3ms]
2025-01-12 08:24:06.101 [info] > git config --get commit.template [18ms]
2025-01-12 08:24:06.103 [info] > git for-each-ref --format=%(refname)%00%(upstream:short)%00%(objectname)%00%(upstream:track)%00%(upstream:remotename)%00%(upstream:remoteref) refs/heads/master refs/remotes/master [3ms]
2025-01-12 08:24:06.124 [info] > git for-each-ref --sort -committerdate --format %(refname) %(objectname) %(*objectname) [4ms]
2025-01-12 08:24:06.233 [info] > git status -z -uall [123ms]
2025-01-12 08:24:13.554 [info] > git config --get commit.template [8ms]
2025-01-12 08:24:13.567 [info] > git for-each-ref --format=%(refname)%00%(upstream:short)%00%(objectname)%00%(upstream:track)%00%(upstream:remotename)%00%(upstream:remoteref) refs/heads/master refs/remotes/master [6ms]
2025-01-12 08:24:13.594 [info] > git for-each-ref --sort -committerdate --format %(refname) %(objectname) %(*objectname) [7ms]
2025-01-12 08:24:13.747 [info] > git status -z -uall [170ms]
2025-01-12 08:24:17.648 [info] > git show --textconv :index.html [131ms]
2025-01-12 08:24:17.648 [info] > git ls-files --stage -- /home/edinsonpb/index.html [117ms]
2025-01-12 08:24:17.670 [info] > git check-ignore -v -z --stdin [7ms]
2025-01-12 08:24:19.580 [info] > git config --get commit.template [20ms]
2025-01-12 08:24:19.593 [info] > git for-each-ref --format=%(refname)%00%(upstream:short)%00%(objectname)%00%(upstream:track)%00%(upstream:remotename)%00%(upstream:remoteref) refs/heads/master refs/remotes/master [14ms]
2025-01-12 08:24:19.663 [info] > git for-each-ref --sort -committerdate --format %(refname) %(objectname) %(*objectname) [34ms]
2025-01-12 08:24:19.868 [info] > git status -z -uall [263ms]
2025-01-12 08:24:25.073 [info] > git config --get commit.template [11ms]
2025-01-12 08:24:25.074 [info] > git for-each-ref --format=%(refname)%00%(upstream:short)%00%(objectname)%00%(upstream:track)%00%(upstream:remotename)%00%(upstream:remoteref) refs/heads/master refs/remotes/master [3ms]
2025-01-12 08:24:25.094 [info] > git for-each-ref --sort -committerdate --format %(refname) %(objectname) %(*objectname) [5ms]
2025-01-12 08:24:25.162 [info] > git status -z -uall [82ms]
2025-01-12 08:24:35.065 [info] > git config --get commit.template [19ms]
2025-01-12 08:24:35.069 [info] > git for-each-ref --format=%(refname)%00%(upstream:short)%00%(objectname)%00%(upstream:track)%00%(upstream:remotename)%00%(upstream:remoteref) refs/heads/master refs/remotes/master [7ms]
2025-01-12 08:24:35.102 [info] > git for-each-ref --sort -committerdate --format %(refname) %(objectname) %(*objectname) [8ms]
2025-01-12 08:24:35.263 [info] > git status -z -uall [184ms]
2025-01-12 08:24:43.940 [info] > git for-each-ref --format=%(refname)%00%(upstream:short)%00%(objectname)%00%(upstream:track)%00%(upstream:remotename)%00%(upstream:remoteref) refs/heads/master refs/remotes/master [16ms]
2025-01-12 08:24:43.941 [info] > git config --get commit.template [29ms]
2025-01-12 08:24:44.143 [info] > git for-each-ref --sort -committerdate --format %(refname) %(objectname) %(*objectname) [15ms]
2025-01-12 08:24:44.443 [info] > git status -z -uall [327ms]
2025-01-12 08:24:49.731 [info] > git config --get commit.template [17ms]
2025-01-12 08:24:49.738 [info] > git for-each-ref --format=%(refname)%00%(upstream:short)%00%(objectname)%00%(upstream:track)%00%(upstream:remotename)%00%(upstream:remoteref) refs/heads/master refs/remotes/master [9ms]
2025-01-12 08:24:49.765 [info] > git for-each-ref --sort -committerdate --format %(refname) %(objectname) %(*objectname) [7ms]
2025-01-12 08:24:49.863 [info] > git status -z -uall [116ms]
2025-01-12 08:24:59.503 [info] > git config --get commit.template [13ms]
2025-01-12 08:24:59.506 [info] > git for-each-ref --format=%(refname)%00%(upstream:short)%00%(objectname)%00%(upstream:track)%00%(upstream:remotename)%00%(upstream:remoteref) refs/heads/master refs/remotes/master [5ms]
2025-01-12 08:24:59.529 [info] > git for-each-ref --sort -committerdate --format %(refname) %(objectname) %(*objectname) [5ms]
2025-01-12 08:24:59.598 [info] > git status -z -uall [85ms]
2025-01-12 08:25:05.626 [info] > git config --get commit.template [14ms]
2025-01-12 08:25:05.627 [info] > git for-each-ref --format=%(refname)%00%(upstream:short)%00%(objectname)%00%(upstream:track)%00%(upstream:remotename)%00%(upstream:remoteref) refs/heads/master refs/remotes/master [3ms]
2025-01-12 08:25:05.649 [info] > git for-each-ref --sort -committerdate --format %(refname) %(objectname) %(*objectname) [4ms]
2025-01-12 08:25:05.721 [info] > git status -z -uall [86ms]
2025-01-12 08:25:11.675 [info] > git config --get commit.template [12ms]
2025-01-12 08:25:11.678 [info] > git for-each-ref --format=%(refname)%00%(upstream:short)%00%(objectname)%00%(upstream:track)%00%(upstream:remotename)%00%(upstream:remoteref) refs/heads/master refs/remotes/master [4ms]
2025-01-12 08:25:11.703 [info] > git for-each-ref --sort -committerdate --format %(refname) %(objectname) %(*objectname) [4ms]
2025-01-12 08:25:11.773 [info] > git status -z -uall [87ms]
2025-01-12 08:25:16.924 [info] > git config --get commit.template [14ms]
2025-01-12 08:25:16.925 [info] > git for-each-ref --format=%(refname)%00%(upstream:short)%00%(objectname)%00%(upstream:track)%00%(upstream:remotename)%00%(upstream:remoteref) refs/heads/master refs/remotes/master [3ms]
2025-01-12 08:25:16.947 [info] > git for-each-ref --sort -committerdate --format %(refname) %(objectname) %(*objectname) [4ms]
2025-01-12 08:25:17.022 [info] > git status -z -uall [89ms]
2025-01-12 08:25:22.169 [info] > git config --get commit.template [14ms]
2025-01-12 08:25:22.171 [info] > git for-each-ref --format=%(refname)%00%(upstream:short)%00%(objectname)%00%(upstream:track)%00%(upstream:remotename)%00%(upstream:remoteref) refs/heads/master refs/remotes/master [4ms]
2025-01-12 08:25:22.208 [info] > git for-each-ref --sort -committerdate --format %(refname) %(objectname) %(*objectname) [12ms]
2025-01-12 08:25:22.282 [info] > git status -z -uall [100ms]
2025-01-12 08:25:27.448 [info] > git config --get commit.template [12ms]
2025-01-12 08:25:27.449 [info] > git for-each-ref --format=%(refname)%00%(upstream:short)%00%(objectname)%00%(upstream:track)%00%(upstream:remotename)%00%(upstream:remoteref) refs/heads/master refs/remotes/master [3ms]
2025-01-12 08:25:27.477 [info] > git for-each-ref --sort -committerdate --format %(refname) %(objectname) %(*objectname) [8ms]
2025-01-12 08:25:27.554 [info] > git status -z -uall [96ms]
2025-01-12 08:25:32.715 [info] > git config --get commit.template [12ms]
2025-01-12 08:25:32.717 [info] > git for-each-ref --format=%(refname)%00%(upstream:short)%00%(objectname)%00%(upstream:track)%00%(upstream:remotename)%00%(upstream:remoteref) refs/heads/master refs/remotes/master [3ms]
2025-01-12 08:25:32.738 [info] > git for-each-ref --sort -committerdate --format %(refname) %(objectname) %(*objectname) [4ms]
2025-01-12 08:25:32.817 [info] > git status -z -uall [93ms]
2025-01-12 08:25:37.991 [info] > git config --get commit.template [11ms]
2025-01-12 08:25:37.993 [info] > git for-each-ref --format=%(refname)%00%(upstream:short)%00%(objectname)%00%(upstream:track)%00%(upstream:remotename)%00%(upstream:remoteref) refs/heads/master refs/remotes/master [4ms]
2025-01-12 08:25:38.019 [info] > git for-each-ref --sort -committerdate --format %(refname) %(objectname) %(*objectname) [4ms]
2025-01-12 08:25:38.087 [info] > git status -z -uall [85ms]
2025-01-12 08:25:43.237 [info] > git config --get commit.template [12ms]
2025-01-12 08:25:43.240 [info] > git for-each-ref --format=%(refname)%00%(upstream:short)%00%(objectname)%00%(upstream:track)%00%(upstream:remotename)%00%(upstream:remoteref) refs/heads/master refs/remotes/master [5ms]
2025-01-12 08:25:43.272 [info] > git for-each-ref --sort -committerdate --format %(refname) %(objectname) %(*objectname) [14ms]
2025-01-12 08:25:43.348 [info] > git status -z -uall [100ms]
2025-01-12 08:25:48.500 [info] > git config --get commit.template [10ms]
2025-01-12 08:25:48.502 [info] > git for-each-ref --format=%(refname)%00%(upstream:short)%00%(objectname)%00%(upstream:track)%00%(upstream:remotename)%00%(upstream:remoteref) refs/heads/master refs/remotes/master [4ms]
2025-01-12 08:25:48.529 [info] > git for-each-ref --sort -committerdate --format %(refname) %(objectname) %(*objectname) [7ms]
2025-01-12 08:25:48.598 [info] > git status -z -uall [88ms]
2025-01-12 08:25:53.771 [info] > git config --get commit.template [19ms]
2025-01-12 08:25:53.783 [info] > git for-each-ref --format=%(refname)%00%(upstream:short)%00%(objectname)%00%(upstream:track)%00%(upstream:remotename)%00%(upstream:remoteref) refs/heads/master refs/remotes/master [14ms]
2025-01-12 08:25:53.827 [info] > git for-each-ref --sort -committerdate --format %(refname) %(objectname) %(*objectname) [8ms]
2025-01-12 08:25:54.086 [info] > git status -z -uall [283ms]
2025-01-12 08:25:59.260 [info] > git config --get commit.template [13ms]
2025-01-12 08:25:59.262 [info] > git for-each-ref --format=%(refname)%00%(upstream:short)%00%(objectname)%00%(upstream:track)%00%(upstream:remotename)%00%(upstream:remoteref) refs/heads/master refs/remotes/master [4ms]
2025-01-12 08:25:59.288 [info] > git for-each-ref --sort -committerdate --format %(refname) %(objectname) %(*objectname) [4ms]
2025-01-12 08:25:59.370 [info] > git status -z -uall [100ms]
2025-01-12 08:26:04.523 [info] > git config --get commit.template [4ms]
2025-01-12 08:26:04.535 [info] > git for-each-ref --format=%(refname)%00%(upstream:short)%00%(objectname)%00%(upstream:track)%00%(upstream:remotename)%00%(upstream:remoteref) refs/heads/master refs/remotes/master [3ms]
2025-01-12 08:26:04.567 [info] > git for-each-ref --sort -committerdate --format %(refname) %(objectname) %(*objectname) [8ms]
2025-01-12 08:26:04.628 [info] > git status -z -uall [86ms]
2025-01-12 08:26:09.785 [info] > git config --get commit.template [17ms]
2025-01-12 08:26:09.786 [info] > git for-each-ref --format=%(refname)%00%(upstream:short)%00%(objectname)%00%(upstream:track)%00%(upstream:remotename)%00%(upstream:remoteref) refs/heads/master refs/remotes/master [5ms]
2025-01-12 08:26:09.809 [info] > git for-each-ref --sort -committerdate --format %(refname) %(objectname) %(*objectname) [3ms]
2025-01-12 08:26:09.882 [info] > git status -z -uall [86ms]
2025-01-12 08:26:15.053 [info] > git config --get commit.template [17ms]
2025-01-12 08:26:15.056 [info] > git for-each-ref --format=%(refname)%00%(upstream:short)%00%(objectname)%00%(upstream:track)%00%(upstream:remotename)%00%(upstream:remoteref) refs/heads/master refs/remotes/master [4ms]
2025-01-12 08:26:15.219 [info] > git for-each-ref --sort -committerdate --format %(refname) %(objectname) %(*objectname) [11ms]
2025-01-12 08:26:15.287 [info] > git status -z -uall [211ms]
2025-01-12 08:26:21.164 [info] > git config --get commit.template [13ms]
2025-01-12 08:26:21.166 [info] > git for-each-ref --format=%(refname)%00%(upstream:short)%00%(objectname)%00%(upstream:track)%00%(upstream:remotename)%00%(upstream:remoteref) refs/heads/master refs/remotes/master [3ms]
2025-01-12 08:26:21.202 [info] > git for-each-ref --sort -committerdate --format %(refname) %(objectname) %(*objectname) [4ms]
2025-01-12 08:26:21.289 [info] > git status -z -uall [100ms]
2025-01-12 08:26:26.435 [info] > git config --get commit.template [6ms]
2025-01-12 08:26:26.473 [info] > git for-each-ref --format=%(refname)%00%(upstream:short)%00%(objectname)%00%(upstream:track)%00%(upstream:remotename)%00%(upstream:remoteref) refs/heads/master refs/remotes/master [3ms]
2025-01-12 08:26:26.498 [info] > git for-each-ref --sort -committerdate --format %(refname) %(objectname) %(*objectname) [5ms]
2025-01-12 08:26:26.576 [info] > git status -z -uall [94ms]
2025-01-12 08:26:32.209 [info] > git config --get commit.template [11ms]
2025-01-12 08:26:32.210 [info] > git for-each-ref --format=%(refname)%00%(upstream:short)%00%(objectname)%00%(upstream:track)%00%(upstream:remotename)%00%(upstream:remoteref) refs/heads/master refs/remotes/master [3ms]
2025-01-12 08:26:32.237 [info] > git for-each-ref --sort -committerdate --format %(refname) %(objectname) %(*objectname) [7ms]
2025-01-12 08:26:32.308 [info] > git status -z -uall [90ms]
2025-01-12 08:26:37.463 [info] > git config --get commit.template [7ms]
2025-01-12 08:26:37.473 [info] > git for-each-ref --format=%(refname)%00%(upstream:short)%00%(objectname)%00%(upstream:track)%00%(upstream:remotename)%00%(upstream:remoteref) refs/heads/master refs/remotes/master [2ms]
2025-01-12 08:26:37.503 [info] > git for-each-ref --sort -committerdate --format %(refname) %(objectname) %(*objectname) [8ms]
2025-01-12 08:26:37.571 [info] > git status -z -uall [87ms]
2025-01-12 08:26:42.779 [info] > git config --get commit.template [17ms]
2025-01-12 08:26:42.781 [info] > git for-each-ref --format=%(refname)%00%(upstream:short)%00%(objectname)%00%(upstream:track)%00%(upstream:remotename)%00%(upstream:remoteref) refs/heads/master refs/remotes/master [4ms]
2025-01-12 08:26:42.809 [info] > git for-each-ref --sort -committerdate --format %(refname) %(objectname) %(*objectname) [8ms]
2025-01-12 08:26:42.880 [info] > git status -z -uall [89ms]
2025-01-12 08:26:50.772 [info] > git config --get commit.template [13ms]
2025-01-12 08:26:50.774 [info] > git for-each-ref --format=%(refname)%00%(upstream:short)%00%(objectname)%00%(upstream:track)%00%(upstream:remotename)%00%(upstream:remoteref) refs/heads/master refs/remotes/master [4ms]
2025-01-12 08:26:50.796 [info] > git for-each-ref --sort -committerdate --format %(refname) %(objectname) %(*objectname) [4ms]
2025-01-12 08:26:50.876 [info] > git status -z -uall [94ms]
2025-01-12 08:26:56.040 [info] > git config --get commit.template [11ms]
2025-01-12 08:26:56.041 [info] > git for-each-ref --format=%(refname)%00%(upstream:short)%00%(objectname)%00%(upstream:track)%00%(upstream:remotename)%00%(upstream:remoteref) refs/heads/master refs/remotes/master [3ms]
2025-01-12 08:26:56.066 [info] > git for-each-ref --sort -committerdate --format %(refname) %(objectname) %(*objectname) [6ms]
2025-01-12 08:26:56.137 [info] > git status -z -uall [86ms]
2025-01-12 08:27:01.737 [info] > git config --get commit.template [43ms]
2025-01-12 08:27:01.740 [info] > git for-each-ref --format=%(refname)%00%(upstream:short)%00%(objectname)%00%(upstream:track)%00%(upstream:remotename)%00%(upstream:remoteref) refs/heads/master refs/remotes/master [27ms]
2025-01-12 08:27:01.801 [info] > git for-each-ref --sort -committerdate --format %(refname) %(objectname) %(*objectname) [13ms]
2025-01-12 08:27:02.058 [info] > git status -z -uall [296ms]
2025-01-12 08:27:08.038 [info] > git config --get commit.template [24ms]
2025-01-12 08:27:08.070 [info] > git for-each-ref --format=%(refname)%00%(upstream:short)%00%(objectname)%00%(upstream:track)%00%(upstream:remotename)%00%(upstream:remoteref) refs/heads/master refs/remotes/master [10ms]
2025-01-12 08:27:08.143 [info] > git for-each-ref --sort -committerdate --format %(refname) %(objectname) %(*objectname) [31ms]
2025-01-12 08:27:08.847 [info] > git status -z -uall [746ms]
2025-01-12 08:27:34.705 [info] > git config --get commit.template [3671ms]
2025-01-12 08:27:38.524 [info] > git for-each-ref --format=%(refname)%00%(upstream:short)%00%(objectname)%00%(upstream:track)%00%(upstream:remotename)%00%(upstream:remoteref) refs/heads/master refs/remotes/master [135ms]
2025-01-12 08:27:38.549 [info] > git for-each-ref --sort -committerdate --format %(refname) %(objectname) %(*objectname) [7ms]
2025-01-12 08:27:38.642 [info] > git status -z -uall [109ms]
2025-01-12 08:27:43.825 [info] > git config --get commit.template [13ms]
2025-01-12 08:27:43.826 [info] > git for-each-ref --format=%(refname)%00%(upstream:short)%00%(objectname)%00%(upstream:track)%00%(upstream:remotename)%00%(upstream:remoteref) refs/heads/master refs/remotes/master [2ms]
2025-01-12 08:27:43.849 [info] > git for-each-ref --sort -committerdate --format %(refname) %(objectname) %(*objectname) [4ms]
2025-01-12 08:27:43.924 [info] > git status -z -uall [87ms]
2025-01-12 08:27:54.014 [info] > git config --get commit.template [3ms]
2025-01-12 08:27:54.027 [info] > git for-each-ref --format=%(refname)%00%(upstream:short)%00%(objectname)%00%(upstream:track)%00%(upstream:remotename)%00%(upstream:remoteref) refs/heads/master refs/remotes/master [3ms]
2025-01-12 08:27:54.068 [info] > git for-each-ref --sort -committerdate --format %(refname) %(objectname) %(*objectname) [21ms]
2025-01-12 08:27:54.165 [info] > git status -z -uall [129ms]
2025-01-12 08:27:59.358 [info] > git config --get commit.template [14ms]
2025-01-12 08:27:59.360 [info] > git for-each-ref --format=%(refname)%00%(upstream:short)%00%(objectname)%00%(upstream:track)%00%(upstream:remotename)%00%(upstream:remoteref) refs/heads/master refs/remotes/master [4ms]
2025-01-12 08:27:59.390 [info] > git for-each-ref --sort -committerdate --format %(refname) %(objectname) %(*objectname) [11ms]
2025-01-12 08:27:59.468 [info] > git status -z -uall [99ms]
2025-01-12 08:28:04.639 [info] > git config --get commit.template [13ms]
2025-01-12 08:28:04.641 [info] > git for-each-ref --format=%(refname)%00%(upstream:short)%00%(objectname)%00%(upstream:track)%00%(upstream:remotename)%00%(upstream:remoteref) refs/heads/master refs/remotes/master [3ms]
2025-01-12 08:28:04.682 [info] > git for-each-ref --sort -committerdate --format %(refname) %(objectname) %(*objectname) [21ms]
2025-01-12 08:28:04.750 [info] > git status -z -uall [100ms]
2025-01-12 08:28:10.598 [info] > git config --get commit.template [11ms]
2025-01-12 08:28:10.600 [info] > git for-each-ref --format=%(refname)%00%(upstream:short)%00%(objectname)%00%(upstream:track)%00%(upstream:remotename)%00%(upstream:remoteref) refs/heads/master refs/remotes/master [4ms]
2025-01-12 08:28:10.622 [info] > git for-each-ref --sort -committerdate --format %(refname) %(objectname) %(*objectname) [4ms]
2025-01-12 08:28:10.704 [info] > git status -z -uall [95ms]
2025-01-12 08:28:15.862 [info] > git config --get commit.template [12ms]
2025-01-12 08:28:15.863 [info] > git for-each-ref --format=%(refname)%00%(upstream:short)%00%(objectname)%00%(upstream:track)%00%(upstream:remotename)%00%(upstream:remoteref) refs/heads/master refs/remotes/master [2ms]
2025-01-12 08:28:15.886 [info] > git for-each-ref --sort -committerdate --format %(refname) %(objectname) %(*objectname) [4ms]
2025-01-12 08:28:15.961 [info] > git status -z -uall [89ms]
2025-01-12 08:28:21.121 [info] > git config --get commit.template [10ms]
2025-01-12 08:28:21.122 [info] > git for-each-ref --format=%(refname)%00%(upstream:short)%00%(objectname)%00%(upstream:track)%00%(upstream:remotename)%00%(upstream:remoteref) refs/heads/master refs/remotes/master [3ms]
2025-01-12 08:28:21.147 [info] > git for-each-ref --sort -committerdate --format %(refname) %(objectname) %(*objectname) [7ms]
2025-01-12 08:28:21.223 [info] > git status -z -uall [92ms]
2025-01-12 08:28:26.376 [info] > git config --get commit.template [13ms]
2025-01-12 08:28:26.379 [info] > git for-each-ref --format=%(refname)%00%(upstream:short)%00%(objectname)%00%(upstream:track)%00%(upstream:remotename)%00%(upstream:remoteref) refs/heads/master refs/remotes/master [5ms]
2025-01-12 08:28:26.401 [info] > git for-each-ref --sort -committerdate --format %(refname) %(objectname) %(*objectname) [4ms]
2025-01-12 08:28:26.467 [info] > git status -z -uall [80ms]
2025-01-12 08:28:31.632 [info] > git config --get commit.template [16ms]
2025-01-12 08:28:31.635 [info] > git for-each-ref --format=%(refname)%00%(upstream:short)%00%(objectname)%00%(upstream:track)%00%(upstream:remotename)%00%(upstream:remoteref) refs/heads/master refs/remotes/master [6ms]
2025-01-12 08:28:31.674 [info] > git for-each-ref --sort -committerdate --format %(refname) %(objectname) %(*objectname) [1ms]
2025-01-12 08:28:31.830 [info] > git status -z -uall [181ms]
2025-01-12 08:28:37.044 [info] > git config --get commit.template [11ms]
2025-01-12 08:28:37.046 [info] > git for-each-ref --format=%(refname)%00%(upstream:short)%00%(objectname)%00%(upstream:track)%00%(upstream:remotename)%00%(upstream:remoteref) refs/heads/master refs/remotes/master [5ms]
2025-01-12 08:28:37.069 [info] > git for-each-ref --sort -committerdate --format %(refname) %(objectname) %(*objectname) [4ms]
2025-01-12 08:28:37.150 [info] > git status -z -uall [94ms]
2025-01-12 08:28:42.351 [info] > git config --get commit.template [15ms]
2025-01-12 08:28:42.353 [info] > git for-each-ref --format=%(refname)%00%(upstream:short)%00%(objectname)%00%(upstream:track)%00%(upstream:remotename)%00%(upstream:remoteref) refs/heads/master refs/remotes/master [3ms]
2025-01-12 08:28:42.377 [info] > git for-each-ref --sort -committerdate --format %(refname) %(objectname) %(*objectname) [4ms]
2025-01-12 08:28:42.456 [info] > git status -z -uall [92ms]
2025-01-12 08:28:47.617 [info] > git config --get commit.template [11ms]
2025-01-12 08:28:47.618 [info] > git for-each-ref --format=%(refname)%00%(upstream:short)%00%(objectname)%00%(upstream:track)%00%(upstream:remotename)%00%(upstream:remoteref) refs/heads/master refs/remotes/master [2ms]
2025-01-12 08:28:47.653 [info] > git for-each-ref --sort -committerdate --format %(refname) %(objectname) %(*objectname) [14ms]
2025-01-12 08:28:47.717 [info] > git status -z -uall [89ms]
2025-01-12 08:28:52.866 [info] > git config --get commit.template [11ms]
2025-01-12 08:28:52.868 [info] > git for-each-ref --format=%(refname)%00%(upstream:short)%00%(objectname)%00%(upstream:track)%00%(upstream:remotename)%00%(upstream:remoteref) refs/heads/master refs/remotes/master [3ms]
2025-01-12 08:28:52.890 [info] > git for-each-ref --sort -committerdate --format %(refname) %(objectname) %(*objectname) [4ms]
2025-01-12 08:28:52.962 [info] > git status -z -uall [86ms]
2025-01-12 08:28:58.111 [info] > git config --get commit.template [14ms]
2025-01-12 08:28:58.112 [info] > git for-each-ref --format=%(refname)%00%(upstream:short)%00%(objectname)%00%(upstream:track)%00%(upstream:remotename)%00%(upstream:remoteref) refs/heads/master refs/remotes/master [2ms]
2025-01-12 08:28:58.137 [info] > git for-each-ref --sort -committerdate --format %(refname) %(objectname) %(*objectname) [5ms]
2025-01-12 08:28:58.209 [info] > git status -z -uall [87ms]
2025-01-12 08:29:03.372 [info] > git config --get commit.template [18ms]
2025-01-12 08:29:03.374 [info] > git for-each-ref --format=%(refname)%00%(upstream:short)%00%(objectname)%00%(upstream:track)%00%(upstream:remotename)%00%(upstream:remoteref) refs/heads/master refs/remotes/master [4ms]
2025-01-12 08:29:03.427 [info] > git for-each-ref --sort -committerdate --format %(refname) %(objectname) %(*objectname) [4ms]
2025-01-12 08:29:03.501 [info] > git status -z -uall [88ms]
2025-01-12 08:29:08.652 [info] > git config --get commit.template [12ms]
2025-01-12 08:29:08.653 [info] > git for-each-ref --format=%(refname)%00%(upstream:short)%00%(objectname)%00%(upstream:track)%00%(upstream:remotename)%00%(upstream:remoteref) refs/heads/master refs/remotes/master [2ms]
2025-01-12 08:29:08.683 [info] > git for-each-ref --sort -committerdate --format %(refname) %(objectname) %(*objectname) [4ms]
2025-01-12 08:29:08.757 [info] > git status -z -uall [95ms]
2025-01-12 08:29:13.913 [info] > git config --get commit.template [12ms]
2025-01-12 08:29:13.915 [info] > git for-each-ref --format=%(refname)%00%(upstream:short)%00%(objectname)%00%(upstream:track)%00%(upstream:remotename)%00%(upstream:remoteref) refs/heads/master refs/remotes/master [4ms]
2025-01-12 08:29:13.939 [info] > git for-each-ref --sort -committerdate --format %(refname) %(objectname) %(*objectname) [4ms]
2025-01-12 08:29:14.007 [info] > git status -z -uall [84ms]
2025-01-12 08:29:23.968 [info] > git config --get commit.template [19ms]
2025-01-12 08:29:23.987 [info] > git for-each-ref --format=%(refname)%00%(upstream:short)%00%(objectname)%00%(upstream:track)%00%(upstream:remotename)%00%(upstream:remoteref) refs/heads/master refs/remotes/master [6ms]
2025-01-12 08:29:24.021 [info] > git for-each-ref --sort -committerdate --format %(refname) %(objectname) %(*objectname) [13ms]
2025-01-12 08:29:24.103 [info] > git status -z -uall [106ms]
2025-01-12 08:29:29.275 [info] > git config --get commit.template [12ms]
2025-01-12 08:29:29.281 [info] > git for-each-ref --format=%(refname)%00%(upstream:short)%00%(objectname)%00%(upstream:track)%00%(upstream:remotename)%00%(upstream:remoteref) refs/heads/master refs/remotes/master [7ms]
2025-01-12 08:29:29.306 [info] > git for-each-ref --sort -committerdate --format %(refname) %(objectname) %(*objectname) [3ms]
2025-01-12 08:29:29.390 [info] > git status -z -uall [101ms]
2025-01-12 08:29:34.548 [info] > git config --get commit.template [14ms]
2025-01-12 08:29:34.549 [info] > git for-each-ref --format=%(refname)%00%(upstream:short)%00%(objectname)%00%(upstream:track)%00%(upstream:remotename)%00%(upstream:remoteref) refs/heads/master refs/remotes/master [3ms]
2025-01-12 08:29:34.573 [info] > git for-each-ref --sort -committerdate --format %(refname) %(objectname) %(*objectname) [3ms]
2025-01-12 08:29:34.654 [info] > git status -z -uall [97ms]
2025-01-12 08:29:39.829 [info] > git config --get commit.template [11ms]
2025-01-12 08:29:39.832 [info] > git for-each-ref --format=%(refname)%00%(upstream:short)%00%(objectname)%00%(upstream:track)%00%(upstream:remotename)%00%(upstream:remoteref) refs/heads/master refs/remotes/master [4ms]
2025-01-12 08:29:39.857 [info] > git for-each-ref --sort -committerdate --format %(refname) %(objectname) %(*objectname) [5ms]
2025-01-12 08:29:39.928 [info] > git status -z -uall [87ms]
2025-01-12 08:29:45.089 [info] > git config --get commit.template [6ms]
2025-01-12 08:29:45.104 [info] > git for-each-ref --format=%(refname)%00%(upstream:short)%00%(objectname)%00%(upstream:track)%00%(upstream:remotename)%00%(upstream:remoteref) refs/heads/master refs/remotes/master [4ms]
2025-01-12 08:29:45.130 [info] > git for-each-ref --sort -committerdate --format %(refname) %(objectname) %(*objectname) [4ms]
2025-01-12 08:29:45.221 [info] > git status -z -uall [108ms]
2025-01-12 08:29:50.392 [info] > git config --get commit.template [17ms]
2025-01-12 08:29:50.393 [info] > git for-each-ref --format=%(refname)%00%(upstream:short)%00%(objectname)%00%(upstream:track)%00%(upstream:remotename)%00%(upstream:remoteref) refs/heads/master refs/remotes/master [3ms]
2025-01-12 08:29:50.416 [info] > git for-each-ref --sort -committerdate --format %(refname) %(objectname) %(*objectname) [4ms]
2025-01-12 08:29:50.484 [info] > git status -z -uall [83ms]
2025-01-12 08:29:55.648 [info] > git config --get commit.template [19ms]
2025-01-12 08:29:55.651 [info] > git for-each-ref --format=%(refname)%00%(upstream:short)%00%(objectname)%00%(upstream:track)%00%(upstream:remotename)%00%(upstream:remoteref) refs/heads/master refs/remotes/master [4ms]
2025-01-12 08:29:55.681 [info] > git for-each-ref --sort -committerdate --format %(refname) %(objectname) %(*objectname) [6ms]
2025-01-12 08:29:55.758 [info] > git status -z -uall [96ms]
2025-01-12 08:30:00.959 [info] > git config --get commit.template [17ms]
2025-01-12 08:30:00.962 [info] > git for-each-ref --format=%(refname)%00%(upstream:short)%00%(objectname)%00%(upstream:track)%00%(upstream:remotename)%00%(upstream:remoteref) refs/heads/master refs/remotes/master [5ms]
2025-01-12 08:30:00.990 [info] > git for-each-ref --sort -committerdate --format %(refname) %(objectname) %(*objectname) [4ms]
2025-01-12 08:30:01.114 [info] > git status -z -uall [140ms]
2025-01-12 08:30:06.444 [info] > git config --get commit.template [22ms]
2025-01-12 08:30:06.445 [info] > git for-each-ref --format=%(refname)%00%(upstream:short)%00%(objectname)%00%(upstream:track)%00%(upstream:remotename)%00%(upstream:remoteref) refs/heads/master refs/remotes/master [3ms]
2025-01-12 08:30:06.473 [info] > git for-each-ref --sort -committerdate --format %(refname) %(objectname) %(*objectname) [7ms]
2025-01-12 08:30:06.556 [info] > git status -z -uall [101ms]
2025-01-12 08:30:13.274 [info] > git config --get commit.template [17ms]
2025-01-12 08:30:13.275 [info] > git for-each-ref --format=%(refname)%00%(upstream:short)%00%(objectname)%00%(upstream:track)%00%(upstream:remotename)%00%(upstream:remoteref) refs/heads/master refs/remotes/master [3ms]
2025-01-12 08:30:13.364 [info] > git for-each-ref --sort -committerdate --format %(refname) %(objectname) %(*objectname) [24ms]
2025-01-12 08:30:13.453 [info] > git status -z -uall [123ms]
2025-01-12 08:30:18.663 [info] > git config --get commit.template [14ms]
2025-01-12 08:30:18.664 [info] > git for-each-ref --format=%(refname)%00%(upstream:short)%00%(objectname)%00%(upstream:track)%00%(upstream:remotename)%00%(upstream:remoteref) refs/heads/master refs/remotes/master [2ms]
2025-01-12 08:30:18.687 [info] > git for-each-ref --sort -committerdate --format %(refname) %(objectname) %(*objectname) [4ms]
2025-01-12 08:30:18.807 [info] > git status -z -uall [134ms]
2025-01-12 08:30:23.954 [info] > git config --get commit.template [5ms]
2025-01-12 08:30:23.967 [info] > git for-each-ref --format=%(refname)%00%(upstream:short)%00%(objectname)%00%(upstream:track)%00%(upstream:remotename)%00%(upstream:remoteref) refs/heads/master refs/remotes/master [4ms]
2025-01-12 08:30:24.009 [info] > git for-each-ref --sort -committerdate --format %(refname) %(objectname) %(*objectname) [13ms]
2025-01-12 08:30:24.081 [info] > git status -z -uall [103ms]
2025-01-12 08:30:29.246 [info] > git config --get commit.template [12ms]
2025-01-12 08:30:29.248 [info] > git for-each-ref --format=%(refname)%00%(upstream:short)%00%(objectname)%00%(upstream:track)%00%(upstream:remotename)%00%(upstream:remoteref) refs/heads/master refs/remotes/master [3ms]
2025-01-12 08:30:29.272 [info] > git for-each-ref --sort -committerdate --format %(refname) %(objectname) %(*objectname) [4ms]
2025-01-12 08:30:29.349 [info] > git status -z -uall [92ms]
2025-01-12 08:31:49.779 [info] > git config --get commit.template [22ms]
2025-01-12 08:31:49.791 [info] > git for-each-ref --format=%(refname)%00%(upstream:short)%00%(objectname)%00%(upstream:track)%00%(upstream:remotename)%00%(upstream:remoteref) refs/heads/master refs/remotes/master [14ms]
2025-01-12 08:31:49.856 [info] > git for-each-ref --sort -committerdate --format %(refname) %(objectname) %(*objectname) [16ms]
2025-01-12 08:31:50.126 [info] > git status -z -uall [320ms]
2025-01-12 08:31:55.428 [info] > git config --get commit.template [16ms]
2025-01-12 08:31:55.429 [info] > git for-each-ref --format=%(refname)%00%(upstream:short)%00%(objectname)%00%(upstream:track)%00%(upstream:remotename)%00%(upstream:remoteref) refs/heads/master refs/remotes/master [3ms]
2025-01-12 08:31:55.454 [info] > git for-each-ref --sort -committerdate --format %(refname) %(objectname) %(*objectname) [5ms]
2025-01-12 08:31:55.550 [info] > git status -z -uall [112ms]
2025-01-12 08:32:00.784 [info] > git config --get commit.template [12ms]
2025-01-12 08:32:00.786 [info] > git for-each-ref --format=%(refname)%00%(upstream:short)%00%(objectname)%00%(upstream:track)%00%(upstream:remotename)%00%(upstream:remoteref) refs/heads/master refs/remotes/master [3ms]
2025-01-12 08:32:00.807 [info] > git for-each-ref --sort -committerdate --format %(refname) %(objectname) %(*objectname) [4ms]
2025-01-12 08:32:00.888 [info] > git status -z -uall [94ms]
2025-01-12 08:32:07.037 [info] > git config --get commit.template [10ms]
2025-01-12 08:32:07.072 [info] > git for-each-ref --format=%(refname)%00%(upstream:short)%00%(objectname)%00%(upstream:track)%00%(upstream:remotename)%00%(upstream:remoteref) refs/heads/master refs/remotes/master [10ms]
2025-01-12 08:32:07.120 [info] > git for-each-ref --sort -committerdate --format %(refname) %(objectname) %(*objectname) [24ms]
2025-01-12 08:32:07.218 [info] > git status -z -uall [133ms]
2025-01-12 08:32:12.491 [info] > git config --get commit.template [13ms]
2025-01-12 08:32:12.496 [info] > git for-each-ref --format=%(refname)%00%(upstream:short)%00%(objectname)%00%(upstream:track)%00%(upstream:remotename)%00%(upstream:remoteref) refs/heads/master refs/remotes/master [6ms]
2025-01-12 08:32:12.521 [info] > git for-each-ref --sort -committerdate --format %(refname) %(objectname) %(*objectname) [5ms]
2025-01-12 08:32:12.618 [info] > git status -z -uall [113ms]
2025-01-12 08:32:26.841 [info] > git config --get commit.template [2195ms]
2025-01-12 08:32:26.883 [info] > git for-each-ref --format=%(refname)%00%(upstream:short)%00%(objectname)%00%(upstream:track)%00%(upstream:remotename)%00%(upstream:remoteref) refs/heads/master refs/remotes/master [10ms]
2025-01-12 08:32:26.923 [info] > git for-each-ref --sort -committerdate --format %(refname) %(objectname) %(*objectname) [19ms]
2025-01-12 08:32:27.036 [info] > git status -z -uall [143ms]
2025-01-12 08:33:41.943 [info] > git config --get commit.template [22ms]
2025-01-12 08:33:41.954 [info] > git for-each-ref --format=%(refname)%00%(upstream:short)%00%(objectname)%00%(upstream:track)%00%(upstream:remotename)%00%(upstream:remoteref) refs/heads/master refs/remotes/master [14ms]
2025-01-12 08:33:41.996 [info] > git for-each-ref --sort -committerdate --format %(refname) %(objectname) %(*objectname) [10ms]
2025-01-12 08:33:42.214 [info] > git status -z -uall [246ms]
2025-01-12 08:33:53.021 [info] > git config --get commit.template [18ms]
2025-01-12 08:33:53.024 [info] > git for-each-ref --format=%(refname)%00%(upstream:short)%00%(objectname)%00%(upstream:track)%00%(upstream:remotename)%00%(upstream:remoteref) refs/heads/master refs/remotes/master [5ms]
2025-01-12 08:33:53.063 [info] > git for-each-ref --sort -committerdate --format %(refname) %(objectname) %(*objectname) [5ms]
2025-01-12 08:33:53.358 [info] > git status -z -uall [323ms]
2025-01-12 08:33:58.631 [info] > git config --get commit.template [12ms]
2025-01-12 08:33:58.634 [info] > git for-each-ref --format=%(refname)%00%(upstream:short)%00%(objectname)%00%(upstream:track)%00%(upstream:remotename)%00%(upstream:remoteref) refs/heads/master refs/remotes/master [5ms]
2025-01-12 08:33:58.658 [info] > git for-each-ref --sort -committerdate --format %(refname) %(objectname) %(*objectname) [4ms]
2025-01-12 08:33:58.761 [info] > git status -z -uall [118ms]
2025-01-12 08:34:03.919 [info] > git config --get commit.template [8ms]
2025-01-12 08:34:03.921 [info] > git for-each-ref --format=%(refname)%00%(upstream:short)%00%(objectname)%00%(upstream:track)%00%(upstream:remotename)%00%(upstream:remoteref) refs/heads/master refs/remotes/master [3ms]
2025-01-12 08:34:03.942 [info] > git for-each-ref --sort -committerdate --format %(refname) %(objectname) %(*objectname) [6ms]
2025-01-12 08:34:04.007 [info] > git status -z -uall [78ms]
2025-01-12 08:34:42.193 [info] > git config --get commit.template [16ms]
2025-01-12 08:34:42.233 [info] > git for-each-ref --format=%(refname)%00%(upstream:short)%00%(objectname)%00%(upstream:track)%00%(upstream:remotename)%00%(upstream:remoteref) refs/heads/master refs/remotes/master [49ms]
2025-01-12 08:34:42.258 [info] > git for-each-ref --sort -committerdate --format %(refname) %(objectname) %(*objectname) [4ms]
2025-01-12 08:34:42.464 [info] > git status -z -uall [221ms]
2025-01-12 08:34:47.693 [info] > git config --get commit.template [11ms]
2025-01-12 08:34:47.694 [info] > git for-each-ref --format=%(refname)%00%(upstream:short)%00%(objectname)%00%(upstream:track)%00%(upstream:remotename)%00%(upstream:remoteref) refs/heads/master refs/remotes/master [2ms]
2025-01-12 08:34:47.712 [info] > git for-each-ref --sort -committerdate --format %(refname) %(objectname) %(*objectname) [4ms]
2025-01-12 08:34:47.776 [info] > git status -z -uall [76ms]
2025-01-12 08:34:52.944 [info] > git config --get commit.template [11ms]
2025-01-12 08:34:52.945 [info] > git for-each-ref --format=%(refname)%00%(upstream:short)%00%(objectname)%00%(upstream:track)%00%(upstream:remotename)%00%(upstream:remoteref) refs/heads/master refs/remotes/master [2ms]
2025-01-12 08:34:52.966 [info] > git for-each-ref --sort -committerdate --format %(refname) %(objectname) %(*objectname) [5ms]
2025-01-12 08:34:53.027 [info] > git status -z -uall [74ms]
2025-01-12 08:34:58.183 [info] > git config --get commit.template [23ms]
2025-01-12 08:34:58.185 [info] > git for-each-ref --format=%(refname)%00%(upstream:short)%00%(objectname)%00%(upstream:track)%00%(upstream:remotename)%00%(upstream:remoteref) refs/heads/master refs/remotes/master [9ms]
2025-01-12 08:34:58.207 [info] > git for-each-ref --sort -committerdate --format %(refname) %(objectname) %(*objectname) [4ms]
2025-01-12 08:34:58.288 [info] > git status -z -uall [95ms]
2025-01-12 08:35:03.462 [info] > git config --get commit.template [21ms]
2025-01-12 08:35:03.463 [info] > git for-each-ref --format=%(refname)%00%(upstream:short)%00%(objectname)%00%(upstream:track)%00%(upstream:remotename)%00%(upstream:remoteref) refs/heads/master refs/remotes/master [4ms]
2025-01-12 08:35:03.484 [info] > git for-each-ref --sort -committerdate --format %(refname) %(objectname) %(*objectname) [5ms]
2025-01-12 08:35:03.544 [info] > git status -z -uall [73ms]
2025-01-12 08:35:08.687 [info] > git config --get commit.template [11ms]
2025-01-12 08:35:08.689 [info] > git for-each-ref --format=%(refname)%00%(upstream:short)%00%(objectname)%00%(upstream:track)%00%(upstream:remotename)%00%(upstream:remoteref) refs/heads/master refs/remotes/master [4ms]
2025-01-12 08:35:08.708 [info] > git for-each-ref --sort -committerdate --format %(refname) %(objectname) %(*objectname) [4ms]
2025-01-12 08:35:08.767 [info] > git status -z -uall [71ms]
2025-01-12 08:35:13.910 [info] > git config --get commit.template [10ms]
2025-01-12 08:35:13.912 [info] > git for-each-ref --format=%(refname)%00%(upstream:short)%00%(objectname)%00%(upstream:track)%00%(upstream:remotename)%00%(upstream:remoteref) refs/heads/master refs/remotes/master [3ms]
2025-01-12 08:35:13.933 [info] > git for-each-ref --sort -committerdate --format %(refname) %(objectname) %(*objectname) [4ms]
2025-01-12 08:35:14.036 [info] > git status -z -uall [116ms]
2025-01-12 08:35:19.180 [info] > git config --get commit.template [8ms]
2025-01-12 08:35:19.181 [info] > git for-each-ref --format=%(refname)%00%(upstream:short)%00%(objectname)%00%(upstream:track)%00%(upstream:remotename)%00%(upstream:remoteref) refs/heads/master refs/remotes/master [3ms]
2025-01-12 08:35:19.201 [info] > git for-each-ref --sort -committerdate --format %(refname) %(objectname) %(*objectname) [6ms]
2025-01-12 08:35:19.269 [info] > git status -z -uall [80ms]
2025-01-12 08:35:24.416 [info] > git config --get commit.template [8ms]
2025-01-12 08:35:24.417 [info] > git for-each-ref --format=%(refname)%00%(upstream:short)%00%(objectname)%00%(upstream:track)%00%(upstream:remotename)%00%(upstream:remoteref) refs/heads/master refs/remotes/master [3ms]
2025-01-12 08:35:24.439 [info] > git for-each-ref --sort -committerdate --format %(refname) %(objectname) %(*objectname) [8ms]
2025-01-12 08:35:24.496 [info] > git status -z -uall [72ms]
2025-01-12 08:35:29.633 [info] > git config --get commit.template [11ms]
2025-01-12 08:35:29.637 [info] > git for-each-ref --format=%(refname)%00%(upstream:short)%00%(objectname)%00%(upstream:track)%00%(upstream:remotename)%00%(upstream:remoteref) refs/heads/master refs/remotes/master [6ms]
2025-01-12 08:35:29.658 [info] > git for-each-ref --sort -committerdate --format %(refname) %(objectname) %(*objectname) [4ms]
2025-01-12 08:35:29.721 [info] > git status -z -uall [77ms]
2025-01-12 08:35:34.860 [info] > git config --get commit.template [11ms]
2025-01-12 08:35:34.861 [info] > git for-each-ref --format=%(refname)%00%(upstream:short)%00%(objectname)%00%(upstream:track)%00%(upstream:remotename)%00%(upstream:remoteref) refs/heads/master refs/remotes/master [2ms]
2025-01-12 08:35:34.886 [info] > git for-each-ref --sort -committerdate --format %(refname) %(objectname) %(*objectname) [6ms]
2025-01-12 08:35:34.948 [info] > git status -z -uall [78ms]
2025-01-12 08:35:40.087 [info] > git config --get commit.template [10ms]
2025-01-12 08:35:40.090 [info] > git for-each-ref --format=%(refname)%00%(upstream:short)%00%(objectname)%00%(upstream:track)%00%(upstream:remotename)%00%(upstream:remoteref) refs/heads/master refs/remotes/master [6ms]
2025-01-12 08:35:40.110 [info] > git for-each-ref --sort -committerdate --format %(refname) %(objectname) %(*objectname) [3ms]
2025-01-12 08:35:40.182 [info] > git status -z -uall [85ms]
2025-01-12 08:37:25.672 [info] > git config --get commit.template [10ms]
2025-01-12 08:37:25.673 [info] > git for-each-ref --format=%(refname)%00%(upstream:short)%00%(objectname)%00%(upstream:track)%00%(upstream:remotename)%00%(upstream:remoteref) refs/heads/master refs/remotes/master [3ms]
2025-01-12 08:37:25.704 [info] > git for-each-ref --sort -committerdate --format %(refname) %(objectname) %(*objectname) [14ms]
2025-01-12 08:37:25.928 [info] > git status -z -uall [247ms]
2025-01-12 08:37:31.202 [info] > git config --get commit.template [18ms]
2025-01-12 08:37:31.204 [info] > git for-each-ref --format=%(refname)%00%(upstream:short)%00%(objectname)%00%(upstream:track)%00%(upstream:remotename)%00%(upstream:remoteref) refs/heads/master refs/remotes/master [3ms]
2025-01-12 08:37:31.230 [info] > git for-each-ref --sort -committerdate --format %(refname) %(objectname) %(*objectname) [2ms]
2025-01-12 08:37:31.316 [info] > git status -z -uall [104ms]
2025-01-12 08:37:37.114 [info] > git config --get commit.template [28ms]
2025-01-12 08:37:37.117 [info] > git for-each-ref --format=%(refname)%00%(upstream:short)%00%(objectname)%00%(upstream:track)%00%(upstream:remotename)%00%(upstream:remoteref) refs/heads/master refs/remotes/master [9ms]
2025-01-12 08:37:37.139 [info] > git for-each-ref --sort -committerdate --format %(refname) %(objectname) %(*objectname) [4ms]
2025-01-12 08:37:37.214 [info] > git status -z -uall [89ms]
2025-01-12 08:37:42.428 [info] > git config --get commit.template [20ms]
2025-01-12 08:37:42.430 [info] > git for-each-ref --format=%(refname)%00%(upstream:short)%00%(objectname)%00%(upstream:track)%00%(upstream:remotename)%00%(upstream:remoteref) refs/heads/master refs/remotes/master [6ms]
2025-01-12 08:37:42.452 [info] > git for-each-ref --sort -committerdate --format %(refname) %(objectname) %(*objectname) [4ms]
2025-01-12 08:37:42.523 [info] > git status -z -uall [87ms]
2025-01-12 08:37:47.665 [info] > git config --get commit.template [13ms]
2025-01-12 08:37:47.666 [info] > git for-each-ref --format=%(refname)%00%(upstream:short)%00%(objectname)%00%(upstream:track)%00%(upstream:remotename)%00%(upstream:remoteref) refs/heads/master refs/remotes/master [3ms]
2025-01-12 08:37:47.685 [info] > git for-each-ref --sort -committerdate --format %(refname) %(objectname) %(*objectname) [4ms]
2025-01-12 08:37:47.749 [info] > git status -z -uall [75ms]
2025-01-12 08:37:52.883 [info] > git config --get commit.template [11ms]
2025-01-12 08:37:52.885 [info] > git for-each-ref --format=%(refname)%00%(upstream:short)%00%(objectname)%00%(upstream:track)%00%(upstream:remotename)%00%(upstream:remoteref) refs/heads/master refs/remotes/master [4ms]
2025-01-12 08:37:52.905 [info] > git for-each-ref --sort -committerdate --format %(refname) %(objectname) %(*objectname) [4ms]
2025-01-12 08:37:52.986 [info] > git status -z -uall [94ms]
2025-01-12 08:37:57.409 [info] > git log --format=%H%n%aN%n%aE%n%at%n%ct%n%P%n%D%n%B -z --shortstat --diff-merges=first-parent -n50 --skip=0 --topo-order --decorate=full --stdin [104ms]
2025-01-12 08:37:58.165 [info] > git config --get commit.template [12ms]
2025-01-12 08:37:58.166 [info] > git for-each-ref --format=%(refname)%00%(upstream:short)%00%(objectname)%00%(upstream:track)%00%(upstream:remotename)%00%(upstream:remoteref) refs/heads/master refs/remotes/master [3ms]
2025-01-12 08:37:58.189 [info] > git for-each-ref --sort -committerdate --format %(refname) %(objectname) %(*objectname) [6ms]
2025-01-12 08:37:58.269 [info] > git status -z -uall [95ms]
2025-01-12 08:38:03.510 [info] > git config --get commit.template [14ms]
2025-01-12 08:38:03.512 [info] > git for-each-ref --format=%(refname)%00%(upstream:short)%00%(objectname)%00%(upstream:track)%00%(upstream:remotename)%00%(upstream:remoteref) refs/heads/master refs/remotes/master [3ms]
2025-01-12 08:38:03.532 [info] > git for-each-ref --sort -committerdate --format %(refname) %(objectname) %(*objectname) [4ms]
2025-01-12 08:38:03.612 [info] > git status -z -uall [92ms]
2025-01-12 08:38:05.338 [info] > git hash-object -t tree /dev/null [55ms]
2025-01-12 08:38:05.380 [info] > git diff-tree -r --name-status -z --diff-filter=ADMR 4b825dc642cb6eb9a060e54bf8d69288fbee4904 28ad4115dbf5ee2e19ba86305e9a6f26546131fb [30ms]
2025-01-12 08:38:05.520 [info] > git show --textconv 4b825dc642cb6eb9a060e54bf8d69288fbee4904:README.md [28ms]
2025-01-12 08:38:05.520 [info] > git show --textconv 28ad4115dbf5ee2e19ba86305e9a6f26546131fb:README.md [20ms]
2025-01-12 08:38:05.521 [info] > git ls-tree -l 4b825dc642cb6eb9a060e54bf8d69288fbee4904 -- /home/edinsonpb/README.md [10ms]
2025-01-12 08:38:05.525 [info] > git ls-tree -l 28ad4115dbf5ee2e19ba86305e9a6f26546131fb -- /home/edinsonpb/README.md [7ms]
2025-01-12 08:38:06.375 [info] > git check-ignore -v -z --stdin [198ms]
2025-01-12 08:38:08.785 [info] > git config --get commit.template [15ms]
2025-01-12 08:38:08.787 [info] > git for-each-ref --format=%(refname)%00%(upstream:short)%00%(objectname)%00%(upstream:track)%00%(upstream:remotename)%00%(upstream:remoteref) refs/heads/master refs/remotes/master [5ms]
2025-01-12 08:38:08.813 [info] > git for-each-ref --sort -committerdate --format %(refname) %(objectname) %(*objectname) [4ms]
2025-01-12 08:38:08.898 [info] > git status -z -uall [102ms]
2025-01-12 08:38:14.073 [info] > git config --get commit.template [14ms]
2025-01-12 08:38:14.075 [info] > git for-each-ref --format=%(refname)%00%(upstream:short)%00%(objectname)%00%(upstream:track)%00%(upstream:remotename)%00%(upstream:remoteref) refs/heads/master refs/remotes/master [4ms]
2025-01-12 08:38:14.127 [info] > git for-each-ref --sort -committerdate --format %(refname) %(objectname) %(*objectname) [14ms]
2025-01-12 08:38:14.221 [info] > git status -z -uall [123ms]
2025-01-12 08:38:16.251 [info] > git show --textconv :index.html [13ms]
2025-01-12 08:38:16.254 [info] > git ls-files --stage -- /home/edinsonpb/index.html [6ms]
2025-01-12 08:40:50.711 [info] > git ls-tree -l 28ad4115dbf5ee2e19ba86305e9a6f26546131fb -- /home/edinsonpb/README.md [87ms]
2025-01-12 08:40:50.713 [info] > git ls-tree -l 4b825dc642cb6eb9a060e54bf8d69288fbee4904 -- /home/edinsonpb/README.md [104ms]
2025-01-12 08:40:50.728 [info] > git config --get commit.template [66ms]
2025-01-12 08:40:50.764 [info] > git for-each-ref --format=%(refname)%00%(upstream:short)%00%(objectname)%00%(upstream:track)%00%(upstream:remotename)%00%(upstream:remoteref) refs/heads/master refs/remotes/master [14ms]
2025-01-12 08:40:50.807 [info] > git for-each-ref --sort -committerdate --format %(refname) %(objectname) %(*objectname) [13ms]
2025-01-12 08:40:50.965 [info] > git status -z -uall [186ms]
2025-01-12 08:40:56.168 [info] > git config --get commit.template [15ms]
2025-01-12 08:40:56.170 [info] > git for-each-ref --format=%(refname)%00%(upstream:short)%00%(objectname)%00%(upstream:track)%00%(upstream:remotename)%00%(upstream:remoteref) refs/heads/master refs/remotes/master [4ms]
2025-01-12 08:40:56.193 [info] > git for-each-ref --sort -committerdate --format %(refname) %(objectname) %(*objectname) [7ms]
2025-01-12 08:40:56.277 [info] > git status -z -uall [99ms]
2025-01-12 08:41:01.415 [info] > git config --get commit.template [8ms]
2025-01-12 08:41:01.416 [info] > git for-each-ref --format=%(refname)%00%(upstream:short)%00%(objectname)%00%(upstream:track)%00%(upstream:remotename)%00%(upstream:remoteref) refs/heads/master refs/remotes/master [3ms]
2025-01-12 08:41:01.447 [info] > git for-each-ref --sort -committerdate --format %(refname) %(objectname) %(*objectname) [2ms]
2025-01-12 08:41:01.517 [info] > git status -z -uall [91ms]
2025-01-12 08:41:06.662 [info] > git config --get commit.template [13ms]
2025-01-12 08:41:06.664 [info] > git for-each-ref --format=%(refname)%00%(upstream:short)%00%(objectname)%00%(upstream:track)%00%(upstream:remotename)%00%(upstream:remoteref) refs/heads/master refs/remotes/master [5ms]
2025-01-12 08:41:06.688 [info] > git for-each-ref --sort -committerdate --format %(refname) %(objectname) %(*objectname) [5ms]
2025-01-12 08:41:06.795 [info] > git status -z -uall [122ms]
2025-01-12 08:41:11.969 [info] > git config --get commit.template [12ms]
2025-01-12 08:41:11.971 [info] > git for-each-ref --format=%(refname)%00%(upstream:short)%00%(objectname)%00%(upstream:track)%00%(upstream:remotename)%00%(upstream:remoteref) refs/heads/master refs/remotes/master [3ms]
2025-01-12 08:41:11.993 [info] > git for-each-ref --sort -committerdate --format %(refname) %(objectname) %(*objectname) [4ms]
2025-01-12 08:41:12.064 [info] > git status -z -uall [86ms]
2025-01-12 08:41:17.186 [info] > git config --get commit.template [10ms]
2025-01-12 08:41:17.187 [info] > git for-each-ref --format=%(refname)%00%(upstream:short)%00%(objectname)%00%(upstream:track)%00%(upstream:remotename)%00%(upstream:remoteref) refs/heads/master refs/remotes/master [3ms]
2025-01-12 08:41:17.206 [info] > git for-each-ref --sort -committerdate --format %(refname) %(objectname) %(*objectname) [4ms]
2025-01-12 08:41:17.292 [info] > git status -z -uall [99ms]
