2025-01-15 17:14:37.252 [info] [main] Log level: Info
2025-01-15 17:14:37.252 [info] [main] Validating found git in: "git"
2025-01-15 17:14:38.009 [info] [main] Using git "2.43.0" from "git"
2025-01-15 17:14:38.010 [info] [Model][doInitialScan] Initial repository scan started
2025-01-15 17:14:46.442 [info] > git rev-parse --show-toplevel [1782ms]
2025-01-15 17:14:46.599 [info] > git rev-parse --git-dir --git-common-dir [18ms]
2025-01-15 17:14:46.631 [info] [Model][openRepository] Opened repository: /home/edinsonpb
2025-01-15 17:14:47.092 [info] > git config --get commit.template [37ms]
2025-01-15 17:14:47.108 [info] > git rev-parse --show-toplevel [27ms]
2025-01-15 17:14:48.130 [info] > git rev-parse --show-toplevel [181ms]
2025-01-15 17:14:48.267 [info] > git for-each-ref --format=%(refname)%00%(upstream:short)%00%(objectname)%00%(upstream:track)%00%(upstream:remotename)%00%(upstream:remoteref) refs/heads/master refs/remotes/master [1179ms]
2025-01-15 17:14:48.297 [info] > git rev-parse --show-toplevel [33ms]
2025-01-15 17:14:48.313 [info] > git rev-parse --show-toplevel [10ms]
2025-01-15 17:14:48.330 [info] > git rev-parse --show-toplevel [11ms]
2025-01-15 17:14:48.351 [info] > git rev-parse --show-toplevel [16ms]
2025-01-15 17:14:48.360 [info] > git rev-parse --show-toplevel [3ms]
2025-01-15 17:14:48.373 [info] > git rev-parse --show-toplevel [8ms]
2025-01-15 17:14:48.389 [info] [Model][doInitialScan] Initial repository scan completed - repositories (1), closed repositories (0), parent repositories (0), unsafe repositories (0)
2025-01-15 17:14:49.548 [info] > git for-each-ref --sort -committerdate --format %(refname) %(objectname) %(*objectname) [1264ms]
2025-01-15 17:14:49.653 [info] > git ls-files --stage -- /home/edinsonpb/index.html [1249ms]
2025-01-15 17:14:49.758 [info] > git check-ignore -v -z --stdin [1802ms]
2025-01-15 17:14:50.111 [info] > git cat-file -s 27c4b397f15f33a39ee7c51664b31920ffd4bf8e [443ms]
2025-01-15 17:14:50.218 [info] > git show --textconv :index.html [1821ms]
2025-01-15 17:15:13.445 [info] > git status -z -uall [25171ms]
2025-01-15 17:15:14.674 [info] > git for-each-ref --format=%(refname)%00%(upstream:short)%00%(objectname)%00%(upstream:track)%00%(upstream:remotename)%00%(upstream:remoteref) refs/heads/master refs/remotes/master [941ms]
2025-01-15 17:15:14.734 [info] > git config --local branch.master.vscode-merge-base [51ms]
2025-01-15 17:15:14.735 [warning] [Git][config] git config failed: Failed to execute git
2025-01-15 17:15:14.758 [info] > git config --get commit.template [94ms]
2025-01-15 17:15:14.789 [info] > git for-each-ref --format=%(refname)%00%(upstream:short)%00%(objectname)%00%(upstream:track)%00%(upstream:remotename)%00%(upstream:remoteref) refs/heads/master refs/remotes/master [9ms]
2025-01-15 17:15:14.850 [info] > git for-each-ref --sort -committerdate --format %(refname) %(objectname) %(*objectname) [11ms]
2025-01-15 17:15:14.913 [info] > git reflog master --grep-reflog=branch: Created from *. [156ms]
2025-01-15 17:15:14.959 [info] > git symbolic-ref --short refs/remotes/origin/HEAD [38ms]
2025-01-15 17:15:14.959 [info] fatal: ref refs/remotes/origin/HEAD is not a symbolic ref
2025-01-15 17:15:14.959 [warning] [Repository][getDefaultBranch] Failed to get default branch details: Failed to execute git.
2025-01-15 17:15:15.427 [info] > git status -z -uall [623ms]
2025-01-15 17:15:16.632 [info] > git blame --root --incremental 350ce3239d71f07dce7c1715f03ff989d971a4c6 -- /home/edinsonpb/index.html [26340ms]
2025-01-15 17:17:52.514 [info] > git config --get commit.template [10ms]
2025-01-15 17:17:52.536 [info] > git for-each-ref --format=%(refname)%00%(upstream:short)%00%(objectname)%00%(upstream:track)%00%(upstream:remotename)%00%(upstream:remoteref) refs/heads/master refs/remotes/master [4ms]
2025-01-15 17:17:52.571 [info] > git for-each-ref --sort -committerdate --format %(refname) %(objectname) %(*objectname) [3ms]
2025-01-15 17:17:52.724 [info] > git status -z -uall [173ms]
2025-01-15 17:17:58.059 [info] > git config --get commit.template [9ms]
2025-01-15 17:17:58.060 [info] > git for-each-ref --format=%(refname)%00%(upstream:short)%00%(objectname)%00%(upstream:track)%00%(upstream:remotename)%00%(upstream:remoteref) refs/heads/master refs/remotes/master [3ms]
2025-01-15 17:17:58.086 [info] > git for-each-ref --sort -committerdate --format %(refname) %(objectname) %(*objectname) [11ms]
2025-01-15 17:17:58.161 [info] > git status -z -uall [94ms]
2025-01-15 17:18:00.687 [info] > git check-ignore -v -z --stdin [32ms]
2025-01-15 17:18:01.259 [info] > git show --textconv :css/style.css [175ms]
2025-01-15 17:18:01.271 [info] > git ls-files --stage -- /home/edinsonpb/css/style.css [171ms]
2025-01-15 17:18:01.311 [info] > git cat-file -s 32a507ebded756fbd7897592741f8183e7254a8e [32ms]
2025-01-15 17:18:01.479 [info] > git blame --root --incremental 350ce3239d71f07dce7c1715f03ff989d971a4c6 -- /home/edinsonpb/css/style.css [126ms]
2025-01-15 17:18:06.705 [info] > git config --get commit.template [4ms]
2025-01-15 17:18:06.718 [info] > git for-each-ref --format=%(refname)%00%(upstream:short)%00%(objectname)%00%(upstream:track)%00%(upstream:remotename)%00%(upstream:remoteref) refs/heads/master refs/remotes/master [4ms]
2025-01-15 17:18:06.746 [info] > git for-each-ref --sort -committerdate --format %(refname) %(objectname) %(*objectname) [7ms]
2025-01-15 17:18:06.816 [info] > git status -z -uall [92ms]
2025-01-15 17:18:09.290 [info] > git show --textconv :index.html [11ms]
2025-01-15 17:18:09.300 [info] > git ls-files --stage -- /home/edinsonpb/index.html [12ms]
2025-01-15 17:18:09.312 [info] > git cat-file -s 27c4b397f15f33a39ee7c51664b31920ffd4bf8e [3ms]
2025-01-15 17:18:12.233 [info] > git config --get commit.template [12ms]
2025-01-15 17:18:12.234 [info] > git for-each-ref --format=%(refname)%00%(upstream:short)%00%(objectname)%00%(upstream:track)%00%(upstream:remotename)%00%(upstream:remoteref) refs/heads/master refs/remotes/master [3ms]
2025-01-15 17:18:12.263 [info] > git for-each-ref --sort -committerdate --format %(refname) %(objectname) %(*objectname) [11ms]
2025-01-15 17:18:12.380 [info] > git status -z -uall [137ms]
2025-01-15 17:18:14.714 [info] > git show --textconv :css/style.css [17ms]
2025-01-15 17:18:14.730 [info] > git ls-files --stage -- /home/edinsonpb/css/style.css [18ms]
2025-01-15 17:18:14.765 [info] > git cat-file -s 32a507ebded756fbd7897592741f8183e7254a8e [15ms]
2025-01-15 17:18:17.593 [info] > git config --get commit.template [14ms]
2025-01-15 17:18:17.594 [info] > git for-each-ref --format=%(refname)%00%(upstream:short)%00%(objectname)%00%(upstream:track)%00%(upstream:remotename)%00%(upstream:remoteref) refs/heads/master refs/remotes/master [5ms]
2025-01-15 17:18:17.625 [info] > git for-each-ref --sort -committerdate --format %(refname) %(objectname) %(*objectname) [14ms]
2025-01-15 17:18:17.716 [info] > git status -z -uall [113ms]
2025-01-15 17:18:22.894 [info] > git config --get commit.template [10ms]
2025-01-15 17:18:22.895 [info] > git for-each-ref --format=%(refname)%00%(upstream:short)%00%(objectname)%00%(upstream:track)%00%(upstream:remotename)%00%(upstream:remoteref) refs/heads/master refs/remotes/master [2ms]
2025-01-15 17:18:22.922 [info] > git for-each-ref --sort -committerdate --format %(refname) %(objectname) %(*objectname) [10ms]
2025-01-15 17:18:23.034 [info] > git status -z -uall [132ms]
2025-01-15 17:18:33.311 [info] > git config --get commit.template [21ms]
2025-01-15 17:18:33.313 [info] > git for-each-ref --format=%(refname)%00%(upstream:short)%00%(objectname)%00%(upstream:track)%00%(upstream:remotename)%00%(upstream:remoteref) refs/heads/master refs/remotes/master [4ms]
2025-01-15 17:18:33.378 [info] > git for-each-ref --sort -committerdate --format %(refname) %(objectname) %(*objectname) [27ms]
2025-01-15 17:18:33.524 [info] > git status -z -uall [198ms]
2025-01-15 17:18:38.793 [info] > git config --get commit.template [13ms]
2025-01-15 17:18:38.795 [info] > git for-each-ref --format=%(refname)%00%(upstream:short)%00%(objectname)%00%(upstream:track)%00%(upstream:remotename)%00%(upstream:remoteref) refs/heads/master refs/remotes/master [3ms]
2025-01-15 17:18:38.824 [info] > git for-each-ref --sort -committerdate --format %(refname) %(objectname) %(*objectname) [14ms]
2025-01-15 17:18:38.948 [info] > git status -z -uall [147ms]
2025-01-15 17:18:44.118 [info] > git config --get commit.template [11ms]
2025-01-15 17:18:44.119 [info] > git for-each-ref --format=%(refname)%00%(upstream:short)%00%(objectname)%00%(upstream:track)%00%(upstream:remotename)%00%(upstream:remoteref) refs/heads/master refs/remotes/master [3ms]
2025-01-15 17:18:44.142 [info] > git for-each-ref --sort -committerdate --format %(refname) %(objectname) %(*objectname) [5ms]
2025-01-15 17:18:44.288 [info] > git status -z -uall [161ms]
2025-01-15 17:18:49.617 [info] > git config --get commit.template [12ms]
2025-01-15 17:18:49.619 [info] > git for-each-ref --format=%(refname)%00%(upstream:short)%00%(objectname)%00%(upstream:track)%00%(upstream:remotename)%00%(upstream:remoteref) refs/heads/master refs/remotes/master [4ms]
2025-01-15 17:18:49.663 [info] > git for-each-ref --sort -committerdate --format %(refname) %(objectname) %(*objectname) [13ms]
2025-01-15 17:18:49.758 [info] > git status -z -uall [125ms]
2025-01-15 17:18:54.961 [info] > git config --get commit.template [19ms]
2025-01-15 17:18:54.962 [info] > git for-each-ref --format=%(refname)%00%(upstream:short)%00%(objectname)%00%(upstream:track)%00%(upstream:remotename)%00%(upstream:remoteref) refs/heads/master refs/remotes/master [3ms]
2025-01-15 17:18:55.015 [info] > git for-each-ref --sort -committerdate --format %(refname) %(objectname) %(*objectname) [24ms]
2025-01-15 17:18:55.097 [info] > git status -z -uall [121ms]
2025-01-15 17:19:01.651 [info] > git config --get commit.template [11ms]
2025-01-15 17:19:01.652 [info] > git for-each-ref --format=%(refname)%00%(upstream:short)%00%(objectname)%00%(upstream:track)%00%(upstream:remotename)%00%(upstream:remoteref) refs/heads/master refs/remotes/master [3ms]
2025-01-15 17:19:01.678 [info] > git for-each-ref --sort -committerdate --format %(refname) %(objectname) %(*objectname) [10ms]
2025-01-15 17:19:01.753 [info] > git status -z -uall [94ms]
2025-01-15 17:19:06.931 [info] > git config --get commit.template [13ms]
2025-01-15 17:19:06.933 [info] > git for-each-ref --format=%(refname)%00%(upstream:short)%00%(objectname)%00%(upstream:track)%00%(upstream:remotename)%00%(upstream:remoteref) refs/heads/master refs/remotes/master [5ms]
2025-01-15 17:19:06.988 [info] > git for-each-ref --sort -committerdate --format %(refname) %(objectname) %(*objectname) [36ms]
2025-01-15 17:19:07.067 [info] > git status -z -uall [126ms]
2025-01-15 17:19:12.238 [info] > git config --get commit.template [4ms]
2025-01-15 17:19:12.248 [info] > git for-each-ref --format=%(refname)%00%(upstream:short)%00%(objectname)%00%(upstream:track)%00%(upstream:remotename)%00%(upstream:remoteref) refs/heads/master refs/remotes/master [2ms]
2025-01-15 17:19:12.274 [info] > git for-each-ref --sort -committerdate --format %(refname) %(objectname) %(*objectname) [10ms]
2025-01-15 17:19:12.333 [info] > git status -z -uall [79ms]
2025-01-15 17:19:17.478 [info] > git config --get commit.template [11ms]
2025-01-15 17:19:17.480 [info] > git for-each-ref --format=%(refname)%00%(upstream:short)%00%(objectname)%00%(upstream:track)%00%(upstream:remotename)%00%(upstream:remoteref) refs/heads/master refs/remotes/master [3ms]
2025-01-15 17:19:17.511 [info] > git for-each-ref --sort -committerdate --format %(refname) %(objectname) %(*objectname) [15ms]
2025-01-15 17:19:17.590 [info] > git status -z -uall [104ms]
2025-01-15 17:19:23.496 [info] > git config --get commit.template [9ms]
2025-01-15 17:19:23.497 [info] > git for-each-ref --format=%(refname)%00%(upstream:short)%00%(objectname)%00%(upstream:track)%00%(upstream:remotename)%00%(upstream:remoteref) refs/heads/master refs/remotes/master [3ms]
2025-01-15 17:19:23.530 [info] > git for-each-ref --sort -committerdate --format %(refname) %(objectname) %(*objectname) [14ms]
2025-01-15 17:19:23.592 [info] > git status -z -uall [88ms]
2025-01-15 17:19:28.813 [info] > git config --get commit.template [11ms]
2025-01-15 17:19:28.814 [info] > git for-each-ref --format=%(refname)%00%(upstream:short)%00%(objectname)%00%(upstream:track)%00%(upstream:remotename)%00%(upstream:remoteref) refs/heads/master refs/remotes/master [3ms]
2025-01-15 17:19:28.844 [info] > git for-each-ref --sort -committerdate --format %(refname) %(objectname) %(*objectname) [11ms]
2025-01-15 17:19:28.921 [info] > git status -z -uall [98ms]
2025-01-15 17:19:34.074 [info] > git config --get commit.template [14ms]
2025-01-15 17:19:34.076 [info] > git for-each-ref --format=%(refname)%00%(upstream:short)%00%(objectname)%00%(upstream:track)%00%(upstream:remotename)%00%(upstream:remoteref) refs/heads/master refs/remotes/master [4ms]
2025-01-15 17:19:34.100 [info] > git for-each-ref --sort -committerdate --format %(refname) %(objectname) %(*objectname) [1ms]
2025-01-15 17:19:34.195 [info] > git status -z -uall [110ms]
2025-01-15 17:19:39.428 [info] > git config --get commit.template [11ms]
2025-01-15 17:19:39.429 [info] > git for-each-ref --format=%(refname)%00%(upstream:short)%00%(objectname)%00%(upstream:track)%00%(upstream:remotename)%00%(upstream:remoteref) refs/heads/master refs/remotes/master [3ms]
2025-01-15 17:19:39.461 [info] > git for-each-ref --sort -committerdate --format %(refname) %(objectname) %(*objectname) [12ms]
2025-01-15 17:19:39.562 [info] > git status -z -uall [125ms]
2025-01-15 17:19:44.854 [info] > git config --get commit.template [18ms]
2025-01-15 17:19:44.855 [info] > git for-each-ref --format=%(refname)%00%(upstream:short)%00%(objectname)%00%(upstream:track)%00%(upstream:remotename)%00%(upstream:remoteref) refs/heads/master refs/remotes/master [4ms]
2025-01-15 17:19:44.889 [info] > git for-each-ref --sort -committerdate --format %(refname) %(objectname) %(*objectname) [16ms]
2025-01-15 17:19:44.969 [info] > git status -z -uall [107ms]
2025-01-15 17:19:50.110 [info] > git config --get commit.template [12ms]
2025-01-15 17:19:50.111 [info] > git for-each-ref --format=%(refname)%00%(upstream:short)%00%(objectname)%00%(upstream:track)%00%(upstream:remotename)%00%(upstream:remoteref) refs/heads/master refs/remotes/master [3ms]
2025-01-15 17:19:50.134 [info] > git for-each-ref --sort -committerdate --format %(refname) %(objectname) %(*objectname) [4ms]
2025-01-15 17:19:50.245 [info] > git status -z -uall [124ms]
2025-01-15 17:19:55.489 [info] > git config --get commit.template [14ms]
2025-01-15 17:19:55.491 [info] > git for-each-ref --format=%(refname)%00%(upstream:short)%00%(objectname)%00%(upstream:track)%00%(upstream:remotename)%00%(upstream:remoteref) refs/heads/master refs/remotes/master [4ms]
2025-01-15 17:19:55.550 [info] > git for-each-ref --sort -committerdate --format %(refname) %(objectname) %(*objectname) [38ms]
2025-01-15 17:19:55.814 [info] > git status -z -uall [315ms]
2025-01-15 17:20:01.407 [info] > git config --get commit.template [15ms]
2025-01-15 17:20:01.408 [info] > git for-each-ref --format=%(refname)%00%(upstream:short)%00%(objectname)%00%(upstream:track)%00%(upstream:remotename)%00%(upstream:remoteref) refs/heads/master refs/remotes/master [3ms]
2025-01-15 17:20:01.447 [info] > git for-each-ref --sort -committerdate --format %(refname) %(objectname) %(*objectname) [4ms]
2025-01-15 17:20:01.563 [info] > git status -z -uall [145ms]
2025-01-15 17:20:06.745 [info] > git config --get commit.template [6ms]
2025-01-15 17:20:06.760 [info] > git for-each-ref --format=%(refname)%00%(upstream:short)%00%(objectname)%00%(upstream:track)%00%(upstream:remotename)%00%(upstream:remoteref) refs/heads/master refs/remotes/master [6ms]
2025-01-15 17:20:06.788 [info] > git for-each-ref --sort -committerdate --format %(refname) %(objectname) %(*objectname) [6ms]
2025-01-15 17:20:06.947 [info] > git status -z -uall [178ms]
2025-01-15 17:22:14.555 [info] > git config --get commit.template [14ms]
2025-01-15 17:22:14.563 [info] > git for-each-ref --format=%(refname)%00%(upstream:short)%00%(objectname)%00%(upstream:track)%00%(upstream:remotename)%00%(upstream:remoteref) refs/heads/master refs/remotes/master [14ms]
2025-01-15 17:22:14.603 [info] > git for-each-ref --sort -committerdate --format %(refname) %(objectname) %(*objectname) [5ms]
2025-01-15 17:22:14.880 [info] > git status -z -uall [299ms]
2025-01-15 17:22:17.724 [info] > git show --textconv :index.html [23ms]
2025-01-15 17:22:17.758 [info] > git ls-files --stage -- /home/edinsonpb/index.html [44ms]
2025-01-15 17:22:17.779 [info] > git cat-file -s 27c4b397f15f33a39ee7c51664b31920ffd4bf8e [9ms]
2025-01-15 17:22:20.295 [info] > git config --get commit.template [16ms]
2025-01-15 17:22:20.301 [info] > git for-each-ref --format=%(refname)%00%(upstream:short)%00%(objectname)%00%(upstream:track)%00%(upstream:remotename)%00%(upstream:remoteref) refs/heads/master refs/remotes/master [8ms]
2025-01-15 17:22:20.324 [info] > git for-each-ref --sort -committerdate --format %(refname) %(objectname) %(*objectname) [4ms]
2025-01-15 17:22:20.478 [info] > git status -z -uall [169ms]
2025-01-15 17:28:40.564 [info] > git config --get commit.template [24ms]
2025-01-15 17:28:40.569 [info] > git for-each-ref --format=%(refname)%00%(upstream:short)%00%(objectname)%00%(upstream:track)%00%(upstream:remotename)%00%(upstream:remoteref) refs/heads/master refs/remotes/master [13ms]
2025-01-15 17:28:40.633 [info] > git for-each-ref --sort -committerdate --format %(refname) %(objectname) %(*objectname) [13ms]
2025-01-15 17:28:40.947 [info] > git status -z -uall [351ms]
2025-01-15 17:28:46.441 [info] > git config --get commit.template [12ms]
2025-01-15 17:28:46.446 [info] > git for-each-ref --format=%(refname)%00%(upstream:short)%00%(objectname)%00%(upstream:track)%00%(upstream:remotename)%00%(upstream:remoteref) refs/heads/master refs/remotes/master [6ms]
2025-01-15 17:28:46.472 [info] > git for-each-ref --sort -committerdate --format %(refname) %(objectname) %(*objectname) [5ms]
2025-01-15 17:28:46.583 [info] > git status -z -uall [129ms]
2025-01-15 17:29:12.057 [info] > git config --get commit.template [17ms]
2025-01-15 17:29:12.063 [info] > git for-each-ref --format=%(refname)%00%(upstream:short)%00%(objectname)%00%(upstream:track)%00%(upstream:remotename)%00%(upstream:remoteref) refs/heads/master refs/remotes/master [9ms]
2025-01-15 17:29:12.116 [info] > git for-each-ref --sort -committerdate --format %(refname) %(objectname) %(*objectname) [14ms]
2025-01-15 17:29:12.345 [info] > git status -z -uall [258ms]
2025-01-15 17:29:15.238 [info] > git show --textconv :css/style.css [20ms]
2025-01-15 17:29:15.249 [info] > git ls-files --stage -- /home/edinsonpb/css/style.css [13ms]
2025-01-15 17:29:15.283 [info] > git cat-file -s 32a507ebded756fbd7897592741f8183e7254a8e [14ms]
2025-01-15 17:29:17.735 [info] > git config --get commit.template [14ms]
2025-01-15 17:29:17.736 [info] > git for-each-ref --format=%(refname)%00%(upstream:short)%00%(objectname)%00%(upstream:track)%00%(upstream:remotename)%00%(upstream:remoteref) refs/heads/master refs/remotes/master [3ms]
2025-01-15 17:29:17.776 [info] > git for-each-ref --sort -committerdate --format %(refname) %(objectname) %(*objectname) [16ms]
2025-01-15 17:29:17.880 [info] > git status -z -uall [133ms]
2025-01-15 17:29:23.419 [info] > git config --get commit.template [310ms]
2025-01-15 17:29:23.503 [info] > git for-each-ref --format=%(refname)%00%(upstream:short)%00%(objectname)%00%(upstream:track)%00%(upstream:remotename)%00%(upstream:remoteref) refs/heads/master refs/remotes/master [65ms]
2025-01-15 17:29:23.647 [info] > git for-each-ref --sort -committerdate --format %(refname) %(objectname) %(*objectname) [92ms]
2025-01-15 17:29:23.861 [info] > git status -z -uall [325ms]
2025-01-15 17:29:29.127 [info] > git config --get commit.template [15ms]
2025-01-15 17:29:29.128 [info] > git for-each-ref --format=%(refname)%00%(upstream:short)%00%(objectname)%00%(upstream:track)%00%(upstream:remotename)%00%(upstream:remoteref) refs/heads/master refs/remotes/master [2ms]
2025-01-15 17:29:29.161 [info] > git for-each-ref --sort -committerdate --format %(refname) %(objectname) %(*objectname) [13ms]
2025-01-15 17:29:29.279 [info] > git status -z -uall [143ms]
2025-01-15 17:29:34.492 [info] > git config --get commit.template [16ms]
2025-01-15 17:29:34.493 [info] > git for-each-ref --format=%(refname)%00%(upstream:short)%00%(objectname)%00%(upstream:track)%00%(upstream:remotename)%00%(upstream:remoteref) refs/heads/master refs/remotes/master [4ms]
2025-01-15 17:29:34.529 [info] > git for-each-ref --sort -committerdate --format %(refname) %(objectname) %(*objectname) [10ms]
2025-01-15 17:29:34.657 [info] > git status -z -uall [151ms]
2025-01-15 17:43:08.179 [info] > git config --get commit.template [924ms]
2025-01-15 17:43:08.532 [info] > git for-each-ref --format=%(refname)%00%(upstream:short)%00%(objectname)%00%(upstream:track)%00%(upstream:remotename)%00%(upstream:remoteref) refs/heads/master refs/remotes/master [1097ms]
2025-01-15 17:43:10.958 [info] > git ls-files --stage -- /home/edinsonpb/index.html [811ms]
2025-01-15 17:43:10.992 [info] > git for-each-ref --sort -committerdate --format %(refname) %(objectname) %(*objectname) [2398ms]
2025-01-15 17:43:11.159 [info] > git cat-file -s 27c4b397f15f33a39ee7c51664b31920ffd4bf8e [169ms]
2025-01-15 17:43:11.272 [info] > git show --textconv :index.html [1133ms]
2025-01-15 17:44:25.461 [info] > git ls-files --stage -- /home/edinsonpb/css/style.css [17ms]
2025-01-15 17:44:25.488 [info] > git cat-file -s 32a507ebded756fbd7897592741f8183e7254a8e [21ms]
2025-01-15 17:44:25.494 [info] > git show --textconv :css/style.css [57ms]
2025-01-15 17:44:37.061 [info] > git status -z -uall [88509ms]
2025-01-15 17:44:44.870 [info] > git config --get commit.template [19ms]
2025-01-15 17:44:44.877 [info] > git for-each-ref --format=%(refname)%00%(upstream:short)%00%(objectname)%00%(upstream:track)%00%(upstream:remotename)%00%(upstream:remoteref) refs/heads/master refs/remotes/master [13ms]
2025-01-15 17:44:44.915 [info] > git for-each-ref --sort -committerdate --format %(refname) %(objectname) %(*objectname) [5ms]
2025-01-15 17:44:45.103 [info] > git status -z -uall [207ms]
2025-01-15 17:44:50.329 [info] > git config --get commit.template [3ms]
2025-01-15 17:44:50.343 [info] > git for-each-ref --format=%(refname)%00%(upstream:short)%00%(objectname)%00%(upstream:track)%00%(upstream:remotename)%00%(upstream:remoteref) refs/heads/master refs/remotes/master [4ms]
2025-01-15 17:44:50.366 [info] > git for-each-ref --sort -committerdate --format %(refname) %(objectname) %(*objectname) [5ms]
2025-01-15 17:44:50.526 [info] > git status -z -uall [174ms]
2025-01-15 17:44:55.760 [info] > git config --get commit.template [12ms]
2025-01-15 17:44:55.762 [info] > git for-each-ref --format=%(refname)%00%(upstream:short)%00%(objectname)%00%(upstream:track)%00%(upstream:remotename)%00%(upstream:remoteref) refs/heads/master refs/remotes/master [3ms]
2025-01-15 17:44:55.792 [info] > git for-each-ref --sort -committerdate --format %(refname) %(objectname) %(*objectname) [10ms]
2025-01-15 17:44:55.872 [info] > git status -z -uall [102ms]
2025-01-15 17:45:01.039 [info] > git config --get commit.template [16ms]
2025-01-15 17:45:01.041 [info] > git for-each-ref --format=%(refname)%00%(upstream:short)%00%(objectname)%00%(upstream:track)%00%(upstream:remotename)%00%(upstream:remoteref) refs/heads/master refs/remotes/master [3ms]
2025-01-15 17:45:01.085 [info] > git for-each-ref --sort -committerdate --format %(refname) %(objectname) %(*objectname) [23ms]
2025-01-15 17:45:01.219 [info] > git status -z -uall [167ms]
2025-01-15 17:45:06.363 [info] > git config --get commit.template [15ms]
2025-01-15 17:45:06.365 [info] > git for-each-ref --format=%(refname)%00%(upstream:short)%00%(objectname)%00%(upstream:track)%00%(upstream:remotename)%00%(upstream:remoteref) refs/heads/master refs/remotes/master [3ms]
2025-01-15 17:45:06.397 [info] > git for-each-ref --sort -committerdate --format %(refname) %(objectname) %(*objectname) [14ms]
2025-01-15 17:45:06.451 [info] > git status -z -uall [79ms]
2025-01-15 17:45:11.587 [info] > git config --get commit.template [3ms]
2025-01-15 17:45:11.601 [info] > git for-each-ref --format=%(refname)%00%(upstream:short)%00%(objectname)%00%(upstream:track)%00%(upstream:remotename)%00%(upstream:remoteref) refs/heads/master refs/remotes/master [5ms]
2025-01-15 17:45:11.643 [info] > git for-each-ref --sort -committerdate --format %(refname) %(objectname) %(*objectname) [22ms]
2025-01-15 17:45:11.747 [info] > git status -z -uall [135ms]
2025-01-15 17:45:16.905 [info] > git config --get commit.template [9ms]
2025-01-15 17:45:16.906 [info] > git for-each-ref --format=%(refname)%00%(upstream:short)%00%(objectname)%00%(upstream:track)%00%(upstream:remotename)%00%(upstream:remoteref) refs/heads/master refs/remotes/master [2ms]
2025-01-15 17:45:16.930 [info] > git for-each-ref --sort -committerdate --format %(refname) %(objectname) %(*objectname) [8ms]
2025-01-15 17:45:16.989 [info] > git status -z -uall [76ms]
2025-01-15 17:56:46.034 [info] > git config --get commit.template [15ms]
2025-01-15 17:56:46.045 [info] > git for-each-ref --format=%(refname)%00%(upstream:short)%00%(objectname)%00%(upstream:track)%00%(upstream:remotename)%00%(upstream:remoteref) refs/heads/master refs/remotes/master [12ms]
2025-01-15 17:56:46.077 [info] > git for-each-ref --sort -committerdate --format %(refname) %(objectname) %(*objectname) [7ms]
2025-01-15 17:56:46.278 [info] > git status -z -uall [218ms]
2025-01-15 17:56:48.643 [info] > git show --textconv :index.html [74ms]
2025-01-15 17:56:48.659 [info] > git ls-files --stage -- /home/edinsonpb/index.html [23ms]
2025-01-15 17:56:48.691 [info] > git cat-file -s 27c4b397f15f33a39ee7c51664b31920ffd4bf8e [20ms]
2025-01-15 17:56:51.595 [info] > git config --get commit.template [10ms]
2025-01-15 17:56:51.597 [info] > git for-each-ref --format=%(refname)%00%(upstream:short)%00%(objectname)%00%(upstream:track)%00%(upstream:remotename)%00%(upstream:remoteref) refs/heads/master refs/remotes/master [3ms]
2025-01-15 17:56:51.624 [info] > git for-each-ref --sort -committerdate --format %(refname) %(objectname) %(*objectname) [5ms]
2025-01-15 17:56:51.705 [info] > git status -z -uall [99ms]
2025-01-15 17:56:56.882 [info] > git config --get commit.template [4ms]
2025-01-15 17:56:56.899 [info] > git for-each-ref --format=%(refname)%00%(upstream:short)%00%(objectname)%00%(upstream:track)%00%(upstream:remotename)%00%(upstream:remoteref) refs/heads/master refs/remotes/master [4ms]
2025-01-15 17:56:56.949 [info] > git for-each-ref --sort -committerdate --format %(refname) %(objectname) %(*objectname) [15ms]
2025-01-15 17:56:57.076 [info] > git status -z -uall [167ms]
2025-01-15 17:57:02.235 [info] > git config --get commit.template [11ms]
2025-01-15 17:57:02.236 [info] > git for-each-ref --format=%(refname)%00%(upstream:short)%00%(objectname)%00%(upstream:track)%00%(upstream:remotename)%00%(upstream:remoteref) refs/heads/master refs/remotes/master [2ms]
2025-01-15 17:57:02.270 [info] > git for-each-ref --sort -committerdate --format %(refname) %(objectname) %(*objectname) [4ms]
2025-01-15 17:57:02.338 [info] > git status -z -uall [93ms]
2025-01-15 17:57:07.486 [info] > git config --get commit.template [11ms]
2025-01-15 17:57:07.488 [info] > git for-each-ref --format=%(refname)%00%(upstream:short)%00%(objectname)%00%(upstream:track)%00%(upstream:remotename)%00%(upstream:remoteref) refs/heads/master refs/remotes/master [4ms]
2025-01-15 17:57:07.520 [info] > git for-each-ref --sort -committerdate --format %(refname) %(objectname) %(*objectname) [14ms]
2025-01-15 17:57:07.593 [info] > git status -z -uall [98ms]
2025-01-15 17:57:12.741 [info] > git config --get commit.template [3ms]
2025-01-15 17:57:12.752 [info] > git for-each-ref --format=%(refname)%00%(upstream:short)%00%(objectname)%00%(upstream:track)%00%(upstream:remotename)%00%(upstream:remoteref) refs/heads/master refs/remotes/master [3ms]
2025-01-15 17:57:12.779 [info] > git for-each-ref --sort -committerdate --format %(refname) %(objectname) %(*objectname) [2ms]
2025-01-15 17:57:12.864 [info] > git status -z -uall [104ms]
2025-01-15 17:57:18.031 [info] > git config --get commit.template [17ms]
2025-01-15 17:57:18.032 [info] > git for-each-ref --format=%(refname)%00%(upstream:short)%00%(objectname)%00%(upstream:track)%00%(upstream:remotename)%00%(upstream:remoteref) refs/heads/master refs/remotes/master [3ms]
2025-01-15 17:57:18.096 [info] > git for-each-ref --sort -committerdate --format %(refname) %(objectname) %(*objectname) [5ms]
2025-01-15 17:57:18.160 [info] > git status -z -uall [96ms]
2025-01-15 17:57:23.323 [info] > git config --get commit.template [13ms]
2025-01-15 17:57:23.325 [info] > git for-each-ref --format=%(refname)%00%(upstream:short)%00%(objectname)%00%(upstream:track)%00%(upstream:remotename)%00%(upstream:remoteref) refs/heads/master refs/remotes/master [4ms]
2025-01-15 17:57:23.350 [info] > git for-each-ref --sort -committerdate --format %(refname) %(objectname) %(*objectname) [4ms]
2025-01-15 17:57:23.460 [info] > git status -z -uall [126ms]
2025-01-15 17:57:28.656 [info] > git config --get commit.template [16ms]
2025-01-15 17:57:28.657 [info] > git for-each-ref --format=%(refname)%00%(upstream:short)%00%(objectname)%00%(upstream:track)%00%(upstream:remotename)%00%(upstream:remoteref) refs/heads/master refs/remotes/master [3ms]
2025-01-15 17:57:28.695 [info] > git for-each-ref --sort -committerdate --format %(refname) %(objectname) %(*objectname) [13ms]
2025-01-15 17:57:28.788 [info] > git status -z -uall [121ms]
2025-01-15 17:57:34.025 [info] > git config --get commit.template [18ms]
2025-01-15 17:57:34.026 [info] > git for-each-ref --format=%(refname)%00%(upstream:short)%00%(objectname)%00%(upstream:track)%00%(upstream:remotename)%00%(upstream:remoteref) refs/heads/master refs/remotes/master [2ms]
2025-01-15 17:57:34.060 [info] > git for-each-ref --sort -committerdate --format %(refname) %(objectname) %(*objectname) [15ms]
2025-01-15 17:57:34.127 [info] > git status -z -uall [93ms]
2025-01-15 17:57:39.307 [info] > git config --get commit.template [10ms]
2025-01-15 17:57:39.308 [info] > git for-each-ref --format=%(refname)%00%(upstream:short)%00%(objectname)%00%(upstream:track)%00%(upstream:remotename)%00%(upstream:remoteref) refs/heads/master refs/remotes/master [3ms]
2025-01-15 17:57:39.331 [info] > git for-each-ref --sort -committerdate --format %(refname) %(objectname) %(*objectname) [5ms]
2025-01-15 17:57:39.484 [info] > git status -z -uall [168ms]
2025-01-15 17:57:44.620 [info] > git config --get commit.template [13ms]
2025-01-15 17:57:44.622 [info] > git for-each-ref --format=%(refname)%00%(upstream:short)%00%(objectname)%00%(upstream:track)%00%(upstream:remotename)%00%(upstream:remoteref) refs/heads/master refs/remotes/master [3ms]
2025-01-15 17:57:44.653 [info] > git for-each-ref --sort -committerdate --format %(refname) %(objectname) %(*objectname) [13ms]
2025-01-15 17:57:44.720 [info] > git status -z -uall [91ms]
2025-01-15 17:57:46.298 [info] > git show --textconv :css/style.css [10ms]
2025-01-15 17:57:46.304 [info] > git ls-files --stage -- /home/edinsonpb/css/style.css [8ms]
2025-01-15 17:57:46.321 [info] > git cat-file -s 32a507ebded756fbd7897592741f8183e7254a8e [2ms]
2025-01-15 17:57:49.900 [info] > git config --get commit.template [13ms]
2025-01-15 17:57:49.901 [info] > git for-each-ref --format=%(refname)%00%(upstream:short)%00%(objectname)%00%(upstream:track)%00%(upstream:remotename)%00%(upstream:remoteref) refs/heads/master refs/remotes/master [3ms]
2025-01-15 17:57:49.933 [info] > git for-each-ref --sort -committerdate --format %(refname) %(objectname) %(*objectname) [9ms]
2025-01-15 17:57:49.995 [info] > git status -z -uall [84ms]
2025-01-15 17:57:56.048 [info] > git config --get commit.template [6ms]
2025-01-15 17:57:56.061 [info] > git for-each-ref --format=%(refname)%00%(upstream:short)%00%(objectname)%00%(upstream:track)%00%(upstream:remotename)%00%(upstream:remoteref) refs/heads/master refs/remotes/master [3ms]
2025-01-15 17:57:56.093 [info] > git for-each-ref --sort -committerdate --format %(refname) %(objectname) %(*objectname) [12ms]
2025-01-15 17:57:56.162 [info] > git status -z -uall [91ms]
2025-01-15 17:58:01.479 [info] > git config --get commit.template [13ms]
2025-01-15 17:58:01.649 [info] > git for-each-ref --format=%(refname)%00%(upstream:short)%00%(objectname)%00%(upstream:track)%00%(upstream:remotename)%00%(upstream:remoteref) refs/heads/master refs/remotes/master [154ms]
2025-01-15 17:58:01.691 [info] > git for-each-ref --sort -committerdate --format %(refname) %(objectname) %(*objectname) [19ms]
2025-01-15 17:58:01.753 [info] > git status -z -uall [96ms]
2025-01-15 17:58:06.925 [info] > git config --get commit.template [2ms]
2025-01-15 17:58:06.954 [info] > git for-each-ref --format=%(refname)%00%(upstream:short)%00%(objectname)%00%(upstream:track)%00%(upstream:remotename)%00%(upstream:remoteref) refs/heads/master refs/remotes/master [13ms]
2025-01-15 17:58:06.999 [info] > git for-each-ref --sort -committerdate --format %(refname) %(objectname) %(*objectname) [2ms]
2025-01-15 17:58:07.112 [info] > git status -z -uall [147ms]
2025-01-15 17:58:12.289 [info] > git config --get commit.template [12ms]
2025-01-15 17:58:12.291 [info] > git for-each-ref --format=%(refname)%00%(upstream:short)%00%(objectname)%00%(upstream:track)%00%(upstream:remotename)%00%(upstream:remoteref) refs/heads/master refs/remotes/master [4ms]
2025-01-15 17:58:12.322 [info] > git for-each-ref --sort -committerdate --format %(refname) %(objectname) %(*objectname) [5ms]
2025-01-15 17:58:12.377 [info] > git status -z -uall [78ms]
2025-01-15 17:58:17.527 [info] > git config --get commit.template [15ms]
2025-01-15 17:58:17.529 [info] > git for-each-ref --format=%(refname)%00%(upstream:short)%00%(objectname)%00%(upstream:track)%00%(upstream:remotename)%00%(upstream:remoteref) refs/heads/master refs/remotes/master [4ms]
2025-01-15 17:58:17.560 [info] > git for-each-ref --sort -committerdate --format %(refname) %(objectname) %(*objectname) [9ms]
2025-01-15 17:58:17.629 [info] > git status -z -uall [90ms]
2025-01-15 17:58:22.784 [info] > git config --get commit.template [9ms]
2025-01-15 17:58:22.786 [info] > git for-each-ref --format=%(refname)%00%(upstream:short)%00%(objectname)%00%(upstream:track)%00%(upstream:remotename)%00%(upstream:remoteref) refs/heads/master refs/remotes/master [2ms]
2025-01-15 17:58:22.813 [info] > git for-each-ref --sort -committerdate --format %(refname) %(objectname) %(*objectname) [6ms]
2025-01-15 17:58:22.867 [info] > git status -z -uall [73ms]
2025-01-15 17:58:28.006 [info] > git config --get commit.template [11ms]
2025-01-15 17:58:28.008 [info] > git for-each-ref --format=%(refname)%00%(upstream:short)%00%(objectname)%00%(upstream:track)%00%(upstream:remotename)%00%(upstream:remoteref) refs/heads/master refs/remotes/master [4ms]
2025-01-15 17:58:28.044 [info] > git for-each-ref --sort -committerdate --format %(refname) %(objectname) %(*objectname) [18ms]
2025-01-15 17:58:28.159 [info] > git status -z -uall [143ms]
2025-01-15 17:59:48.633 [info] > git config --get commit.template [19ms]
2025-01-15 17:59:48.642 [info] > git for-each-ref --format=%(refname)%00%(upstream:short)%00%(objectname)%00%(upstream:track)%00%(upstream:remotename)%00%(upstream:remoteref) refs/heads/master refs/remotes/master [15ms]
2025-01-15 17:59:48.690 [info] > git for-each-ref --sort -committerdate --format %(refname) %(objectname) %(*objectname) [15ms]
2025-01-15 17:59:49.099 [info] > git status -z -uall [442ms]
2025-01-15 17:59:54.521 [info] > git config --get commit.template [13ms]
2025-01-15 17:59:54.523 [info] > git for-each-ref --format=%(refname)%00%(upstream:short)%00%(objectname)%00%(upstream:track)%00%(upstream:remotename)%00%(upstream:remoteref) refs/heads/master refs/remotes/master [5ms]
2025-01-15 17:59:54.563 [info] > git for-each-ref --sort -committerdate --format %(refname) %(objectname) %(*objectname) [7ms]
2025-01-15 17:59:54.636 [info] > git status -z -uall [105ms]
2025-01-15 17:59:59.816 [info] > git config --get commit.template [16ms]
2025-01-15 17:59:59.817 [info] > git for-each-ref --format=%(refname)%00%(upstream:short)%00%(objectname)%00%(upstream:track)%00%(upstream:remotename)%00%(upstream:remoteref) refs/heads/master refs/remotes/master [3ms]
2025-01-15 17:59:59.856 [info] > git for-each-ref --sort -committerdate --format %(refname) %(objectname) %(*objectname) [8ms]
2025-01-15 17:59:59.947 [info] > git status -z -uall [119ms]
2025-01-15 18:00:01.852 [info] > git show --textconv :index.html [21ms]
2025-01-15 18:00:01.869 [info] > git ls-files --stage -- /home/edinsonpb/index.html [19ms]
2025-01-15 18:00:01.898 [info] > git cat-file -s 27c4b397f15f33a39ee7c51664b31920ffd4bf8e [14ms]
2025-01-15 18:00:05.174 [info] > git config --get commit.template [12ms]
2025-01-15 18:00:05.176 [info] > git for-each-ref --format=%(refname)%00%(upstream:short)%00%(objectname)%00%(upstream:track)%00%(upstream:remotename)%00%(upstream:remoteref) refs/heads/master refs/remotes/master [4ms]
2025-01-15 18:00:05.202 [info] > git for-each-ref --sort -committerdate --format %(refname) %(objectname) %(*objectname) [4ms]
2025-01-15 18:00:05.278 [info] > git status -z -uall [93ms]
2025-01-15 18:00:10.427 [info] > git config --get commit.template [19ms]
2025-01-15 18:00:10.430 [info] > git for-each-ref --format=%(refname)%00%(upstream:short)%00%(objectname)%00%(upstream:track)%00%(upstream:remotename)%00%(upstream:remoteref) refs/heads/master refs/remotes/master [5ms]
2025-01-15 18:00:10.474 [info] > git for-each-ref --sort -committerdate --format %(refname) %(objectname) %(*objectname) [14ms]
2025-01-15 18:00:10.585 [info] > git status -z -uall [142ms]
2025-01-15 18:00:12.127 [info] > git show --textconv :css/style.css [75ms]
2025-01-15 18:00:12.142 [info] > git ls-files --stage -- /home/edinsonpb/css/style.css [18ms]
2025-01-15 18:00:12.161 [info] > git cat-file -s 32a507ebded756fbd7897592741f8183e7254a8e [3ms]
2025-01-15 18:00:15.754 [info] > git config --get commit.template [13ms]
2025-01-15 18:00:15.755 [info] > git for-each-ref --format=%(refname)%00%(upstream:short)%00%(objectname)%00%(upstream:track)%00%(upstream:remotename)%00%(upstream:remoteref) refs/heads/master refs/remotes/master [3ms]
2025-01-15 18:00:15.782 [info] > git for-each-ref --sort -committerdate --format %(refname) %(objectname) %(*objectname) [6ms]
2025-01-15 18:00:15.891 [info] > git status -z -uall [128ms]
2025-01-15 18:00:21.068 [info] > git config --get commit.template [11ms]
2025-01-15 18:00:21.070 [info] > git for-each-ref --format=%(refname)%00%(upstream:short)%00%(objectname)%00%(upstream:track)%00%(upstream:remotename)%00%(upstream:remoteref) refs/heads/master refs/remotes/master [3ms]
2025-01-15 18:00:21.103 [info] > git for-each-ref --sort -committerdate --format %(refname) %(objectname) %(*objectname) [4ms]
2025-01-15 18:00:21.173 [info] > git status -z -uall [94ms]
2025-01-15 18:00:26.332 [info] > git config --get commit.template [12ms]
2025-01-15 18:00:26.335 [info] > git for-each-ref --format=%(refname)%00%(upstream:short)%00%(objectname)%00%(upstream:track)%00%(upstream:remotename)%00%(upstream:remoteref) refs/heads/master refs/remotes/master [4ms]
2025-01-15 18:00:26.361 [info] > git for-each-ref --sort -committerdate --format %(refname) %(objectname) %(*objectname) [4ms]
2025-01-15 18:00:26.616 [info] > git status -z -uall [271ms]
2025-01-15 18:00:31.930 [info] > git config --get commit.template [13ms]
2025-01-15 18:00:31.931 [info] > git for-each-ref --format=%(refname)%00%(upstream:short)%00%(objectname)%00%(upstream:track)%00%(upstream:remotename)%00%(upstream:remoteref) refs/heads/master refs/remotes/master [3ms]
2025-01-15 18:00:31.976 [info] > git for-each-ref --sort -committerdate --format %(refname) %(objectname) %(*objectname) [17ms]
2025-01-15 18:00:32.063 [info] > git status -z -uall [120ms]
2025-01-15 18:01:37.680 [info] > git config --get commit.template [35ms]
2025-01-15 18:01:37.692 [info] > git for-each-ref --format=%(refname)%00%(upstream:short)%00%(objectname)%00%(upstream:track)%00%(upstream:remotename)%00%(upstream:remoteref) refs/heads/master refs/remotes/master [15ms]
2025-01-15 18:01:37.775 [info] > git for-each-ref --sort -committerdate --format %(refname) %(objectname) %(*objectname) [33ms]
2025-01-15 18:01:38.028 [info] > git status -z -uall [313ms]
2025-01-15 18:01:43.387 [info] > git config --get commit.template [15ms]
2025-01-15 18:01:43.388 [info] > git for-each-ref --format=%(refname)%00%(upstream:short)%00%(objectname)%00%(upstream:track)%00%(upstream:remotename)%00%(upstream:remoteref) refs/heads/master refs/remotes/master [3ms]
2025-01-15 18:01:43.428 [info] > git for-each-ref --sort -committerdate --format %(refname) %(objectname) %(*objectname) [16ms]
2025-01-15 18:01:43.544 [info] > git status -z -uall [146ms]
2025-01-15 18:01:48.742 [info] > git config --get commit.template [15ms]
2025-01-15 18:01:48.743 [info] > git for-each-ref --format=%(refname)%00%(upstream:short)%00%(objectname)%00%(upstream:track)%00%(upstream:remotename)%00%(upstream:remoteref) refs/heads/master refs/remotes/master [3ms]
2025-01-15 18:01:48.773 [info] > git for-each-ref --sort -committerdate --format %(refname) %(objectname) %(*objectname) [6ms]
2025-01-15 18:01:48.843 [info] > git status -z -uall [89ms]
2025-01-15 18:01:54.034 [info] > git config --get commit.template [6ms]
2025-01-15 18:01:54.046 [info] > git for-each-ref --format=%(refname)%00%(upstream:short)%00%(objectname)%00%(upstream:track)%00%(upstream:remotename)%00%(upstream:remoteref) refs/heads/master refs/remotes/master [2ms]
2025-01-15 18:01:54.080 [info] > git for-each-ref --sort -committerdate --format %(refname) %(objectname) %(*objectname) [7ms]
2025-01-15 18:01:54.147 [info] > git status -z -uall [92ms]
2025-01-15 18:02:00.296 [info] > git config --get commit.template [13ms]
2025-01-15 18:02:00.298 [info] > git for-each-ref --format=%(refname)%00%(upstream:short)%00%(objectname)%00%(upstream:track)%00%(upstream:remotename)%00%(upstream:remoteref) refs/heads/master refs/remotes/master [4ms]
2025-01-15 18:02:00.323 [info] > git for-each-ref --sort -committerdate --format %(refname) %(objectname) %(*objectname) [5ms]
2025-01-15 18:02:00.405 [info] > git status -z -uall [99ms]
2025-01-15 18:02:05.615 [info] > git config --get commit.template [14ms]
2025-01-15 18:02:05.617 [info] > git for-each-ref --format=%(refname)%00%(upstream:short)%00%(objectname)%00%(upstream:track)%00%(upstream:remotename)%00%(upstream:remoteref) refs/heads/master refs/remotes/master [3ms]
2025-01-15 18:02:05.648 [info] > git for-each-ref --sort -committerdate --format %(refname) %(objectname) %(*objectname) [7ms]
2025-01-15 18:02:05.718 [info] > git status -z -uall [91ms]
2025-01-15 18:02:10.890 [info] > git config --get commit.template [19ms]
2025-01-15 18:02:10.892 [info] > git for-each-ref --format=%(refname)%00%(upstream:short)%00%(objectname)%00%(upstream:track)%00%(upstream:remotename)%00%(upstream:remoteref) refs/heads/master refs/remotes/master [3ms]
2025-01-15 18:02:10.932 [info] > git for-each-ref --sort -committerdate --format %(refname) %(objectname) %(*objectname) [13ms]
2025-01-15 18:02:11.036 [info] > git status -z -uall [131ms]
2025-01-15 18:02:16.235 [info] > git config --get commit.template [12ms]
2025-01-15 18:02:16.237 [info] > git for-each-ref --format=%(refname)%00%(upstream:short)%00%(objectname)%00%(upstream:track)%00%(upstream:remotename)%00%(upstream:remoteref) refs/heads/master refs/remotes/master [3ms]
2025-01-15 18:02:16.268 [info] > git for-each-ref --sort -committerdate --format %(refname) %(objectname) %(*objectname) [12ms]
2025-01-15 18:02:16.335 [info] > git status -z -uall [90ms]
2025-01-15 18:02:21.512 [info] > git config --get commit.template [13ms]
2025-01-15 18:02:21.525 [info] > git for-each-ref --format=%(refname)%00%(upstream:short)%00%(objectname)%00%(upstream:track)%00%(upstream:remotename)%00%(upstream:remoteref) refs/heads/master refs/remotes/master [14ms]
2025-01-15 18:02:21.555 [info] > git for-each-ref --sort -committerdate --format %(refname) %(objectname) %(*objectname) [3ms]
2025-01-15 18:02:21.637 [info] > git status -z -uall [99ms]
2025-01-15 18:02:26.803 [info] > git config --get commit.template [20ms]
2025-01-15 18:02:26.804 [info] > git for-each-ref --format=%(refname)%00%(upstream:short)%00%(objectname)%00%(upstream:track)%00%(upstream:remotename)%00%(upstream:remoteref) refs/heads/master refs/remotes/master [2ms]
2025-01-15 18:02:26.833 [info] > git for-each-ref --sort -committerdate --format %(refname) %(objectname) %(*objectname) [7ms]
2025-01-15 18:02:26.884 [info] > git status -z -uall [71ms]
2025-01-15 18:02:32.053 [info] > git config --get commit.template [11ms]
2025-01-15 18:02:32.055 [info] > git for-each-ref --format=%(refname)%00%(upstream:short)%00%(objectname)%00%(upstream:track)%00%(upstream:remotename)%00%(upstream:remoteref) refs/heads/master refs/remotes/master [4ms]
2025-01-15 18:02:32.079 [info] > git for-each-ref --sort -committerdate --format %(refname) %(objectname) %(*objectname) [3ms]
2025-01-15 18:02:32.156 [info] > git status -z -uall [94ms]
2025-01-15 18:02:37.339 [info] > git config --get commit.template [10ms]
2025-01-15 18:02:37.340 [info] > git for-each-ref --format=%(refname)%00%(upstream:short)%00%(objectname)%00%(upstream:track)%00%(upstream:remotename)%00%(upstream:remoteref) refs/heads/master refs/remotes/master [3ms]
2025-01-15 18:02:37.364 [info] > git for-each-ref --sort -committerdate --format %(refname) %(objectname) %(*objectname) [4ms]
2025-01-15 18:02:37.439 [info] > git status -z -uall [91ms]
2025-01-15 18:02:42.590 [info] > git config --get commit.template [14ms]
2025-01-15 18:02:42.591 [info] > git for-each-ref --format=%(refname)%00%(upstream:short)%00%(objectname)%00%(upstream:track)%00%(upstream:remotename)%00%(upstream:remoteref) refs/heads/master refs/remotes/master [2ms]
2025-01-15 18:02:42.620 [info] > git for-each-ref --sort -committerdate --format %(refname) %(objectname) %(*objectname) [6ms]
2025-01-15 18:02:42.677 [info] > git status -z -uall [78ms]
2025-01-15 18:02:57.020 [info] > git config --get commit.template [17ms]
2025-01-15 18:02:57.032 [info] > git for-each-ref --format=%(refname)%00%(upstream:short)%00%(objectname)%00%(upstream:track)%00%(upstream:remotename)%00%(upstream:remoteref) refs/heads/master refs/remotes/master [14ms]
2025-01-15 18:02:57.066 [info] > git for-each-ref --sort -committerdate --format %(refname) %(objectname) %(*objectname) [5ms]
2025-01-15 18:02:57.221 [info] > git status -z -uall [177ms]
2025-01-15 18:03:02.367 [info] > git config --get commit.template [3ms]
2025-01-15 18:03:02.379 [info] > git for-each-ref --format=%(refname)%00%(upstream:short)%00%(objectname)%00%(upstream:track)%00%(upstream:remotename)%00%(upstream:remoteref) refs/heads/master refs/remotes/master [3ms]
2025-01-15 18:03:02.417 [info] > git for-each-ref --sort -committerdate --format %(refname) %(objectname) %(*objectname) [4ms]
2025-01-15 18:03:02.481 [info] > git status -z -uall [95ms]
2025-01-15 18:03:07.627 [info] > git config --get commit.template [10ms]
2025-01-15 18:03:07.628 [info] > git for-each-ref --format=%(refname)%00%(upstream:short)%00%(objectname)%00%(upstream:track)%00%(upstream:remotename)%00%(upstream:remoteref) refs/heads/master refs/remotes/master [2ms]
2025-01-15 18:03:07.653 [info] > git for-each-ref --sort -committerdate --format %(refname) %(objectname) %(*objectname) [7ms]
2025-01-15 18:03:07.774 [info] > git status -z -uall [138ms]
2025-01-15 18:03:12.962 [info] > git config --get commit.template [11ms]
2025-01-15 18:03:12.963 [info] > git for-each-ref --format=%(refname)%00%(upstream:short)%00%(objectname)%00%(upstream:track)%00%(upstream:remotename)%00%(upstream:remoteref) refs/heads/master refs/remotes/master [3ms]
2025-01-15 18:03:12.995 [info] > git for-each-ref --sort -committerdate --format %(refname) %(objectname) %(*objectname) [11ms]
2025-01-15 18:03:13.062 [info] > git status -z -uall [89ms]
2025-01-15 18:03:26.051 [info] > git for-each-ref --format=%(refname)%00%(upstream:short)%00%(objectname)%00%(upstream:track)%00%(upstream:remotename)%00%(upstream:remoteref) refs/heads/master refs/remotes/master [10ms]
2025-01-15 18:03:26.051 [info] > git config --get commit.template [24ms]
2025-01-15 18:03:26.090 [info] > git for-each-ref --sort -committerdate --format %(refname) %(objectname) %(*objectname) [15ms]
2025-01-15 18:03:26.166 [info] > git status -z -uall [104ms]
2025-01-15 18:03:31.360 [info] > git config --get commit.template [4ms]
2025-01-15 18:03:31.386 [info] > git for-each-ref --format=%(refname)%00%(upstream:short)%00%(objectname)%00%(upstream:track)%00%(upstream:remotename)%00%(upstream:remoteref) refs/heads/master refs/remotes/master [4ms]
2025-01-15 18:03:31.441 [info] > git for-each-ref --sort -committerdate --format %(refname) %(objectname) %(*objectname) [25ms]
2025-01-15 18:03:31.725 [info] > git status -z -uall [322ms]
2025-01-15 18:11:47.719 [info] > git config --get commit.template [19ms]
2025-01-15 18:11:47.728 [info] > git for-each-ref --format=%(refname)%00%(upstream:short)%00%(objectname)%00%(upstream:track)%00%(upstream:remotename)%00%(upstream:remoteref) refs/heads/master refs/remotes/master [10ms]
2025-01-15 18:11:47.777 [info] > git for-each-ref --sort -committerdate --format %(refname) %(objectname) %(*objectname) [13ms]
2025-01-15 18:11:48.026 [info] > git status -z -uall [280ms]
2025-01-15 18:11:51.085 [info] > git show --textconv :index.html [26ms]
2025-01-15 18:11:51.101 [info] > git ls-files --stage -- /home/edinsonpb/index.html [32ms]
2025-01-15 18:11:51.115 [info] > git cat-file -s 27c4b397f15f33a39ee7c51664b31920ffd4bf8e [4ms]
2025-01-15 18:11:53.352 [info] > git config --get commit.template [12ms]
2025-01-15 18:11:53.354 [info] > git for-each-ref --format=%(refname)%00%(upstream:short)%00%(objectname)%00%(upstream:track)%00%(upstream:remotename)%00%(upstream:remoteref) refs/heads/master refs/remotes/master [4ms]
2025-01-15 18:11:53.393 [info] > git for-each-ref --sort -committerdate --format %(refname) %(objectname) %(*objectname) [18ms]
2025-01-15 18:11:53.466 [info] > git status -z -uall [104ms]
2025-01-15 18:11:58.660 [info] > git config --get commit.template [24ms]
2025-01-15 18:11:58.662 [info] > git for-each-ref --format=%(refname)%00%(upstream:short)%00%(objectname)%00%(upstream:track)%00%(upstream:remotename)%00%(upstream:remoteref) refs/heads/master refs/remotes/master [5ms]
2025-01-15 18:11:58.704 [info] > git for-each-ref --sort -committerdate --format %(refname) %(objectname) %(*objectname) [17ms]
2025-01-15 18:11:58.788 [info] > git status -z -uall [113ms]
2025-01-15 18:12:04.259 [info] > git config --get commit.template [5ms]
2025-01-15 18:12:04.274 [info] > git for-each-ref --format=%(refname)%00%(upstream:short)%00%(objectname)%00%(upstream:track)%00%(upstream:remotename)%00%(upstream:remoteref) refs/heads/master refs/remotes/master [3ms]
2025-01-15 18:12:04.308 [info] > git for-each-ref --sort -committerdate --format %(refname) %(objectname) %(*objectname) [10ms]
2025-01-15 18:12:04.416 [info] > git status -z -uall [130ms]
2025-01-15 18:12:09.736 [info] > git config --get commit.template [10ms]
2025-01-15 18:12:09.738 [info] > git for-each-ref --format=%(refname)%00%(upstream:short)%00%(objectname)%00%(upstream:track)%00%(upstream:remotename)%00%(upstream:remoteref) refs/heads/master refs/remotes/master [3ms]
2025-01-15 18:12:09.761 [info] > git for-each-ref --sort -committerdate --format %(refname) %(objectname) %(*objectname) [4ms]
2025-01-15 18:12:09.833 [info] > git status -z -uall [88ms]
2025-01-15 18:12:14.977 [info] > git config --get commit.template [10ms]
2025-01-15 18:12:14.979 [info] > git for-each-ref --format=%(refname)%00%(upstream:short)%00%(objectname)%00%(upstream:track)%00%(upstream:remotename)%00%(upstream:remoteref) refs/heads/master refs/remotes/master [3ms]
2025-01-15 18:12:15.010 [info] > git for-each-ref --sort -committerdate --format %(refname) %(objectname) %(*objectname) [12ms]
2025-01-15 18:12:15.088 [info] > git status -z -uall [101ms]
2025-01-15 18:12:20.448 [info] > git config --get commit.template [23ms]
2025-01-15 18:12:20.450 [info] > git for-each-ref --format=%(refname)%00%(upstream:short)%00%(objectname)%00%(upstream:track)%00%(upstream:remotename)%00%(upstream:remoteref) refs/heads/master refs/remotes/master [4ms]
2025-01-15 18:12:20.501 [info] > git for-each-ref --sort -committerdate --format %(refname) %(objectname) %(*objectname) [16ms]
2025-01-15 18:12:20.652 [info] > git status -z -uall [188ms]
2025-01-15 18:12:26.094 [info] > git config --get commit.template [11ms]
2025-01-15 18:12:26.097 [info] > git for-each-ref --format=%(refname)%00%(upstream:short)%00%(objectname)%00%(upstream:track)%00%(upstream:remotename)%00%(upstream:remoteref) refs/heads/master refs/remotes/master [3ms]
2025-01-15 18:12:26.120 [info] > git for-each-ref --sort -committerdate --format %(refname) %(objectname) %(*objectname) [3ms]
2025-01-15 18:12:26.207 [info] > git status -z -uall [102ms]
2025-01-15 18:12:31.379 [info] > git config --get commit.template [4ms]
2025-01-15 18:12:31.398 [info] > git for-each-ref --format=%(refname)%00%(upstream:short)%00%(objectname)%00%(upstream:track)%00%(upstream:remotename)%00%(upstream:remoteref) refs/heads/master refs/remotes/master [4ms]
2025-01-15 18:12:31.464 [info] > git for-each-ref --sort -committerdate --format %(refname) %(objectname) %(*objectname) [12ms]
2025-01-15 18:12:31.726 [info] > git status -z -uall [312ms]
2025-01-15 18:12:37.215 [info] > git config --get commit.template [14ms]
2025-01-15 18:12:37.216 [info] > git for-each-ref --format=%(refname)%00%(upstream:short)%00%(objectname)%00%(upstream:track)%00%(upstream:remotename)%00%(upstream:remoteref) refs/heads/master refs/remotes/master [2ms]
2025-01-15 18:12:37.241 [info] > git for-each-ref --sort -committerdate --format %(refname) %(objectname) %(*objectname) [5ms]
2025-01-15 18:12:37.308 [info] > git status -z -uall [84ms]
2025-01-15 18:12:42.500 [info] > git config --get commit.template [11ms]
2025-01-15 18:12:42.501 [info] > git for-each-ref --format=%(refname)%00%(upstream:short)%00%(objectname)%00%(upstream:track)%00%(upstream:remotename)%00%(upstream:remoteref) refs/heads/master refs/remotes/master [3ms]
2025-01-15 18:12:42.530 [info] > git for-each-ref --sort -committerdate --format %(refname) %(objectname) %(*objectname) [11ms]
2025-01-15 18:12:42.588 [info] > git status -z -uall [80ms]
2025-01-15 18:12:47.728 [info] > git config --get commit.template [10ms]
2025-01-15 18:12:47.729 [info] > git for-each-ref --format=%(refname)%00%(upstream:short)%00%(objectname)%00%(upstream:track)%00%(upstream:remotename)%00%(upstream:remoteref) refs/heads/master refs/remotes/master [3ms]
2025-01-15 18:12:47.755 [info] > git for-each-ref --sort -committerdate --format %(refname) %(objectname) %(*objectname) [8ms]
2025-01-15 18:12:47.815 [info] > git status -z -uall [77ms]
2025-01-15 18:12:52.977 [info] > git config --get commit.template [20ms]
2025-01-15 18:12:52.980 [info] > git for-each-ref --format=%(refname)%00%(upstream:short)%00%(objectname)%00%(upstream:track)%00%(upstream:remotename)%00%(upstream:remoteref) refs/heads/master refs/remotes/master [6ms]
2025-01-15 18:12:53.019 [info] > git for-each-ref --sort -committerdate --format %(refname) %(objectname) %(*objectname) [11ms]
2025-01-15 18:12:53.087 [info] > git status -z -uall [92ms]
2025-01-15 18:19:45.205 [info] > git config --get commit.template [67ms]
2025-01-15 18:19:45.207 [info] > git for-each-ref --format=%(refname)%00%(upstream:short)%00%(objectname)%00%(upstream:track)%00%(upstream:remotename)%00%(upstream:remoteref) refs/heads/master refs/remotes/master [3ms]
2025-01-15 18:19:45.330 [info] > git for-each-ref --sort -committerdate --format %(refname) %(objectname) %(*objectname) [15ms]
2025-01-15 18:19:45.568 [info] > git status -z -uall [307ms]
2025-01-15 18:19:50.845 [info] > git config --get commit.template [13ms]
2025-01-15 18:19:50.846 [info] > git for-each-ref --format=%(refname)%00%(upstream:short)%00%(objectname)%00%(upstream:track)%00%(upstream:remotename)%00%(upstream:remoteref) refs/heads/master refs/remotes/master [2ms]
2025-01-15 18:19:50.877 [info] > git for-each-ref --sort -committerdate --format %(refname) %(objectname) %(*objectname) [6ms]
2025-01-15 18:19:50.953 [info] > git status -z -uall [98ms]
2025-01-15 18:19:56.403 [info] > git config --get commit.template [12ms]
2025-01-15 18:19:56.404 [info] > git for-each-ref --format=%(refname)%00%(upstream:short)%00%(objectname)%00%(upstream:track)%00%(upstream:remotename)%00%(upstream:remoteref) refs/heads/master refs/remotes/master [2ms]
2025-01-15 18:19:56.433 [info] > git for-each-ref --sort -committerdate --format %(refname) %(objectname) %(*objectname) [5ms]
2025-01-15 18:19:56.490 [info] > git status -z -uall [78ms]
2025-01-15 18:20:01.645 [info] > git config --get commit.template [11ms]
2025-01-15 18:20:01.647 [info] > git for-each-ref --format=%(refname)%00%(upstream:short)%00%(objectname)%00%(upstream:track)%00%(upstream:remotename)%00%(upstream:remoteref) refs/heads/master refs/remotes/master [3ms]
2025-01-15 18:20:01.684 [info] > git for-each-ref --sort -committerdate --format %(refname) %(objectname) %(*objectname) [5ms]
2025-01-15 18:20:01.752 [info] > git status -z -uall [95ms]
2025-01-15 18:20:06.928 [info] > git config --get commit.template [15ms]
2025-01-15 18:20:06.930 [info] > git for-each-ref --format=%(refname)%00%(upstream:short)%00%(objectname)%00%(upstream:track)%00%(upstream:remotename)%00%(upstream:remoteref) refs/heads/master refs/remotes/master [3ms]
2025-01-15 18:20:06.973 [info] > git for-each-ref --sort -committerdate --format %(refname) %(objectname) %(*objectname) [11ms]
2025-01-15 18:20:07.089 [info] > git status -z -uall [144ms]
2025-01-15 18:20:14.622 [info] > git config --get commit.template [10ms]
2025-01-15 18:20:14.641 [info] > git for-each-ref --format=%(refname)%00%(upstream:short)%00%(objectname)%00%(upstream:track)%00%(upstream:remotename)%00%(upstream:remoteref) refs/heads/master refs/remotes/master [7ms]
2025-01-15 18:20:14.702 [info] > git for-each-ref --sort -committerdate --format %(refname) %(objectname) %(*objectname) [17ms]
2025-01-15 18:20:14.817 [info] > git status -z -uall [162ms]
2025-01-15 18:20:20.171 [info] > git config --get commit.template [14ms]
2025-01-15 18:20:20.172 [info] > git for-each-ref --format=%(refname)%00%(upstream:short)%00%(objectname)%00%(upstream:track)%00%(upstream:remotename)%00%(upstream:remoteref) refs/heads/master refs/remotes/master [2ms]
2025-01-15 18:20:20.210 [info] > git for-each-ref --sort -committerdate --format %(refname) %(objectname) %(*objectname) [16ms]
2025-01-15 18:20:20.288 [info] > git status -z -uall [106ms]
2025-01-15 18:20:25.478 [info] > git config --get commit.template [15ms]
2025-01-15 18:20:25.479 [info] > git for-each-ref --format=%(refname)%00%(upstream:short)%00%(objectname)%00%(upstream:track)%00%(upstream:remotename)%00%(upstream:remoteref) refs/heads/master refs/remotes/master [4ms]
2025-01-15 18:20:25.519 [info] > git for-each-ref --sort -committerdate --format %(refname) %(objectname) %(*objectname) [5ms]
2025-01-15 18:20:25.610 [info] > git status -z -uall [119ms]
2025-01-15 18:20:30.876 [info] > git config --get commit.template [18ms]
2025-01-15 18:20:30.889 [info] > git for-each-ref --format=%(refname)%00%(upstream:short)%00%(objectname)%00%(upstream:track)%00%(upstream:remotename)%00%(upstream:remoteref) refs/heads/master refs/remotes/master [14ms]
2025-01-15 18:20:30.933 [info] > git for-each-ref --sort -committerdate --format %(refname) %(objectname) %(*objectname) [4ms]
2025-01-15 18:20:31.049 [info] > git status -z -uall [145ms]
2025-01-15 18:20:36.247 [info] > git config --get commit.template [16ms]
2025-01-15 18:20:36.248 [info] > git for-each-ref --format=%(refname)%00%(upstream:short)%00%(objectname)%00%(upstream:track)%00%(upstream:remotename)%00%(upstream:remoteref) refs/heads/master refs/remotes/master [3ms]
2025-01-15 18:20:36.286 [info] > git for-each-ref --sort -committerdate --format %(refname) %(objectname) %(*objectname) [10ms]
2025-01-15 18:20:36.369 [info] > git status -z -uall [109ms]
2025-01-15 18:20:41.570 [info] > git config --get commit.template [13ms]
2025-01-15 18:20:41.572 [info] > git for-each-ref --format=%(refname)%00%(upstream:short)%00%(objectname)%00%(upstream:track)%00%(upstream:remotename)%00%(upstream:remoteref) refs/heads/master refs/remotes/master [3ms]
2025-01-15 18:20:41.614 [info] > git for-each-ref --sort -committerdate --format %(refname) %(objectname) %(*objectname) [8ms]
2025-01-15 18:20:41.793 [info] > git status -z -uall [207ms]
2025-01-15 18:20:47.049 [info] > git config --get commit.template [19ms]
2025-01-15 18:20:47.064 [info] > git for-each-ref --format=%(refname)%00%(upstream:short)%00%(objectname)%00%(upstream:track)%00%(upstream:remotename)%00%(upstream:remoteref) refs/heads/master refs/remotes/master [18ms]
2025-01-15 18:20:47.130 [info] > git for-each-ref --sort -committerdate --format %(refname) %(objectname) %(*objectname) [4ms]
2025-01-15 18:20:47.265 [info] > git status -z -uall [189ms]
2025-01-15 18:20:54.672 [info] > git config --get commit.template [18ms]
2025-01-15 18:20:54.683 [info] > git for-each-ref --format=%(refname)%00%(upstream:short)%00%(objectname)%00%(upstream:track)%00%(upstream:remotename)%00%(upstream:remoteref) refs/heads/master refs/remotes/master [11ms]
2025-01-15 18:20:54.710 [info] > git for-each-ref --sort -committerdate --format %(refname) %(objectname) %(*objectname) [1ms]
2025-01-15 18:20:54.830 [info] > git status -z -uall [137ms]
2025-01-15 18:21:00.219 [info] > git config --get commit.template [5ms]
2025-01-15 18:21:00.234 [info] > git for-each-ref --format=%(refname)%00%(upstream:short)%00%(objectname)%00%(upstream:track)%00%(upstream:remotename)%00%(upstream:remoteref) refs/heads/master refs/remotes/master [4ms]
2025-01-15 18:21:00.265 [info] > git for-each-ref --sort -committerdate --format %(refname) %(objectname) %(*objectname) [4ms]
2025-01-15 18:21:00.375 [info] > git status -z -uall [130ms]
2025-01-15 18:21:05.725 [info] > git config --get commit.template [14ms]
2025-01-15 18:21:05.726 [info] > git for-each-ref --format=%(refname)%00%(upstream:short)%00%(objectname)%00%(upstream:track)%00%(upstream:remotename)%00%(upstream:remoteref) refs/heads/master refs/remotes/master [3ms]
2025-01-15 18:21:05.767 [info] > git for-each-ref --sort -committerdate --format %(refname) %(objectname) %(*objectname) [18ms]
2025-01-15 18:21:05.842 [info] > git status -z -uall [104ms]
2025-01-15 18:21:11.960 [info] > git config --get commit.template [18ms]
2025-01-15 18:21:11.961 [info] > git for-each-ref --format=%(refname)%00%(upstream:short)%00%(objectname)%00%(upstream:track)%00%(upstream:remotename)%00%(upstream:remoteref) refs/heads/master refs/remotes/master [5ms]
2025-01-15 18:21:11.999 [info] > git for-each-ref --sort -committerdate --format %(refname) %(objectname) %(*objectname) [13ms]
2025-01-15 18:21:12.096 [info] > git status -z -uall [126ms]
2025-01-15 18:21:17.294 [info] > git config --get commit.template [14ms]
2025-01-15 18:21:17.296 [info] > git for-each-ref --format=%(refname)%00%(upstream:short)%00%(objectname)%00%(upstream:track)%00%(upstream:remotename)%00%(upstream:remoteref) refs/heads/master refs/remotes/master [3ms]
2025-01-15 18:21:17.323 [info] > git for-each-ref --sort -committerdate --format %(refname) %(objectname) %(*objectname) [5ms]
2025-01-15 18:21:17.425 [info] > git status -z -uall [121ms]
2025-01-15 18:21:22.633 [info] > git config --get commit.template [18ms]
2025-01-15 18:21:22.635 [info] > git for-each-ref --format=%(refname)%00%(upstream:short)%00%(objectname)%00%(upstream:track)%00%(upstream:remotename)%00%(upstream:remoteref) refs/heads/master refs/remotes/master [4ms]
2025-01-15 18:21:22.694 [info] > git for-each-ref --sort -committerdate --format %(refname) %(objectname) %(*objectname) [5ms]
2025-01-15 18:21:22.797 [info] > git status -z -uall [146ms]
2025-01-15 18:21:28.177 [info] > git config --get commit.template [2ms]
2025-01-15 18:21:28.189 [info] > git for-each-ref --format=%(refname)%00%(upstream:short)%00%(objectname)%00%(upstream:track)%00%(upstream:remotename)%00%(upstream:remoteref) refs/heads/master refs/remotes/master [2ms]
2025-01-15 18:21:28.216 [info] > git for-each-ref --sort -committerdate --format %(refname) %(objectname) %(*objectname) [5ms]
2025-01-15 18:21:28.290 [info] > git status -z -uall [91ms]
2025-01-15 18:21:33.464 [info] > git config --get commit.template [16ms]
2025-01-15 18:21:33.465 [info] > git for-each-ref --format=%(refname)%00%(upstream:short)%00%(objectname)%00%(upstream:track)%00%(upstream:remotename)%00%(upstream:remoteref) refs/heads/master refs/remotes/master [3ms]
2025-01-15 18:21:33.492 [info] > git for-each-ref --sort -committerdate --format %(refname) %(objectname) %(*objectname) [4ms]
2025-01-15 18:21:33.580 [info] > git status -z -uall [106ms]
2025-01-15 18:21:38.793 [info] > git config --get commit.template [17ms]
2025-01-15 18:21:38.797 [info] > git for-each-ref --format=%(refname)%00%(upstream:short)%00%(objectname)%00%(upstream:track)%00%(upstream:remotename)%00%(upstream:remoteref) refs/heads/master refs/remotes/master [7ms]
2025-01-15 18:21:38.843 [info] > git for-each-ref --sort -committerdate --format %(refname) %(objectname) %(*objectname) [23ms]
2025-01-15 18:21:38.969 [info] > git status -z -uall [161ms]
2025-01-15 18:21:44.247 [info] > git config --get commit.template [22ms]
2025-01-15 18:21:44.248 [info] > git for-each-ref --format=%(refname)%00%(upstream:short)%00%(objectname)%00%(upstream:track)%00%(upstream:remotename)%00%(upstream:remoteref) refs/heads/master refs/remotes/master [6ms]
2025-01-15 18:21:44.301 [info] > git for-each-ref --sort -committerdate --format %(refname) %(objectname) %(*objectname) [17ms]
2025-01-15 18:21:44.444 [info] > git status -z -uall [172ms]
2025-01-15 18:21:50.339 [info] > git config --get commit.template [22ms]
2025-01-15 18:21:50.346 [info] > git for-each-ref --format=%(refname)%00%(upstream:short)%00%(objectname)%00%(upstream:track)%00%(upstream:remotename)%00%(upstream:remoteref) refs/heads/master refs/remotes/master [16ms]
2025-01-15 18:21:50.388 [info] > git for-each-ref --sort -committerdate --format %(refname) %(objectname) %(*objectname) [15ms]
2025-01-15 18:21:50.701 [info] > git status -z -uall [346ms]
2025-01-15 18:22:00.840 [info] > git config --get commit.template [23ms]
2025-01-15 18:22:00.842 [info] > git for-each-ref --format=%(refname)%00%(upstream:short)%00%(objectname)%00%(upstream:track)%00%(upstream:remotename)%00%(upstream:remoteref) refs/heads/master refs/remotes/master [11ms]
2025-01-15 18:22:00.889 [info] > git for-each-ref --sort -committerdate --format %(refname) %(objectname) %(*objectname) [1ms]
2025-01-15 18:22:01.096 [info] > git status -z -uall [234ms]
2025-01-15 18:22:06.392 [info] > git config --get commit.template [5ms]
2025-01-15 18:22:06.406 [info] > git for-each-ref --format=%(refname)%00%(upstream:short)%00%(objectname)%00%(upstream:track)%00%(upstream:remotename)%00%(upstream:remoteref) refs/heads/master refs/remotes/master [4ms]
2025-01-15 18:22:06.432 [info] > git for-each-ref --sort -committerdate --format %(refname) %(objectname) %(*objectname) [4ms]
2025-01-15 18:22:06.626 [info] > git status -z -uall [210ms]
2025-01-15 18:22:11.999 [info] > git config --get commit.template [10ms]
2025-01-15 18:22:12.001 [info] > git for-each-ref --format=%(refname)%00%(upstream:short)%00%(objectname)%00%(upstream:track)%00%(upstream:remotename)%00%(upstream:remoteref) refs/heads/master refs/remotes/master [3ms]
2025-01-15 18:22:12.041 [info] > git for-each-ref --sort -committerdate --format %(refname) %(objectname) %(*objectname) [23ms]
2025-01-15 18:22:12.104 [info] > git status -z -uall [96ms]
2025-01-15 18:22:17.266 [info] > git config --get commit.template [3ms]
2025-01-15 18:22:17.283 [info] > git for-each-ref --format=%(refname)%00%(upstream:short)%00%(objectname)%00%(upstream:track)%00%(upstream:remotename)%00%(upstream:remoteref) refs/heads/master refs/remotes/master [4ms]
2025-01-15 18:22:17.322 [info] > git for-each-ref --sort -committerdate --format %(refname) %(objectname) %(*objectname) [15ms]
2025-01-15 18:22:17.501 [info] > git status -z -uall [207ms]
2025-01-15 18:22:22.793 [info] > git config --get commit.template [13ms]
2025-01-15 18:22:22.795 [info] > git for-each-ref --format=%(refname)%00%(upstream:short)%00%(objectname)%00%(upstream:track)%00%(upstream:remotename)%00%(upstream:remoteref) refs/heads/master refs/remotes/master [3ms]
2025-01-15 18:22:22.827 [info] > git for-each-ref --sort -committerdate --format %(refname) %(objectname) %(*objectname) [11ms]
2025-01-15 18:22:22.892 [info] > git status -z -uall [90ms]
2025-01-15 18:22:28.239 [info] > git config --get commit.template [17ms]
2025-01-15 18:22:28.242 [info] > git for-each-ref --format=%(refname)%00%(upstream:short)%00%(objectname)%00%(upstream:track)%00%(upstream:remotename)%00%(upstream:remoteref) refs/heads/master refs/remotes/master [3ms]
2025-01-15 18:22:28.283 [info] > git for-each-ref --sort -committerdate --format %(refname) %(objectname) %(*objectname) [16ms]
2025-01-15 18:22:28.362 [info] > git status -z -uall [110ms]
2025-01-15 18:22:33.573 [info] > git config --get commit.template [8ms]
2025-01-15 18:22:33.575 [info] > git for-each-ref --format=%(refname)%00%(upstream:short)%00%(objectname)%00%(upstream:track)%00%(upstream:remotename)%00%(upstream:remoteref) refs/heads/master refs/remotes/master [2ms]
2025-01-15 18:22:33.596 [info] > git for-each-ref --sort -committerdate --format %(refname) %(objectname) %(*objectname) [5ms]
2025-01-15 18:22:33.664 [info] > git status -z -uall [82ms]
2025-01-15 18:22:38.823 [info] > git config --get commit.template [12ms]
2025-01-15 18:22:38.824 [info] > git for-each-ref --format=%(refname)%00%(upstream:short)%00%(objectname)%00%(upstream:track)%00%(upstream:remotename)%00%(upstream:remoteref) refs/heads/master refs/remotes/master [3ms]
2025-01-15 18:22:38.853 [info] > git for-each-ref --sort -committerdate --format %(refname) %(objectname) %(*objectname) [2ms]
2025-01-15 18:22:38.927 [info] > git status -z -uall [93ms]
2025-01-15 18:22:58.885 [info] > git config --get commit.template [13ms]
2025-01-15 18:22:58.896 [info] > git for-each-ref --format=%(refname)%00%(upstream:short)%00%(objectname)%00%(upstream:track)%00%(upstream:remotename)%00%(upstream:remoteref) refs/heads/master refs/remotes/master [12ms]
2025-01-15 18:22:58.933 [info] > git for-each-ref --sort -committerdate --format %(refname) %(objectname) %(*objectname) [4ms]
2025-01-15 18:22:59.074 [info] > git status -z -uall [166ms]
2025-01-15 18:23:04.591 [info] > git config --get commit.template [7ms]
2025-01-15 18:23:04.607 [info] > git for-each-ref --format=%(refname)%00%(upstream:short)%00%(objectname)%00%(upstream:track)%00%(upstream:remotename)%00%(upstream:remoteref) refs/heads/master refs/remotes/master [5ms]
2025-01-15 18:23:04.709 [info] > git for-each-ref --sort -committerdate --format %(refname) %(objectname) %(*objectname) [41ms]
2025-01-15 18:23:04.883 [info] > git status -z -uall [261ms]
2025-01-15 18:23:10.161 [info] > git config --get commit.template [15ms]
2025-01-15 18:23:10.171 [info] > git for-each-ref --format=%(refname)%00%(upstream:short)%00%(objectname)%00%(upstream:track)%00%(upstream:remotename)%00%(upstream:remoteref) refs/heads/master refs/remotes/master [12ms]
2025-01-15 18:23:10.275 [info] > git for-each-ref --sort -committerdate --format %(refname) %(objectname) %(*objectname) [17ms]
2025-01-15 18:23:10.433 [info] > git status -z -uall [187ms]
2025-01-15 18:23:15.678 [info] > git config --get commit.template [14ms]
2025-01-15 18:23:15.682 [info] > git for-each-ref --format=%(refname)%00%(upstream:short)%00%(objectname)%00%(upstream:track)%00%(upstream:remotename)%00%(upstream:remoteref) refs/heads/master refs/remotes/master [4ms]
2025-01-15 18:23:15.717 [info] > git for-each-ref --sort -committerdate --format %(refname) %(objectname) %(*objectname) [11ms]
2025-01-15 18:23:15.804 [info] > git status -z -uall [112ms]
2025-01-15 18:23:20.996 [info] > git config --get commit.template [14ms]
2025-01-15 18:23:20.997 [info] > git for-each-ref --format=%(refname)%00%(upstream:short)%00%(objectname)%00%(upstream:track)%00%(upstream:remotename)%00%(upstream:remoteref) refs/heads/master refs/remotes/master [4ms]
2025-01-15 18:23:21.038 [info] > git for-each-ref --sort -committerdate --format %(refname) %(objectname) %(*objectname) [20ms]
2025-01-15 18:23:21.113 [info] > git status -z -uall [107ms]
2025-01-15 18:23:26.351 [info] > git config --get commit.template [14ms]
2025-01-15 18:23:26.354 [info] > git for-each-ref --format=%(refname)%00%(upstream:short)%00%(objectname)%00%(upstream:track)%00%(upstream:remotename)%00%(upstream:remoteref) refs/heads/master refs/remotes/master [5ms]
2025-01-15 18:23:26.383 [info] > git for-each-ref --sort -committerdate --format %(refname) %(objectname) %(*objectname) [4ms]
2025-01-15 18:23:26.516 [info] > git status -z -uall [152ms]
2025-01-15 18:23:31.791 [info] > git config --get commit.template [13ms]
2025-01-15 18:23:31.793 [info] > git for-each-ref --format=%(refname)%00%(upstream:short)%00%(objectname)%00%(upstream:track)%00%(upstream:remotename)%00%(upstream:remoteref) refs/heads/master refs/remotes/master [4ms]
2025-01-15 18:23:31.826 [info] > git for-each-ref --sort -committerdate --format %(refname) %(objectname) %(*objectname) [12ms]
2025-01-15 18:23:31.882 [info] > git status -z -uall [81ms]
2025-01-15 18:23:37.043 [info] > git config --get commit.template [15ms]
2025-01-15 18:23:37.054 [info] > git for-each-ref --format=%(refname)%00%(upstream:short)%00%(objectname)%00%(upstream:track)%00%(upstream:remotename)%00%(upstream:remoteref) refs/heads/master refs/remotes/master [13ms]
2025-01-15 18:23:37.102 [info] > git for-each-ref --sort -committerdate --format %(refname) %(objectname) %(*objectname) [1ms]
2025-01-15 18:23:37.198 [info] > git status -z -uall [130ms]
2025-01-15 18:49:28.762 [info] > git config --get commit.template [190ms]
2025-01-15 18:49:28.848 [info] > git for-each-ref --format=%(refname)%00%(upstream:short)%00%(objectname)%00%(upstream:track)%00%(upstream:remotename)%00%(upstream:remoteref) refs/heads/master refs/remotes/master [215ms]
2025-01-15 18:49:29.077 [info] > git for-each-ref --sort -committerdate --format %(refname) %(objectname) %(*objectname) [202ms]
2025-01-15 18:49:31.728 [info] > git ls-files --stage -- /home/edinsonpb/css/style.css [88ms]
2025-01-15 18:49:31.865 [info] > git cat-file -s 32a507ebded756fbd7897592741f8183e7254a8e [123ms]
2025-01-15 18:49:31.952 [info] > git show --textconv :css/style.css [322ms]
2025-01-15 18:49:39.608 [info] > git status -z -uall [10743ms]
2025-01-15 18:49:44.863 [info] > git config --get commit.template [10ms]
2025-01-15 18:49:44.864 [info] > git for-each-ref --format=%(refname)%00%(upstream:short)%00%(objectname)%00%(upstream:track)%00%(upstream:remotename)%00%(upstream:remoteref) refs/heads/master refs/remotes/master [3ms]
2025-01-15 18:49:44.890 [info] > git for-each-ref --sort -committerdate --format %(refname) %(objectname) %(*objectname) [9ms]
2025-01-15 18:49:44.967 [info] > git status -z -uall [96ms]
2025-01-15 18:49:50.162 [info] > git config --get commit.template [17ms]
2025-01-15 18:49:50.164 [info] > git for-each-ref --format=%(refname)%00%(upstream:short)%00%(objectname)%00%(upstream:track)%00%(upstream:remotename)%00%(upstream:remoteref) refs/heads/master refs/remotes/master [5ms]
2025-01-15 18:49:50.198 [info] > git for-each-ref --sort -committerdate --format %(refname) %(objectname) %(*objectname) [18ms]
2025-01-15 18:49:50.257 [info] > git status -z -uall [86ms]
2025-01-15 19:39:35.210 [info] > git config --get commit.template [845ms]
2025-01-15 19:39:35.305 [info] > git for-each-ref --format=%(refname)%00%(upstream:short)%00%(objectname)%00%(upstream:track)%00%(upstream:remotename)%00%(upstream:remoteref) refs/heads/master refs/remotes/master [824ms]
2025-01-15 19:39:35.531 [info] > git ls-files --stage -- /home/edinsonpb/css/style.css [1145ms]
2025-01-15 19:39:35.599 [info] > git cat-file -s b428f65a752608d0b1615683bc9cb8e1c9b0c06f [50ms]
2025-01-15 19:39:35.617 [info] > git for-each-ref --sort -committerdate --format %(refname) %(objectname) %(*objectname) [294ms]
2025-01-15 19:39:35.624 [info] > git show --textconv :css/style.css [9ms]
