2025-01-15 23:19:35.686 [info] [main] Log level: Info
2025-01-15 23:19:35.686 [info] [main] Validating found git in: "git"
2025-01-15 23:19:35.686 [info] [main] Using git "2.43.0" from "git"
2025-01-15 23:19:35.686 [info] [Model][doInitialScan] Initial repository scan started
2025-01-15 23:19:35.686 [info] > git rev-parse --show-toplevel [2100ms]
2025-01-15 23:19:35.686 [info] > git rev-parse --git-dir --git-common-dir [174ms]
2025-01-15 23:19:35.686 [info] [Model][openRepository] Opened repository: /home/edinsonpb
2025-01-15 23:19:35.686 [info] > git config --get commit.template [49ms]
2025-01-15 23:19:36.600 [info] > git check-ignore -v -z --stdin [101ms]
2025-01-15 23:19:36.604 [info] > git for-each-ref --format=%(refname)%00%(upstream:short)%00%(objectname)%00%(upstream:track)%00%(upstream:remotename)%00%(upstream:remoteref) refs/heads/master refs/remotes/master [883ms]
2025-01-15 23:19:36.643 [info] > git rev-parse --show-toplevel [91ms]
2025-01-15 23:19:36.804 [info] > git status -z -uall [191ms]
2025-01-15 23:19:36.806 [info] > git rev-parse --show-toplevel [142ms]
2025-01-15 23:19:36.807 [info] > git for-each-ref --sort -committerdate --format %(refname) %(objectname) %(*objectname) [172ms]
2025-01-15 23:19:37.411 [info] > git for-each-ref --format=%(refname)%00%(upstream:short)%00%(objectname)%00%(upstream:track)%00%(upstream:remotename)%00%(upstream:remoteref) refs/heads/master refs/remotes/master [284ms]
2025-01-15 23:19:37.431 [info] > git rev-parse --show-toplevel [602ms]
2025-01-15 23:19:37.458 [info] > git config --local branch.master.vscode-merge-base [35ms]
2025-01-15 23:19:37.458 [warning] [Git][config] git config failed: Failed to execute git
2025-01-15 23:19:37.481 [info] > git config --get commit.template [164ms]
2025-01-15 23:19:37.607 [info] > git rev-parse --show-toplevel [151ms]
2025-01-15 23:19:37.663 [info] > git for-each-ref --format=%(refname)%00%(upstream:short)%00%(objectname)%00%(upstream:track)%00%(upstream:remotename)%00%(upstream:remoteref) refs/heads/master refs/remotes/master [40ms]
2025-01-15 23:19:38.260 [info] > git rev-parse --show-toplevel [620ms]
2025-01-15 23:19:38.819 [info] > git status -z -uall [1137ms]
2025-01-15 23:19:38.820 [info] > git reflog master --grep-reflog=branch: Created from *. [1339ms]
2025-01-15 23:19:38.836 [info] > git for-each-ref --sort -committerdate --format %(refname) %(objectname) %(*objectname) [1129ms]
2025-01-15 23:19:38.909 [info] > git for-each-ref --format=%(refname)%00%(upstream:short)%00%(objectname)%00%(upstream:track)%00%(upstream:remotename)%00%(upstream:remoteref) refs/heads/master refs/remotes/master [29ms]
2025-01-15 23:19:38.932 [info] > git symbolic-ref --short refs/remotes/origin/HEAD [99ms]
2025-01-15 23:19:38.932 [info] fatal: ref refs/remotes/origin/HEAD is not a symbolic ref
2025-01-15 23:19:38.933 [warning] [Repository][getDefaultBranch] Failed to get default branch details: Failed to execute git.
2025-01-15 23:19:38.936 [info] > git rev-parse --show-toplevel [655ms]
2025-01-15 23:19:39.299 [info] > git config --local branch.master.vscode-merge-base [367ms]
2025-01-15 23:19:39.299 [warning] [Git][config] git config failed: Failed to execute git
2025-01-15 23:19:39.413 [info] > git reflog master --grep-reflog=branch: Created from *. [101ms]
2025-01-15 23:19:39.426 [info] > git rev-parse --show-toplevel [142ms]
2025-01-15 23:19:39.445 [info] > git symbolic-ref --short refs/remotes/origin/HEAD [19ms]
2025-01-15 23:19:39.445 [info] fatal: ref refs/remotes/origin/HEAD is not a symbolic ref
2025-01-15 23:19:39.445 [warning] [Repository][getDefaultBranch] Failed to get default branch details: Failed to execute git.
2025-01-15 23:19:39.468 [info] > git rev-parse --show-toplevel [10ms]
2025-01-15 23:19:39.474 [info] [Model][doInitialScan] Initial repository scan completed - repositories (1), closed repositories (0), parent repositories (0), unsafe repositories (0)
2025-01-15 23:19:39.582 [info] > git show --textconv :index.html [94ms]
2025-01-15 23:19:39.585 [info] > git ls-files --stage -- /home/edinsonpb/index.html [79ms]
2025-01-15 23:19:40.008 [info] > git cat-file -s ebff0fd8818b8ad139dc0a5f520b42635127ef4d [414ms]
2025-01-15 23:19:45.054 [info] > git config --get commit.template [193ms]
2025-01-15 23:19:45.160 [info] > git for-each-ref --format=%(refname)%00%(upstream:short)%00%(objectname)%00%(upstream:track)%00%(upstream:remotename)%00%(upstream:remoteref) refs/heads/master refs/remotes/master [83ms]
2025-01-15 23:19:45.277 [info] > git for-each-ref --sort -committerdate --format %(refname) %(objectname) %(*objectname) [80ms]
2025-01-15 23:19:45.453 [info] > git status -z -uall [271ms]
2025-01-15 23:19:53.672 [info] > git blame --root --incremental e2d1162d2ab44907075b95ac8c853f0016f816e7 -- /home/edinsonpb/index.html [13265ms]
2025-01-15 23:19:54.178 [info] > git config --get commit.template [18ms]
2025-01-15 23:19:54.191 [info] > git for-each-ref --format=%(refname)%00%(upstream:short)%00%(objectname)%00%(upstream:track)%00%(upstream:remotename)%00%(upstream:remoteref) refs/heads/master refs/remotes/master [13ms]
2025-01-15 23:19:54.365 [info] > git for-each-ref --sort -committerdate --format %(refname) %(objectname) %(*objectname) [38ms]
2025-01-15 23:19:54.666 [info] > git status -z -uall [453ms]
2025-01-15 23:21:19.450 [info] > git config --get commit.template [25ms]
2025-01-15 23:21:19.454 [info] > git for-each-ref --format=%(refname)%00%(upstream:short)%00%(objectname)%00%(upstream:track)%00%(upstream:remotename)%00%(upstream:remoteref) refs/heads/master refs/remotes/master [13ms]
2025-01-15 23:21:19.498 [info] > git for-each-ref --sort -committerdate --format %(refname) %(objectname) %(*objectname) [4ms]
2025-01-15 23:21:19.671 [info] > git status -z -uall [189ms]
2025-01-15 23:21:24.728 [info] > git config --get commit.template [14ms]
2025-01-15 23:21:24.729 [info] > git for-each-ref --format=%(refname)%00%(upstream:short)%00%(objectname)%00%(upstream:track)%00%(upstream:remotename)%00%(upstream:remoteref) refs/heads/master refs/remotes/master [3ms]
2025-01-15 23:21:24.755 [info] > git for-each-ref --sort -committerdate --format %(refname) %(objectname) %(*objectname) [2ms]
2025-01-15 23:21:24.821 [info] > git status -z -uall [83ms]
2025-01-15 23:21:25.526 [info] > git ls-files --stage -- /home/edinsonpb/css/style.css [13ms]
2025-01-15 23:21:25.614 [info] > git show --textconv :css/style.css [115ms]
2025-01-15 23:21:25.614 [info] > git cat-file -s b428f65a752608d0b1615683bc9cb8e1c9b0c06f [74ms]
2025-01-15 23:21:25.778 [info] > git check-ignore -v -z --stdin [6ms]
2025-01-15 23:21:25.989 [info] > git blame --root --incremental e2d1162d2ab44907075b95ac8c853f0016f816e7 -- /home/edinsonpb/css/style.css [313ms]
2025-01-15 23:21:26.795 [info] > git show --textconv :index.html [17ms]
2025-01-15 23:21:26.806 [info] > git ls-files --stage -- /home/edinsonpb/index.html [18ms]
2025-01-15 23:21:26.834 [info] > git cat-file -s ebff0fd8818b8ad139dc0a5f520b42635127ef4d [13ms]
2025-01-15 23:21:29.856 [info] > git config --get commit.template [12ms]
2025-01-15 23:21:29.858 [info] > git for-each-ref --format=%(refname)%00%(upstream:short)%00%(objectname)%00%(upstream:track)%00%(upstream:remotename)%00%(upstream:remoteref) refs/heads/master refs/remotes/master [3ms]
2025-01-15 23:21:29.878 [info] > git for-each-ref --sort -committerdate --format %(refname) %(objectname) %(*objectname) [4ms]
2025-01-15 23:21:29.946 [info] > git status -z -uall [81ms]
2025-01-15 23:21:35.001 [info] > git config --get commit.template [26ms]
2025-01-15 23:21:35.003 [info] > git for-each-ref --format=%(refname)%00%(upstream:short)%00%(objectname)%00%(upstream:track)%00%(upstream:remotename)%00%(upstream:remoteref) refs/heads/master refs/remotes/master [7ms]
2025-01-15 23:21:35.051 [info] > git for-each-ref --sort -committerdate --format %(refname) %(objectname) %(*objectname) [4ms]
2025-01-15 23:21:35.108 [info] > git status -z -uall [71ms]
2025-01-15 23:21:40.137 [info] > git config --get commit.template [11ms]
2025-01-15 23:21:40.140 [info] > git for-each-ref --format=%(refname)%00%(upstream:short)%00%(objectname)%00%(upstream:track)%00%(upstream:remotename)%00%(upstream:remoteref) refs/heads/master refs/remotes/master [3ms]
2025-01-15 23:21:40.181 [info] > git for-each-ref --sort -committerdate --format %(refname) %(objectname) %(*objectname) [8ms]
2025-01-15 23:21:40.224 [info] > git status -z -uall [78ms]
2025-01-15 23:21:45.275 [info] > git config --get commit.template [13ms]
2025-01-15 23:21:45.278 [info] > git for-each-ref --format=%(refname)%00%(upstream:short)%00%(objectname)%00%(upstream:track)%00%(upstream:remotename)%00%(upstream:remoteref) refs/heads/master refs/remotes/master [4ms]
2025-01-15 23:21:45.330 [info] > git for-each-ref --sort -committerdate --format %(refname) %(objectname) %(*objectname) [13ms]
2025-01-15 23:21:45.375 [info] > git status -z -uall [68ms]
2025-01-15 23:26:42.862 [info] > git config --get commit.template [19ms]
2025-01-15 23:26:42.866 [info] > git for-each-ref --format=%(refname)%00%(upstream:short)%00%(objectname)%00%(upstream:track)%00%(upstream:remotename)%00%(upstream:remoteref) refs/heads/master refs/remotes/master [7ms]
2025-01-15 23:26:42.915 [info] > git for-each-ref --sort -committerdate --format %(refname) %(objectname) %(*objectname) [19ms]
2025-01-15 23:26:43.232 [info] > git status -z -uall [345ms]
