2025-01-12 16:33:30.652 [info] [main] Log level: Info
2025-01-12 16:33:30.656 [info] [main] Validating found git in: "git"
2025-01-12 16:33:30.656 [info] [main] Using git "2.43.0" from "git"
2025-01-12 16:33:30.657 [info] [Model][doInitialScan] Initial repository scan started
2025-01-12 16:33:30.657 [info] > git rev-parse --show-toplevel [1942ms]
2025-01-12 16:33:30.657 [info] > git rev-parse --git-dir --git-common-dir [35ms]
2025-01-12 16:33:30.657 [info] [Model][openRepository] Opened repository: /home/edinsonpb
2025-01-12 16:33:31.251 [info] > git config --get commit.template [578ms]
2025-01-12 16:33:31.355 [info] > git rev-parse --show-toplevel [13ms]
2025-01-12 16:33:33.005 [info] > git check-ignore -v -z --stdin [43ms]
2025-01-12 16:33:33.016 [info] > git for-each-ref --format=%(refname)%00%(upstream:short)%00%(objectname)%00%(upstream:track)%00%(upstream:remotename)%00%(upstream:remoteref) refs/heads/master refs/remotes/master [1693ms]
2025-01-12 16:33:33.035 [info] > git rev-parse --show-toplevel [1671ms]
2025-01-12 16:33:33.131 [info] > git for-each-ref --sort -committerdate --format %(refname) %(objectname) %(*objectname) [98ms]
2025-01-12 16:33:33.160 [info] > git rev-parse --show-toplevel [66ms]
2025-01-12 16:33:33.256 [info] > git status -z -uall [233ms]
2025-01-12 16:33:33.259 [info] > git rev-parse --show-toplevel [59ms]
2025-01-12 16:33:33.889 [info] > git for-each-ref --format=%(refname)%00%(upstream:short)%00%(objectname)%00%(upstream:track)%00%(upstream:remotename)%00%(upstream:remoteref) refs/heads/master refs/remotes/master [179ms]
2025-01-12 16:33:33.902 [info] > git rev-parse --show-toplevel [625ms]
2025-01-12 16:33:34.124 [info] > git config --local branch.master.vscode-merge-base [223ms]
2025-01-12 16:33:34.124 [warning] [Git][config] git config failed: Failed to execute git
2025-01-12 16:33:34.134 [info] > git config --get commit.template [399ms]
2025-01-12 16:33:34.190 [info] > git rev-parse --show-toplevel [174ms]
2025-01-12 16:33:34.588 [info] > git rev-parse --show-toplevel [363ms]
2025-01-12 16:33:34.592 [info] > git for-each-ref --format=%(refname)%00%(upstream:short)%00%(objectname)%00%(upstream:track)%00%(upstream:remotename)%00%(upstream:remoteref) refs/heads/master refs/remotes/master [384ms]
2025-01-12 16:33:35.627 [info] > git status -z -uall [1029ms]
2025-01-12 16:33:35.628 [info] > git for-each-ref --sort -committerdate --format %(refname) %(objectname) %(*objectname) [1017ms]
2025-01-12 16:33:40.154 [info] > git rev-parse --show-toplevel [5523ms]
2025-01-12 16:33:40.163 [info] [Model][doInitialScan] Initial repository scan completed - repositories (1), closed repositories (0), parent repositories (0), unsafe repositories (0)
2025-01-12 16:33:40.210 [info] > git reflog master --grep-reflog=branch: Created from *. [6077ms]
2025-01-12 16:33:40.271 [info] > git for-each-ref --format=%(refname)%00%(upstream:short)%00%(objectname)%00%(upstream:track)%00%(upstream:remotename)%00%(upstream:remoteref) refs/heads/master refs/remotes/master [67ms]
2025-01-12 16:33:40.327 [info] > git ls-files --stage -- /home/edinsonpb/index.html [139ms]
2025-01-12 16:33:40.599 [info] > git show --textconv :index.html [424ms]
2025-01-12 16:33:40.640 [info] > git cat-file -s f28c5a4738e83b2be5110af411cc0a5654e0f79f [306ms]
2025-01-12 16:33:40.643 [info] > git config --local branch.master.vscode-merge-base [315ms]
2025-01-12 16:33:40.643 [warning] [Git][config] git config failed: Failed to execute git
2025-01-12 16:33:40.652 [info] > git config --get commit.template [392ms]
2025-01-12 16:33:40.653 [info] > git symbolic-ref --short refs/remotes/origin/HEAD [437ms]
2025-01-12 16:33:40.654 [info] fatal: ref refs/remotes/origin/HEAD is not a symbolic ref
2025-01-12 16:33:40.654 [warning] [Repository][getDefaultBranch] Failed to get default branch details: Failed to execute git.
2025-01-12 16:33:40.671 [info] > git reflog master --grep-reflog=branch: Created from *. [21ms]
2025-01-12 16:33:40.719 [info] > git symbolic-ref --short refs/remotes/origin/HEAD [43ms]
2025-01-12 16:33:40.720 [info] fatal: ref refs/remotes/origin/HEAD is not a symbolic ref
2025-01-12 16:33:40.720 [warning] [Repository][getDefaultBranch] Failed to get default branch details: Failed to execute git.
2025-01-12 16:33:40.736 [info] > git for-each-ref --format=%(refname)%00%(upstream:short)%00%(objectname)%00%(upstream:track)%00%(upstream:remotename)%00%(upstream:remoteref) refs/heads/master refs/remotes/master [43ms]
2025-01-12 16:33:40.771 [info] > git for-each-ref --sort -committerdate --format %(refname) %(objectname) %(*objectname) [6ms]
2025-01-12 16:33:41.451 [info] > git status -z -uall [699ms]
2025-01-12 16:33:46.284 [info] > git config --get commit.template [12ms]
2025-01-12 16:33:46.586 [info] > git for-each-ref --format=%(refname)%00%(upstream:short)%00%(objectname)%00%(upstream:track)%00%(upstream:remotename)%00%(upstream:remoteref) refs/heads/master refs/remotes/master [27ms]
2025-01-12 16:33:46.624 [info] > git for-each-ref --sort -committerdate --format %(refname) %(objectname) %(*objectname) [21ms]
2025-01-12 16:33:46.958 [info] > git status -z -uall [364ms]
2025-01-12 16:33:48.956 [info] > git blame --root --incremental 72184f1088f8d04250953990204142b7bbb3c898 -- /home/edinsonpb/index.html [8065ms]
2025-01-12 16:33:51.991 [info] > git config --get commit.template [9ms]
2025-01-12 16:33:51.993 [info] > git for-each-ref --format=%(refname)%00%(upstream:short)%00%(objectname)%00%(upstream:track)%00%(upstream:remotename)%00%(upstream:remoteref) refs/heads/master refs/remotes/master [6ms]
2025-01-12 16:33:52.029 [info] > git for-each-ref --sort -committerdate --format %(refname) %(objectname) %(*objectname) [17ms]
2025-01-12 16:33:52.089 [info] > git status -z -uall [87ms]
2025-01-12 16:33:57.122 [info] > git config --get commit.template [15ms]
2025-01-12 16:33:57.123 [info] > git for-each-ref --format=%(refname)%00%(upstream:short)%00%(objectname)%00%(upstream:track)%00%(upstream:remotename)%00%(upstream:remoteref) refs/heads/master refs/remotes/master [6ms]
2025-01-12 16:33:57.168 [info] > git for-each-ref --sort -committerdate --format %(refname) %(objectname) %(*objectname) [19ms]
2025-01-12 16:33:57.352 [info] > git status -z -uall [218ms]
2025-01-12 16:34:02.377 [info] > git config --get commit.template [2ms]
2025-01-12 16:34:02.394 [info] > git for-each-ref --format=%(refname)%00%(upstream:short)%00%(objectname)%00%(upstream:track)%00%(upstream:remotename)%00%(upstream:remoteref) refs/heads/master refs/remotes/master [4ms]
2025-01-12 16:34:02.445 [info] > git for-each-ref --sort -committerdate --format %(refname) %(objectname) %(*objectname) [24ms]
2025-01-12 16:34:02.649 [info] > git status -z -uall [237ms]
2025-01-12 16:34:07.674 [info] > git config --get commit.template [8ms]
2025-01-12 16:34:07.687 [info] > git for-each-ref --format=%(refname)%00%(upstream:short)%00%(objectname)%00%(upstream:track)%00%(upstream:remotename)%00%(upstream:remoteref) refs/heads/master refs/remotes/master [4ms]
2025-01-12 16:34:07.742 [info] > git for-each-ref --sort -committerdate --format %(refname) %(objectname) %(*objectname) [28ms]
2025-01-12 16:34:07.898 [info] > git status -z -uall [200ms]
2025-01-12 16:34:12.944 [info] > git config --get commit.template [14ms]
2025-01-12 16:34:12.946 [info] > git for-each-ref --format=%(refname)%00%(upstream:short)%00%(objectname)%00%(upstream:track)%00%(upstream:remotename)%00%(upstream:remoteref) refs/heads/master refs/remotes/master [4ms]
2025-01-12 16:34:12.979 [info] > git for-each-ref --sort -committerdate --format %(refname) %(objectname) %(*objectname) [9ms]
2025-01-12 16:34:13.080 [info] > git status -z -uall [122ms]
2025-01-12 16:34:18.107 [info] > git config --get commit.template [4ms]
2025-01-12 16:34:18.123 [info] > git for-each-ref --format=%(refname)%00%(upstream:short)%00%(objectname)%00%(upstream:track)%00%(upstream:remotename)%00%(upstream:remoteref) refs/heads/master refs/remotes/master [7ms]
2025-01-12 16:34:18.153 [info] > git for-each-ref --sort -committerdate --format %(refname) %(objectname) %(*objectname) [4ms]
2025-01-12 16:34:18.302 [info] > git status -z -uall [164ms]
2025-01-12 16:34:24.039 [info] > git config --get commit.template [8ms]
2025-01-12 16:34:24.049 [info] > git for-each-ref --format=%(refname)%00%(upstream:short)%00%(objectname)%00%(upstream:track)%00%(upstream:remotename)%00%(upstream:remoteref) refs/heads/master refs/remotes/master [3ms]
2025-01-12 16:34:24.084 [info] > git for-each-ref --sort -committerdate --format %(refname) %(objectname) %(*objectname) [12ms]
2025-01-12 16:34:24.164 [info] > git status -z -uall [104ms]
2025-01-12 16:34:29.197 [info] > git config --get commit.template [14ms]
2025-01-12 16:34:29.198 [info] > git for-each-ref --format=%(refname)%00%(upstream:short)%00%(objectname)%00%(upstream:track)%00%(upstream:remotename)%00%(upstream:remoteref) refs/heads/master refs/remotes/master [3ms]
2025-01-12 16:34:29.241 [info] > git for-each-ref --sort -committerdate --format %(refname) %(objectname) %(*objectname) [9ms]
2025-01-12 16:34:29.307 [info] > git status -z -uall [100ms]
2025-01-12 16:34:34.339 [info] > git config --get commit.template [15ms]
2025-01-12 16:34:34.340 [info] > git for-each-ref --format=%(refname)%00%(upstream:short)%00%(objectname)%00%(upstream:track)%00%(upstream:remotename)%00%(upstream:remoteref) refs/heads/master refs/remotes/master [3ms]
2025-01-12 16:34:34.377 [info] > git for-each-ref --sort -committerdate --format %(refname) %(objectname) %(*objectname) [20ms]
2025-01-12 16:34:34.486 [info] > git status -z -uall [139ms]
2025-01-12 16:34:39.513 [info] > git config --get commit.template [14ms]
2025-01-12 16:34:39.515 [info] > git for-each-ref --format=%(refname)%00%(upstream:short)%00%(objectname)%00%(upstream:track)%00%(upstream:remotename)%00%(upstream:remoteref) refs/heads/master refs/remotes/master [4ms]
2025-01-12 16:34:39.546 [info] > git for-each-ref --sort -committerdate --format %(refname) %(objectname) %(*objectname) [13ms]
2025-01-12 16:34:39.662 [info] > git status -z -uall [140ms]
2025-01-12 16:34:44.703 [info] > git for-each-ref --format=%(refname)%00%(upstream:short)%00%(objectname)%00%(upstream:track)%00%(upstream:remotename)%00%(upstream:remoteref) refs/heads/master refs/remotes/master [6ms]
2025-01-12 16:34:44.708 [info] > git config --get commit.template [25ms]
2025-01-12 16:34:44.737 [info] > git for-each-ref --sort -committerdate --format %(refname) %(objectname) %(*objectname) [11ms]
2025-01-12 16:34:44.794 [info] > git status -z -uall [77ms]
2025-01-12 16:34:49.824 [info] > git config --get commit.template [14ms]
2025-01-12 16:34:49.825 [info] > git for-each-ref --format=%(refname)%00%(upstream:short)%00%(objectname)%00%(upstream:track)%00%(upstream:remotename)%00%(upstream:remoteref) refs/heads/master refs/remotes/master [7ms]
2025-01-12 16:34:49.860 [info] > git for-each-ref --sort -committerdate --format %(refname) %(objectname) %(*objectname) [14ms]
2025-01-12 16:34:49.921 [info] > git status -z -uall [89ms]
2025-01-12 16:34:54.953 [info] > git config --get commit.template [15ms]
2025-01-12 16:34:54.956 [info] > git for-each-ref --format=%(refname)%00%(upstream:short)%00%(objectname)%00%(upstream:track)%00%(upstream:remotename)%00%(upstream:remoteref) refs/heads/master refs/remotes/master [5ms]
2025-01-12 16:34:54.979 [info] > git for-each-ref --sort -committerdate --format %(refname) %(objectname) %(*objectname) [6ms]
2025-01-12 16:34:55.061 [info] > git status -z -uall [94ms]
2025-01-12 16:35:00.088 [info] > git config --get commit.template [12ms]
2025-01-12 16:35:00.091 [info] > git for-each-ref --format=%(refname)%00%(upstream:short)%00%(objectname)%00%(upstream:track)%00%(upstream:remotename)%00%(upstream:remoteref) refs/heads/master refs/remotes/master [5ms]
2025-01-12 16:35:00.122 [info] > git for-each-ref --sort -committerdate --format %(refname) %(objectname) %(*objectname) [6ms]
2025-01-12 16:35:00.210 [info] > git status -z -uall [105ms]
2025-01-12 16:35:05.245 [info] > git config --get commit.template [15ms]
2025-01-12 16:35:05.247 [info] > git for-each-ref --format=%(refname)%00%(upstream:short)%00%(objectname)%00%(upstream:track)%00%(upstream:remotename)%00%(upstream:remoteref) refs/heads/master refs/remotes/master [4ms]
2025-01-12 16:35:05.289 [info] > git for-each-ref --sort -committerdate --format %(refname) %(objectname) %(*objectname) [7ms]
2025-01-12 16:35:05.391 [info] > git status -z -uall [120ms]
2025-01-12 16:35:10.422 [info] > git config --get commit.template [12ms]
2025-01-12 16:35:10.425 [info] > git for-each-ref --format=%(refname)%00%(upstream:short)%00%(objectname)%00%(upstream:track)%00%(upstream:remotename)%00%(upstream:remoteref) refs/heads/master refs/remotes/master [6ms]
2025-01-12 16:35:10.460 [info] > git for-each-ref --sort -committerdate --format %(refname) %(objectname) %(*objectname) [17ms]
2025-01-12 16:35:10.566 [info] > git status -z -uall [134ms]
2025-01-12 16:35:15.600 [info] > git config --get commit.template [15ms]
2025-01-12 16:35:15.601 [info] > git for-each-ref --format=%(refname)%00%(upstream:short)%00%(objectname)%00%(upstream:track)%00%(upstream:remotename)%00%(upstream:remoteref) refs/heads/master refs/remotes/master [3ms]
2025-01-12 16:35:15.663 [info] > git for-each-ref --sort -committerdate --format %(refname) %(objectname) %(*objectname) [14ms]
2025-01-12 16:35:15.769 [info] > git status -z -uall [158ms]
2025-01-12 16:35:20.799 [info] > git config --get commit.template [12ms]
2025-01-12 16:35:20.802 [info] > git for-each-ref --format=%(refname)%00%(upstream:short)%00%(objectname)%00%(upstream:track)%00%(upstream:remotename)%00%(upstream:remoteref) refs/heads/master refs/remotes/master [5ms]
2025-01-12 16:35:20.827 [info] > git for-each-ref --sort -committerdate --format %(refname) %(objectname) %(*objectname) [4ms]
2025-01-12 16:35:20.917 [info] > git status -z -uall [105ms]
2025-01-12 16:35:25.941 [info] > git config --get commit.template [7ms]
2025-01-12 16:35:25.953 [info] > git for-each-ref --format=%(refname)%00%(upstream:short)%00%(objectname)%00%(upstream:track)%00%(upstream:remotename)%00%(upstream:remoteref) refs/heads/master refs/remotes/master [5ms]
2025-01-12 16:35:25.978 [info] > git for-each-ref --sort -committerdate --format %(refname) %(objectname) %(*objectname) [2ms]
2025-01-12 16:35:26.056 [info] > git status -z -uall [95ms]
2025-01-12 16:35:31.082 [info] > git config --get commit.template [12ms]
2025-01-12 16:35:31.087 [info] > git for-each-ref --format=%(refname)%00%(upstream:short)%00%(objectname)%00%(upstream:track)%00%(upstream:remotename)%00%(upstream:remoteref) refs/heads/master refs/remotes/master [7ms]
2025-01-12 16:35:31.128 [info] > git for-each-ref --sort -committerdate --format %(refname) %(objectname) %(*objectname) [21ms]
2025-01-12 16:35:31.188 [info] > git status -z -uall [93ms]
2025-01-12 16:35:36.218 [info] > git config --get commit.template [14ms]
2025-01-12 16:35:36.220 [info] > git for-each-ref --format=%(refname)%00%(upstream:short)%00%(objectname)%00%(upstream:track)%00%(upstream:remotename)%00%(upstream:remoteref) refs/heads/master refs/remotes/master [4ms]
2025-01-12 16:35:36.256 [info] > git for-each-ref --sort -committerdate --format %(refname) %(objectname) %(*objectname) [6ms]
2025-01-12 16:35:36.318 [info] > git status -z -uall [91ms]
2025-01-12 16:35:41.352 [info] > git config --get commit.template [15ms]
2025-01-12 16:35:41.354 [info] > git for-each-ref --format=%(refname)%00%(upstream:short)%00%(objectname)%00%(upstream:track)%00%(upstream:remotename)%00%(upstream:remoteref) refs/heads/master refs/remotes/master [4ms]
2025-01-12 16:35:41.411 [info] > git for-each-ref --sort -committerdate --format %(refname) %(objectname) %(*objectname) [20ms]
2025-01-12 16:35:41.491 [info] > git status -z -uall [109ms]
2025-01-12 16:35:46.530 [info] > git config --get commit.template [23ms]
2025-01-12 16:35:46.534 [info] > git for-each-ref --format=%(refname)%00%(upstream:short)%00%(objectname)%00%(upstream:track)%00%(upstream:remotename)%00%(upstream:remoteref) refs/heads/master refs/remotes/master [8ms]
2025-01-12 16:35:46.625 [info] > git for-each-ref --sort -committerdate --format %(refname) %(objectname) %(*objectname) [28ms]
2025-01-12 16:35:46.809 [info] > git status -z -uall [226ms]
2025-01-12 16:35:51.849 [info] > git config --get commit.template [8ms]
2025-01-12 16:35:51.868 [info] > git for-each-ref --format=%(refname)%00%(upstream:short)%00%(objectname)%00%(upstream:track)%00%(upstream:remotename)%00%(upstream:remoteref) refs/heads/master refs/remotes/master [3ms]
2025-01-12 16:35:51.908 [info] > git for-each-ref --sort -committerdate --format %(refname) %(objectname) %(*objectname) [15ms]
2025-01-12 16:35:52.030 [info] > git status -z -uall [150ms]
2025-01-12 16:35:57.081 [info] > git config --get commit.template [21ms]
2025-01-12 16:35:57.082 [info] > git for-each-ref --format=%(refname)%00%(upstream:short)%00%(objectname)%00%(upstream:track)%00%(upstream:remotename)%00%(upstream:remoteref) refs/heads/master refs/remotes/master [7ms]
2025-01-12 16:35:57.124 [info] > git for-each-ref --sort -committerdate --format %(refname) %(objectname) %(*objectname) [16ms]
2025-01-12 16:35:57.209 [info] > git status -z -uall [119ms]
2025-01-12 16:36:02.244 [info] > git config --get commit.template [15ms]
2025-01-12 16:36:02.245 [info] > git for-each-ref --format=%(refname)%00%(upstream:short)%00%(objectname)%00%(upstream:track)%00%(upstream:remotename)%00%(upstream:remoteref) refs/heads/master refs/remotes/master [7ms]
2025-01-12 16:36:02.267 [info] > git for-each-ref --sort -committerdate --format %(refname) %(objectname) %(*objectname) [4ms]
2025-01-12 16:36:02.343 [info] > git status -z -uall [89ms]
2025-01-12 16:36:07.377 [info] > git config --get commit.template [14ms]
2025-01-12 16:36:07.380 [info] > git for-each-ref --format=%(refname)%00%(upstream:short)%00%(objectname)%00%(upstream:track)%00%(upstream:remotename)%00%(upstream:remoteref) refs/heads/master refs/remotes/master [5ms]
2025-01-12 16:36:07.431 [info] > git for-each-ref --sort -committerdate --format %(refname) %(objectname) %(*objectname) [4ms]
2025-01-12 16:36:07.653 [info] > git status -z -uall [237ms]
2025-01-12 16:36:12.682 [info] > git config --get commit.template [11ms]
2025-01-12 16:36:12.684 [info] > git for-each-ref --format=%(refname)%00%(upstream:short)%00%(objectname)%00%(upstream:track)%00%(upstream:remotename)%00%(upstream:remoteref) refs/heads/master refs/remotes/master [2ms]
2025-01-12 16:36:12.736 [info] > git for-each-ref --sort -committerdate --format %(refname) %(objectname) %(*objectname) [16ms]
2025-01-12 16:36:12.816 [info] > git status -z -uall [109ms]
2025-01-12 16:36:17.848 [info] > git config --get commit.template [14ms]
2025-01-12 16:36:17.850 [info] > git for-each-ref --format=%(refname)%00%(upstream:short)%00%(objectname)%00%(upstream:track)%00%(upstream:remotename)%00%(upstream:remoteref) refs/heads/master refs/remotes/master [4ms]
2025-01-12 16:36:17.903 [info] > git for-each-ref --sort -committerdate --format %(refname) %(objectname) %(*objectname) [5ms]
2025-01-12 16:36:18.020 [info] > git status -z -uall [133ms]
2025-01-12 16:36:24.913 [info] > git config --get commit.template [20ms]
2025-01-12 16:36:24.916 [info] > git for-each-ref --format=%(refname)%00%(upstream:short)%00%(objectname)%00%(upstream:track)%00%(upstream:remotename)%00%(upstream:remoteref) refs/heads/master refs/remotes/master [6ms]
2025-01-12 16:36:24.989 [info] > git for-each-ref --sort -committerdate --format %(refname) %(objectname) %(*objectname) [30ms]
2025-01-12 16:36:25.194 [info] > git status -z -uall [254ms]
2025-01-12 16:36:30.236 [info] > git config --get commit.template [16ms]
2025-01-12 16:36:30.238 [info] > git for-each-ref --format=%(refname)%00%(upstream:short)%00%(objectname)%00%(upstream:track)%00%(upstream:remotename)%00%(upstream:remoteref) refs/heads/master refs/remotes/master [5ms]
2025-01-12 16:36:30.286 [info] > git for-each-ref --sort -committerdate --format %(refname) %(objectname) %(*objectname) [23ms]
2025-01-12 16:36:30.373 [info] > git status -z -uall [124ms]
2025-01-12 16:36:35.399 [info] > git config --get commit.template [10ms]
2025-01-12 16:36:35.402 [info] > git for-each-ref --format=%(refname)%00%(upstream:short)%00%(objectname)%00%(upstream:track)%00%(upstream:remotename)%00%(upstream:remoteref) refs/heads/master refs/remotes/master [4ms]
2025-01-12 16:36:35.424 [info] > git for-each-ref --sort -committerdate --format %(refname) %(objectname) %(*objectname) [4ms]
2025-01-12 16:36:35.497 [info] > git status -z -uall [86ms]
2025-01-12 16:36:40.526 [info] > git config --get commit.template [14ms]
2025-01-12 16:36:40.526 [info] > git for-each-ref --format=%(refname)%00%(upstream:short)%00%(objectname)%00%(upstream:track)%00%(upstream:remotename)%00%(upstream:remoteref) refs/heads/master refs/remotes/master [5ms]
2025-01-12 16:36:40.558 [info] > git for-each-ref --sort -committerdate --format %(refname) %(objectname) %(*objectname) [7ms]
2025-01-12 16:36:40.666 [info] > git status -z -uall [131ms]
2025-01-12 16:36:45.689 [info] > git config --get commit.template [2ms]
2025-01-12 16:36:45.709 [info] > git for-each-ref --format=%(refname)%00%(upstream:short)%00%(objectname)%00%(upstream:track)%00%(upstream:remotename)%00%(upstream:remoteref) refs/heads/master refs/remotes/master [9ms]
2025-01-12 16:36:45.753 [info] > git for-each-ref --sort -committerdate --format %(refname) %(objectname) %(*objectname) [20ms]
2025-01-12 16:36:45.821 [info] > git status -z -uall [97ms]
2025-01-12 16:36:50.849 [info] > git config --get commit.template [14ms]
2025-01-12 16:36:50.850 [info] > git for-each-ref --format=%(refname)%00%(upstream:short)%00%(objectname)%00%(upstream:track)%00%(upstream:remotename)%00%(upstream:remoteref) refs/heads/master refs/remotes/master [3ms]
2025-01-12 16:36:50.886 [info] > git for-each-ref --sort -committerdate --format %(refname) %(objectname) %(*objectname) [18ms]
2025-01-12 16:36:50.926 [info] > git status -z -uall [69ms]
2025-01-12 16:36:55.955 [info] > git config --get commit.template [12ms]
2025-01-12 16:36:55.957 [info] > git for-each-ref --format=%(refname)%00%(upstream:short)%00%(objectname)%00%(upstream:track)%00%(upstream:remotename)%00%(upstream:remoteref) refs/heads/master refs/remotes/master [4ms]
2025-01-12 16:36:55.993 [info] > git for-each-ref --sort -committerdate --format %(refname) %(objectname) %(*objectname) [16ms]
2025-01-12 16:36:56.060 [info] > git status -z -uall [92ms]
2025-01-12 16:37:05.325 [info] > git config --get commit.template [23ms]
2025-01-12 16:37:05.332 [info] > git for-each-ref --format=%(refname)%00%(upstream:short)%00%(objectname)%00%(upstream:track)%00%(upstream:remotename)%00%(upstream:remoteref) refs/heads/master refs/remotes/master [14ms]
2025-01-12 16:37:05.389 [info] > git for-each-ref --sort -committerdate --format %(refname) %(objectname) %(*objectname) [17ms]
2025-01-12 16:37:05.600 [info] > git status -z -uall [253ms]
2025-01-12 16:37:10.633 [info] > git config --get commit.template [8ms]
2025-01-12 16:37:10.635 [info] > git for-each-ref --format=%(refname)%00%(upstream:short)%00%(objectname)%00%(upstream:track)%00%(upstream:remotename)%00%(upstream:remoteref) refs/heads/master refs/remotes/master [3ms]
2025-01-12 16:37:10.658 [info] > git for-each-ref --sort -committerdate --format %(refname) %(objectname) %(*objectname) [1ms]
2025-01-12 16:37:10.745 [info] > git status -z -uall [102ms]
2025-01-12 16:37:15.770 [info] > git config --get commit.template [11ms]
2025-01-12 16:37:15.772 [info] > git for-each-ref --format=%(refname)%00%(upstream:short)%00%(objectname)%00%(upstream:track)%00%(upstream:remotename)%00%(upstream:remoteref) refs/heads/master refs/remotes/master [3ms]
2025-01-12 16:37:15.792 [info] > git for-each-ref --sort -committerdate --format %(refname) %(objectname) %(*objectname) [6ms]
2025-01-12 16:37:15.842 [info] > git status -z -uall [64ms]
2025-01-12 16:37:20.922 [info] > git config --get commit.template [28ms]
2025-01-12 16:37:20.927 [info] > git for-each-ref --format=%(refname)%00%(upstream:short)%00%(objectname)%00%(upstream:track)%00%(upstream:remotename)%00%(upstream:remoteref) refs/heads/master refs/remotes/master [7ms]
2025-01-12 16:37:21.001 [info] > git for-each-ref --sort -committerdate --format %(refname) %(objectname) %(*objectname) [17ms]
2025-01-12 16:37:21.124 [info] > git status -z -uall [172ms]
2025-01-12 16:37:26.167 [info] > git config --get commit.template [6ms]
2025-01-12 16:37:26.181 [info] > git for-each-ref --format=%(refname)%00%(upstream:short)%00%(objectname)%00%(upstream:track)%00%(upstream:remotename)%00%(upstream:remoteref) refs/heads/master refs/remotes/master [3ms]
2025-01-12 16:37:26.217 [info] > git for-each-ref --sort -committerdate --format %(refname) %(objectname) %(*objectname) [3ms]
2025-01-12 16:37:26.285 [info] > git status -z -uall [96ms]
2025-01-12 16:37:31.305 [info] > git config --get commit.template [4ms]
2025-01-12 16:37:31.322 [info] > git for-each-ref --format=%(refname)%00%(upstream:short)%00%(objectname)%00%(upstream:track)%00%(upstream:remotename)%00%(upstream:remoteref) refs/heads/master refs/remotes/master [8ms]
2025-01-12 16:37:31.346 [info] > git for-each-ref --sort -committerdate --format %(refname) %(objectname) %(*objectname) [4ms]
2025-01-12 16:37:31.444 [info] > git status -z -uall [113ms]
2025-01-12 16:37:36.471 [info] > git config --get commit.template [13ms]
2025-01-12 16:37:36.474 [info] > git for-each-ref --format=%(refname)%00%(upstream:short)%00%(objectname)%00%(upstream:track)%00%(upstream:remotename)%00%(upstream:remoteref) refs/heads/master refs/remotes/master [5ms]
2025-01-12 16:37:36.510 [info] > git for-each-ref --sort -committerdate --format %(refname) %(objectname) %(*objectname) [15ms]
2025-01-12 16:37:36.576 [info] > git status -z -uall [94ms]
2025-01-12 16:37:41.601 [info] > git config --get commit.template [10ms]
2025-01-12 16:37:41.602 [info] > git for-each-ref --format=%(refname)%00%(upstream:short)%00%(objectname)%00%(upstream:track)%00%(upstream:remotename)%00%(upstream:remoteref) refs/heads/master refs/remotes/master [3ms]
2025-01-12 16:37:41.625 [info] > git for-each-ref --sort -committerdate --format %(refname) %(objectname) %(*objectname) [7ms]
2025-01-12 16:37:41.689 [info] > git status -z -uall [81ms]
2025-01-12 16:37:46.728 [info] > git config --get commit.template [7ms]
2025-01-12 16:37:46.749 [info] > git for-each-ref --format=%(refname)%00%(upstream:short)%00%(objectname)%00%(upstream:track)%00%(upstream:remotename)%00%(upstream:remoteref) refs/heads/master refs/remotes/master [10ms]
2025-01-12 16:37:46.789 [info] > git for-each-ref --sort -committerdate --format %(refname) %(objectname) %(*objectname) [22ms]
2025-01-12 16:37:46.991 [info] > git status -z -uall [235ms]
2025-01-12 16:37:59.179 [info] > git config --get commit.template [8ms]
2025-01-12 16:37:59.202 [info] > git for-each-ref --format=%(refname)%00%(upstream:short)%00%(objectname)%00%(upstream:track)%00%(upstream:remotename)%00%(upstream:remoteref) refs/heads/master refs/remotes/master [13ms]
2025-01-12 16:37:59.275 [info] > git for-each-ref --sort -committerdate --format %(refname) %(objectname) %(*objectname) [25ms]
2025-01-12 16:37:59.351 [info] > git status -z -uall [141ms]
2025-01-12 16:38:04.380 [info] > git config --get commit.template [13ms]
2025-01-12 16:38:04.382 [info] > git for-each-ref --format=%(refname)%00%(upstream:short)%00%(objectname)%00%(upstream:track)%00%(upstream:remotename)%00%(upstream:remoteref) refs/heads/master refs/remotes/master [3ms]
2025-01-12 16:38:04.412 [info] > git for-each-ref --sort -committerdate --format %(refname) %(objectname) %(*objectname) [11ms]
2025-01-12 16:38:04.481 [info] > git status -z -uall [89ms]
2025-01-12 16:38:09.508 [info] > git config --get commit.template [12ms]
2025-01-12 16:38:09.510 [info] > git for-each-ref --format=%(refname)%00%(upstream:short)%00%(objectname)%00%(upstream:track)%00%(upstream:remotename)%00%(upstream:remoteref) refs/heads/master refs/remotes/master [3ms]
2025-01-12 16:38:09.536 [info] > git for-each-ref --sort -committerdate --format %(refname) %(objectname) %(*objectname) [4ms]
2025-01-12 16:38:09.615 [info] > git status -z -uall [92ms]
2025-01-12 16:38:14.642 [info] > git config --get commit.template [10ms]
2025-01-12 16:38:14.644 [info] > git for-each-ref --format=%(refname)%00%(upstream:short)%00%(objectname)%00%(upstream:track)%00%(upstream:remotename)%00%(upstream:remoteref) refs/heads/master refs/remotes/master [4ms]
2025-01-12 16:38:14.667 [info] > git for-each-ref --sort -committerdate --format %(refname) %(objectname) %(*objectname) [4ms]
2025-01-12 16:38:14.757 [info] > git status -z -uall [104ms]
2025-01-12 16:38:19.779 [info] > git config --get commit.template [10ms]
2025-01-12 16:38:19.782 [info] > git for-each-ref --format=%(refname)%00%(upstream:short)%00%(objectname)%00%(upstream:track)%00%(upstream:remotename)%00%(upstream:remoteref) refs/heads/master refs/remotes/master [3ms]
2025-01-12 16:38:19.816 [info] > git for-each-ref --sort -committerdate --format %(refname) %(objectname) %(*objectname) [6ms]
2025-01-12 16:38:19.865 [info] > git status -z -uall [76ms]
2025-01-12 16:38:24.886 [info] > git config --get commit.template [2ms]
2025-01-12 16:38:24.910 [info] > git for-each-ref --format=%(refname)%00%(upstream:short)%00%(objectname)%00%(upstream:track)%00%(upstream:remotename)%00%(upstream:remoteref) refs/heads/master refs/remotes/master [14ms]
2025-01-12 16:38:24.937 [info] > git for-each-ref --sort -committerdate --format %(refname) %(objectname) %(*objectname) [7ms]
2025-01-12 16:38:25.006 [info] > git status -z -uall [88ms]
2025-01-12 16:38:30.034 [info] > git config --get commit.template [15ms]
2025-01-12 16:38:30.036 [info] > git for-each-ref --format=%(refname)%00%(upstream:short)%00%(objectname)%00%(upstream:track)%00%(upstream:remotename)%00%(upstream:remoteref) refs/heads/master refs/remotes/master [4ms]
2025-01-12 16:38:30.068 [info] > git for-each-ref --sort -committerdate --format %(refname) %(objectname) %(*objectname) [4ms]
2025-01-12 16:38:30.143 [info] > git status -z -uall [88ms]
2025-01-12 16:38:35.165 [info] > git config --get commit.template [11ms]
2025-01-12 16:38:35.166 [info] > git for-each-ref --format=%(refname)%00%(upstream:short)%00%(objectname)%00%(upstream:track)%00%(upstream:remotename)%00%(upstream:remoteref) refs/heads/master refs/remotes/master [3ms]
2025-01-12 16:38:35.189 [info] > git for-each-ref --sort -committerdate --format %(refname) %(objectname) %(*objectname) [3ms]
2025-01-12 16:38:35.319 [info] > git status -z -uall [145ms]
2025-01-12 16:38:40.340 [info] > git config --get commit.template [9ms]
2025-01-12 16:38:40.342 [info] > git for-each-ref --format=%(refname)%00%(upstream:short)%00%(objectname)%00%(upstream:track)%00%(upstream:remotename)%00%(upstream:remoteref) refs/heads/master refs/remotes/master [3ms]
2025-01-12 16:38:40.370 [info] > git for-each-ref --sort -committerdate --format %(refname) %(objectname) %(*objectname) [13ms]
2025-01-12 16:38:40.418 [info] > git status -z -uall [70ms]
2025-01-12 16:38:45.443 [info] > git config --get commit.template [9ms]
2025-01-12 16:38:45.445 [info] > git for-each-ref --format=%(refname)%00%(upstream:short)%00%(objectname)%00%(upstream:track)%00%(upstream:remotename)%00%(upstream:remoteref) refs/heads/master refs/remotes/master [3ms]
2025-01-12 16:38:45.485 [info] > git for-each-ref --sort -committerdate --format %(refname) %(objectname) %(*objectname) [10ms]
2025-01-12 16:38:45.558 [info] > git status -z -uall [94ms]
2025-01-12 16:38:50.583 [info] > git config --get commit.template [11ms]
2025-01-12 16:38:50.585 [info] > git for-each-ref --format=%(refname)%00%(upstream:short)%00%(objectname)%00%(upstream:track)%00%(upstream:remotename)%00%(upstream:remoteref) refs/heads/master refs/remotes/master [3ms]
2025-01-12 16:38:50.616 [info] > git for-each-ref --sort -committerdate --format %(refname) %(objectname) %(*objectname) [4ms]
2025-01-12 16:38:50.710 [info] > git status -z -uall [109ms]
2025-01-12 16:38:55.741 [info] > git config --get commit.template [15ms]
2025-01-12 16:38:55.743 [info] > git for-each-ref --format=%(refname)%00%(upstream:short)%00%(objectname)%00%(upstream:track)%00%(upstream:remotename)%00%(upstream:remoteref) refs/heads/master refs/remotes/master [4ms]
2025-01-12 16:38:55.772 [info] > git for-each-ref --sort -committerdate --format %(refname) %(objectname) %(*objectname) [8ms]
2025-01-12 16:38:55.843 [info] > git status -z -uall [92ms]
2025-01-12 16:39:00.866 [info] > git config --get commit.template [11ms]
2025-01-12 16:39:00.867 [info] > git for-each-ref --format=%(refname)%00%(upstream:short)%00%(objectname)%00%(upstream:track)%00%(upstream:remotename)%00%(upstream:remoteref) refs/heads/master refs/remotes/master [3ms]
2025-01-12 16:39:00.907 [info] > git for-each-ref --sort -committerdate --format %(refname) %(objectname) %(*objectname) [12ms]
2025-01-12 16:39:00.959 [info] > git status -z -uall [80ms]
2025-01-12 16:39:05.998 [info] > git config --get commit.template [18ms]
2025-01-12 16:39:06.000 [info] > git for-each-ref --format=%(refname)%00%(upstream:short)%00%(objectname)%00%(upstream:track)%00%(upstream:remotename)%00%(upstream:remoteref) refs/heads/master refs/remotes/master [4ms]
2025-01-12 16:39:06.030 [info] > git for-each-ref --sort -committerdate --format %(refname) %(objectname) %(*objectname) [2ms]
2025-01-12 16:39:06.158 [info] > git status -z -uall [143ms]
2025-01-12 16:39:50.723 [info] > git config --get commit.template [19ms]
2025-01-12 16:39:50.736 [info] > git for-each-ref --format=%(refname)%00%(upstream:short)%00%(objectname)%00%(upstream:track)%00%(upstream:remotename)%00%(upstream:remoteref) refs/heads/master refs/remotes/master [14ms]
2025-01-12 16:39:50.791 [info] > git for-each-ref --sort -committerdate --format %(refname) %(objectname) %(*objectname) [17ms]
2025-01-12 16:39:50.862 [info] > git status -z -uall [117ms]
2025-01-12 16:39:55.901 [info] > git config --get commit.template [21ms]
2025-01-12 16:39:55.903 [info] > git for-each-ref --format=%(refname)%00%(upstream:short)%00%(objectname)%00%(upstream:track)%00%(upstream:remotename)%00%(upstream:remoteref) refs/heads/master refs/remotes/master [8ms]
2025-01-12 16:39:55.937 [info] > git for-each-ref --sort -committerdate --format %(refname) %(objectname) %(*objectname) [18ms]
2025-01-12 16:39:55.990 [info] > git status -z -uall [81ms]
2025-01-12 16:40:01.013 [info] > git config --get commit.template [5ms]
2025-01-12 16:40:01.025 [info] > git for-each-ref --format=%(refname)%00%(upstream:short)%00%(objectname)%00%(upstream:track)%00%(upstream:remotename)%00%(upstream:remoteref) refs/heads/master refs/remotes/master [3ms]
2025-01-12 16:40:01.054 [info] > git for-each-ref --sort -committerdate --format %(refname) %(objectname) %(*objectname) [10ms]
2025-01-12 16:40:01.109 [info] > git status -z -uall [76ms]
2025-01-12 16:40:06.131 [info] > git config --get commit.template [8ms]
2025-01-12 16:40:06.133 [info] > git for-each-ref --format=%(refname)%00%(upstream:short)%00%(objectname)%00%(upstream:track)%00%(upstream:remotename)%00%(upstream:remoteref) refs/heads/master refs/remotes/master [3ms]
2025-01-12 16:40:06.182 [info] > git for-each-ref --sort -committerdate --format %(refname) %(objectname) %(*objectname) [5ms]
2025-01-12 16:40:06.235 [info] > git status -z -uall [65ms]
2025-01-12 16:40:11.257 [info] > git config --get commit.template [5ms]
2025-01-12 16:40:11.273 [info] > git for-each-ref --format=%(refname)%00%(upstream:short)%00%(objectname)%00%(upstream:track)%00%(upstream:remotename)%00%(upstream:remoteref) refs/heads/master refs/remotes/master [4ms]
2025-01-12 16:40:11.302 [info] > git for-each-ref --sort -committerdate --format %(refname) %(objectname) %(*objectname) [12ms]
2025-01-12 16:40:11.354 [info] > git status -z -uall [72ms]
2025-01-12 16:40:23.234 [info] > git config --get commit.template [19ms]
2025-01-12 16:40:23.236 [info] > git for-each-ref --format=%(refname)%00%(upstream:short)%00%(objectname)%00%(upstream:track)%00%(upstream:remotename)%00%(upstream:remoteref) refs/heads/master refs/remotes/master [4ms]
2025-01-12 16:40:23.270 [info] > git for-each-ref --sort -committerdate --format %(refname) %(objectname) %(*objectname) [8ms]
2025-01-12 16:40:23.473 [info] > git status -z -uall [225ms]
2025-01-12 16:40:28.509 [info] > git config --get commit.template [15ms]
2025-01-12 16:40:28.512 [info] > git for-each-ref --format=%(refname)%00%(upstream:short)%00%(objectname)%00%(upstream:track)%00%(upstream:remotename)%00%(upstream:remoteref) refs/heads/master refs/remotes/master [5ms]
2025-01-12 16:40:28.537 [info] > git for-each-ref --sort -committerdate --format %(refname) %(objectname) %(*objectname) [3ms]
2025-01-12 16:40:28.580 [info] > git status -z -uall [58ms]
2025-01-12 16:40:33.608 [info] > git config --get commit.template [11ms]
2025-01-12 16:40:33.609 [info] > git for-each-ref --format=%(refname)%00%(upstream:short)%00%(objectname)%00%(upstream:track)%00%(upstream:remotename)%00%(upstream:remoteref) refs/heads/master refs/remotes/master [3ms]
2025-01-12 16:40:33.636 [info] > git for-each-ref --sort -committerdate --format %(refname) %(objectname) %(*objectname) [8ms]
2025-01-12 16:40:33.688 [info] > git status -z -uall [72ms]
2025-01-12 16:40:38.721 [info] > git config --get commit.template [15ms]
2025-01-12 16:40:38.722 [info] > git for-each-ref --format=%(refname)%00%(upstream:short)%00%(objectname)%00%(upstream:track)%00%(upstream:remotename)%00%(upstream:remoteref) refs/heads/master refs/remotes/master [2ms]
2025-01-12 16:40:38.754 [info] > git for-each-ref --sort -committerdate --format %(refname) %(objectname) %(*objectname) [9ms]
2025-01-12 16:40:38.810 [info] > git status -z -uall [72ms]
2025-01-12 16:40:43.834 [info] > git config --get commit.template [9ms]
2025-01-12 16:40:43.845 [info] > git for-each-ref --format=%(refname)%00%(upstream:short)%00%(objectname)%00%(upstream:track)%00%(upstream:remotename)%00%(upstream:remoteref) refs/heads/master refs/remotes/master [3ms]
2025-01-12 16:40:43.880 [info] > git for-each-ref --sort -committerdate --format %(refname) %(objectname) %(*objectname) [18ms]
2025-01-12 16:40:43.926 [info] > git status -z -uall [72ms]
2025-01-12 16:40:48.958 [info] > git config --get commit.template [14ms]
2025-01-12 16:40:48.961 [info] > git for-each-ref --format=%(refname)%00%(upstream:short)%00%(objectname)%00%(upstream:track)%00%(upstream:remotename)%00%(upstream:remoteref) refs/heads/master refs/remotes/master [4ms]
2025-01-12 16:40:49.014 [info] > git for-each-ref --sort -committerdate --format %(refname) %(objectname) %(*objectname) [17ms]
2025-01-12 16:40:49.068 [info] > git status -z -uall [83ms]
2025-01-12 16:40:54.090 [info] > git config --get commit.template [10ms]
2025-01-12 16:40:54.092 [info] > git for-each-ref --format=%(refname)%00%(upstream:short)%00%(objectname)%00%(upstream:track)%00%(upstream:remotename)%00%(upstream:remoteref) refs/heads/master refs/remotes/master [4ms]
2025-01-12 16:40:54.137 [info] > git for-each-ref --sort -committerdate --format %(refname) %(objectname) %(*objectname) [14ms]
2025-01-12 16:40:54.189 [info] > git status -z -uall [75ms]
2025-01-12 16:40:59.214 [info] > git config --get commit.template [10ms]
2025-01-12 16:40:59.218 [info] > git for-each-ref --format=%(refname)%00%(upstream:short)%00%(objectname)%00%(upstream:track)%00%(upstream:remotename)%00%(upstream:remoteref) refs/heads/master refs/remotes/master [7ms]
2025-01-12 16:40:59.241 [info] > git for-each-ref --sort -committerdate --format %(refname) %(objectname) %(*objectname) [4ms]
2025-01-12 16:40:59.304 [info] > git status -z -uall [76ms]
2025-01-12 16:41:04.344 [info] > git config --get commit.template [19ms]
2025-01-12 16:41:04.346 [info] > git for-each-ref --format=%(refname)%00%(upstream:short)%00%(objectname)%00%(upstream:track)%00%(upstream:remotename)%00%(upstream:remoteref) refs/heads/master refs/remotes/master [7ms]
2025-01-12 16:41:04.370 [info] > git for-each-ref --sort -committerdate --format %(refname) %(objectname) %(*objectname) [9ms]
2025-01-12 16:41:04.409 [info] > git status -z -uall [56ms]
2025-01-12 16:41:09.444 [info] > git config --get commit.template [16ms]
2025-01-12 16:41:09.447 [info] > git for-each-ref --format=%(refname)%00%(upstream:short)%00%(objectname)%00%(upstream:track)%00%(upstream:remotename)%00%(upstream:remoteref) refs/heads/master refs/remotes/master [6ms]
2025-01-12 16:41:09.472 [info] > git for-each-ref --sort -committerdate --format %(refname) %(objectname) %(*objectname) [12ms]
2025-01-12 16:41:09.514 [info] > git status -z -uall [62ms]
2025-01-12 16:41:14.552 [info] > git config --get commit.template [14ms]
2025-01-12 16:41:14.553 [info] > git for-each-ref --format=%(refname)%00%(upstream:short)%00%(objectname)%00%(upstream:track)%00%(upstream:remotename)%00%(upstream:remoteref) refs/heads/master refs/remotes/master [3ms]
2025-01-12 16:41:14.595 [info] > git for-each-ref --sort -committerdate --format %(refname) %(objectname) %(*objectname) [12ms]
2025-01-12 16:41:14.646 [info] > git status -z -uall [71ms]
2025-01-12 16:41:20.366 [info] > git config --get commit.template [25ms]
2025-01-12 16:41:20.380 [info] > git for-each-ref --format=%(refname)%00%(upstream:short)%00%(objectname)%00%(upstream:track)%00%(upstream:remotename)%00%(upstream:remoteref) refs/heads/master refs/remotes/master [12ms]
2025-01-12 16:41:20.431 [info] > git for-each-ref --sort -committerdate --format %(refname) %(objectname) %(*objectname) [1ms]
2025-01-12 16:41:20.577 [info] > git status -z -uall [188ms]
2025-01-12 16:41:25.606 [info] > git config --get commit.template [17ms]
2025-01-12 16:41:25.608 [info] > git for-each-ref --format=%(refname)%00%(upstream:short)%00%(objectname)%00%(upstream:track)%00%(upstream:remotename)%00%(upstream:remoteref) refs/heads/master refs/remotes/master [9ms]
2025-01-12 16:41:25.668 [info] > git for-each-ref --sort -committerdate --format %(refname) %(objectname) %(*objectname) [6ms]
2025-01-12 16:41:25.711 [info] > git status -z -uall [66ms]
2025-01-12 16:41:30.749 [info] > git config --get commit.template [17ms]
2025-01-12 16:41:30.750 [info] > git for-each-ref --format=%(refname)%00%(upstream:short)%00%(objectname)%00%(upstream:track)%00%(upstream:remotename)%00%(upstream:remoteref) refs/heads/master refs/remotes/master [4ms]
2025-01-12 16:41:30.789 [info] > git for-each-ref --sort -committerdate --format %(refname) %(objectname) %(*objectname) [5ms]
2025-01-12 16:41:30.844 [info] > git status -z -uall [67ms]
2025-01-12 16:41:35.884 [info] > git config --get commit.template [14ms]
2025-01-12 16:41:35.891 [info] > git for-each-ref --format=%(refname)%00%(upstream:short)%00%(objectname)%00%(upstream:track)%00%(upstream:remotename)%00%(upstream:remoteref) refs/heads/master refs/remotes/master [9ms]
2025-01-12 16:41:35.927 [info] > git for-each-ref --sort -committerdate --format %(refname) %(objectname) %(*objectname) [10ms]
2025-01-12 16:41:35.973 [info] > git status -z -uall [63ms]
2025-01-12 16:41:41.014 [info] > git config --get commit.template [15ms]
2025-01-12 16:41:41.016 [info] > git for-each-ref --format=%(refname)%00%(upstream:short)%00%(objectname)%00%(upstream:track)%00%(upstream:remotename)%00%(upstream:remoteref) refs/heads/master refs/remotes/master [3ms]
2025-01-12 16:41:41.047 [info] > git for-each-ref --sort -committerdate --format %(refname) %(objectname) %(*objectname) [18ms]
2025-01-12 16:41:41.103 [info] > git status -z -uall [81ms]
2025-01-12 16:41:46.141 [info] > git config --get commit.template [14ms]
2025-01-12 16:41:46.142 [info] > git for-each-ref --format=%(refname)%00%(upstream:short)%00%(objectname)%00%(upstream:track)%00%(upstream:remotename)%00%(upstream:remoteref) refs/heads/master refs/remotes/master [3ms]
2025-01-12 16:41:46.168 [info] > git for-each-ref --sort -committerdate --format %(refname) %(objectname) %(*objectname) [6ms]
2025-01-12 16:41:46.224 [info] > git status -z -uall [69ms]
2025-01-12 16:41:51.249 [info] > git config --get commit.template [12ms]
2025-01-12 16:41:51.251 [info] > git for-each-ref --format=%(refname)%00%(upstream:short)%00%(objectname)%00%(upstream:track)%00%(upstream:remotename)%00%(upstream:remoteref) refs/heads/master refs/remotes/master [4ms]
2025-01-12 16:41:51.292 [info] > git for-each-ref --sort -committerdate --format %(refname) %(objectname) %(*objectname) [15ms]
2025-01-12 16:41:51.338 [info] > git status -z -uall [70ms]
2025-01-12 16:41:56.375 [info] > git config --get commit.template [15ms]
2025-01-12 16:41:56.377 [info] > git for-each-ref --format=%(refname)%00%(upstream:short)%00%(objectname)%00%(upstream:track)%00%(upstream:remotename)%00%(upstream:remoteref) refs/heads/master refs/remotes/master [4ms]
2025-01-12 16:41:56.403 [info] > git for-each-ref --sort -committerdate --format %(refname) %(objectname) %(*objectname) [11ms]
2025-01-12 16:41:56.444 [info] > git status -z -uall [60ms]
2025-01-12 16:42:01.484 [info] > git config --get commit.template [16ms]
2025-01-12 16:42:01.486 [info] > git for-each-ref --format=%(refname)%00%(upstream:short)%00%(objectname)%00%(upstream:track)%00%(upstream:remotename)%00%(upstream:remoteref) refs/heads/master refs/remotes/master [3ms]
2025-01-12 16:42:01.520 [info] > git for-each-ref --sort -committerdate --format %(refname) %(objectname) %(*objectname) [11ms]
2025-01-12 16:42:01.566 [info] > git status -z -uall [66ms]
2025-01-12 16:42:06.588 [info] > git config --get commit.template [7ms]
2025-01-12 16:42:06.603 [info] > git for-each-ref --format=%(refname)%00%(upstream:short)%00%(objectname)%00%(upstream:track)%00%(upstream:remotename)%00%(upstream:remoteref) refs/heads/master refs/remotes/master [6ms]
2025-01-12 16:42:06.637 [info] > git for-each-ref --sort -committerdate --format %(refname) %(objectname) %(*objectname) [10ms]
2025-01-12 16:42:06.687 [info] > git status -z -uall [76ms]
2025-01-12 16:42:11.708 [info] > git config --get commit.template [11ms]
2025-01-12 16:42:11.710 [info] > git for-each-ref --format=%(refname)%00%(upstream:short)%00%(objectname)%00%(upstream:track)%00%(upstream:remotename)%00%(upstream:remoteref) refs/heads/master refs/remotes/master [4ms]
2025-01-12 16:42:11.731 [info] > git for-each-ref --sort -committerdate --format %(refname) %(objectname) %(*objectname) [6ms]
2025-01-12 16:42:11.781 [info] > git status -z -uall [63ms]
2025-01-12 16:42:16.808 [info] > git config --get commit.template [8ms]
2025-01-12 16:42:16.810 [info] > git for-each-ref --format=%(refname)%00%(upstream:short)%00%(objectname)%00%(upstream:track)%00%(upstream:remotename)%00%(upstream:remoteref) refs/heads/master refs/remotes/master [4ms]
2025-01-12 16:42:16.836 [info] > git for-each-ref --sort -committerdate --format %(refname) %(objectname) %(*objectname) [10ms]
2025-01-12 16:42:16.877 [info] > git status -z -uall [61ms]
2025-01-12 16:42:21.901 [info] > git config --get commit.template [12ms]
2025-01-12 16:42:21.904 [info] > git for-each-ref --format=%(refname)%00%(upstream:short)%00%(objectname)%00%(upstream:track)%00%(upstream:remotename)%00%(upstream:remoteref) refs/heads/master refs/remotes/master [5ms]
2025-01-12 16:42:21.932 [info] > git for-each-ref --sort -committerdate --format %(refname) %(objectname) %(*objectname) [10ms]
2025-01-12 16:42:21.975 [info] > git status -z -uall [63ms]
2025-01-12 16:42:27.014 [info] > git for-each-ref --format=%(refname)%00%(upstream:short)%00%(objectname)%00%(upstream:track)%00%(upstream:remotename)%00%(upstream:remoteref) refs/heads/master refs/remotes/master [8ms]
2025-01-12 16:42:27.015 [info] > git config --get commit.template [22ms]
2025-01-12 16:42:27.056 [info] > git for-each-ref --sort -committerdate --format %(refname) %(objectname) %(*objectname) [15ms]
2025-01-12 16:42:27.093 [info] > git status -z -uall [65ms]
2025-01-12 16:42:32.121 [info] > git config --get commit.template [8ms]
2025-01-12 16:42:32.123 [info] > git for-each-ref --format=%(refname)%00%(upstream:short)%00%(objectname)%00%(upstream:track)%00%(upstream:remotename)%00%(upstream:remoteref) refs/heads/master refs/remotes/master [3ms]
2025-01-12 16:42:32.147 [info] > git for-each-ref --sort -committerdate --format %(refname) %(objectname) %(*objectname) [6ms]
2025-01-12 16:42:32.210 [info] > git status -z -uall [79ms]
2025-01-12 16:42:37.230 [info] > git config --get commit.template [8ms]
2025-01-12 16:42:37.231 [info] > git for-each-ref --format=%(refname)%00%(upstream:short)%00%(objectname)%00%(upstream:track)%00%(upstream:remotename)%00%(upstream:remoteref) refs/heads/master refs/remotes/master [2ms]
2025-01-12 16:42:37.255 [info] > git for-each-ref --sort -committerdate --format %(refname) %(objectname) %(*objectname) [8ms]
2025-01-12 16:42:37.330 [info] > git status -z -uall [91ms]
2025-01-12 16:42:42.364 [info] > git config --get commit.template [17ms]
2025-01-12 16:42:42.367 [info] > git for-each-ref --format=%(refname)%00%(upstream:short)%00%(objectname)%00%(upstream:track)%00%(upstream:remotename)%00%(upstream:remoteref) refs/heads/master refs/remotes/master [6ms]
2025-01-12 16:42:42.408 [info] > git for-each-ref --sort -committerdate --format %(refname) %(objectname) %(*objectname) [13ms]
2025-01-12 16:42:42.459 [info] > git status -z -uall [80ms]
2025-01-12 16:42:47.486 [info] > git config --get commit.template [14ms]
2025-01-12 16:42:47.487 [info] > git for-each-ref --format=%(refname)%00%(upstream:short)%00%(objectname)%00%(upstream:track)%00%(upstream:remotename)%00%(upstream:remoteref) refs/heads/master refs/remotes/master [6ms]
2025-01-12 16:42:47.535 [info] > git for-each-ref --sort -committerdate --format %(refname) %(objectname) %(*objectname) [24ms]
2025-01-12 16:42:47.618 [info] > git status -z -uall [118ms]
2025-01-12 16:42:52.640 [info] > git config --get commit.template [11ms]
2025-01-12 16:42:52.643 [info] > git for-each-ref --format=%(refname)%00%(upstream:short)%00%(objectname)%00%(upstream:track)%00%(upstream:remotename)%00%(upstream:remoteref) refs/heads/master refs/remotes/master [3ms]
2025-01-12 16:42:52.682 [info] > git for-each-ref --sort -committerdate --format %(refname) %(objectname) %(*objectname) [22ms]
2025-01-12 16:42:52.724 [info] > git status -z -uall [73ms]
2025-01-12 16:43:01.430 [info] > git config --get commit.template [12ms]
2025-01-12 16:43:01.433 [info] > git for-each-ref --format=%(refname)%00%(upstream:short)%00%(objectname)%00%(upstream:track)%00%(upstream:remotename)%00%(upstream:remoteref) refs/heads/master refs/remotes/master [4ms]
2025-01-12 16:43:01.487 [info] > git for-each-ref --sort -committerdate --format %(refname) %(objectname) %(*objectname) [34ms]
2025-01-12 16:43:01.519 [info] > git status -z -uall [77ms]
2025-01-12 16:44:02.841 [info] > git config --get commit.template [15ms]
2025-01-12 16:44:02.847 [info] > git for-each-ref --format=%(refname)%00%(upstream:short)%00%(objectname)%00%(upstream:track)%00%(upstream:remotename)%00%(upstream:remoteref) refs/heads/master refs/remotes/master [8ms]
2025-01-12 16:44:02.881 [info] > git for-each-ref --sort -committerdate --format %(refname) %(objectname) %(*objectname) [2ms]
2025-01-12 16:44:03.099 [info] > git status -z -uall [242ms]
2025-01-12 16:44:08.140 [info] > git config --get commit.template [23ms]
2025-01-12 16:44:08.141 [info] > git for-each-ref --format=%(refname)%00%(upstream:short)%00%(objectname)%00%(upstream:track)%00%(upstream:remotename)%00%(upstream:remoteref) refs/heads/master refs/remotes/master [3ms]
2025-01-12 16:44:08.219 [info] > git for-each-ref --sort -committerdate --format %(refname) %(objectname) %(*objectname) [53ms]
2025-01-12 16:44:08.420 [info] > git status -z -uall [266ms]
