2025-01-16 23:37:49.409 [info] [main] Log level: Info
2025-01-16 23:37:49.409 [info] [main] Validating found git in: "git"
2025-01-16 23:37:49.409 [info] [main] Using git "2.43.0" from "git"
2025-01-16 23:37:49.409 [info] [Model][doInitialScan] Initial repository scan started
2025-01-16 23:37:49.409 [info] > git rev-parse --show-toplevel [989ms]
2025-01-16 23:37:49.409 [info] > git rev-parse --git-dir --git-common-dir [23ms]
2025-01-16 23:37:49.409 [info] [Model][openRepository] Opened repository: /home/edinsonpb
2025-01-16 23:37:49.589 [info] > git config --get commit.template [164ms]
2025-01-16 23:37:50.306 [info] > git rev-parse --show-toplevel [677ms]
2025-01-16 23:37:50.341 [info] > git for-each-ref --format=%(refname)%00%(upstream:short)%00%(objectname)%00%(upstream:track)%00%(upstream:remotename)%00%(upstream:remoteref) refs/heads/master refs/remotes/master [736ms]
2025-01-16 23:37:50.360 [info] > git rev-parse --show-toplevel [39ms]
2025-01-16 23:37:50.373 [info] > git rev-parse --show-toplevel [3ms]
2025-01-16 23:37:50.387 [info] > git rev-parse --show-toplevel [7ms]
2025-01-16 23:37:50.398 [info] > git rev-parse --show-toplevel [4ms]
2025-01-16 23:37:50.410 [info] > git rev-parse --show-toplevel [3ms]
2025-01-16 23:37:50.418 [info] > git rev-parse --show-toplevel [2ms]
2025-01-16 23:37:50.503 [info] > git rev-parse --show-toplevel [78ms]
2025-01-16 23:37:50.512 [info] [Model][doInitialScan] Initial repository scan completed - repositories (1), closed repositories (0), parent repositories (0), unsafe repositories (0)
2025-01-16 23:37:51.337 [info] > git check-ignore -v -z --stdin [1023ms]
2025-01-16 23:37:51.339 [info] > git show --textconv :index.html [814ms]
2025-01-16 23:37:51.341 [info] > git ls-files --stage -- /home/edinsonpb/index.html [803ms]
2025-01-16 23:37:51.349 [info] > git for-each-ref --sort -committerdate --format %(refname) %(objectname) %(*objectname) [992ms]
2025-01-16 23:37:51.356 [info] > git cat-file -s ebff0fd8818b8ad139dc0a5f520b42635127ef4d [7ms]
2025-01-16 23:38:02.396 [info] > git status -z -uall [12047ms]
2025-01-16 23:38:02.516 [info] > git for-each-ref --format=%(refname)%00%(upstream:short)%00%(objectname)%00%(upstream:track)%00%(upstream:remotename)%00%(upstream:remoteref) refs/heads/master refs/remotes/master [101ms]
2025-01-16 23:38:02.775 [info] > git config --local branch.master.vscode-merge-base [251ms]
2025-01-16 23:38:02.776 [warning] [Git][config] git config failed: Failed to execute git
2025-01-16 23:38:02.785 [info] > git config --get commit.template [271ms]
2025-01-16 23:38:02.808 [info] > git for-each-ref --format=%(refname)%00%(upstream:short)%00%(objectname)%00%(upstream:track)%00%(upstream:remotename)%00%(upstream:remoteref) refs/heads/master refs/remotes/master [6ms]
2025-01-16 23:38:02.853 [info] > git for-each-ref --sort -committerdate --format %(refname) %(objectname) %(*objectname) [10ms]
2025-01-16 23:38:03.687 [info] > git status -z -uall [870ms]
2025-01-16 23:38:03.760 [info] > git for-each-ref --format=%(refname)%00%(upstream:short)%00%(objectname)%00%(upstream:track)%00%(upstream:remotename)%00%(upstream:remoteref) refs/heads/master refs/remotes/master [61ms]
2025-01-16 23:38:03.776 [info] > git reflog master --grep-reflog=branch: Created from *. [993ms]
2025-01-16 23:38:03.824 [info] > git symbolic-ref --short refs/remotes/origin/HEAD [34ms]
2025-01-16 23:38:03.825 [info] fatal: ref refs/remotes/origin/HEAD is not a symbolic ref
2025-01-16 23:38:03.825 [warning] [Repository][getDefaultBranch] Failed to get default branch details: Failed to execute git.
2025-01-16 23:38:03.827 [info] > git config --local branch.master.vscode-merge-base [55ms]
2025-01-16 23:38:03.828 [warning] [Git][config] git config failed: Failed to execute git
2025-01-16 23:38:03.866 [info] > git reflog master --grep-reflog=branch: Created from *. [26ms]
2025-01-16 23:38:03.899 [info] > git symbolic-ref --short refs/remotes/origin/HEAD [20ms]
2025-01-16 23:38:03.899 [info] fatal: ref refs/remotes/origin/HEAD is not a symbolic ref
2025-01-16 23:38:03.899 [warning] [Repository][getDefaultBranch] Failed to get default branch details: Failed to execute git.
2025-01-16 23:38:24.304 [info] > git blame --root --incremental 5a6fe0c57b9b07a9ff417d1098c3994df91061cc -- /home/edinsonpb/index.html [32897ms]
2025-01-16 23:45:11.187 [info] > git config --get commit.template [63ms]
2025-01-16 23:45:11.190 [info] > git for-each-ref --format=%(refname)%00%(upstream:short)%00%(objectname)%00%(upstream:track)%00%(upstream:remotename)%00%(upstream:remoteref) refs/heads/master refs/remotes/master [7ms]
2025-01-16 23:45:11.221 [info] > git for-each-ref --sort -committerdate --format %(refname) %(objectname) %(*objectname) [3ms]
