2025-01-12 21:38:45.997 [info] [main] Log level: Info
2025-01-12 21:38:45.997 [info] [main] Validating found git in: "git"
2025-01-12 21:38:45.997 [info] [main] Using git "2.43.0" from "git"
2025-01-12 21:38:45.997 [info] [Model][doInitialScan] Initial repository scan started
2025-01-12 21:38:45.997 [info] > git rev-parse --show-toplevel [1724ms]
2025-01-12 21:38:45.997 [info] > git rev-parse --git-dir --git-common-dir [21ms]
2025-01-12 21:38:45.997 [info] [Model][openRepository] Opened repository: /home/edinsonpb
2025-01-12 21:38:46.350 [info] > git config --get commit.template [356ms]
2025-01-12 21:38:47.352 [info] > git rev-parse --show-toplevel [973ms]
2025-01-12 21:38:47.387 [info] > git for-each-ref --format=%(refname)%00%(upstream:short)%00%(objectname)%00%(upstream:track)%00%(upstream:remotename)%00%(upstream:remoteref) refs/heads/master refs/remotes/master [992ms]
2025-01-12 21:38:47.415 [info] > git check-ignore -v -z --stdin [53ms]
2025-01-12 21:38:47.419 [info] > git rev-parse --show-toplevel [49ms]
2025-01-12 21:38:47.441 [info] > git rev-parse --show-toplevel [5ms]
2025-01-12 21:38:47.459 [info] > git rev-parse --show-toplevel [3ms]
2025-01-12 21:38:47.470 [info] > git rev-parse --show-toplevel [7ms]
2025-01-12 21:38:47.481 [info] > git rev-parse --show-toplevel [4ms]
2025-01-12 21:38:47.483 [info] > git for-each-ref --sort -committerdate --format %(refname) %(objectname) %(*objectname) [82ms]
2025-01-12 21:38:47.508 [info] > git rev-parse --show-toplevel [11ms]
2025-01-12 21:38:47.522 [info] > git rev-parse --show-toplevel [5ms]
2025-01-12 21:38:47.539 [info] [Model][doInitialScan] Initial repository scan completed - repositories (1), closed repositories (0), parent repositories (0), unsafe repositories (0)
2025-01-12 21:38:47.582 [info] > git status -z -uall [190ms]
2025-01-12 21:38:47.629 [info] > git for-each-ref --format=%(refname)%00%(upstream:short)%00%(objectname)%00%(upstream:track)%00%(upstream:remotename)%00%(upstream:remoteref) refs/heads/master refs/remotes/master [21ms]
2025-01-12 21:38:47.657 [info] > git config --get commit.template [30ms]
2025-01-12 21:38:47.670 [info] > git config --local branch.master.vscode-merge-base [25ms]
2025-01-12 21:38:47.671 [warning] [Git][config] git config failed: Failed to execute git
2025-01-12 21:38:47.791 [info] > git for-each-ref --format=%(refname)%00%(upstream:short)%00%(objectname)%00%(upstream:track)%00%(upstream:remotename)%00%(upstream:remoteref) refs/heads/master refs/remotes/master [105ms]
2025-01-12 21:38:47.837 [info] > git for-each-ref --sort -committerdate --format %(refname) %(objectname) %(*objectname) [34ms]
2025-01-12 21:38:48.322 [info] > git status -z -uall [527ms]
2025-01-12 21:38:48.415 [info] > git reflog master --grep-reflog=branch: Created from *. [737ms]
2025-01-12 21:38:48.475 [info] > git for-each-ref --format=%(refname)%00%(upstream:short)%00%(objectname)%00%(upstream:track)%00%(upstream:remotename)%00%(upstream:remoteref) refs/heads/master refs/remotes/master [42ms]
2025-01-12 21:38:48.485 [info] > git symbolic-ref --short refs/remotes/origin/HEAD [62ms]
2025-01-12 21:38:48.485 [info] fatal: ref refs/remotes/origin/HEAD is not a symbolic ref
2025-01-12 21:38:48.485 [warning] [Repository][getDefaultBranch] Failed to get default branch details: Failed to execute git.
2025-01-12 21:38:48.507 [info] > git config --local branch.master.vscode-merge-base [23ms]
2025-01-12 21:38:48.507 [warning] [Git][config] git config failed: Failed to execute git
2025-01-12 21:38:48.514 [info] > git config --get commit.template [47ms]
2025-01-12 21:38:48.572 [info] > git reflog master --grep-reflog=branch: Created from *. [58ms]
2025-01-12 21:38:49.485 [info] > git symbolic-ref --short refs/remotes/origin/HEAD [897ms]
2025-01-12 21:38:49.485 [info] fatal: ref refs/remotes/origin/HEAD is not a symbolic ref
2025-01-12 21:38:49.686 [warning] [Repository][getDefaultBranch] Failed to get default branch details: Failed to execute git.
2025-01-12 21:38:49.688 [info] > git for-each-ref --format=%(refname)%00%(upstream:short)%00%(objectname)%00%(upstream:track)%00%(upstream:remotename)%00%(upstream:remoteref) refs/heads/master refs/remotes/master [1160ms]
2025-01-12 21:38:50.561 [info] > git status -z -uall [866ms]
2025-01-12 21:38:50.562 [info] > git for-each-ref --sort -committerdate --format %(refname) %(objectname) %(*objectname) [851ms]
2025-01-12 21:38:58.643 [info] > git show --textconv :index.html [7948ms]
2025-01-12 21:38:58.648 [info] > git ls-files --stage -- /home/edinsonpb/index.html [7937ms]
2025-01-12 21:38:58.714 [info] > git cat-file -s 27c4b397f15f33a39ee7c51664b31920ffd4bf8e [59ms]
2025-01-12 21:38:59.948 [info] > git config --get commit.template [21ms]
2025-01-12 21:38:59.949 [info] > git for-each-ref --format=%(refname)%00%(upstream:short)%00%(objectname)%00%(upstream:track)%00%(upstream:remotename)%00%(upstream:remoteref) refs/heads/master refs/remotes/master [14ms]
2025-01-12 21:38:59.985 [info] > git for-each-ref --sort -committerdate --format %(refname) %(objectname) %(*objectname) [23ms]
2025-01-12 21:39:00.238 [info] > git status -z -uall [283ms]
2025-01-12 21:39:10.909 [info] > git config --get commit.template [311ms]
2025-01-12 21:39:11.594 [info] > git for-each-ref --format=%(refname)%00%(upstream:short)%00%(objectname)%00%(upstream:track)%00%(upstream:remotename)%00%(upstream:remoteref) refs/heads/master refs/remotes/master [158ms]
2025-01-12 21:39:11.632 [info] > git for-each-ref --sort -committerdate --format %(refname) %(objectname) %(*objectname) [24ms]
2025-01-12 21:39:11.756 [info] > git status -z -uall [156ms]
2025-01-12 21:39:18.956 [info] > git config --get commit.template [25ms]
2025-01-12 21:39:19.064 [info] > git for-each-ref --format=%(refname)%00%(upstream:short)%00%(objectname)%00%(upstream:track)%00%(upstream:remotename)%00%(upstream:remoteref) refs/heads/master refs/remotes/master [86ms]
2025-01-12 21:39:19.275 [info] > git for-each-ref --sort -committerdate --format %(refname) %(objectname) %(*objectname) [173ms]
2025-01-12 21:39:19.410 [info] > git status -z -uall [317ms]
2025-01-12 21:39:26.369 [info] > git blame --root --incremental 224fcb19627e88f7742dc696b92947094672d692 -- /home/edinsonpb/index.html [25724ms]
2025-01-12 21:39:51.197 [info] > git config --get commit.template [15ms]
2025-01-12 21:39:51.204 [info] > git for-each-ref --format=%(refname)%00%(upstream:short)%00%(objectname)%00%(upstream:track)%00%(upstream:remotename)%00%(upstream:remoteref) refs/heads/master refs/remotes/master [11ms]
2025-01-12 21:39:51.237 [info] > git for-each-ref --sort -committerdate --format %(refname) %(objectname) %(*objectname) [6ms]
2025-01-12 21:39:51.362 [info] > git status -z -uall [148ms]
2025-01-12 21:39:53.586 [info] > git check-ignore -v -z --stdin [31ms]
2025-01-12 21:39:55.706 [info] > git config --get commit.template [15ms]
2025-01-12 21:39:55.707 [info] > git for-each-ref --format=%(refname)%00%(upstream:short)%00%(objectname)%00%(upstream:track)%00%(upstream:remotename)%00%(upstream:remoteref) refs/heads/master refs/remotes/master [4ms]
2025-01-12 21:39:55.735 [info] > git for-each-ref --sort -committerdate --format %(refname) %(objectname) %(*objectname) [4ms]
2025-01-12 21:39:55.810 [info] > git status -z -uall [93ms]
2025-01-12 21:40:00.843 [info] > git config --get commit.template [14ms]
2025-01-12 21:40:00.848 [info] > git for-each-ref --format=%(refname)%00%(upstream:short)%00%(objectname)%00%(upstream:track)%00%(upstream:remotename)%00%(upstream:remoteref) refs/heads/master refs/remotes/master [7ms]
2025-01-12 21:40:00.871 [info] > git for-each-ref --sort -committerdate --format %(refname) %(objectname) %(*objectname) [4ms]
2025-01-12 21:40:00.972 [info] > git status -z -uall [119ms]
2025-01-12 21:40:03.575 [info] > git ls-files --stage -- /home/edinsonpb/css/style.css [26ms]
2025-01-12 21:40:03.707 [info] > git show --textconv :css/style.css [178ms]
2025-01-12 21:40:03.708 [info] > git cat-file -s e69de29bb2d1d6434b8b29ae775ad8c2e48c5391 [110ms]
2025-01-12 21:40:06.005 [info] > git config --get commit.template [12ms]
2025-01-12 21:40:06.007 [info] > git for-each-ref --format=%(refname)%00%(upstream:short)%00%(objectname)%00%(upstream:track)%00%(upstream:remotename)%00%(upstream:remoteref) refs/heads/master refs/remotes/master [4ms]
2025-01-12 21:40:06.033 [info] > git for-each-ref --sort -committerdate --format %(refname) %(objectname) %(*objectname) [4ms]
2025-01-12 21:40:06.126 [info] > git status -z -uall [108ms]
2025-01-12 21:40:08.853 [info] > git show --textconv :index.html [28ms]
2025-01-12 21:40:08.868 [info] > git ls-files --stage -- /home/edinsonpb/index.html [33ms]
2025-01-12 21:40:08.889 [info] > git cat-file -s 27c4b397f15f33a39ee7c51664b31920ffd4bf8e [5ms]
2025-01-12 21:40:11.152 [info] > git config --get commit.template [12ms]
2025-01-12 21:40:11.154 [info] > git for-each-ref --format=%(refname)%00%(upstream:short)%00%(objectname)%00%(upstream:track)%00%(upstream:remotename)%00%(upstream:remoteref) refs/heads/master refs/remotes/master [3ms]
2025-01-12 21:40:11.201 [info] > git for-each-ref --sort -committerdate --format %(refname) %(objectname) %(*objectname) [15ms]
2025-01-12 21:40:11.290 [info] > git status -z -uall [122ms]
2025-01-12 21:40:16.338 [info] > git config --get commit.template [22ms]
2025-01-12 21:40:16.339 [info] > git for-each-ref --format=%(refname)%00%(upstream:short)%00%(objectname)%00%(upstream:track)%00%(upstream:remotename)%00%(upstream:remoteref) refs/heads/master refs/remotes/master [6ms]
2025-01-12 21:40:16.384 [info] > git for-each-ref --sort -committerdate --format %(refname) %(objectname) %(*objectname) [15ms]
2025-01-12 21:40:16.545 [info] > git status -z -uall [186ms]
2025-01-12 21:40:21.576 [info] > git config --get commit.template [12ms]
2025-01-12 21:40:21.578 [info] > git for-each-ref --format=%(refname)%00%(upstream:short)%00%(objectname)%00%(upstream:track)%00%(upstream:remotename)%00%(upstream:remoteref) refs/heads/master refs/remotes/master [3ms]
2025-01-12 21:40:21.662 [info] > git for-each-ref --sort -committerdate --format %(refname) %(objectname) %(*objectname) [11ms]
2025-01-12 21:40:21.726 [info] > git status -z -uall [84ms]
2025-01-12 21:40:25.503 [info] > git config --get commit.template [4ms]
2025-01-12 21:40:25.518 [info] > git for-each-ref --format=%(refname)%00%(upstream:short)%00%(objectname)%00%(upstream:track)%00%(upstream:remotename)%00%(upstream:remoteref) refs/heads/master refs/remotes/master [3ms]
2025-01-12 21:40:25.551 [info] > git for-each-ref --sort -committerdate --format %(refname) %(objectname) %(*objectname) [11ms]
2025-01-12 21:40:25.655 [info] > git status -z -uall [130ms]
2025-01-12 21:40:30.692 [info] > git config --get commit.template [22ms]
2025-01-12 21:40:30.693 [info] > git for-each-ref --format=%(refname)%00%(upstream:short)%00%(objectname)%00%(upstream:track)%00%(upstream:remotename)%00%(upstream:remoteref) refs/heads/master refs/remotes/master [7ms]
2025-01-12 21:40:30.716 [info] > git for-each-ref --sort -committerdate --format %(refname) %(objectname) %(*objectname) [4ms]
2025-01-12 21:40:30.795 [info] > git status -z -uall [94ms]
2025-01-12 21:40:35.832 [info] > git config --get commit.template [20ms]
2025-01-12 21:40:35.834 [info] > git for-each-ref --format=%(refname)%00%(upstream:short)%00%(objectname)%00%(upstream:track)%00%(upstream:remotename)%00%(upstream:remoteref) refs/heads/master refs/remotes/master [6ms]
2025-01-12 21:40:35.898 [info] > git for-each-ref --sort -committerdate --format %(refname) %(objectname) %(*objectname) [17ms]
2025-01-12 21:40:36.084 [info] > git status -z -uall [212ms]
2025-01-12 21:40:41.118 [info] > git config --get commit.template [11ms]
2025-01-12 21:40:41.122 [info] > git for-each-ref --format=%(refname)%00%(upstream:short)%00%(objectname)%00%(upstream:track)%00%(upstream:remotename)%00%(upstream:remoteref) refs/heads/master refs/remotes/master [7ms]
2025-01-12 21:40:41.150 [info] > git for-each-ref --sort -committerdate --format %(refname) %(objectname) %(*objectname) [6ms]
2025-01-12 21:40:41.213 [info] > git status -z -uall [81ms]
2025-01-12 21:40:46.239 [info] > git config --get commit.template [6ms]
2025-01-12 21:40:46.259 [info] > git for-each-ref --format=%(refname)%00%(upstream:short)%00%(objectname)%00%(upstream:track)%00%(upstream:remotename)%00%(upstream:remoteref) refs/heads/master refs/remotes/master [4ms]
2025-01-12 21:40:46.342 [info] > git for-each-ref --sort -committerdate --format %(refname) %(objectname) %(*objectname) [35ms]
2025-01-12 21:40:46.394 [info] > git status -z -uall [104ms]
2025-01-12 21:40:51.446 [info] > git config --get commit.template [15ms]
2025-01-12 21:40:51.451 [info] > git for-each-ref --format=%(refname)%00%(upstream:short)%00%(objectname)%00%(upstream:track)%00%(upstream:remotename)%00%(upstream:remoteref) refs/heads/master refs/remotes/master [7ms]
2025-01-12 21:40:51.498 [info] > git for-each-ref --sort -committerdate --format %(refname) %(objectname) %(*objectname) [5ms]
2025-01-12 21:40:51.550 [info] > git status -z -uall [78ms]
2025-01-12 21:40:55.430 [info] > git config --get commit.template [10ms]
2025-01-12 21:40:55.444 [info] > git for-each-ref --format=%(refname)%00%(upstream:short)%00%(objectname)%00%(upstream:track)%00%(upstream:remotename)%00%(upstream:remoteref) refs/heads/master refs/remotes/master [4ms]
2025-01-12 21:40:55.483 [info] > git for-each-ref --sort -committerdate --format %(refname) %(objectname) %(*objectname) [17ms]
2025-01-12 21:40:55.576 [info] > git status -z -uall [120ms]
2025-01-12 21:41:00.607 [info] > git config --get commit.template [9ms]
2025-01-12 21:41:00.632 [info] > git for-each-ref --format=%(refname)%00%(upstream:short)%00%(objectname)%00%(upstream:track)%00%(upstream:remotename)%00%(upstream:remoteref) refs/heads/master refs/remotes/master [4ms]
2025-01-12 21:41:00.700 [info] > git for-each-ref --sort -committerdate --format %(refname) %(objectname) %(*objectname) [18ms]
2025-01-12 21:41:00.871 [info] > git status -z -uall [216ms]
2025-01-12 21:41:05.896 [info] > git config --get commit.template [7ms]
2025-01-12 21:41:05.907 [info] > git for-each-ref --format=%(refname)%00%(upstream:short)%00%(objectname)%00%(upstream:track)%00%(upstream:remotename)%00%(upstream:remoteref) refs/heads/master refs/remotes/master [3ms]
2025-01-12 21:41:05.940 [info] > git for-each-ref --sort -committerdate --format %(refname) %(objectname) %(*objectname) [10ms]
2025-01-12 21:41:06.018 [info] > git status -z -uall [101ms]
2025-01-12 21:41:11.038 [info] > git config --get commit.template [6ms]
2025-01-12 21:41:11.053 [info] > git for-each-ref --format=%(refname)%00%(upstream:short)%00%(objectname)%00%(upstream:track)%00%(upstream:remotename)%00%(upstream:remoteref) refs/heads/master refs/remotes/master [4ms]
2025-01-12 21:41:11.073 [info] > git for-each-ref --sort -committerdate --format %(refname) %(objectname) %(*objectname) [4ms]
2025-01-12 21:41:11.152 [info] > git status -z -uall [92ms]
2025-01-12 21:41:16.214 [info] > git config --get commit.template [18ms]
2025-01-12 21:41:16.216 [info] > git for-each-ref --format=%(refname)%00%(upstream:short)%00%(objectname)%00%(upstream:track)%00%(upstream:remotename)%00%(upstream:remoteref) refs/heads/master refs/remotes/master [6ms]
2025-01-12 21:41:16.248 [info] > git for-each-ref --sort -committerdate --format %(refname) %(objectname) %(*objectname) [16ms]
2025-01-12 21:41:16.332 [info] > git status -z -uall [110ms]
2025-01-12 21:41:21.364 [info] > git config --get commit.template [7ms]
2025-01-12 21:41:21.376 [info] > git for-each-ref --format=%(refname)%00%(upstream:short)%00%(objectname)%00%(upstream:track)%00%(upstream:remotename)%00%(upstream:remoteref) refs/heads/master refs/remotes/master [3ms]
2025-01-12 21:41:21.407 [info] > git for-each-ref --sort -committerdate --format %(refname) %(objectname) %(*objectname) [9ms]
2025-01-12 21:41:21.495 [info] > git status -z -uall [109ms]
2025-01-12 21:41:26.534 [info] > git config --get commit.template [14ms]
2025-01-12 21:41:26.536 [info] > git for-each-ref --format=%(refname)%00%(upstream:short)%00%(objectname)%00%(upstream:track)%00%(upstream:remotename)%00%(upstream:remoteref) refs/heads/master refs/remotes/master [3ms]
2025-01-12 21:41:26.562 [info] > git for-each-ref --sort -committerdate --format %(refname) %(objectname) %(*objectname) [3ms]
2025-01-12 21:41:26.665 [info] > git status -z -uall [116ms]
2025-01-12 21:41:30.533 [info] > git config --get commit.template [5ms]
2025-01-12 21:41:30.546 [info] > git for-each-ref --format=%(refname)%00%(upstream:short)%00%(objectname)%00%(upstream:track)%00%(upstream:remotename)%00%(upstream:remoteref) refs/heads/master refs/remotes/master [4ms]
2025-01-12 21:41:30.588 [info] > git for-each-ref --sort -committerdate --format %(refname) %(objectname) %(*objectname) [22ms]
2025-01-12 21:41:30.672 [info] > git status -z -uall [115ms]
2025-01-12 21:41:35.704 [info] > git config --get commit.template [13ms]
2025-01-12 21:41:35.705 [info] > git for-each-ref --format=%(refname)%00%(upstream:short)%00%(objectname)%00%(upstream:track)%00%(upstream:remotename)%00%(upstream:remoteref) refs/heads/master refs/remotes/master [3ms]
2025-01-12 21:41:35.730 [info] > git for-each-ref --sort -committerdate --format %(refname) %(objectname) %(*objectname) [4ms]
2025-01-12 21:41:35.810 [info] > git status -z -uall [98ms]
2025-01-12 21:41:40.844 [info] > git config --get commit.template [14ms]
2025-01-12 21:41:40.846 [info] > git for-each-ref --format=%(refname)%00%(upstream:short)%00%(objectname)%00%(upstream:track)%00%(upstream:remotename)%00%(upstream:remoteref) refs/heads/master refs/remotes/master [3ms]
2025-01-12 21:41:40.907 [info] > git for-each-ref --sort -committerdate --format %(refname) %(objectname) %(*objectname) [8ms]
2025-01-12 21:41:40.967 [info] > git status -z -uall [95ms]
2025-01-12 21:41:45.997 [info] > git config --get commit.template [4ms]
2025-01-12 21:41:46.023 [info] > git for-each-ref --format=%(refname)%00%(upstream:short)%00%(objectname)%00%(upstream:track)%00%(upstream:remotename)%00%(upstream:remoteref) refs/heads/master refs/remotes/master [6ms]
2025-01-12 21:41:46.069 [info] > git for-each-ref --sort -committerdate --format %(refname) %(objectname) %(*objectname) [16ms]
2025-01-12 21:41:46.177 [info] > git status -z -uall [139ms]
2025-01-12 21:41:47.926 [info] > git show --textconv :css/style.css [14ms]
2025-01-12 21:41:47.951 [info] > git ls-files --stage -- /home/edinsonpb/css/style.css [26ms]
2025-01-12 21:41:47.984 [info] > git cat-file -s e69de29bb2d1d6434b8b29ae775ad8c2e48c5391 [17ms]
2025-01-12 21:41:49.844 [info] > git blame --root --incremental 224fcb19627e88f7742dc696b92947094672d692 -- /home/edinsonpb/css/style.css [6ms]
2025-01-12 21:41:51.212 [info] > git config --get commit.template [12ms]
2025-01-12 21:41:51.214 [info] > git for-each-ref --format=%(refname)%00%(upstream:short)%00%(objectname)%00%(upstream:track)%00%(upstream:remotename)%00%(upstream:remoteref) refs/heads/master refs/remotes/master [4ms]
2025-01-12 21:41:51.243 [info] > git for-each-ref --sort -committerdate --format %(refname) %(objectname) %(*objectname) [5ms]
2025-01-12 21:41:51.355 [info] > git status -z -uall [130ms]
2025-01-12 21:41:56.662 [info] > git config --get commit.template [7ms]
2025-01-12 21:41:56.675 [info] > git for-each-ref --format=%(refname)%00%(upstream:short)%00%(objectname)%00%(upstream:track)%00%(upstream:remotename)%00%(upstream:remoteref) refs/heads/master refs/remotes/master [4ms]
2025-01-12 21:41:56.713 [info] > git for-each-ref --sort -committerdate --format %(refname) %(objectname) %(*objectname) [16ms]
2025-01-12 21:41:56.780 [info] > git status -z -uall [97ms]
2025-01-12 21:42:00.527 [info] > git config --get commit.template [13ms]
2025-01-12 21:42:00.528 [info] > git for-each-ref --format=%(refname)%00%(upstream:short)%00%(objectname)%00%(upstream:track)%00%(upstream:remotename)%00%(upstream:remoteref) refs/heads/master refs/remotes/master [3ms]
2025-01-12 21:42:00.567 [info] > git for-each-ref --sort -committerdate --format %(refname) %(objectname) %(*objectname) [15ms]
2025-01-12 21:42:00.634 [info] > git status -z -uall [96ms]
2025-01-12 21:42:05.661 [info] > git config --get commit.template [11ms]
2025-01-12 21:42:05.664 [info] > git for-each-ref --format=%(refname)%00%(upstream:short)%00%(objectname)%00%(upstream:track)%00%(upstream:remotename)%00%(upstream:remoteref) refs/heads/master refs/remotes/master [4ms]
2025-01-12 21:42:05.735 [info] > git for-each-ref --sort -committerdate --format %(refname) %(objectname) %(*objectname) [14ms]
2025-01-12 21:42:05.811 [info] > git status -z -uall [111ms]
2025-01-12 21:42:10.844 [info] > git config --get commit.template [15ms]
2025-01-12 21:42:10.845 [info] > git for-each-ref --format=%(refname)%00%(upstream:short)%00%(objectname)%00%(upstream:track)%00%(upstream:remotename)%00%(upstream:remoteref) refs/heads/master refs/remotes/master [3ms]
2025-01-12 21:42:10.866 [info] > git for-each-ref --sort -committerdate --format %(refname) %(objectname) %(*objectname) [5ms]
2025-01-12 21:42:10.947 [info] > git status -z -uall [96ms]
2025-01-12 21:42:15.990 [info] > git config --get commit.template [15ms]
2025-01-12 21:42:15.993 [info] > git for-each-ref --format=%(refname)%00%(upstream:short)%00%(objectname)%00%(upstream:track)%00%(upstream:remotename)%00%(upstream:remoteref) refs/heads/master refs/remotes/master [4ms]
2025-01-12 21:42:16.036 [info] > git for-each-ref --sort -committerdate --format %(refname) %(objectname) %(*objectname) [4ms]
2025-01-12 21:42:16.095 [info] > git status -z -uall [89ms]
2025-01-12 21:42:21.127 [info] > git config --get commit.template [11ms]
2025-01-12 21:42:21.145 [info] > git for-each-ref --format=%(refname)%00%(upstream:short)%00%(objectname)%00%(upstream:track)%00%(upstream:remotename)%00%(upstream:remoteref) refs/heads/master refs/remotes/master [6ms]
2025-01-12 21:42:21.182 [info] > git for-each-ref --sort -committerdate --format %(refname) %(objectname) %(*objectname) [16ms]
2025-01-12 21:42:21.280 [info] > git status -z -uall [125ms]
2025-01-12 21:42:26.309 [info] > git config --get commit.template [12ms]
2025-01-12 21:42:26.311 [info] > git for-each-ref --format=%(refname)%00%(upstream:short)%00%(objectname)%00%(upstream:track)%00%(upstream:remotename)%00%(upstream:remoteref) refs/heads/master refs/remotes/master [3ms]
2025-01-12 21:42:26.349 [info] > git for-each-ref --sort -committerdate --format %(refname) %(objectname) %(*objectname) [19ms]
2025-01-12 21:42:26.427 [info] > git status -z -uall [108ms]
2025-01-12 21:42:30.221 [info] > git config --get commit.template [5ms]
2025-01-12 21:42:30.234 [info] > git for-each-ref --format=%(refname)%00%(upstream:short)%00%(objectname)%00%(upstream:track)%00%(upstream:remotename)%00%(upstream:remoteref) refs/heads/master refs/remotes/master [3ms]
2025-01-12 21:42:30.261 [info] > git for-each-ref --sort -committerdate --format %(refname) %(objectname) %(*objectname) [3ms]
2025-01-12 21:42:30.360 [info] > git status -z -uall [114ms]
2025-01-12 21:42:35.386 [info] > git config --get commit.template [10ms]
2025-01-12 21:42:35.387 [info] > git for-each-ref --format=%(refname)%00%(upstream:short)%00%(objectname)%00%(upstream:track)%00%(upstream:remotename)%00%(upstream:remoteref) refs/heads/master refs/remotes/master [2ms]
2025-01-12 21:42:35.420 [info] > git for-each-ref --sort -committerdate --format %(refname) %(objectname) %(*objectname) [17ms]
2025-01-12 21:42:35.469 [info] > git status -z -uall [75ms]
2025-01-12 21:42:40.502 [info] > git config --get commit.template [17ms]
2025-01-12 21:42:40.504 [info] > git for-each-ref --format=%(refname)%00%(upstream:short)%00%(objectname)%00%(upstream:track)%00%(upstream:remotename)%00%(upstream:remoteref) refs/heads/master refs/remotes/master [4ms]
2025-01-12 21:42:40.535 [info] > git for-each-ref --sort -committerdate --format %(refname) %(objectname) %(*objectname) [15ms]
2025-01-12 21:42:40.581 [info] > git status -z -uall [69ms]
2025-01-12 21:43:54.718 [info] > git config --get commit.template [23ms]
2025-01-12 21:43:54.725 [info] > git for-each-ref --format=%(refname)%00%(upstream:short)%00%(objectname)%00%(upstream:track)%00%(upstream:remotename)%00%(upstream:remoteref) refs/heads/master refs/remotes/master [9ms]
2025-01-12 21:43:54.785 [info] > git for-each-ref --sort -committerdate --format %(refname) %(objectname) %(*objectname) [17ms]
2025-01-12 21:43:54.953 [info] > git status -z -uall [210ms]
2025-01-12 21:44:00.016 [info] > git config --get commit.template [33ms]
2025-01-12 21:44:00.018 [info] > git for-each-ref --format=%(refname)%00%(upstream:short)%00%(objectname)%00%(upstream:track)%00%(upstream:remotename)%00%(upstream:remoteref) refs/heads/master refs/remotes/master [4ms]
2025-01-12 21:44:00.056 [info] > git for-each-ref --sort -committerdate --format %(refname) %(objectname) %(*objectname) [4ms]
2025-01-12 21:44:00.242 [info] > git status -z -uall [208ms]
2025-01-12 21:44:04.066 [info] > git config --get commit.template [12ms]
2025-01-12 21:44:04.067 [info] > git for-each-ref --format=%(refname)%00%(upstream:short)%00%(objectname)%00%(upstream:track)%00%(upstream:remotename)%00%(upstream:remoteref) refs/heads/master refs/remotes/master [3ms]
2025-01-12 21:44:04.094 [info] > git for-each-ref --sort -committerdate --format %(refname) %(objectname) %(*objectname) [4ms]
2025-01-12 21:44:04.176 [info] > git status -z -uall [99ms]
2025-01-12 21:44:09.209 [info] > git config --get commit.template [15ms]
2025-01-12 21:44:09.211 [info] > git for-each-ref --format=%(refname)%00%(upstream:short)%00%(objectname)%00%(upstream:track)%00%(upstream:remotename)%00%(upstream:remoteref) refs/heads/master refs/remotes/master [5ms]
2025-01-12 21:44:09.273 [info] > git for-each-ref --sort -committerdate --format %(refname) %(objectname) %(*objectname) [3ms]
2025-01-12 21:44:09.361 [info] > git status -z -uall [131ms]
2025-01-12 21:44:14.397 [info] > git config --get commit.template [19ms]
2025-01-12 21:44:14.399 [info] > git for-each-ref --format=%(refname)%00%(upstream:short)%00%(objectname)%00%(upstream:track)%00%(upstream:remotename)%00%(upstream:remoteref) refs/heads/master refs/remotes/master [4ms]
2025-01-12 21:44:14.438 [info] > git for-each-ref --sort -committerdate --format %(refname) %(objectname) %(*objectname) [16ms]
2025-01-12 21:44:14.521 [info] > git status -z -uall [110ms]
2025-01-12 21:44:19.610 [info] > git config --get commit.template [66ms]
2025-01-12 21:44:20.004 [info] > git for-each-ref --format=%(refname)%00%(upstream:short)%00%(objectname)%00%(upstream:track)%00%(upstream:remotename)%00%(upstream:remoteref) refs/heads/master refs/remotes/master [384ms]
2025-01-12 21:44:20.171 [info] > git for-each-ref --sort -committerdate --format %(refname) %(objectname) %(*objectname) [129ms]
2025-01-12 21:44:20.379 [info] > git status -z -uall [353ms]
2025-01-12 21:44:25.457 [info] > git config --get commit.template [47ms]
2025-01-12 21:44:25.494 [info] > git for-each-ref --format=%(refname)%00%(upstream:short)%00%(objectname)%00%(upstream:track)%00%(upstream:remotename)%00%(upstream:remoteref) refs/heads/master refs/remotes/master [15ms]
2025-01-12 21:44:25.592 [info] > git for-each-ref --sort -committerdate --format %(refname) %(objectname) %(*objectname) [33ms]
2025-01-12 21:44:25.716 [info] > git status -z -uall [200ms]
2025-01-12 21:44:30.752 [info] > git config --get commit.template [16ms]
2025-01-12 21:44:30.754 [info] > git for-each-ref --format=%(refname)%00%(upstream:short)%00%(objectname)%00%(upstream:track)%00%(upstream:remotename)%00%(upstream:remoteref) refs/heads/master refs/remotes/master [3ms]
2025-01-12 21:44:30.802 [info] > git for-each-ref --sort -committerdate --format %(refname) %(objectname) %(*objectname) [12ms]
2025-01-12 21:44:30.953 [info] > git status -z -uall [184ms]
2025-01-12 21:44:32.760 [info] > git show --textconv :index.html [117ms]
2025-01-12 21:44:32.761 [info] > git ls-files --stage -- /home/edinsonpb/index.html [101ms]
2025-01-12 21:44:32.793 [info] > git cat-file -s 27c4b397f15f33a39ee7c51664b31920ffd4bf8e [12ms]
2025-01-12 21:44:34.511 [info] > git config --get commit.template [6ms]
2025-01-12 21:44:34.522 [info] > git for-each-ref --format=%(refname)%00%(upstream:short)%00%(objectname)%00%(upstream:track)%00%(upstream:remotename)%00%(upstream:remoteref) refs/heads/master refs/remotes/master [4ms]
2025-01-12 21:44:34.565 [info] > git for-each-ref --sort -committerdate --format %(refname) %(objectname) %(*objectname) [22ms]
2025-01-12 21:44:34.632 [info] > git status -z -uall [102ms]
2025-01-12 21:44:39.666 [info] > git config --get commit.template [15ms]
2025-01-12 21:44:39.668 [info] > git for-each-ref --format=%(refname)%00%(upstream:short)%00%(objectname)%00%(upstream:track)%00%(upstream:remotename)%00%(upstream:remoteref) refs/heads/master refs/remotes/master [4ms]
2025-01-12 21:44:39.720 [info] > git for-each-ref --sort -committerdate --format %(refname) %(objectname) %(*objectname) [13ms]
2025-01-12 21:44:39.851 [info] > git status -z -uall [170ms]
2025-01-12 21:45:35.552 [info] > git config --get commit.template [2ms]
2025-01-12 21:45:35.589 [info] > git for-each-ref --format=%(refname)%00%(upstream:short)%00%(objectname)%00%(upstream:track)%00%(upstream:remotename)%00%(upstream:remoteref) refs/heads/master refs/remotes/master [15ms]
2025-01-12 21:45:35.656 [info] > git for-each-ref --sort -committerdate --format %(refname) %(objectname) %(*objectname) [20ms]
2025-01-12 21:45:34.612 [info] > git status -z -uall [-1003ms]
2025-01-12 21:45:39.640 [info] > git config --get commit.template [6ms]
2025-01-12 21:45:39.654 [info] > git for-each-ref --format=%(refname)%00%(upstream:short)%00%(objectname)%00%(upstream:track)%00%(upstream:remotename)%00%(upstream:remoteref) refs/heads/master refs/remotes/master [4ms]
2025-01-12 21:45:39.684 [info] > git for-each-ref --sort -committerdate --format %(refname) %(objectname) %(*objectname) [5ms]
2025-01-12 21:45:39.788 [info] > git status -z -uall [121ms]
2025-01-12 21:45:44.831 [info] > git config --get commit.template [14ms]
2025-01-12 21:45:44.840 [info] > git for-each-ref --format=%(refname)%00%(upstream:short)%00%(objectname)%00%(upstream:track)%00%(upstream:remotename)%00%(upstream:remoteref) refs/heads/master refs/remotes/master [11ms]
2025-01-12 21:45:44.869 [info] > git for-each-ref --sort -committerdate --format %(refname) %(objectname) %(*objectname) [3ms]
2025-01-12 21:45:44.985 [info] > git status -z -uall [132ms]
2025-01-12 21:45:50.013 [info] > git config --get commit.template [4ms]
2025-01-12 21:45:50.027 [info] > git for-each-ref --format=%(refname)%00%(upstream:short)%00%(objectname)%00%(upstream:track)%00%(upstream:remotename)%00%(upstream:remoteref) refs/heads/master refs/remotes/master [3ms]
2025-01-12 21:45:50.163 [info] > git for-each-ref --sort -committerdate --format %(refname) %(objectname) %(*objectname) [27ms]
2025-01-12 21:45:50.353 [info] > git status -z -uall [231ms]
2025-01-12 21:45:50.428 [info] > git show --textconv :css/style.css [44ms]
2025-01-12 21:45:50.458 [info] > git ls-files --stage -- /home/edinsonpb/css/style.css [31ms]
2025-01-12 21:45:50.497 [info] > git cat-file -s e69de29bb2d1d6434b8b29ae775ad8c2e48c5391 [23ms]
2025-01-12 21:45:55.386 [info] > git config --get commit.template [13ms]
2025-01-12 21:45:55.392 [info] > git for-each-ref --format=%(refname)%00%(upstream:short)%00%(objectname)%00%(upstream:track)%00%(upstream:remotename)%00%(upstream:remoteref) refs/heads/master refs/remotes/master [8ms]
2025-01-12 21:45:55.438 [info] > git for-each-ref --sort -committerdate --format %(refname) %(objectname) %(*objectname) [24ms]
2025-01-12 21:45:55.524 [info] > git status -z -uall [123ms]
2025-01-12 21:46:00.553 [info] > git config --get commit.template [12ms]
2025-01-12 21:46:00.556 [info] > git for-each-ref --format=%(refname)%00%(upstream:short)%00%(objectname)%00%(upstream:track)%00%(upstream:remotename)%00%(upstream:remoteref) refs/heads/master refs/remotes/master [5ms]
2025-01-12 21:46:00.603 [info] > git for-each-ref --sort -committerdate --format %(refname) %(objectname) %(*objectname) [23ms]
2025-01-12 21:46:00.660 [info] > git status -z -uall [94ms]
2025-01-12 21:46:05.694 [info] > git config --get commit.template [15ms]
2025-01-12 21:46:05.707 [info] > git for-each-ref --format=%(refname)%00%(upstream:short)%00%(objectname)%00%(upstream:track)%00%(upstream:remotename)%00%(upstream:remoteref) refs/heads/master refs/remotes/master [14ms]
2025-01-12 21:46:05.753 [info] > git for-each-ref --sort -committerdate --format %(refname) %(objectname) %(*objectname) [7ms]
2025-01-12 21:46:05.853 [info] > git status -z -uall [127ms]
2025-01-12 21:46:09.687 [info] > git config --get commit.template [18ms]
2025-01-12 21:46:09.693 [info] > git for-each-ref --format=%(refname)%00%(upstream:short)%00%(objectname)%00%(upstream:track)%00%(upstream:remotename)%00%(upstream:remoteref) refs/heads/master refs/remotes/master [11ms]
2025-01-12 21:46:09.720 [info] > git for-each-ref --sort -committerdate --format %(refname) %(objectname) %(*objectname) [5ms]
2025-01-12 21:46:09.816 [info] > git status -z -uall [111ms]
2025-01-12 21:46:14.852 [info] > git config --get commit.template [13ms]
2025-01-12 21:46:14.857 [info] > git for-each-ref --format=%(refname)%00%(upstream:short)%00%(objectname)%00%(upstream:track)%00%(upstream:remotename)%00%(upstream:remoteref) refs/heads/master refs/remotes/master [8ms]
2025-01-12 21:46:14.888 [info] > git for-each-ref --sort -committerdate --format %(refname) %(objectname) %(*objectname) [1ms]
2025-01-12 21:46:14.978 [info] > git status -z -uall [112ms]
2025-01-12 21:46:20.029 [info] > git config --get commit.template [17ms]
2025-01-12 21:46:20.037 [info] > git for-each-ref --format=%(refname)%00%(upstream:short)%00%(objectname)%00%(upstream:track)%00%(upstream:remotename)%00%(upstream:remoteref) refs/heads/master refs/remotes/master [12ms]
2025-01-12 21:46:20.096 [info] > git for-each-ref --sort -committerdate --format %(refname) %(objectname) %(*objectname) [10ms]
2025-01-12 21:46:20.170 [info] > git status -z -uall [119ms]
2025-01-12 21:46:25.208 [info] > git config --get commit.template [21ms]
2025-01-12 21:46:25.210 [info] > git for-each-ref --format=%(refname)%00%(upstream:short)%00%(objectname)%00%(upstream:track)%00%(upstream:remotename)%00%(upstream:remoteref) refs/heads/master refs/remotes/master [7ms]
2025-01-12 21:46:25.253 [info] > git for-each-ref --sort -committerdate --format %(refname) %(objectname) %(*objectname) [6ms]
2025-01-12 21:46:25.340 [info] > git status -z -uall [121ms]
2025-01-12 21:46:30.378 [info] > git config --get commit.template [18ms]
2025-01-12 21:46:30.381 [info] > git for-each-ref --format=%(refname)%00%(upstream:short)%00%(objectname)%00%(upstream:track)%00%(upstream:remotename)%00%(upstream:remoteref) refs/heads/master refs/remotes/master [5ms]
2025-01-12 21:46:30.410 [info] > git for-each-ref --sort -committerdate --format %(refname) %(objectname) %(*objectname) [5ms]
2025-01-12 21:46:30.508 [info] > git status -z -uall [116ms]
2025-01-12 21:46:35.549 [info] > git config --get commit.template [20ms]
2025-01-12 21:46:35.551 [info] > git for-each-ref --format=%(refname)%00%(upstream:short)%00%(objectname)%00%(upstream:track)%00%(upstream:remotename)%00%(upstream:remoteref) refs/heads/master refs/remotes/master [5ms]
2025-01-12 21:46:35.609 [info] > git for-each-ref --sort -committerdate --format %(refname) %(objectname) %(*objectname) [28ms]
2025-01-12 21:46:35.757 [info] > git status -z -uall [192ms]
2025-01-12 21:46:39.574 [info] > git config --get commit.template [17ms]
2025-01-12 21:46:39.576 [info] > git for-each-ref --format=%(refname)%00%(upstream:short)%00%(objectname)%00%(upstream:track)%00%(upstream:remotename)%00%(upstream:remoteref) refs/heads/master refs/remotes/master [4ms]
2025-01-12 21:46:39.621 [info] > git for-each-ref --sort -committerdate --format %(refname) %(objectname) %(*objectname) [25ms]
2025-01-12 21:46:39.712 [info] > git status -z -uall [128ms]
2025-01-12 21:46:44.757 [info] > git config --get commit.template [21ms]
2025-01-12 21:46:44.759 [info] > git for-each-ref --format=%(refname)%00%(upstream:short)%00%(objectname)%00%(upstream:track)%00%(upstream:remotename)%00%(upstream:remoteref) refs/heads/master refs/remotes/master [4ms]
2025-01-12 21:46:44.786 [info] > git for-each-ref --sort -committerdate --format %(refname) %(objectname) %(*objectname) [4ms]
2025-01-12 21:46:44.891 [info] > git status -z -uall [120ms]
2025-01-12 21:46:49.937 [info] > git config --get commit.template [19ms]
2025-01-12 21:46:49.939 [info] > git for-each-ref --format=%(refname)%00%(upstream:short)%00%(objectname)%00%(upstream:track)%00%(upstream:remotename)%00%(upstream:remoteref) refs/heads/master refs/remotes/master [4ms]
2025-01-12 21:46:50.054 [info] > git for-each-ref --sort -committerdate --format %(refname) %(objectname) %(*objectname) [31ms]
2025-01-12 21:46:50.195 [info] > git status -z -uall [191ms]
2025-01-12 21:46:55.229 [info] > git config --get commit.template [15ms]
2025-01-12 21:46:55.231 [info] > git for-each-ref --format=%(refname)%00%(upstream:short)%00%(objectname)%00%(upstream:track)%00%(upstream:remotename)%00%(upstream:remoteref) refs/heads/master refs/remotes/master [4ms]
2025-01-12 21:46:55.259 [info] > git for-each-ref --sort -committerdate --format %(refname) %(objectname) %(*objectname) [4ms]
2025-01-12 21:46:55.359 [info] > git status -z -uall [117ms]
2025-01-12 21:47:00.395 [info] > git config --get commit.template [16ms]
2025-01-12 21:47:00.396 [info] > git for-each-ref --format=%(refname)%00%(upstream:short)%00%(objectname)%00%(upstream:track)%00%(upstream:remotename)%00%(upstream:remoteref) refs/heads/master refs/remotes/master [4ms]
2025-01-12 21:47:00.421 [info] > git for-each-ref --sort -committerdate --format %(refname) %(objectname) %(*objectname) [5ms]
2025-01-12 21:47:00.504 [info] > git status -z -uall [99ms]
2025-01-12 21:47:05.540 [info] > git for-each-ref --format=%(refname)%00%(upstream:short)%00%(objectname)%00%(upstream:track)%00%(upstream:remotename)%00%(upstream:remoteref) refs/heads/master refs/remotes/master [7ms]
2025-01-12 21:47:05.540 [info] > git config --get commit.template [19ms]
2025-01-12 21:47:05.606 [info] > git for-each-ref --sort -committerdate --format %(refname) %(objectname) %(*objectname) [6ms]
2025-01-12 21:47:05.683 [info] > git status -z -uall [93ms]
2025-01-12 21:48:53.363 [info] > git config --get commit.template [25ms]
2025-01-12 21:48:53.376 [info] > git for-each-ref --format=%(refname)%00%(upstream:short)%00%(objectname)%00%(upstream:track)%00%(upstream:remotename)%00%(upstream:remoteref) refs/heads/master refs/remotes/master [15ms]
2025-01-12 21:48:53.411 [info] > git for-each-ref --sort -committerdate --format %(refname) %(objectname) %(*objectname) [5ms]
2025-01-12 21:48:53.752 [info] > git status -z -uall [359ms]
2025-01-12 21:48:58.782 [info] > git config --get commit.template [8ms]
2025-01-12 21:48:58.797 [info] > git for-each-ref --format=%(refname)%00%(upstream:short)%00%(objectname)%00%(upstream:track)%00%(upstream:remotename)%00%(upstream:remoteref) refs/heads/master refs/remotes/master [4ms]
2025-01-12 21:48:58.833 [info] > git for-each-ref --sort -committerdate --format %(refname) %(objectname) %(*objectname) [14ms]
2025-01-12 21:48:58.927 [info] > git status -z -uall [119ms]
2025-01-12 21:49:03.955 [info] > git config --get commit.template [11ms]
2025-01-12 21:49:03.958 [info] > git for-each-ref --format=%(refname)%00%(upstream:short)%00%(objectname)%00%(upstream:track)%00%(upstream:remotename)%00%(upstream:remoteref) refs/heads/master refs/remotes/master [3ms]
2025-01-12 21:49:03.983 [info] > git for-each-ref --sort -committerdate --format %(refname) %(objectname) %(*objectname) [1ms]
2025-01-12 21:49:04.062 [info] > git status -z -uall [94ms]
2025-01-12 21:49:09.096 [info] > git config --get commit.template [16ms]
2025-01-12 21:49:09.097 [info] > git for-each-ref --format=%(refname)%00%(upstream:short)%00%(objectname)%00%(upstream:track)%00%(upstream:remotename)%00%(upstream:remoteref) refs/heads/master refs/remotes/master [3ms]
2025-01-12 21:49:09.140 [info] > git for-each-ref --sort -committerdate --format %(refname) %(objectname) %(*objectname) [2ms]
2025-01-12 21:49:09.209 [info] > git status -z -uall [101ms]
2025-01-12 21:49:12.975 [info] > git config --get commit.template [12ms]
2025-01-12 21:49:12.977 [info] > git for-each-ref --format=%(refname)%00%(upstream:short)%00%(objectname)%00%(upstream:track)%00%(upstream:remotename)%00%(upstream:remoteref) refs/heads/master refs/remotes/master [4ms]
2025-01-12 21:49:13.004 [info] > git for-each-ref --sort -committerdate --format %(refname) %(objectname) %(*objectname) [4ms]
2025-01-12 21:49:13.087 [info] > git status -z -uall [99ms]
2025-01-12 21:49:18.121 [info] > git config --get commit.template [16ms]
2025-01-12 21:49:18.131 [info] > git for-each-ref --format=%(refname)%00%(upstream:short)%00%(objectname)%00%(upstream:track)%00%(upstream:remotename)%00%(upstream:remoteref) refs/heads/master refs/remotes/master [14ms]
2025-01-12 21:49:18.164 [info] > git for-each-ref --sort -committerdate --format %(refname) %(objectname) %(*objectname) [2ms]
2025-01-12 21:49:18.252 [info] > git status -z -uall [108ms]
2025-01-12 21:49:23.274 [info] > git config --get commit.template [4ms]
2025-01-12 21:49:23.302 [info] > git for-each-ref --format=%(refname)%00%(upstream:short)%00%(objectname)%00%(upstream:track)%00%(upstream:remotename)%00%(upstream:remoteref) refs/heads/master refs/remotes/master [16ms]
2025-01-12 21:49:23.351 [info] > git for-each-ref --sort -committerdate --format %(refname) %(objectname) %(*objectname) [13ms]
2025-01-12 21:49:23.475 [info] > git status -z -uall [160ms]
2025-01-12 21:49:27.697 [info] > git show --textconv :index.html [18ms]
2025-01-12 21:49:27.729 [info] > git ls-files --stage -- /home/edinsonpb/index.html [36ms]
2025-01-12 21:49:27.755 [info] > git cat-file -s 27c4b397f15f33a39ee7c51664b31920ffd4bf8e [4ms]
2025-01-12 21:49:28.515 [info] > git config --get commit.template [16ms]
2025-01-12 21:49:28.516 [info] > git for-each-ref --format=%(refname)%00%(upstream:short)%00%(objectname)%00%(upstream:track)%00%(upstream:remotename)%00%(upstream:remoteref) refs/heads/master refs/remotes/master [3ms]
2025-01-12 21:49:28.561 [info] > git for-each-ref --sort -committerdate --format %(refname) %(objectname) %(*objectname) [23ms]
2025-01-12 21:49:28.670 [info] > git status -z -uall [145ms]
2025-01-12 21:49:29.190 [info] > git show --textconv :css/style.css [23ms]
2025-01-12 21:49:29.205 [info] > git ls-files --stage -- /home/edinsonpb/css/style.css [20ms]
2025-01-12 21:49:29.223 [info] > git cat-file -s e69de29bb2d1d6434b8b29ae775ad8c2e48c5391 [4ms]
2025-01-12 21:49:48.943 [info] > git config --get commit.template [21ms]
2025-01-12 21:49:48.956 [info] > git for-each-ref --format=%(refname)%00%(upstream:short)%00%(objectname)%00%(upstream:track)%00%(upstream:remotename)%00%(upstream:remoteref) refs/heads/master refs/remotes/master [16ms]
2025-01-12 21:49:49.016 [info] > git for-each-ref --sort -committerdate --format %(refname) %(objectname) %(*objectname) [35ms]
2025-01-12 21:49:49.076 [info] > git status -z -uall [110ms]
2025-01-12 21:49:51.823 [info] > git show --textconv :index.html [14ms]
2025-01-12 21:49:51.830 [info] > git ls-files --stage -- /home/edinsonpb/index.html [12ms]
2025-01-12 21:49:51.857 [info] > git cat-file -s 27c4b397f15f33a39ee7c51664b31920ffd4bf8e [4ms]
2025-01-12 21:49:54.123 [info] > git config --get commit.template [13ms]
2025-01-12 21:49:54.133 [info] > git for-each-ref --format=%(refname)%00%(upstream:short)%00%(objectname)%00%(upstream:track)%00%(upstream:remotename)%00%(upstream:remoteref) refs/heads/master refs/remotes/master [12ms]
2025-01-12 21:49:54.167 [info] > git for-each-ref --sort -committerdate --format %(refname) %(objectname) %(*objectname) [16ms]
2025-01-12 21:49:54.252 [info] > git status -z -uall [112ms]
2025-01-12 21:49:59.297 [info] > git config --get commit.template [17ms]
2025-01-12 21:49:59.299 [info] > git for-each-ref --format=%(refname)%00%(upstream:short)%00%(objectname)%00%(upstream:track)%00%(upstream:remotename)%00%(upstream:remoteref) refs/heads/master refs/remotes/master [4ms]
2025-01-12 21:49:59.328 [info] > git for-each-ref --sort -committerdate --format %(refname) %(objectname) %(*objectname) [11ms]
2025-01-12 21:49:59.370 [info] > git status -z -uall [62ms]
2025-01-12 21:50:04.390 [info] > git config --get commit.template [6ms]
2025-01-12 21:50:04.406 [info] > git for-each-ref --format=%(refname)%00%(upstream:short)%00%(objectname)%00%(upstream:track)%00%(upstream:remotename)%00%(upstream:remoteref) refs/heads/master refs/remotes/master [4ms]
2025-01-12 21:50:04.434 [info] > git for-each-ref --sort -committerdate --format %(refname) %(objectname) %(*objectname) [4ms]
2025-01-12 21:50:04.524 [info] > git status -z -uall [109ms]
2025-01-12 21:50:09.557 [info] > git config --get commit.template [12ms]
2025-01-12 21:50:09.559 [info] > git for-each-ref --format=%(refname)%00%(upstream:short)%00%(objectname)%00%(upstream:track)%00%(upstream:remotename)%00%(upstream:remoteref) refs/heads/master refs/remotes/master [4ms]
2025-01-12 21:50:09.582 [info] > git for-each-ref --sort -committerdate --format %(refname) %(objectname) %(*objectname) [4ms]
2025-01-12 21:50:09.636 [info] > git status -z -uall [70ms]
2025-01-12 21:50:13.057 [info] > git show --textconv :css/style.css [10ms]
2025-01-12 21:50:13.075 [info] > git ls-files --stage -- /home/edinsonpb/css/style.css [20ms]
2025-01-12 21:50:13.088 [info] > git cat-file -s e69de29bb2d1d6434b8b29ae775ad8c2e48c5391 [4ms]
2025-01-12 21:50:13.398 [info] > git config --get commit.template [3ms]
2025-01-12 21:50:13.411 [info] > git for-each-ref --format=%(refname)%00%(upstream:short)%00%(objectname)%00%(upstream:track)%00%(upstream:remotename)%00%(upstream:remoteref) refs/heads/master refs/remotes/master [3ms]
2025-01-12 21:50:13.482 [info] > git for-each-ref --sort -committerdate --format %(refname) %(objectname) %(*objectname) [45ms]
2025-01-12 21:50:13.552 [info] > git status -z -uall [132ms]
2025-01-12 21:50:18.584 [info] > git config --get commit.template [12ms]
2025-01-12 21:50:18.585 [info] > git for-each-ref --format=%(refname)%00%(upstream:short)%00%(objectname)%00%(upstream:track)%00%(upstream:remotename)%00%(upstream:remoteref) refs/heads/master refs/remotes/master [3ms]
2025-01-12 21:50:18.604 [info] > git for-each-ref --sort -committerdate --format %(refname) %(objectname) %(*objectname) [4ms]
2025-01-12 21:50:18.654 [info] > git status -z -uall [62ms]
2025-01-12 21:50:23.691 [info] > git config --get commit.template [17ms]
2025-01-12 21:50:23.693 [info] > git for-each-ref --format=%(refname)%00%(upstream:short)%00%(objectname)%00%(upstream:track)%00%(upstream:remotename)%00%(upstream:remoteref) refs/heads/master refs/remotes/master [4ms]
2025-01-12 21:50:23.723 [info] > git for-each-ref --sort -committerdate --format %(refname) %(objectname) %(*objectname) [14ms]
2025-01-12 21:50:23.764 [info] > git status -z -uall [64ms]
2025-01-12 21:50:28.804 [info] > git config --get commit.template [19ms]
2025-01-12 21:50:28.806 [info] > git for-each-ref --format=%(refname)%00%(upstream:short)%00%(objectname)%00%(upstream:track)%00%(upstream:remotename)%00%(upstream:remoteref) refs/heads/master refs/remotes/master [4ms]
2025-01-12 21:50:28.837 [info] > git for-each-ref --sort -committerdate --format %(refname) %(objectname) %(*objectname) [4ms]
2025-01-12 21:50:28.889 [info] > git status -z -uall [67ms]
2025-01-12 21:50:33.931 [info] > git config --get commit.template [24ms]
2025-01-12 21:50:33.932 [info] > git for-each-ref --format=%(refname)%00%(upstream:short)%00%(objectname)%00%(upstream:track)%00%(upstream:remotename)%00%(upstream:remoteref) refs/heads/master refs/remotes/master [8ms]
2025-01-12 21:50:33.994 [info] > git for-each-ref --sort -committerdate --format %(refname) %(objectname) %(*objectname) [6ms]
2025-01-12 21:50:34.036 [info] > git status -z -uall [74ms]
2025-01-12 21:50:39.079 [info] > git config --get commit.template [13ms]
2025-01-12 21:50:39.080 [info] > git for-each-ref --format=%(refname)%00%(upstream:short)%00%(objectname)%00%(upstream:track)%00%(upstream:remotename)%00%(upstream:remoteref) refs/heads/master refs/remotes/master [2ms]
2025-01-12 21:50:39.123 [info] > git for-each-ref --sort -committerdate --format %(refname) %(objectname) %(*objectname) [21ms]
2025-01-12 21:50:39.201 [info] > git status -z -uall [108ms]
2025-01-12 21:50:44.222 [info] > git config --get commit.template [10ms]
2025-01-12 21:50:44.223 [info] > git for-each-ref --format=%(refname)%00%(upstream:short)%00%(objectname)%00%(upstream:track)%00%(upstream:remotename)%00%(upstream:remoteref) refs/heads/master refs/remotes/master [3ms]
2025-01-12 21:50:44.258 [info] > git for-each-ref --sort -committerdate --format %(refname) %(objectname) %(*objectname) [15ms]
2025-01-12 21:50:44.298 [info] > git status -z -uall [64ms]
2025-01-12 21:50:47.983 [info] > git config --get commit.template [16ms]
2025-01-12 21:50:47.988 [info] > git for-each-ref --format=%(refname)%00%(upstream:short)%00%(objectname)%00%(upstream:track)%00%(upstream:remotename)%00%(upstream:remoteref) refs/heads/master refs/remotes/master [6ms]
2025-01-12 21:50:48.033 [info] > git for-each-ref --sort -committerdate --format %(refname) %(objectname) %(*objectname) [16ms]
2025-01-12 21:50:48.087 [info] > git status -z -uall [84ms]
2025-01-12 21:50:53.106 [info] > git config --get commit.template [5ms]
2025-01-12 21:50:53.119 [info] > git for-each-ref --format=%(refname)%00%(upstream:short)%00%(objectname)%00%(upstream:track)%00%(upstream:remotename)%00%(upstream:remoteref) refs/heads/master refs/remotes/master [3ms]
2025-01-12 21:50:53.154 [info] > git for-each-ref --sort -committerdate --format %(refname) %(objectname) %(*objectname) [5ms]
2025-01-12 21:50:53.217 [info] > git status -z -uall [91ms]
2025-01-12 21:50:58.246 [info] > git config --get commit.template [11ms]
2025-01-12 21:50:58.248 [info] > git for-each-ref --format=%(refname)%00%(upstream:short)%00%(objectname)%00%(upstream:track)%00%(upstream:remotename)%00%(upstream:remoteref) refs/heads/master refs/remotes/master [2ms]
2025-01-12 21:50:58.275 [info] > git for-each-ref --sort -committerdate --format %(refname) %(objectname) %(*objectname) [8ms]
2025-01-12 21:50:58.350 [info] > git status -z -uall [93ms]
2025-01-12 21:51:03.385 [info] > git config --get commit.template [10ms]
2025-01-12 21:51:03.386 [info] > git for-each-ref --format=%(refname)%00%(upstream:short)%00%(objectname)%00%(upstream:track)%00%(upstream:remotename)%00%(upstream:remoteref) refs/heads/master refs/remotes/master [3ms]
2025-01-12 21:51:03.411 [info] > git for-each-ref --sort -committerdate --format %(refname) %(objectname) %(*objectname) [9ms]
2025-01-12 21:51:03.465 [info] > git status -z -uall [70ms]
2025-01-12 21:51:08.503 [info] > git config --get commit.template [15ms]
2025-01-12 21:51:08.506 [info] > git for-each-ref --format=%(refname)%00%(upstream:short)%00%(objectname)%00%(upstream:track)%00%(upstream:remotename)%00%(upstream:remoteref) refs/heads/master refs/remotes/master [4ms]
2025-01-12 21:51:08.529 [info] > git for-each-ref --sort -committerdate --format %(refname) %(objectname) %(*objectname) [4ms]
2025-01-12 21:51:08.586 [info] > git status -z -uall [73ms]
2025-01-12 21:51:13.627 [info] > git config --get commit.template [18ms]
2025-01-12 21:51:13.629 [info] > git for-each-ref --format=%(refname)%00%(upstream:short)%00%(objectname)%00%(upstream:track)%00%(upstream:remotename)%00%(upstream:remoteref) refs/heads/master refs/remotes/master [4ms]
2025-01-12 21:51:13.654 [info] > git for-each-ref --sort -committerdate --format %(refname) %(objectname) %(*objectname) [4ms]
2025-01-12 21:51:13.743 [info] > git status -z -uall [104ms]
2025-01-12 21:51:17.432 [info] > git config --get commit.template [10ms]
2025-01-12 21:51:17.434 [info] > git for-each-ref --format=%(refname)%00%(upstream:short)%00%(objectname)%00%(upstream:track)%00%(upstream:remotename)%00%(upstream:remoteref) refs/heads/master refs/remotes/master [3ms]
2025-01-12 21:51:17.456 [info] > git for-each-ref --sort -committerdate --format %(refname) %(objectname) %(*objectname) [6ms]
2025-01-12 21:51:17.513 [info] > git status -z -uall [72ms]
2025-01-12 21:51:22.536 [info] > git config --get commit.template [3ms]
2025-01-12 21:51:22.548 [info] > git for-each-ref --format=%(refname)%00%(upstream:short)%00%(objectname)%00%(upstream:track)%00%(upstream:remotename)%00%(upstream:remoteref) refs/heads/master refs/remotes/master [2ms]
2025-01-12 21:51:22.569 [info] > git for-each-ref --sort -committerdate --format %(refname) %(objectname) %(*objectname) [4ms]
2025-01-12 21:51:22.620 [info] > git status -z -uall [65ms]
2025-01-12 21:51:27.658 [info] > git config --get commit.template [16ms]
2025-01-12 21:51:27.660 [info] > git for-each-ref --format=%(refname)%00%(upstream:short)%00%(objectname)%00%(upstream:track)%00%(upstream:remotename)%00%(upstream:remoteref) refs/heads/master refs/remotes/master [3ms]
2025-01-12 21:51:27.702 [info] > git for-each-ref --sort -committerdate --format %(refname) %(objectname) %(*objectname) [4ms]
2025-01-12 21:51:27.756 [info] > git status -z -uall [67ms]
2025-01-12 21:51:32.778 [info] > git config --get commit.template [9ms]
2025-01-12 21:51:32.780 [info] > git for-each-ref --format=%(refname)%00%(upstream:short)%00%(objectname)%00%(upstream:track)%00%(upstream:remotename)%00%(upstream:remoteref) refs/heads/master refs/remotes/master [4ms]
2025-01-12 21:51:32.834 [info] > git for-each-ref --sort -committerdate --format %(refname) %(objectname) %(*objectname) [18ms]
2025-01-12 21:51:32.888 [info] > git status -z -uall [81ms]
2025-01-12 21:51:37.919 [info] > git config --get commit.template [11ms]
2025-01-12 21:51:37.921 [info] > git for-each-ref --format=%(refname)%00%(upstream:short)%00%(objectname)%00%(upstream:track)%00%(upstream:remotename)%00%(upstream:remoteref) refs/heads/master refs/remotes/master [4ms]
2025-01-12 21:51:37.981 [info] > git for-each-ref --sort -committerdate --format %(refname) %(objectname) %(*objectname) [25ms]
2025-01-12 21:51:38.025 [info] > git status -z -uall [82ms]
2025-01-12 21:51:43.060 [info] > git config --get commit.template [15ms]
2025-01-12 21:51:43.062 [info] > git for-each-ref --format=%(refname)%00%(upstream:short)%00%(objectname)%00%(upstream:track)%00%(upstream:remotename)%00%(upstream:remoteref) refs/heads/master refs/remotes/master [3ms]
2025-01-12 21:51:43.100 [info] > git for-each-ref --sort -committerdate --format %(refname) %(objectname) %(*objectname) [11ms]
2025-01-12 21:51:43.158 [info] > git status -z -uall [79ms]
2025-01-12 21:51:46.931 [info] > git config --get commit.template [8ms]
2025-01-12 21:51:46.933 [info] > git for-each-ref --format=%(refname)%00%(upstream:short)%00%(objectname)%00%(upstream:track)%00%(upstream:remotename)%00%(upstream:remoteref) refs/heads/master refs/remotes/master [2ms]
2025-01-12 21:51:46.956 [info] > git for-each-ref --sort -committerdate --format %(refname) %(objectname) %(*objectname) [6ms]
2025-01-12 21:51:47.006 [info] > git status -z -uall [68ms]
2025-01-12 21:54:45.428 [info] > git config --get commit.template [43ms]
2025-01-12 21:54:45.430 [info] > git for-each-ref --format=%(refname)%00%(upstream:short)%00%(objectname)%00%(upstream:track)%00%(upstream:remotename)%00%(upstream:remoteref) refs/heads/master refs/remotes/master [26ms]
2025-01-12 21:54:45.470 [info] > git ls-files --stage -- /home/edinsonpb/css/style.css [44ms]
2025-01-12 21:54:45.498 [info] > git for-each-ref --sort -committerdate --format %(refname) %(objectname) %(*objectname) [30ms]
2025-01-12 21:54:45.529 [info] > git cat-file -s 190b5f442a1ed6eff08ed4fcf4eace06e5e6e643 [32ms]
2025-01-12 21:54:45.584 [info] > git status -z -uall [129ms]
2025-01-12 21:54:45.604 [info] > git show --textconv :css/style.css [25ms]
2025-01-12 21:54:45.608 [info] > git blame --root --incremental 138d27599fdf8362e6d40e8ec052b54b9eb8c535 -- /home/edinsonpb/css/style.css [7ms]
2025-01-12 21:54:48.934 [info] > git show --textconv :index.html [11ms]
2025-01-12 21:54:48.947 [info] > git ls-files --stage -- /home/edinsonpb/index.html [14ms]
2025-01-12 21:54:48.965 [info] > git cat-file -s 27c4b397f15f33a39ee7c51664b31920ffd4bf8e [4ms]
2025-01-12 21:54:50.635 [info] > git config --get commit.template [10ms]
2025-01-12 21:54:50.637 [info] > git for-each-ref --format=%(refname)%00%(upstream:short)%00%(objectname)%00%(upstream:track)%00%(upstream:remotename)%00%(upstream:remoteref) refs/heads/master refs/remotes/master [4ms]
2025-01-12 21:54:50.668 [info] > git for-each-ref --sort -committerdate --format %(refname) %(objectname) %(*objectname) [16ms]
2025-01-12 21:54:50.728 [info] > git status -z -uall [85ms]
2025-01-12 21:54:51.302 [info] > git show --textconv :css/style.css [14ms]
2025-01-12 21:54:51.309 [info] > git ls-files --stage -- /home/edinsonpb/css/style.css [13ms]
2025-01-12 21:54:51.326 [info] > git cat-file -s 190b5f442a1ed6eff08ed4fcf4eace06e5e6e643 [5ms]
2025-01-12 21:54:54.476 [info] > git config --get commit.template [17ms]
2025-01-12 21:54:54.479 [info] > git for-each-ref --format=%(refname)%00%(upstream:short)%00%(objectname)%00%(upstream:track)%00%(upstream:remotename)%00%(upstream:remoteref) refs/heads/master refs/remotes/master [4ms]
2025-01-12 21:54:54.516 [info] > git for-each-ref --sort -committerdate --format %(refname) %(objectname) %(*objectname) [12ms]
2025-01-12 21:54:54.555 [info] > git status -z -uall [65ms]
2025-01-12 21:54:59.592 [info] > git config --get commit.template [16ms]
2025-01-12 21:54:59.594 [info] > git for-each-ref --format=%(refname)%00%(upstream:short)%00%(objectname)%00%(upstream:track)%00%(upstream:remotename)%00%(upstream:remoteref) refs/heads/master refs/remotes/master [4ms]
2025-01-12 21:54:59.626 [info] > git for-each-ref --sort -committerdate --format %(refname) %(objectname) %(*objectname) [11ms]
2025-01-12 21:54:59.670 [info] > git status -z -uall [66ms]
2025-01-12 21:55:04.710 [info] > git config --get commit.template [16ms]
2025-01-12 21:55:04.712 [info] > git for-each-ref --format=%(refname)%00%(upstream:short)%00%(objectname)%00%(upstream:track)%00%(upstream:remotename)%00%(upstream:remoteref) refs/heads/master refs/remotes/master [3ms]
2025-01-12 21:55:04.742 [info] > git for-each-ref --sort -committerdate --format %(refname) %(objectname) %(*objectname) [13ms]
2025-01-12 21:55:04.778 [info] > git status -z -uall [59ms]
2025-01-12 21:55:09.821 [info] > git config --get commit.template [19ms]
2025-01-12 21:55:09.824 [info] > git for-each-ref --format=%(refname)%00%(upstream:short)%00%(objectname)%00%(upstream:track)%00%(upstream:remotename)%00%(upstream:remoteref) refs/heads/master refs/remotes/master [6ms]
2025-01-12 21:55:09.850 [info] > git for-each-ref --sort -committerdate --format %(refname) %(objectname) %(*objectname) [6ms]
2025-01-12 21:55:09.898 [info] > git status -z -uall [64ms]
2025-01-12 21:55:14.917 [info] > git config --get commit.template [5ms]
2025-01-12 21:55:14.927 [info] > git for-each-ref --format=%(refname)%00%(upstream:short)%00%(objectname)%00%(upstream:track)%00%(upstream:remotename)%00%(upstream:remoteref) refs/heads/master refs/remotes/master [3ms]
2025-01-12 21:55:14.952 [info] > git for-each-ref --sort -committerdate --format %(refname) %(objectname) %(*objectname) [8ms]
2025-01-12 21:55:15.000 [info] > git status -z -uall [65ms]
2025-01-12 21:55:20.025 [info] > git config --get commit.template [9ms]
2025-01-12 21:55:20.027 [info] > git for-each-ref --format=%(refname)%00%(upstream:short)%00%(objectname)%00%(upstream:track)%00%(upstream:remotename)%00%(upstream:remoteref) refs/heads/master refs/remotes/master [4ms]
2025-01-12 21:55:20.054 [info] > git for-each-ref --sort -committerdate --format %(refname) %(objectname) %(*objectname) [8ms]
2025-01-12 21:55:20.108 [info] > git status -z -uall [73ms]
2025-01-12 21:55:23.870 [info] > git config --get commit.template [17ms]
2025-01-12 21:55:23.872 [info] > git for-each-ref --format=%(refname)%00%(upstream:short)%00%(objectname)%00%(upstream:track)%00%(upstream:remotename)%00%(upstream:remoteref) refs/heads/master refs/remotes/master [4ms]
2025-01-12 21:55:23.914 [info] > git for-each-ref --sort -committerdate --format %(refname) %(objectname) %(*objectname) [15ms]
2025-01-12 21:55:23.961 [info] > git status -z -uall [78ms]
2025-01-12 21:55:29.004 [info] > git config --get commit.template [17ms]
2025-01-12 21:55:29.008 [info] > git for-each-ref --format=%(refname)%00%(upstream:short)%00%(objectname)%00%(upstream:track)%00%(upstream:remotename)%00%(upstream:remoteref) refs/heads/master refs/remotes/master [7ms]
2025-01-12 21:55:29.041 [info] > git for-each-ref --sort -committerdate --format %(refname) %(objectname) %(*objectname) [14ms]
2025-01-12 21:55:29.081 [info] > git status -z -uall [64ms]
2025-01-12 21:55:34.106 [info] > git config --get commit.template [11ms]
2025-01-12 21:55:34.110 [info] > git for-each-ref --format=%(refname)%00%(upstream:short)%00%(objectname)%00%(upstream:track)%00%(upstream:remotename)%00%(upstream:remoteref) refs/heads/master refs/remotes/master [6ms]
2025-01-12 21:55:34.134 [info] > git for-each-ref --sort -committerdate --format %(refname) %(objectname) %(*objectname) [9ms]
2025-01-12 21:55:34.173 [info] > git status -z -uall [57ms]
2025-01-12 21:55:39.211 [info] > git config --get commit.template [18ms]
2025-01-12 21:55:39.215 [info] > git for-each-ref --format=%(refname)%00%(upstream:short)%00%(objectname)%00%(upstream:track)%00%(upstream:remotename)%00%(upstream:remoteref) refs/heads/master refs/remotes/master [7ms]
2025-01-12 21:55:39.241 [info] > git for-each-ref --sort -committerdate --format %(refname) %(objectname) %(*objectname) [6ms]
2025-01-12 21:55:39.288 [info] > git status -z -uall [64ms]
2025-01-12 21:55:44.309 [info] > git config --get commit.template [3ms]
2025-01-12 21:55:44.320 [info] > git for-each-ref --format=%(refname)%00%(upstream:short)%00%(objectname)%00%(upstream:track)%00%(upstream:remotename)%00%(upstream:remoteref) refs/heads/master refs/remotes/master [2ms]
2025-01-12 21:55:44.343 [info] > git for-each-ref --sort -committerdate --format %(refname) %(objectname) %(*objectname) [6ms]
2025-01-12 21:55:44.395 [info] > git status -z -uall [68ms]
2025-01-12 21:55:49.415 [info] > git config --get commit.template [9ms]
2025-01-12 21:55:49.416 [info] > git for-each-ref --format=%(refname)%00%(upstream:short)%00%(objectname)%00%(upstream:track)%00%(upstream:remotename)%00%(upstream:remoteref) refs/heads/master refs/remotes/master [2ms]
2025-01-12 21:55:49.441 [info] > git for-each-ref --sort -committerdate --format %(refname) %(objectname) %(*objectname) [10ms]
2025-01-12 21:55:49.481 [info] > git status -z -uall [59ms]
2025-01-12 21:55:54.498 [info] > git config --get commit.template [5ms]
2025-01-12 21:55:54.512 [info] > git for-each-ref --format=%(refname)%00%(upstream:short)%00%(objectname)%00%(upstream:track)%00%(upstream:remotename)%00%(upstream:remoteref) refs/heads/master refs/remotes/master [5ms]
2025-01-12 21:55:54.544 [info] > git for-each-ref --sort -committerdate --format %(refname) %(objectname) %(*objectname) [12ms]
2025-01-12 21:55:54.598 [info] > git status -z -uall [78ms]
2025-01-12 21:55:58.340 [info] > git config --get commit.template [15ms]
2025-01-12 21:55:58.344 [info] > git for-each-ref --format=%(refname)%00%(upstream:short)%00%(objectname)%00%(upstream:track)%00%(upstream:remotename)%00%(upstream:remoteref) refs/heads/master refs/remotes/master [6ms]
2025-01-12 21:55:58.375 [info] > git for-each-ref --sort -committerdate --format %(refname) %(objectname) %(*objectname) [12ms]
2025-01-12 21:55:58.435 [info] > git status -z -uall [82ms]
2025-01-12 21:56:03.471 [info] > git config --get commit.template [18ms]
2025-01-12 21:56:03.475 [info] > git for-each-ref --format=%(refname)%00%(upstream:short)%00%(objectname)%00%(upstream:track)%00%(upstream:remotename)%00%(upstream:remoteref) refs/heads/master refs/remotes/master [5ms]
2025-01-12 21:56:03.499 [info] > git for-each-ref --sort -committerdate --format %(refname) %(objectname) %(*objectname) [5ms]
2025-01-12 21:56:03.553 [info] > git status -z -uall [71ms]
2025-01-12 21:56:08.587 [info] > git config --get commit.template [4ms]
2025-01-12 21:56:08.598 [info] > git for-each-ref --format=%(refname)%00%(upstream:short)%00%(objectname)%00%(upstream:track)%00%(upstream:remotename)%00%(upstream:remoteref) refs/heads/master refs/remotes/master [2ms]
2025-01-12 21:56:08.629 [info] > git for-each-ref --sort -committerdate --format %(refname) %(objectname) %(*objectname) [13ms]
2025-01-12 21:56:08.667 [info] > git status -z -uall [61ms]
2025-01-12 21:56:13.708 [info] > git config --get commit.template [10ms]
2025-01-12 21:56:13.710 [info] > git for-each-ref --format=%(refname)%00%(upstream:short)%00%(objectname)%00%(upstream:track)%00%(upstream:remotename)%00%(upstream:remoteref) refs/heads/master refs/remotes/master [4ms]
2025-01-12 21:56:13.736 [info] > git for-each-ref --sort -committerdate --format %(refname) %(objectname) %(*objectname) [8ms]
2025-01-12 21:56:13.781 [info] > git status -z -uall [63ms]
2025-01-12 21:56:18.831 [info] > git config --get commit.template [16ms]
2025-01-12 21:56:18.835 [info] > git for-each-ref --format=%(refname)%00%(upstream:short)%00%(objectname)%00%(upstream:track)%00%(upstream:remotename)%00%(upstream:remoteref) refs/heads/master refs/remotes/master [6ms]
2025-01-12 21:56:18.865 [info] > git for-each-ref --sort -committerdate --format %(refname) %(objectname) %(*objectname) [12ms]
2025-01-12 21:56:18.904 [info] > git status -z -uall [61ms]
2025-01-12 21:56:23.944 [info] > git config --get commit.template [14ms]
2025-01-12 21:56:23.945 [info] > git for-each-ref --format=%(refname)%00%(upstream:short)%00%(objectname)%00%(upstream:track)%00%(upstream:remotename)%00%(upstream:remoteref) refs/heads/master refs/remotes/master [2ms]
2025-01-12 21:56:23.974 [info] > git for-each-ref --sort -committerdate --format %(refname) %(objectname) %(*objectname) [12ms]
2025-01-12 21:56:24.013 [info] > git status -z -uall [60ms]
2025-01-12 21:56:27.679 [info] > git config --get commit.template [7ms]
2025-01-12 21:56:27.697 [info] > git for-each-ref --format=%(refname)%00%(upstream:short)%00%(objectname)%00%(upstream:track)%00%(upstream:remotename)%00%(upstream:remoteref) refs/heads/master refs/remotes/master [4ms]
2025-01-12 21:56:27.724 [info] > git for-each-ref --sort -committerdate --format %(refname) %(objectname) %(*objectname) [3ms]
2025-01-12 21:56:27.775 [info] > git status -z -uall [70ms]
2025-01-12 21:56:32.814 [info] > git config --get commit.template [15ms]
2025-01-12 21:56:32.816 [info] > git for-each-ref --format=%(refname)%00%(upstream:short)%00%(objectname)%00%(upstream:track)%00%(upstream:remotename)%00%(upstream:remoteref) refs/heads/master refs/remotes/master [4ms]
2025-01-12 21:56:32.840 [info] > git for-each-ref --sort -committerdate --format %(refname) %(objectname) %(*objectname) [7ms]
2025-01-12 21:56:32.886 [info] > git status -z -uall [63ms]
2025-01-12 21:56:37.908 [info] > git config --get commit.template [4ms]
2025-01-12 21:56:37.920 [info] > git for-each-ref --format=%(refname)%00%(upstream:short)%00%(objectname)%00%(upstream:track)%00%(upstream:remotename)%00%(upstream:remoteref) refs/heads/master refs/remotes/master [3ms]
2025-01-12 21:56:37.954 [info] > git for-each-ref --sort -committerdate --format %(refname) %(objectname) %(*objectname) [15ms]
2025-01-12 21:56:37.996 [info] > git status -z -uall [69ms]
2025-01-12 21:56:43.028 [info] > git config --get commit.template [14ms]
2025-01-12 21:56:43.030 [info] > git for-each-ref --format=%(refname)%00%(upstream:short)%00%(objectname)%00%(upstream:track)%00%(upstream:remotename)%00%(upstream:remoteref) refs/heads/master refs/remotes/master [3ms]
2025-01-12 21:56:43.052 [info] > git for-each-ref --sort -committerdate --format %(refname) %(objectname) %(*objectname) [4ms]
2025-01-12 21:56:43.100 [info] > git status -z -uall [63ms]
2025-01-12 21:56:48.143 [info] > git config --get commit.template [19ms]
2025-01-12 21:56:48.148 [info] > git for-each-ref --format=%(refname)%00%(upstream:short)%00%(objectname)%00%(upstream:track)%00%(upstream:remotename)%00%(upstream:remoteref) refs/heads/master refs/remotes/master [7ms]
2025-01-12 21:56:48.172 [info] > git for-each-ref --sort -committerdate --format %(refname) %(objectname) %(*objectname) [6ms]
2025-01-12 21:56:48.225 [info] > git status -z -uall [70ms]
2025-01-12 21:56:53.263 [info] > git config --get commit.template [18ms]
2025-01-12 21:56:53.265 [info] > git for-each-ref --format=%(refname)%00%(upstream:short)%00%(objectname)%00%(upstream:track)%00%(upstream:remotename)%00%(upstream:remoteref) refs/heads/master refs/remotes/master [4ms]
2025-01-12 21:56:53.297 [info] > git for-each-ref --sort -committerdate --format %(refname) %(objectname) %(*objectname) [9ms]
2025-01-12 21:56:53.344 [info] > git status -z -uall [68ms]
2025-01-12 21:56:57.112 [info] > git config --get commit.template [17ms]
2025-01-12 21:56:57.115 [info] > git for-each-ref --format=%(refname)%00%(upstream:short)%00%(objectname)%00%(upstream:track)%00%(upstream:remotename)%00%(upstream:remoteref) refs/heads/master refs/remotes/master [5ms]
2025-01-12 21:56:57.148 [info] > git for-each-ref --sort -committerdate --format %(refname) %(objectname) %(*objectname) [9ms]
2025-01-12 21:56:57.184 [info] > git status -z -uall [60ms]
2025-01-12 21:57:01.813 [info] > git show --textconv :index.html [24ms]
2025-01-12 21:57:01.825 [info] > git ls-files --stage -- /home/edinsonpb/index.html [25ms]
2025-01-12 21:57:01.842 [info] > git cat-file -s 27c4b397f15f33a39ee7c51664b31920ffd4bf8e [1ms]
2025-01-12 21:57:02.210 [info] > git config --get commit.template [13ms]
2025-01-12 21:57:02.212 [info] > git for-each-ref --format=%(refname)%00%(upstream:short)%00%(objectname)%00%(upstream:track)%00%(upstream:remotename)%00%(upstream:remoteref) refs/heads/master refs/remotes/master [4ms]
2025-01-12 21:57:02.242 [info] > git for-each-ref --sort -committerdate --format %(refname) %(objectname) %(*objectname) [12ms]
2025-01-12 21:57:02.282 [info] > git status -z -uall [64ms]
2025-01-12 21:57:03.264 [info] > git blame --root --incremental 138d27599fdf8362e6d40e8ec052b54b9eb8c535 -- /home/edinsonpb/index.html [62ms]
2025-01-12 21:57:07.323 [info] > git config --get commit.template [17ms]
2025-01-12 21:57:07.326 [info] > git for-each-ref --format=%(refname)%00%(upstream:short)%00%(objectname)%00%(upstream:track)%00%(upstream:remotename)%00%(upstream:remoteref) refs/heads/master refs/remotes/master [5ms]
2025-01-12 21:57:07.351 [info] > git for-each-ref --sort -committerdate --format %(refname) %(objectname) %(*objectname) [6ms]
2025-01-12 21:57:07.394 [info] > git status -z -uall [57ms]
2025-01-12 21:57:12.428 [info] > git config --get commit.template [16ms]
2025-01-12 21:57:12.430 [info] > git for-each-ref --format=%(refname)%00%(upstream:short)%00%(objectname)%00%(upstream:track)%00%(upstream:remotename)%00%(upstream:remoteref) refs/heads/master refs/remotes/master [4ms]
2025-01-12 21:57:12.457 [info] > git for-each-ref --sort -committerdate --format %(refname) %(objectname) %(*objectname) [12ms]
2025-01-12 21:57:12.505 [info] > git status -z -uall [69ms]
2025-01-12 21:57:17.556 [info] > git config --get commit.template [17ms]
2025-01-12 21:57:17.560 [info] > git for-each-ref --format=%(refname)%00%(upstream:short)%00%(objectname)%00%(upstream:track)%00%(upstream:remotename)%00%(upstream:remoteref) refs/heads/master refs/remotes/master [7ms]
2025-01-12 21:57:17.583 [info] > git for-each-ref --sort -committerdate --format %(refname) %(objectname) %(*objectname) [1ms]
2025-01-12 21:57:17.653 [info] > git status -z -uall [84ms]
2025-01-12 21:57:22.686 [info] > git config --get commit.template [15ms]
2025-01-12 21:57:22.688 [info] > git for-each-ref --format=%(refname)%00%(upstream:short)%00%(objectname)%00%(upstream:track)%00%(upstream:remotename)%00%(upstream:remoteref) refs/heads/master refs/remotes/master [3ms]
2025-01-12 21:57:22.724 [info] > git for-each-ref --sort -committerdate --format %(refname) %(objectname) %(*objectname) [18ms]
2025-01-12 21:57:22.784 [info] > git status -z -uall [88ms]
2025-01-12 21:57:25.200 [info] > git show --textconv :css/style.css [10ms]
2025-01-12 21:57:25.216 [info] > git ls-files --stage -- /home/edinsonpb/css/style.css [18ms]
2025-01-12 21:57:25.229 [info] > git cat-file -s 190b5f442a1ed6eff08ed4fcf4eace06e5e6e643 [5ms]
2025-01-12 21:57:27.807 [info] > git config --get commit.template [11ms]
2025-01-12 21:57:27.820 [info] > git for-each-ref --format=%(refname)%00%(upstream:short)%00%(objectname)%00%(upstream:track)%00%(upstream:remotename)%00%(upstream:remoteref) refs/heads/master refs/remotes/master [4ms]
2025-01-12 21:57:27.847 [info] > git for-each-ref --sort -committerdate --format %(refname) %(objectname) %(*objectname) [9ms]
2025-01-12 21:57:27.923 [info] > git status -z -uall [94ms]
2025-01-12 21:57:32.962 [info] > git config --get commit.template [7ms]
2025-01-12 21:57:32.986 [info] > git for-each-ref --format=%(refname)%00%(upstream:short)%00%(objectname)%00%(upstream:track)%00%(upstream:remotename)%00%(upstream:remoteref) refs/heads/master refs/remotes/master [5ms]
2025-01-12 21:57:33.011 [info] > git for-each-ref --sort -committerdate --format %(refname) %(objectname) %(*objectname) [9ms]
2025-01-12 21:57:33.094 [info] > git status -z -uall [102ms]
2025-01-12 21:57:38.130 [info] > git config --get commit.template [13ms]
2025-01-12 21:57:38.132 [info] > git for-each-ref --format=%(refname)%00%(upstream:short)%00%(objectname)%00%(upstream:track)%00%(upstream:remotename)%00%(upstream:remoteref) refs/heads/master refs/remotes/master [5ms]
2025-01-12 21:57:38.160 [info] > git for-each-ref --sort -committerdate --format %(refname) %(objectname) %(*objectname) [12ms]
2025-01-12 21:57:38.212 [info] > git status -z -uall [74ms]
2025-01-12 21:57:43.234 [info] > git config --get commit.template [11ms]
2025-01-12 21:57:43.236 [info] > git for-each-ref --format=%(refname)%00%(upstream:short)%00%(objectname)%00%(upstream:track)%00%(upstream:remotename)%00%(upstream:remoteref) refs/heads/master refs/remotes/master [4ms]
2025-01-12 21:57:43.277 [info] > git for-each-ref --sort -committerdate --format %(refname) %(objectname) %(*objectname) [9ms]
2025-01-12 21:57:43.341 [info] > git status -z -uall [82ms]
2025-01-12 21:57:48.363 [info] > git config --get commit.template [4ms]
2025-01-12 21:57:48.374 [info] > git for-each-ref --format=%(refname)%00%(upstream:short)%00%(objectname)%00%(upstream:track)%00%(upstream:remotename)%00%(upstream:remoteref) refs/heads/master refs/remotes/master [3ms]
2025-01-12 21:57:48.412 [info] > git for-each-ref --sort -committerdate --format %(refname) %(objectname) %(*objectname) [21ms]
2025-01-12 21:57:48.479 [info] > git status -z -uall [96ms]
2025-01-12 21:57:53.499 [info] > git config --get commit.template [10ms]
2025-01-12 21:57:53.501 [info] > git for-each-ref --format=%(refname)%00%(upstream:short)%00%(objectname)%00%(upstream:track)%00%(upstream:remotename)%00%(upstream:remoteref) refs/heads/master refs/remotes/master [4ms]
2025-01-12 21:57:53.524 [info] > git for-each-ref --sort -committerdate --format %(refname) %(objectname) %(*objectname) [8ms]
2025-01-12 21:57:53.575 [info] > git status -z -uall [67ms]
2025-01-12 21:58:02.749 [info] > git config --get commit.template [18ms]
2025-01-12 21:58:02.751 [info] > git for-each-ref --format=%(refname)%00%(upstream:short)%00%(objectname)%00%(upstream:track)%00%(upstream:remotename)%00%(upstream:remoteref) refs/heads/master refs/remotes/master [8ms]
2025-01-12 21:58:02.788 [info] > git for-each-ref --sort -committerdate --format %(refname) %(objectname) %(*objectname) [13ms]
2025-01-12 21:58:02.855 [info] > git status -z -uall [90ms]
2025-01-12 21:58:05.472 [info] > git config --get commit.template [21ms]
2025-01-12 21:58:05.507 [info] > git for-each-ref --format=%(refname)%00%(upstream:short)%00%(objectname)%00%(upstream:track)%00%(upstream:remotename)%00%(upstream:remoteref) refs/heads/master refs/remotes/master [14ms]
2025-01-12 21:58:05.545 [info] > git for-each-ref --sort -committerdate --format %(refname) %(objectname) %(*objectname) [15ms]
2025-01-12 21:58:05.600 [info] > git status -z -uall [82ms]
2025-01-12 21:58:16.649 [info] > git config --get commit.template [25ms]
2025-01-12 21:58:16.653 [info] > git for-each-ref --format=%(refname)%00%(upstream:short)%00%(objectname)%00%(upstream:track)%00%(upstream:remotename)%00%(upstream:remoteref) refs/heads/master refs/remotes/master [5ms]
2025-01-12 21:58:16.689 [info] > git for-each-ref --sort -committerdate --format %(refname) %(objectname) %(*objectname) [5ms]
2025-01-12 21:58:16.843 [info] > git status -z -uall [171ms]
2025-01-12 21:58:21.873 [info] > git config --get commit.template [13ms]
2025-01-12 21:58:21.875 [info] > git for-each-ref --format=%(refname)%00%(upstream:short)%00%(objectname)%00%(upstream:track)%00%(upstream:remotename)%00%(upstream:remoteref) refs/heads/master refs/remotes/master [4ms]
2025-01-12 21:58:21.906 [info] > git for-each-ref --sort -committerdate --format %(refname) %(objectname) %(*objectname) [13ms]
2025-01-12 21:58:21.948 [info] > git status -z -uall [66ms]
2025-01-12 21:58:26.991 [info] > git config --get commit.template [13ms]
2025-01-12 21:58:26.993 [info] > git for-each-ref --format=%(refname)%00%(upstream:short)%00%(objectname)%00%(upstream:track)%00%(upstream:remotename)%00%(upstream:remoteref) refs/heads/master refs/remotes/master [4ms]
2025-01-12 21:58:27.026 [info] > git for-each-ref --sort -committerdate --format %(refname) %(objectname) %(*objectname) [14ms]
2025-01-12 21:58:27.067 [info] > git status -z -uall [66ms]
