2025-01-11 23:37:13.344 [info] [main] Log level: Info
2025-01-11 23:37:13.344 [info] [main] Validating found git in: "git"
2025-01-11 23:37:13.344 [info] [main] Using git "2.43.0" from "git"
2025-01-11 23:37:13.344 [info] [Model][doInitialScan] Initial repository scan started
2025-01-11 23:37:13.395 [info] > git rev-parse --show-toplevel [59ms]
2025-01-11 23:37:13.395 [info] fatal: not a git repository (or any of the parent directories): .git
2025-01-11 23:37:13.414 [info] > git rev-parse --show-toplevel [12ms]
2025-01-11 23:37:13.414 [info] fatal: not a git repository (or any of the parent directories): .git
2025-01-11 23:37:13.445 [info] > git rev-parse --show-toplevel [3ms]
2025-01-11 23:37:13.445 [info] fatal: not a git repository (or any of the parent directories): .git
2025-01-11 23:37:13.463 [info] > git rev-parse --show-toplevel [13ms]
2025-01-11 23:37:13.463 [info] fatal: not a git repository (or any of the parent directories): .git
2025-01-11 23:37:13.484 [info] [Model][doInitialScan] Initial repository scan completed - repositories (0), closed repositories (0), parent repositories (0), unsafe repositories (0)
2025-01-11 23:37:31.980 [info] > git rev-parse --show-toplevel [263ms]
2025-01-11 23:37:31.980 [info] fatal: not a git repository (or any of the parent directories): .git
2025-01-11 23:40:27.775 [info] > git rev-parse --show-toplevel [4ms]
2025-01-11 23:40:27.775 [info] fatal: not a git repository (or any of the parent directories): .git
2025-01-11 23:41:19.671 [info] > git rev-parse --show-toplevel [12ms]
2025-01-11 23:41:19.672 [info] fatal: not a git repository (or any of the parent directories): .git
2025-01-11 23:42:26.756 [info] > git rev-parse --show-toplevel [22ms]
2025-01-11 23:42:26.773 [info] fatal: not a git repository (or any of the parent directories): .git
2025-01-11 23:42:37.856 [info] > git rev-parse --show-toplevel [2ms]
2025-01-11 23:42:37.857 [info] fatal: not a git repository (or any of the parent directories): .git
2025-01-11 23:42:39.923 [info] > git rev-parse --show-toplevel [2ms]
2025-01-11 23:42:39.923 [info] fatal: not a git repository (or any of the parent directories): .git
2025-01-11 23:42:40.793 [info] > git rev-parse --show-toplevel [6ms]
2025-01-11 23:42:40.794 [info] fatal: not a git repository (or any of the parent directories): .git
2025-01-11 23:42:40.831 [info] > git rev-parse --show-toplevel [16ms]
2025-01-11 23:42:40.831 [info] fatal: not a git repository (or any of the parent directories): .git
2025-01-11 23:42:44.869 [info] > git rev-parse --show-toplevel [9ms]
2025-01-11 23:42:44.869 [info] fatal: not a git repository (or any of the parent directories): .git
2025-01-11 23:42:44.895 [info] > git rev-parse --show-toplevel [8ms]
2025-01-11 23:42:44.895 [info] fatal: not a git repository (or any of the parent directories): .git
2025-01-11 23:42:46.351 [info] > git rev-parse --show-toplevel [1ms]
2025-01-11 23:42:46.351 [info] fatal: not a git repository (or any of the parent directories): .git
2025-01-11 23:42:46.383 [info] > git rev-parse --show-toplevel [14ms]
2025-01-11 23:42:46.383 [info] fatal: not a git repository (or any of the parent directories): .git
2025-01-11 23:42:46.404 [info] > git rev-parse --show-toplevel [4ms]
2025-01-11 23:42:46.404 [info] fatal: not a git repository (or any of the parent directories): .git
2025-01-11 23:42:47.854 [info] > git rev-parse --show-toplevel [14ms]
2025-01-11 23:42:47.854 [info] fatal: not a git repository (or any of the parent directories): .git
2025-01-11 23:42:57.787 [info] > git rev-parse --show-toplevel [2ms]
2025-01-11 23:42:57.787 [info] fatal: not a git repository (or any of the parent directories): .git
2025-01-11 23:43:25.602 [info] > git rev-parse --show-toplevel [4ms]
2025-01-11 23:43:25.602 [info] fatal: not a git repository (or any of the parent directories): .git
2025-01-11 23:43:28.102 [info] > git rev-parse --show-toplevel [10ms]
2025-01-11 23:43:28.102 [info] fatal: not a git repository (or any of the parent directories): .git
2025-01-11 23:43:35.716 [info] > git rev-parse --show-toplevel [11ms]
2025-01-11 23:43:35.716 [info] fatal: not a git repository (or any of the parent directories): .git
2025-01-12 00:28:02.529 [info] > git rev-parse --show-toplevel [45ms]
2025-01-12 00:28:02.530 [info] fatal: not a git repository (or any of the parent directories): .git
2025-01-12 00:28:28.867 [info] > git rev-parse --show-toplevel [15ms]
2025-01-12 00:28:28.867 [info] fatal: not a git repository (or any of the parent directories): .git
2025-01-12 00:28:28.879 [info] > git rev-parse --show-toplevel [3ms]
2025-01-12 00:28:28.880 [info] fatal: not a git repository (or any of the parent directories): .git
2025-01-12 00:29:08.722 [info] > git rev-parse --show-toplevel [3ms]
2025-01-12 00:29:08.722 [info] fatal: not a git repository (or any of the parent directories): .git
2025-01-12 00:29:08.921 [info] > git rev-parse --show-toplevel [4ms]
2025-01-12 00:29:08.921 [info] fatal: not a git repository (or any of the parent directories): .git
2025-01-12 00:29:45.225 [info] > git rev-parse --show-toplevel [3ms]
2025-01-12 00:29:45.225 [info] fatal: not a git repository (or any of the parent directories): .git
2025-01-12 00:29:45.628 [info] > git rev-parse --show-toplevel [18ms]
2025-01-12 00:29:45.628 [info] fatal: not a git repository (or any of the parent directories): .git
2025-01-12 00:45:46.131 [info] > git rev-parse --show-toplevel [4ms]
2025-01-12 00:45:46.145 [info] > git rev-parse --git-dir --git-common-dir [3ms]
2025-01-12 00:45:46.236 [info] [Model][openRepository] Opened repository: /home/edinsonpb
2025-01-12 00:45:46.265 [info] > git config --get commit.template [8ms]
2025-01-12 00:45:46.281 [info] [Git][getRemotes] No remotes found in the git config file
2025-01-12 00:45:46.309 [info] > git for-each-ref --format=%(refname)%00%(upstream:short)%00%(objectname)%00%(upstream:track)%00%(upstream:remotename)%00%(upstream:remoteref) refs/heads/master refs/remotes/master [32ms]
2025-01-12 00:45:46.312 [warning] [Git][getBranch] No such branch: master
2025-01-12 00:45:46.366 [info] > git for-each-ref --sort -committerdate --format %(refname) %(objectname) %(*objectname) [13ms]
2025-01-12 00:45:46.982 [info] > git status -z -uall [656ms]
2025-01-12 00:45:53.372 [info] > git for-each-ref --format=%(refname)%00%(upstream:short)%00%(objectname)%00%(upstream:track)%00%(upstream:remotename)%00%(upstream:remoteref) refs/heads/master refs/remotes/master [5982ms]
2025-01-12 00:45:53.372 [warning] [Git][getBranch] No such branch: master
2025-01-12 00:45:53.375 [error] [GitHistoryProvider][resolveHEADMergeBase] Failed to resolve merge base for master: Error: No such branch: master.
2025-01-12 00:45:53.652 [info] > git config --get commit.template [293ms]
2025-01-12 00:45:53.686 [info] [Git][getRemotes] No remotes found in the git config file
2025-01-12 00:45:53.916 [info] > git for-each-ref --format=%(refname)%00%(upstream:short)%00%(objectname)%00%(upstream:track)%00%(upstream:remotename)%00%(upstream:remoteref) refs/heads/master refs/remotes/master [242ms]
2025-01-12 00:45:53.917 [warning] [Git][getBranch] No such branch: master
2025-01-12 00:45:54.063 [info] > git for-each-ref --sort -committerdate --format %(refname) %(objectname) %(*objectname) [3ms]
2025-01-12 00:45:54.246 [info] > git status -z -uall [254ms]
2025-01-12 01:09:07.076 [info] > git config --get commit.template [6ms]
2025-01-12 01:09:07.127 [info] > git for-each-ref --format=%(refname)%00%(upstream:short)%00%(objectname)%00%(upstream:track)%00%(upstream:remotename)%00%(upstream:remoteref) refs/heads/master refs/remotes/master [24ms]
2025-01-12 01:09:07.191 [info] > git for-each-ref --sort -committerdate --format %(refname) %(objectname) %(*objectname) [25ms]
2025-01-12 01:09:07.320 [info] > git status -z -uall [177ms]
2025-01-12 01:09:12.566 [info] > git for-each-ref --format=%(refname)%00%(upstream:short)%00%(objectname)%00%(upstream:track)%00%(upstream:remotename)%00%(upstream:remoteref) refs/heads/master refs/remotes/master [7ms]
2025-01-12 01:09:12.576 [info] > git config --get commit.template [18ms]
2025-01-12 01:09:12.634 [info] > git for-each-ref --sort -committerdate --format %(refname) %(objectname) %(*objectname) [16ms]
2025-01-12 01:09:13.040 [info] > git status -z -uall [446ms]
2025-01-12 01:09:18.849 [info] > git config --get commit.template [17ms]
2025-01-12 01:09:18.851 [info] > git for-each-ref --format=%(refname)%00%(upstream:short)%00%(objectname)%00%(upstream:track)%00%(upstream:remotename)%00%(upstream:remoteref) refs/heads/master refs/remotes/master [3ms]
2025-01-12 01:09:18.884 [info] > git for-each-ref --sort -committerdate --format %(refname) %(objectname) %(*objectname) [7ms]
2025-01-12 01:09:18.959 [info] > git status -z -uall [99ms]
2025-01-12 01:09:24.099 [info] > git config --get commit.template [14ms]
2025-01-12 01:09:24.100 [info] > git for-each-ref --format=%(refname)%00%(upstream:short)%00%(objectname)%00%(upstream:track)%00%(upstream:remotename)%00%(upstream:remoteref) refs/heads/master refs/remotes/master [3ms]
2025-01-12 01:09:24.126 [info] > git for-each-ref --sort -committerdate --format %(refname) %(objectname) %(*objectname) [3ms]
2025-01-12 01:09:24.201 [info] > git status -z -uall [90ms]
2025-01-12 01:09:28.797 [info] > git check-ignore -v -z --stdin [5ms]
2025-01-12 01:09:29.352 [info] > git config --get commit.template [19ms]
2025-01-12 01:09:29.354 [info] > git for-each-ref --format=%(refname)%00%(upstream:short)%00%(objectname)%00%(upstream:track)%00%(upstream:remotename)%00%(upstream:remoteref) refs/heads/master refs/remotes/master [3ms]
2025-01-12 01:09:29.392 [info] > git for-each-ref --sort -committerdate --format %(refname) %(objectname) %(*objectname) [4ms]
2025-01-12 01:09:29.448 [info] > git status -z -uall [79ms]
2025-01-12 01:09:31.668 [info] > git show --textconv :web.html [23ms]
2025-01-12 01:09:31.677 [info] > git ls-files --stage -- /home/edinsonpb/web.html [13ms]
2025-01-12 01:09:31.735 [info] > git cat-file -s 0628c3c420c852eb3e8f79fd32412e89a7e1335c [36ms]
2025-01-12 01:09:31.969 [info] > git blame --root --incremental 255dca2516976660c49ce9fd8e6339a380abcfc4 -- /home/edinsonpb/web.html [32ms]
2025-01-12 01:09:35.578 [info] > git config --get commit.template [19ms]
2025-01-12 01:09:35.585 [info] > git for-each-ref --format=%(refname)%00%(upstream:short)%00%(objectname)%00%(upstream:track)%00%(upstream:remotename)%00%(upstream:remoteref) refs/heads/master refs/remotes/master [9ms]
2025-01-12 01:09:35.625 [info] > git for-each-ref --sort -committerdate --format %(refname) %(objectname) %(*objectname) [8ms]
2025-01-12 01:09:35.729 [info] > git status -z -uall [125ms]
2025-01-12 01:09:39.826 [info] > git config --get commit.template [13ms]
2025-01-12 01:09:39.828 [info] > git for-each-ref --format=%(refname)%00%(upstream:short)%00%(objectname)%00%(upstream:track)%00%(upstream:remotename)%00%(upstream:remoteref) refs/heads/master refs/remotes/master [3ms]
2025-01-12 01:09:39.853 [info] > git for-each-ref --sort -committerdate --format %(refname) %(objectname) %(*objectname) [4ms]
2025-01-12 01:09:39.907 [info] > git status -z -uall [69ms]
2025-01-12 01:09:45.060 [info] > git config --get commit.template [13ms]
2025-01-12 01:09:45.062 [info] > git for-each-ref --format=%(refname)%00%(upstream:short)%00%(objectname)%00%(upstream:track)%00%(upstream:remotename)%00%(upstream:remoteref) refs/heads/master refs/remotes/master [3ms]
2025-01-12 01:09:45.087 [info] > git for-each-ref --sort -committerdate --format %(refname) %(objectname) %(*objectname) [4ms]
2025-01-12 01:09:45.155 [info] > git status -z -uall [83ms]
2025-01-12 01:09:50.289 [info] > git config --get commit.template [13ms]
2025-01-12 01:09:50.290 [info] > git for-each-ref --format=%(refname)%00%(upstream:short)%00%(objectname)%00%(upstream:track)%00%(upstream:remotename)%00%(upstream:remoteref) refs/heads/master refs/remotes/master [2ms]
2025-01-12 01:09:50.314 [info] > git for-each-ref --sort -committerdate --format %(refname) %(objectname) %(*objectname) [3ms]
2025-01-12 01:09:50.375 [info] > git status -z -uall [76ms]
2025-01-12 01:09:55.499 [info] > git config --get commit.template [14ms]
2025-01-12 01:09:55.501 [info] > git for-each-ref --format=%(refname)%00%(upstream:short)%00%(objectname)%00%(upstream:track)%00%(upstream:remotename)%00%(upstream:remoteref) refs/heads/master refs/remotes/master [3ms]
2025-01-12 01:09:55.526 [info] > git for-each-ref --sort -committerdate --format %(refname) %(objectname) %(*objectname) [3ms]
2025-01-12 01:09:55.596 [info] > git status -z -uall [85ms]
2025-01-12 01:10:00.721 [info] > git config --get commit.template [12ms]
2025-01-12 01:10:00.722 [info] > git for-each-ref --format=%(refname)%00%(upstream:short)%00%(objectname)%00%(upstream:track)%00%(upstream:remotename)%00%(upstream:remoteref) refs/heads/master refs/remotes/master [3ms]
2025-01-12 01:10:00.747 [info] > git for-each-ref --sort -committerdate --format %(refname) %(objectname) %(*objectname) [3ms]
2025-01-12 01:10:00.808 [info] > git status -z -uall [76ms]
2025-01-12 01:10:05.941 [info] > git config --get commit.template [13ms]
2025-01-12 01:10:05.943 [info] > git for-each-ref --format=%(refname)%00%(upstream:short)%00%(objectname)%00%(upstream:track)%00%(upstream:remotename)%00%(upstream:remoteref) refs/heads/master refs/remotes/master [3ms]
2025-01-12 01:10:05.967 [info] > git for-each-ref --sort -committerdate --format %(refname) %(objectname) %(*objectname) [4ms]
2025-01-12 01:10:06.022 [info] > git status -z -uall [70ms]
2025-01-12 01:10:10.032 [info] > git config --get commit.template [12ms]
2025-01-12 01:10:10.032 [info] > git for-each-ref --format=%(refname)%00%(upstream:short)%00%(objectname)%00%(upstream:track)%00%(upstream:remotename)%00%(upstream:remoteref) refs/heads/master refs/remotes/master [2ms]
2025-01-12 01:10:10.057 [info] > git for-each-ref --sort -committerdate --format %(refname) %(objectname) %(*objectname) [5ms]
2025-01-12 01:10:10.111 [info] > git status -z -uall [69ms]
2025-01-12 01:10:15.229 [info] > git config --get commit.template [11ms]
2025-01-12 01:10:15.230 [info] > git for-each-ref --format=%(refname)%00%(upstream:short)%00%(objectname)%00%(upstream:track)%00%(upstream:remotename)%00%(upstream:remoteref) refs/heads/master refs/remotes/master [3ms]
2025-01-12 01:10:15.259 [info] > git for-each-ref --sort -committerdate --format %(refname) %(objectname) %(*objectname) [6ms]
2025-01-12 01:10:15.323 [info] > git status -z -uall [83ms]
2025-01-12 01:10:20.441 [info] > git config --get commit.template [13ms]
2025-01-12 01:10:20.443 [info] > git for-each-ref --format=%(refname)%00%(upstream:short)%00%(objectname)%00%(upstream:track)%00%(upstream:remotename)%00%(upstream:remoteref) refs/heads/master refs/remotes/master [4ms]
2025-01-12 01:10:20.469 [info] > git for-each-ref --sort -committerdate --format %(refname) %(objectname) %(*objectname) [3ms]
2025-01-12 01:10:20.535 [info] > git status -z -uall [82ms]
2025-01-12 01:10:25.655 [info] > git config --get commit.template [12ms]
2025-01-12 01:10:25.657 [info] > git for-each-ref --format=%(refname)%00%(upstream:short)%00%(objectname)%00%(upstream:track)%00%(upstream:remotename)%00%(upstream:remoteref) refs/heads/master refs/remotes/master [3ms]
2025-01-12 01:10:25.682 [info] > git for-each-ref --sort -committerdate --format %(refname) %(objectname) %(*objectname) [4ms]
2025-01-12 01:10:25.762 [info] > git status -z -uall [95ms]
2025-01-12 01:10:30.874 [info] > git config --get commit.template [13ms]
2025-01-12 01:10:30.876 [info] > git for-each-ref --format=%(refname)%00%(upstream:short)%00%(objectname)%00%(upstream:track)%00%(upstream:remotename)%00%(upstream:remoteref) refs/heads/master refs/remotes/master [2ms]
2025-01-12 01:10:30.902 [info] > git for-each-ref --sort -committerdate --format %(refname) %(objectname) %(*objectname) [5ms]
2025-01-12 01:10:30.971 [info] > git status -z -uall [87ms]
2025-01-12 01:10:36.096 [info] > git config --get commit.template [13ms]
2025-01-12 01:10:36.098 [info] > git for-each-ref --format=%(refname)%00%(upstream:short)%00%(objectname)%00%(upstream:track)%00%(upstream:remotename)%00%(upstream:remoteref) refs/heads/master refs/remotes/master [4ms]
2025-01-12 01:10:36.125 [info] > git for-each-ref --sort -committerdate --format %(refname) %(objectname) %(*objectname) [3ms]
2025-01-12 01:10:36.179 [info] > git status -z -uall [70ms]
2025-01-12 01:13:20.409 [info] > git config --get commit.template [24ms]
2025-01-12 01:13:20.419 [info] > git for-each-ref --format=%(refname)%00%(upstream:short)%00%(objectname)%00%(upstream:track)%00%(upstream:remotename)%00%(upstream:remoteref) refs/heads/master refs/remotes/master [13ms]
2025-01-12 01:13:20.453 [info] > git for-each-ref --sort -committerdate --format %(refname) %(objectname) %(*objectname) [5ms]
2025-01-12 01:13:20.553 [info] > git status -z -uall [121ms]
2025-01-12 01:13:25.826 [info] > git config --get commit.template [13ms]
2025-01-12 01:13:25.828 [info] > git for-each-ref --format=%(refname)%00%(upstream:short)%00%(objectname)%00%(upstream:track)%00%(upstream:remotename)%00%(upstream:remoteref) refs/heads/master refs/remotes/master [4ms]
2025-01-12 01:13:25.855 [info] > git for-each-ref --sort -committerdate --format %(refname) %(objectname) %(*objectname) [6ms]
2025-01-12 01:13:25.922 [info] > git status -z -uall [85ms]
2025-01-12 01:13:31.061 [info] > git config --get commit.template [13ms]
2025-01-12 01:13:31.062 [info] > git for-each-ref --format=%(refname)%00%(upstream:short)%00%(objectname)%00%(upstream:track)%00%(upstream:remotename)%00%(upstream:remoteref) refs/heads/master refs/remotes/master [3ms]
2025-01-12 01:13:31.089 [info] > git for-each-ref --sort -committerdate --format %(refname) %(objectname) %(*objectname) [6ms]
2025-01-12 01:13:31.152 [info] > git status -z -uall [80ms]
2025-01-12 01:13:36.287 [info] > git config --get commit.template [14ms]
2025-01-12 01:13:36.288 [info] > git for-each-ref --format=%(refname)%00%(upstream:short)%00%(objectname)%00%(upstream:track)%00%(upstream:remotename)%00%(upstream:remoteref) refs/heads/master refs/remotes/master [3ms]
2025-01-12 01:13:36.314 [info] > git for-each-ref --sort -committerdate --format %(refname) %(objectname) %(*objectname) [4ms]
2025-01-12 01:13:36.387 [info] > git status -z -uall [90ms]
2025-01-12 01:13:41.517 [info] > git config --get commit.template [12ms]
2025-01-12 01:13:41.519 [info] > git for-each-ref --format=%(refname)%00%(upstream:short)%00%(objectname)%00%(upstream:track)%00%(upstream:remotename)%00%(upstream:remoteref) refs/heads/master refs/remotes/master [3ms]
2025-01-12 01:13:41.551 [info] > git for-each-ref --sort -committerdate --format %(refname) %(objectname) %(*objectname) [9ms]
2025-01-12 01:13:41.613 [info] > git status -z -uall [84ms]
2025-01-12 01:13:45.672 [info] > git config --get commit.template [15ms]
2025-01-12 01:13:45.674 [info] > git for-each-ref --format=%(refname)%00%(upstream:short)%00%(objectname)%00%(upstream:track)%00%(upstream:remotename)%00%(upstream:remoteref) refs/heads/master refs/remotes/master [4ms]
2025-01-12 01:13:45.705 [info] > git for-each-ref --sort -committerdate --format %(refname) %(objectname) %(*objectname) [7ms]
2025-01-12 01:13:45.794 [info] > git status -z -uall [109ms]
2025-01-12 01:13:50.931 [info] > git config --get commit.template [13ms]
2025-01-12 01:13:50.932 [info] > git for-each-ref --format=%(refname)%00%(upstream:short)%00%(objectname)%00%(upstream:track)%00%(upstream:remotename)%00%(upstream:remoteref) refs/heads/master refs/remotes/master [3ms]
2025-01-12 01:13:50.960 [info] > git for-each-ref --sort -committerdate --format %(refname) %(objectname) %(*objectname) [5ms]
2025-01-12 01:13:51.014 [info] > git status -z -uall [72ms]
2025-01-12 01:14:29.028 [info] > git config --get commit.template [19ms]
2025-01-12 01:14:29.030 [info] > git for-each-ref --format=%(refname)%00%(upstream:short)%00%(objectname)%00%(upstream:track)%00%(upstream:remotename)%00%(upstream:remoteref) refs/heads/master refs/remotes/master [3ms]
2025-01-12 01:14:29.107 [info] > git for-each-ref --sort -committerdate --format %(refname) %(objectname) %(*objectname) [15ms]
2025-01-12 01:14:29.312 [info] > git status -z -uall [246ms]
2025-01-12 01:20:59.757 [info] > git check-ignore -v -z --stdin [126ms]
2025-01-12 01:27:39.844 [info] > git config --get commit.template [23ms]
2025-01-12 01:27:39.847 [info] > git for-each-ref --format=%(refname)%00%(upstream:short)%00%(objectname)%00%(upstream:track)%00%(upstream:remotename)%00%(upstream:remoteref) refs/heads/master refs/remotes/master [6ms]
2025-01-12 01:27:39.982 [info] > git for-each-ref --sort -committerdate --format %(refname) %(objectname) %(*objectname) [87ms]
2025-01-12 01:27:40.118 [info] > git ls-files --stage -- /home/edinsonpb/web.html [139ms]
2025-01-12 01:27:40.169 [info] > git cat-file -s 0628c3c420c852eb3e8f79fd32412e89a7e1335c [16ms]
2025-01-12 01:27:40.228 [info] > git show --textconv :web.html [15ms]
2025-01-12 01:27:40.305 [info] > git status -z -uall [436ms]
2025-01-12 01:27:45.559 [info] > git config --get commit.template [18ms]
2025-01-12 01:27:45.564 [info] > git for-each-ref --format=%(refname)%00%(upstream:short)%00%(objectname)%00%(upstream:track)%00%(upstream:remotename)%00%(upstream:remoteref) refs/heads/master refs/remotes/master [6ms]
2025-01-12 01:27:45.591 [info] > git for-each-ref --sort -committerdate --format %(refname) %(objectname) %(*objectname) [5ms]
2025-01-12 01:27:45.706 [info] > git status -z -uall [132ms]
2025-01-12 01:27:51.637 [info] > git config --get commit.template [17ms]
2025-01-12 01:27:51.645 [info] > git for-each-ref --format=%(refname)%00%(upstream:short)%00%(objectname)%00%(upstream:track)%00%(upstream:remotename)%00%(upstream:remoteref) refs/heads/master refs/remotes/master [9ms]
2025-01-12 01:27:51.674 [info] > git for-each-ref --sort -committerdate --format %(refname) %(objectname) %(*objectname) [5ms]
2025-01-12 01:27:51.774 [info] > git status -z -uall [119ms]
2025-01-12 01:27:57.494 [info] > git config --get commit.template [5ms]
2025-01-12 01:27:57.509 [info] > git for-each-ref --format=%(refname)%00%(upstream:short)%00%(objectname)%00%(upstream:track)%00%(upstream:remotename)%00%(upstream:remoteref) refs/heads/master refs/remotes/master [4ms]
2025-01-12 01:27:57.542 [info] > git for-each-ref --sort -committerdate --format %(refname) %(objectname) %(*objectname) [6ms]
2025-01-12 01:27:57.654 [info] > git status -z -uall [131ms]
2025-01-12 01:28:02.838 [info] > git config --get commit.template [27ms]
2025-01-12 01:28:02.841 [info] > git for-each-ref --format=%(refname)%00%(upstream:short)%00%(objectname)%00%(upstream:track)%00%(upstream:remotename)%00%(upstream:remoteref) refs/heads/master refs/remotes/master [4ms]
2025-01-12 01:28:02.882 [info] > git for-each-ref --sort -committerdate --format %(refname) %(objectname) %(*objectname) [5ms]
2025-01-12 01:28:03.010 [info] > git status -z -uall [158ms]
2025-01-12 01:28:07.154 [info] > git config --get commit.template [18ms]
2025-01-12 01:28:07.155 [info] > git for-each-ref --format=%(refname)%00%(upstream:short)%00%(objectname)%00%(upstream:track)%00%(upstream:remotename)%00%(upstream:remoteref) refs/heads/master refs/remotes/master [3ms]
2025-01-12 01:28:07.195 [info] > git for-each-ref --sort -committerdate --format %(refname) %(objectname) %(*objectname) [4ms]
2025-01-12 01:28:07.363 [info] > git status -z -uall [191ms]
2025-01-12 01:28:12.547 [info] > git config --get commit.template [20ms]
2025-01-12 01:28:12.548 [info] > git for-each-ref --format=%(refname)%00%(upstream:short)%00%(objectname)%00%(upstream:track)%00%(upstream:remotename)%00%(upstream:remoteref) refs/heads/master refs/remotes/master [3ms]
2025-01-12 01:28:12.586 [info] > git for-each-ref --sort -committerdate --format %(refname) %(objectname) %(*objectname) [5ms]
2025-01-12 01:28:12.671 [info] > git status -z -uall [108ms]
2025-01-12 01:28:17.856 [info] > git config --get commit.template [18ms]
2025-01-12 01:28:17.858 [info] > git for-each-ref --format=%(refname)%00%(upstream:short)%00%(objectname)%00%(upstream:track)%00%(upstream:remotename)%00%(upstream:remoteref) refs/heads/master refs/remotes/master [7ms]
2025-01-12 01:28:17.909 [info] > git for-each-ref --sort -committerdate --format %(refname) %(objectname) %(*objectname) [17ms]
2025-01-12 01:28:18.002 [info] > git status -z -uall [129ms]
2025-01-12 01:28:23.152 [info] > git config --get commit.template [20ms]
2025-01-12 01:28:23.154 [info] > git for-each-ref --format=%(refname)%00%(upstream:short)%00%(objectname)%00%(upstream:track)%00%(upstream:remotename)%00%(upstream:remoteref) refs/heads/master refs/remotes/master [4ms]
2025-01-12 01:28:23.195 [info] > git for-each-ref --sort -committerdate --format %(refname) %(objectname) %(*objectname) [5ms]
2025-01-12 01:28:23.290 [info] > git status -z -uall [117ms]
2025-01-12 01:28:28.436 [info] > git config --get commit.template [18ms]
2025-01-12 01:28:28.437 [info] > git for-each-ref --format=%(refname)%00%(upstream:short)%00%(objectname)%00%(upstream:track)%00%(upstream:remotename)%00%(upstream:remoteref) refs/heads/master refs/remotes/master [3ms]
2025-01-12 01:28:28.488 [info] > git for-each-ref --sort -committerdate --format %(refname) %(objectname) %(*objectname) [15ms]
2025-01-12 01:28:28.654 [info] > git status -z -uall [193ms]
2025-01-12 01:28:33.818 [info] > git config --get commit.template [5ms]
2025-01-12 01:28:33.832 [info] > git for-each-ref --format=%(refname)%00%(upstream:short)%00%(objectname)%00%(upstream:track)%00%(upstream:remotename)%00%(upstream:remoteref) refs/heads/master refs/remotes/master [4ms]
2025-01-12 01:28:33.859 [info] > git for-each-ref --sort -committerdate --format %(refname) %(objectname) %(*objectname) [5ms]
2025-01-12 01:28:33.977 [info] > git status -z -uall [134ms]
2025-01-12 01:28:38.097 [info] > git config --get commit.template [13ms]
2025-01-12 01:28:38.099 [info] > git for-each-ref --format=%(refname)%00%(upstream:short)%00%(objectname)%00%(upstream:track)%00%(upstream:remotename)%00%(upstream:remoteref) refs/heads/master refs/remotes/master [4ms]
2025-01-12 01:28:38.124 [info] > git for-each-ref --sort -committerdate --format %(refname) %(objectname) %(*objectname) [5ms]
2025-01-12 01:28:38.201 [info] > git status -z -uall [92ms]
2025-01-12 01:28:43.346 [info] > git config --get commit.template [14ms]
2025-01-12 01:28:43.349 [info] > git for-each-ref --format=%(refname)%00%(upstream:short)%00%(objectname)%00%(upstream:track)%00%(upstream:remotename)%00%(upstream:remoteref) refs/heads/master refs/remotes/master [4ms]
2025-01-12 01:28:43.385 [info] > git for-each-ref --sort -committerdate --format %(refname) %(objectname) %(*objectname) [12ms]
2025-01-12 01:28:43.502 [info] > git status -z -uall [140ms]
2025-01-12 01:28:48.689 [info] > git config --get commit.template [14ms]
2025-01-12 01:28:48.690 [info] > git for-each-ref --format=%(refname)%00%(upstream:short)%00%(objectname)%00%(upstream:track)%00%(upstream:remotename)%00%(upstream:remoteref) refs/heads/master refs/remotes/master [2ms]
2025-01-12 01:28:48.716 [info] > git for-each-ref --sort -committerdate --format %(refname) %(objectname) %(*objectname) [4ms]
2025-01-12 01:28:48.807 [info] > git status -z -uall [106ms]
2025-01-12 01:28:54.377 [info] > git config --get commit.template [15ms]
2025-01-12 01:28:54.380 [info] > git for-each-ref --format=%(refname)%00%(upstream:short)%00%(objectname)%00%(upstream:track)%00%(upstream:remotename)%00%(upstream:remoteref) refs/heads/master refs/remotes/master [5ms]
2025-01-12 01:28:54.408 [info] > git for-each-ref --sort -committerdate --format %(refname) %(objectname) %(*objectname) [4ms]
2025-01-12 01:28:54.497 [info] > git status -z -uall [106ms]
2025-01-12 01:28:59.659 [info] > git config --get commit.template [14ms]
2025-01-12 01:28:59.660 [info] > git for-each-ref --format=%(refname)%00%(upstream:short)%00%(objectname)%00%(upstream:track)%00%(upstream:remotename)%00%(upstream:remoteref) refs/heads/master refs/remotes/master [4ms]
2025-01-12 01:28:59.683 [info] > git for-each-ref --sort -committerdate --format %(refname) %(objectname) %(*objectname) [4ms]
2025-01-12 01:28:59.778 [info] > git status -z -uall [110ms]
2025-01-12 01:29:05.031 [info] > git config --get commit.template [14ms]
2025-01-12 01:29:05.032 [info] > git for-each-ref --format=%(refname)%00%(upstream:short)%00%(objectname)%00%(upstream:track)%00%(upstream:remotename)%00%(upstream:remoteref) refs/heads/master refs/remotes/master [3ms]
2025-01-12 01:29:05.057 [info] > git for-each-ref --sort -committerdate --format %(refname) %(objectname) %(*objectname) [4ms]
2025-01-12 01:29:05.136 [info] > git status -z -uall [95ms]
2025-01-12 01:29:09.219 [info] > git config --get commit.template [14ms]
2025-01-12 01:29:09.220 [info] > git for-each-ref --format=%(refname)%00%(upstream:short)%00%(objectname)%00%(upstream:track)%00%(upstream:remotename)%00%(upstream:remoteref) refs/heads/master refs/remotes/master [4ms]
2025-01-12 01:29:09.253 [info] > git for-each-ref --sort -committerdate --format %(refname) %(objectname) %(*objectname) [12ms]
2025-01-12 01:29:09.324 [info] > git status -z -uall [94ms]
2025-01-12 01:29:14.456 [info] > git config --get commit.template [13ms]
2025-01-12 01:29:14.460 [info] > git for-each-ref --format=%(refname)%00%(upstream:short)%00%(objectname)%00%(upstream:track)%00%(upstream:remotename)%00%(upstream:remoteref) refs/heads/master refs/remotes/master [4ms]
2025-01-12 01:29:14.484 [info] > git for-each-ref --sort -committerdate --format %(refname) %(objectname) %(*objectname) [3ms]
2025-01-12 01:29:14.556 [info] > git status -z -uall [87ms]
2025-01-12 01:29:19.686 [info] > git config --get commit.template [15ms]
2025-01-12 01:29:19.688 [info] > git for-each-ref --format=%(refname)%00%(upstream:short)%00%(objectname)%00%(upstream:track)%00%(upstream:remotename)%00%(upstream:remoteref) refs/heads/master refs/remotes/master [2ms]
2025-01-12 01:29:19.713 [info] > git for-each-ref --sort -committerdate --format %(refname) %(objectname) %(*objectname) [4ms]
2025-01-12 01:29:19.787 [info] > git status -z -uall [90ms]
2025-01-12 01:29:24.923 [info] > git config --get commit.template [14ms]
2025-01-12 01:29:24.924 [info] > git for-each-ref --format=%(refname)%00%(upstream:short)%00%(objectname)%00%(upstream:track)%00%(upstream:remotename)%00%(upstream:remoteref) refs/heads/master refs/remotes/master [2ms]
2025-01-12 01:29:24.949 [info] > git for-each-ref --sort -committerdate --format %(refname) %(objectname) %(*objectname) [5ms]
2025-01-12 01:29:25.030 [info] > git status -z -uall [96ms]
2025-01-12 01:29:30.176 [info] > git config --get commit.template [19ms]
2025-01-12 01:29:30.186 [info] > git for-each-ref --format=%(refname)%00%(upstream:short)%00%(objectname)%00%(upstream:track)%00%(upstream:remotename)%00%(upstream:remoteref) refs/heads/master refs/remotes/master [12ms]
2025-01-12 01:29:30.214 [info] > git for-each-ref --sort -committerdate --format %(refname) %(objectname) %(*objectname) [4ms]
2025-01-12 01:29:30.290 [info] > git status -z -uall [93ms]
2025-01-12 01:29:35.426 [info] > git config --get commit.template [15ms]
2025-01-12 01:29:35.428 [info] > git for-each-ref --format=%(refname)%00%(upstream:short)%00%(objectname)%00%(upstream:track)%00%(upstream:remotename)%00%(upstream:remoteref) refs/heads/master refs/remotes/master [3ms]
2025-01-12 01:29:35.453 [info] > git for-each-ref --sort -committerdate --format %(refname) %(objectname) %(*objectname) [4ms]
2025-01-12 01:29:35.528 [info] > git status -z -uall [90ms]
2025-01-12 01:29:39.620 [info] > git config --get commit.template [15ms]
2025-01-12 01:29:39.622 [info] > git for-each-ref --format=%(refname)%00%(upstream:short)%00%(objectname)%00%(upstream:track)%00%(upstream:remotename)%00%(upstream:remoteref) refs/heads/master refs/remotes/master [3ms]
2025-01-12 01:29:39.652 [info] > git for-each-ref --sort -committerdate --format %(refname) %(objectname) %(*objectname) [10ms]
2025-01-12 01:29:39.721 [info] > git status -z -uall [91ms]
2025-01-12 01:29:44.841 [info] > git config --get commit.template [13ms]
2025-01-12 01:29:44.843 [info] > git for-each-ref --format=%(refname)%00%(upstream:short)%00%(objectname)%00%(upstream:track)%00%(upstream:remotename)%00%(upstream:remoteref) refs/heads/master refs/remotes/master [3ms]
2025-01-12 01:29:44.871 [info] > git for-each-ref --sort -committerdate --format %(refname) %(objectname) %(*objectname) [5ms]
2025-01-12 01:29:44.942 [info] > git status -z -uall [89ms]
2025-01-12 01:29:50.066 [info] > git config --get commit.template [13ms]
2025-01-12 01:29:50.072 [info] > git for-each-ref --format=%(refname)%00%(upstream:short)%00%(objectname)%00%(upstream:track)%00%(upstream:remotename)%00%(upstream:remoteref) refs/heads/master refs/remotes/master [8ms]
2025-01-12 01:29:50.112 [info] > git for-each-ref --sort -committerdate --format %(refname) %(objectname) %(*objectname) [9ms]
2025-01-12 01:29:50.181 [info] > git status -z -uall [97ms]
2025-01-12 01:29:55.317 [info] > git config --get commit.template [13ms]
2025-01-12 01:29:55.318 [info] > git for-each-ref --format=%(refname)%00%(upstream:short)%00%(objectname)%00%(upstream:track)%00%(upstream:remotename)%00%(upstream:remoteref) refs/heads/master refs/remotes/master [3ms]
2025-01-12 01:29:55.344 [info] > git for-each-ref --sort -committerdate --format %(refname) %(objectname) %(*objectname) [4ms]
2025-01-12 01:29:55.423 [info] > git status -z -uall [95ms]
2025-01-12 01:30:00.579 [info] > git config --get commit.template [13ms]
2025-01-12 01:30:00.581 [info] > git for-each-ref --format=%(refname)%00%(upstream:short)%00%(objectname)%00%(upstream:track)%00%(upstream:remotename)%00%(upstream:remoteref) refs/heads/master refs/remotes/master [5ms]
2025-01-12 01:30:00.614 [info] > git for-each-ref --sort -committerdate --format %(refname) %(objectname) %(*objectname) [5ms]
2025-01-12 01:30:00.686 [info] > git status -z -uall [96ms]
2025-01-12 01:30:05.862 [info] > git config --get commit.template [16ms]
2025-01-12 01:30:05.863 [info] > git for-each-ref --format=%(refname)%00%(upstream:short)%00%(objectname)%00%(upstream:track)%00%(upstream:remotename)%00%(upstream:remoteref) refs/heads/master refs/remotes/master [3ms]
2025-01-12 01:30:05.895 [info] > git for-each-ref --sort -committerdate --format %(refname) %(objectname) %(*objectname) [4ms]
2025-01-12 01:30:05.971 [info] > git status -z -uall [97ms]
2025-01-12 01:30:10.063 [info] > git config --get commit.template [14ms]
2025-01-12 01:30:10.064 [info] > git for-each-ref --format=%(refname)%00%(upstream:short)%00%(objectname)%00%(upstream:track)%00%(upstream:remotename)%00%(upstream:remoteref) refs/heads/master refs/remotes/master [3ms]
2025-01-12 01:30:10.095 [info] > git for-each-ref --sort -committerdate --format %(refname) %(objectname) %(*objectname) [4ms]
2025-01-12 01:30:10.168 [info] > git status -z -uall [94ms]
2025-01-12 01:30:15.305 [info] > git config --get commit.template [4ms]
2025-01-12 01:30:15.324 [info] > git for-each-ref --format=%(refname)%00%(upstream:short)%00%(objectname)%00%(upstream:track)%00%(upstream:remotename)%00%(upstream:remoteref) refs/heads/master refs/remotes/master [3ms]
2025-01-12 01:30:15.376 [info] > git for-each-ref --sort -committerdate --format %(refname) %(objectname) %(*objectname) [23ms]
2025-01-12 01:30:15.446 [info] > git status -z -uall [108ms]
2025-01-12 01:30:20.594 [info] > git config --get commit.template [15ms]
2025-01-12 01:30:20.595 [info] > git for-each-ref --format=%(refname)%00%(upstream:short)%00%(objectname)%00%(upstream:track)%00%(upstream:remotename)%00%(upstream:remoteref) refs/heads/master refs/remotes/master [2ms]
2025-01-12 01:30:20.626 [info] > git for-each-ref --sort -committerdate --format %(refname) %(objectname) %(*objectname) [6ms]
2025-01-12 01:30:20.702 [info] > git status -z -uall [95ms]
2025-01-12 01:30:25.842 [info] > git config --get commit.template [15ms]
2025-01-12 01:30:25.843 [info] > git for-each-ref --format=%(refname)%00%(upstream:short)%00%(objectname)%00%(upstream:track)%00%(upstream:remotename)%00%(upstream:remoteref) refs/heads/master refs/remotes/master [2ms]
2025-01-12 01:30:25.871 [info] > git for-each-ref --sort -committerdate --format %(refname) %(objectname) %(*objectname) [5ms]
2025-01-12 01:30:25.936 [info] > git status -z -uall [83ms]
2025-01-12 01:30:31.074 [info] > git config --get commit.template [15ms]
2025-01-12 01:30:31.075 [info] > git for-each-ref --format=%(refname)%00%(upstream:short)%00%(objectname)%00%(upstream:track)%00%(upstream:remotename)%00%(upstream:remoteref) refs/heads/master refs/remotes/master [2ms]
2025-01-12 01:30:31.103 [info] > git for-each-ref --sort -committerdate --format %(refname) %(objectname) %(*objectname) [6ms]
2025-01-12 01:30:31.177 [info] > git status -z -uall [92ms]
2025-01-12 01:30:36.316 [info] > git config --get commit.template [15ms]
2025-01-12 01:30:36.318 [info] > git for-each-ref --format=%(refname)%00%(upstream:short)%00%(objectname)%00%(upstream:track)%00%(upstream:remotename)%00%(upstream:remoteref) refs/heads/master refs/remotes/master [4ms]
2025-01-12 01:30:36.345 [info] > git for-each-ref --sort -committerdate --format %(refname) %(objectname) %(*objectname) [4ms]
2025-01-12 01:30:36.421 [info] > git status -z -uall [92ms]
2025-01-12 01:30:40.505 [info] > git config --get commit.template [16ms]
2025-01-12 01:30:40.512 [info] > git for-each-ref --format=%(refname)%00%(upstream:short)%00%(objectname)%00%(upstream:track)%00%(upstream:remotename)%00%(upstream:remoteref) refs/heads/master refs/remotes/master [9ms]
2025-01-12 01:30:40.553 [info] > git for-each-ref --sort -committerdate --format %(refname) %(objectname) %(*objectname) [13ms]
2025-01-12 01:30:40.680 [info] > git status -z -uall [153ms]
2025-01-12 01:30:45.882 [info] > git config --get commit.template [19ms]
2025-01-12 01:30:45.885 [info] > git for-each-ref --format=%(refname)%00%(upstream:short)%00%(objectname)%00%(upstream:track)%00%(upstream:remotename)%00%(upstream:remoteref) refs/heads/master refs/remotes/master [5ms]
2025-01-12 01:30:45.914 [info] > git for-each-ref --sort -committerdate --format %(refname) %(objectname) %(*objectname) [4ms]
2025-01-12 01:30:46.020 [info] > git status -z -uall [122ms]
2025-01-12 01:30:51.163 [info] > git config --get commit.template [15ms]
2025-01-12 01:30:51.169 [info] > git for-each-ref --format=%(refname)%00%(upstream:short)%00%(objectname)%00%(upstream:track)%00%(upstream:remotename)%00%(upstream:remoteref) refs/heads/master refs/remotes/master [8ms]
2025-01-12 01:30:51.199 [info] > git for-each-ref --sort -committerdate --format %(refname) %(objectname) %(*objectname) [6ms]
2025-01-12 01:30:51.272 [info] > git status -z -uall [89ms]
2025-01-12 01:30:56.457 [info] > git config --get commit.template [18ms]
2025-01-12 01:30:56.466 [info] > git for-each-ref --format=%(refname)%00%(upstream:short)%00%(objectname)%00%(upstream:track)%00%(upstream:remotename)%00%(upstream:remoteref) refs/heads/master refs/remotes/master [11ms]
2025-01-12 01:30:56.501 [info] > git for-each-ref --sort -committerdate --format %(refname) %(objectname) %(*objectname) [13ms]
2025-01-12 01:30:56.572 [info] > git status -z -uall [97ms]
2025-01-12 01:31:01.692 [info] > git config --get commit.template [6ms]
2025-01-12 01:31:01.707 [info] > git for-each-ref --format=%(refname)%00%(upstream:short)%00%(objectname)%00%(upstream:track)%00%(upstream:remotename)%00%(upstream:remoteref) refs/heads/master refs/remotes/master [4ms]
2025-01-12 01:31:01.733 [info] > git for-each-ref --sort -committerdate --format %(refname) %(objectname) %(*objectname) [4ms]
2025-01-12 01:31:01.807 [info] > git status -z -uall [89ms]
2025-01-12 01:31:06.940 [info] > git config --get commit.template [13ms]
2025-01-12 01:31:06.941 [info] > git for-each-ref --format=%(refname)%00%(upstream:short)%00%(objectname)%00%(upstream:track)%00%(upstream:remotename)%00%(upstream:remoteref) refs/heads/master refs/remotes/master [3ms]
2025-01-12 01:31:06.969 [info] > git for-each-ref --sort -committerdate --format %(refname) %(objectname) %(*objectname) [6ms]
2025-01-12 01:31:07.037 [info] > git status -z -uall [86ms]
2025-01-12 01:31:11.919 [info] > git config --get commit.template [3ms]
2025-01-12 01:31:11.936 [info] > git for-each-ref --format=%(refname)%00%(upstream:short)%00%(objectname)%00%(upstream:track)%00%(upstream:remotename)%00%(upstream:remoteref) refs/heads/master refs/remotes/master [3ms]
2025-01-12 01:31:11.965 [info] > git for-each-ref --sort -committerdate --format %(refname) %(objectname) %(*objectname) [4ms]
2025-01-12 01:31:12.095 [info] > git status -z -uall [150ms]
2025-01-12 01:31:17.234 [info] > git config --get commit.template [17ms]
2025-01-12 01:31:17.236 [info] > git for-each-ref --format=%(refname)%00%(upstream:short)%00%(objectname)%00%(upstream:track)%00%(upstream:remotename)%00%(upstream:remoteref) refs/heads/master refs/remotes/master [4ms]
2025-01-12 01:31:17.276 [info] > git for-each-ref --sort -committerdate --format %(refname) %(objectname) %(*objectname) [9ms]
2025-01-12 01:31:17.336 [info] > git status -z -uall [86ms]
2025-01-12 01:31:28.035 [info] > git for-each-ref --format=%(refname)%00%(upstream:short)%00%(objectname)%00%(upstream:track)%00%(upstream:remotename)%00%(upstream:remoteref) refs/heads/master refs/remotes/master [13ms]
2025-01-12 01:31:28.124 [info] > git config --get commit.template [117ms]
2025-01-12 01:31:28.217 [info] > git for-each-ref --sort -committerdate --format %(refname) %(objectname) %(*objectname) [53ms]
2025-01-12 01:31:28.525 [info] > git status -z -uall [389ms]
